btrfs with capability can send snapshot without dac permission check.

Check Use of Function:btrfs_commit_transaction
Use:fs/btrfs/dev-replace.c:738:8 @[ fs/btrfs/dev-replace.c:694:17 ]
=BAD PATH=
Call Stack:
0 btrfs_dev_replace_cancel fs/btrfs/dev-replace.c:738:8 @[ fs/btrfs/dev-replace.c:694:17 ]
1 btrfs_ioctl fs/btrfs/ioctl.c:4441:9 @[ fs/btrfs/ioctl.c:5664:10 ]
2 btrfs_compat_ioctl fs/btrfs/ioctl.c:5699:9
-------------
Use:fs/btrfs/dev-replace.c:738:8 @[ fs/btrfs/dev-replace.c:694:17 ]
=BAD PATH=
Call Stack:
0 btrfs_dev_replace_cancel fs/btrfs/dev-replace.c:738:8 @[ fs/btrfs/dev-replace.c:694:17 ]
1 btrfs_ioctl fs/btrfs/ioctl.c:4441:9 @[ fs/btrfs/ioctl.c:5664:10 ]
2 btrfs_compat_ioctl fs/btrfs/ioctl.c:5699:9
-------------
Use:fs/btrfs/dev-replace.c:738:8 @[ fs/btrfs/dev-replace.c:694:17 ]
=BAD PATH=
Call Stack:
0 btrfs_dev_replace_cancel fs/btrfs/dev-replace.c:738:8 @[ fs/btrfs/dev-replace.c:694:17 ]
1 btrfs_ioctl fs/btrfs/ioctl.c:4441:9 @[ fs/btrfs/ioctl.c:5664:10 ]
-------------
Use:fs/btrfs/dev-replace.c:738:8 @[ fs/btrfs/dev-replace.c:694:17 ]
=BAD PATH=
Call Stack:
0 btrfs_dev_replace_cancel fs/btrfs/dev-replace.c:738:8 @[ fs/btrfs/dev-replace.c:694:17 ]
1 btrfs_ioctl fs/btrfs/ioctl.c:4441:9 @[ fs/btrfs/ioctl.c:5664:10 ]
-------------
Use:fs/btrfs/send.c:6439:9 @[ fs/btrfs/send.c:6666:8 ]
=BAD PATH=
Call Stack:
0 btrfs_ioctl_send fs/btrfs/send.c:6439:9 @[ fs/btrfs/send.c:6666:8 ]
1 btrfs_ioctl fs/btrfs/ioctl.c:5530:8 @[ fs/btrfs/ioctl.c:5645:10 ]
2 btrfs_compat_ioctl fs/btrfs/ioctl.c:5699:9
-------------

================================================================================

overlay fs may override lower fs dac permission check


================================================================================
Add call<direct> __vfs_removexattr use @ fs/xattr.c:398:10
 cause:Process Stack:
0 xattr_permission fs/xattr.c:86:32
1 vfs_removexattr fs/xattr.c:389:10

Check Use of Function:__vfs_removexattr
Use:fs/ecryptfs/inode.c:1079:7 @[ fs/ecryptfs/inode.c:1131:10 ]
=BAD PATH=
Call Stack:
0 ecryptfs_xattr_set fs/ecryptfs/inode.c:1079:7 @[ fs/ecryptfs/inode.c:1131:10 ]
-------------
Good: 1 Bad: 1 Ignored: 1
================================================================================

Add call<direct> touch_atime use @ net/unix/af_unix.c:931:4
 cause:Process Stack:
0 unix_find_other 

Check Use of Function:touch_atime
Use:./include/linux/fs.h:2065:3 @[ fs/orangefs/file.c:384:4 ]
=BAD PATH=
Call Stack:
0 do_readv_writev ./include/linux/fs.h:2065:3 @[ fs/orangefs/file.c:384:4 ]
1 orangefs_file_read_iter fs/orangefs/file.c:464:7
-------------
Use:./include/linux/fs.h:2065:3 @[ fs/orangefs/file.c:384:4 ]
=BAD PATH=
Call Stack:
0 do_readv_writev ./include/linux/fs.h:2065:3 @[ fs/orangefs/file.c:384:4 ]
1 orangefs_file_write_iter fs/orangefs/file.c:510:7
-------------
Use:./include/linux/fs.h:2065:3 @[ fs/splice.c:991:2 ]
=BAD PATH=
Call Stack:
0 splice_direct_to_actor ./include/linux/fs.h:2065:3 @[ fs/splice.c:991:2 ]
1 do_splice_direct fs/splice.c:1061:8
2 do_sendfile fs/read_write.c:1413:11
3 compat_SyS_sendfile64 fs/read_write.c:1513:9 @[ fs/read_write.c:1498:1 ]
-------------
================================================================================

Add call<direct> get_acl use @ fs/nfsd/nfs3acl.c:51:9
 cause:Process Stack:
0 nfsd_acceptable fs/nfsd/nfsfh.c:27:34
1 fh_verify fs/nfsd/nfsfh.c:257:12 @[ fs/nfsd/nfsfh.c:320:11 ]
2 nfsd3_proc_getacl fs/nfsd/nfs3acl.c:40:11

Check Use of Function:get_acl
Use:fs/overlayfs/inode.c:338:8
=BAD PATH=
Call Stack:
0 ovl_get_acl fs/overlayfs/inode.c:338:8
-------------
Use:fs/nfs/nfs3acl.c:262:20
=BAD PATH=
Call Stack:
0 nfs3_set_acl fs/nfs/nfs3acl.c:262:20

================================================================================

may change xattr access time with autofs?

Use:./include/linux/fsnotify.h:26:9 @[ ./include/linux/fsnotify.h:206:3 @[ fs/read_write.c:504:3 ] ]
=BAD PATH=
Call Stack:
0 __kernel_write ./include/linux/fsnotify.h:26:9 @[ ./include/linux/fsnotify.h:206:3 @[ fs/read_write.c:504:3 ] ]
1 autofs4_wait fs/autofs4/waitq.c:66:8 @[ fs/autofs4/waitq.c:173:16 @[ fs/autofs4/waitq.c:475:3 ] ]
2 autofs4_do_expire_multi fs/autofs4/expire.c:604:9
3 autofs_dev_ioctl_expire fs/autofs4/dev-ioctl.c:492:9
4 autofs_dev_ioctl fs/autofs4/dev-ioctl.c:697:8 @[ fs/autofs4/dev-ioctl.c:713:8 ]
5 autofs_dev_ioctl_compat fs/autofs4/dev-ioctl.c:721:9
-------------
Use:./include/linux/fsnotify.h:26:9 @[ ./include/linux/fsnotify.h:206:3 @[ fs/read_write.c:504:3 ] ]
=BAD PATH=
Call Stack:
0 __kernel_write ./include/linux/fsnotify.h:26:9 @[ ./include/linux/fsnotify.h:206:3 @[ fs/read_write.c:504:3 ] ]
1 autofs4_wait fs/autofs4/waitq.c:66:8 @[ fs/autofs4/waitq.c:173:16 @[ fs/autofs4/waitq.c:475:3 ] ]
2 autofs4_do_expire_multi fs/autofs4/expire.c:604:9
3 autofs_dev_ioctl_expire fs/autofs4/dev-ioctl.c:492:9
4 autofs_dev_ioctl fs/autofs4/dev-ioctl.c:697:8 @[ fs/autofs4/dev-ioctl.c:713:8 ]
-------------

ecryptfs can also change atime?

Use:./include/linux/fsnotify.h:26:9 @[ ./include/linux/fsnotify.h:188:3 @[ fs/read_write.c:449:4 ] ]
=BAD PATH=
Call Stack:
0 vfs_read ./include/linux/fsnotify.h:26:9 @[ ./include/linux/fsnotify.h:188:3 @[ fs/read_write.c:449:4 ] ]
1 kernel_read fs/read_write.c:426:11
2 ecryptfs_read_lower fs/ecryptfs/read_write.c:240:9
3 ecryptfs_read_metadata fs/ecryptfs/crypto.c:1423:7
4 ecryptfs_setattr fs/ecryptfs/inode.c:904:8
-------------



================================================================================



