* rtc_cmos_write

drivers/char/nvram.c:nvram_ioctl requires CAP_SYS_ADMIN to write to address
 NVRAM_FIRST_BYTE(14)+offset

nvram_write allows arbitary write to nvram bypass the check.

also presented in drivers/rtc/rtc-cmos.c
--------------------------------------------------------------------------------
* kernel_restart

Use:drivers/tty/sysrq.c:664:2

allows anonymouse user to perform reboot using keyboard or serial tty

--------------------------------------------------------------------------------
* mix_pool_bytes

drivers/char/random.c

allow write to pool using random_write(), bypass capability check in random_ioctl

--------------------------------------------------------------------------------
* rtc_set_time
Use:drivers/rtc/systohc.c:64:8
allows remote NTP server modifying system time

* efivar_entry_set
Use:drivers/firmware/efi/efivars.c:303:8
arbitary through raw_store_var()

--------------------------------------------------------------------------------
===IPv6 address auto configurations[default] allows router hijack===

* ip6_route_add
Use:net/ipv6/route.c:3198:7
allows ipv6 route hijack if ipv6 autoconfiguration is enabled

* ipip6_tunnel_init
* ipip6_tunnel_update

* rfkill_set_block
no capability check in rfkill_fop_write,
allows power control over RF-devices

--------------------------------------------------------------------------------
===Intel DRM Driver=======

Inspect Use of Function:drm_gem_handle_create
Found matched functions(bitcast) for call-by-val:drm_gem_handle_create
Use:drivers/gpu/drm/i915/intel_display.c:13815:9
[NO CHECK]
Found matched functions(bitcast) for call-by-val:drm_gem_handle_create
Use:drivers/gpu/drm/drm_gem_framebuffer_helper.c:124:9
[NO CHECK]
Found matched functions(bitcast) for call-by-val:drm_gem_handle_create
Use:drivers/gpu/drm/i915/i915_gem.c:615:8 @[ drivers/gpu/drm/i915/i915_gem.c:633:9 ]
[NO CHECK]
Found matched functions(bitcast) for call-by-val:drm_gem_handle_create
Use:drivers/gpu/drm/i915/i915_gem.c:615:8 @[ drivers/gpu/drm/i915/i915_gem.c:658:9 ]
[NO CHECK]

--------------------------------------------------------------------------------

Inspect Use of Function:sock_prot_inuse_add
Use:net/unix/af_unix.c:793:3
=NO CHECK ON PATH=
Call Stack:
0 unix_create1 net/unix/af_unix.c:793:3
1 unix_create net/unix/af_unix.c:828:9
2 __sock_create net/socket.c:1267:8
3 SyS_socketpair net/socket.c:1307:9 @[ net/socket.c:1395:8 @[ net/socket.c:1348:1 ] ]
-------------
Use:net/unix/af_unix.c:793:3
=NO CHECK ON PATH=
Call Stack:
0 unix_create1 net/unix/af_unix.c:793:3
1 unix_create net/unix/af_unix.c:828:9
2 __sock_create net/socket.c:1267:8
3 SyS_socket net/socket.c:1307:9 @[ net/socket.c:1337:11 @[ net/socket.c:1317:1 ] ]
-------------
Good: 1 Bad: 3 Ignored: 39

-------------------------------------------------------------------------------

arbitary user command execution

Inspect Use of Function:blk_execute_rq
Use:drivers/mmc/core/block.c:645:2
=NO CHECK ON PATH=
Call Stack:
0 mmc_blk_ioctl_cmd drivers/mmc/core/block.c:645:2
1 mmc_rpmb_ioctl drivers/mmc/core/block.c:2286:9
-------------
Use:drivers/mmc/core/block.c:715:2
=NO CHECK ON PATH=
Call Stack:
0 mmc_blk_ioctl_multi_cmd drivers/mmc/core/block.c:715:2
1 mmc_rpmb_ioctl drivers/mmc/core/block.c:2291:9
-------------
Use:drivers/mmc/core/block.c:2612:2
=NO CHECK ON PATH=
Call Stack:
0 mmc_ext_csd_open drivers/mmc/core/block.c:2612:2
-------------
Good: 2 Bad: 3 Ignored: 1


-------------------------------------------------------------------------------

arbitary user command execution

Inspect Use of Function:DAC960_WaitForCommand
Use:drivers/block/DAC960.c:6238:5 @[ drivers/block/DAC960.c:6565:13 ]
=NO CHECK ON PATH=
Call Stack:
0 dac960_user_command_proc_write drivers/block/DAC960.c:6238:5 @[ drivers/block/DAC960.c:6565:13 ]
-------------
Use:drivers/block/DAC960.c:5975:5 @[ drivers/block/DAC960.c:6562:13 ]
=NO CHECK ON PATH=
Call Stack:
0 dac960_user_command_proc_write drivers/block/DAC960.c:5975:5 @[ drivers/block/DAC960.c:6562:13 ]
-------------
Good: 3 Bad: 2 Ignored: 0

-------------------------------------------------------------------------------
UBI FileSystem

some path in ioctl is checked some is not

call to ubi_volume_notify also used in vol_cdev_write,
use unfiltered ioctl to do stuff and call vol_cdev_write to ubi_volume_notify

Inspect Use of Function:ubi_volume_notify
Use:drivers/mtd/ubi/cdev.c:380:3
=NO CHECK ON PATH=
Call Stack:
0 vol_cdev_write drivers/mtd/ubi/cdev.c:380:3
-------------
Good: 7 Bad: 1 Ignored: 1

--------------------------------------------------------------------------------
register net network device without net_admin capability?

Inspect Use of Function:register_netdevice
Use:net/core/dev.c:7835:8
=NO CHECK ON PATH=
Call Stack:
0 register_netdev net/core/dev.c:7835:8
1 i40e_vsi_setup drivers/net/ethernet/intel/i40e/i40e_main.c:12523:9
2 i40e_dbg_command_write drivers/net/ethernet/intel/i40e/i40e_debugfs.c:804:9
-------------
Good: 22 Bad: 1 Ignored: 105

--------------------------------------------------------------------------------

Inspect Use of Function:acpi_evalf
acpi_evalf is used to manipulate thermal sensor/keyboard hot key/bluetooth/wan/
brightness/fan etc. it is exported through sysfs, any access to those files
should be checked.

--------------------------------------------------------------------------------

Inspect Use of Function:__blkdev_driver_ioctl
Use:drivers/md/dm.c:483:7
=NO CHECK ON PATH=
Call Stack:
0 dm_blk_ioctl drivers/md/dm.c:483:7
-------------
Good: 0 Bad: 1 Ignored: 0

r can ==0 when dm_grab_bdev_for_ioctl returns 0, and by pass capability check

--------------------------------------------------------------------------------

Inspect Use of Function:sg_scsi_ioctl
Use:block/scsi_ioctl.c:674:10
=NO CHECK ON PATH=
Call Stack:
0 scsi_cmd_ioctl block/scsi_ioctl.c:674:10
1 bsg_ioctl block/bsg.c:905:10
-------------

--------------------------------------------------------------------------------
Inspect Use of Function:mxser_change_speed
Use:drivers/tty/mxser.c:1944:2
=NO CHECK ON PATH=
Call Stack:
0 mxser_set_termios drivers/tty/mxser.c:1944:2
-------------
Use:drivers/tty/mxser.c:943:2
=NO CHECK ON PATH=
Call Stack:
0 mxser_activate drivers/tty/mxser.c:943:2
-------------
Good: 2 Bad: 2 Ignored: 0

may change tty speed without check(in ioctl)

--------------------------------------------------------------------------------
Inspect Use of Function:configure_r_port
Use:drivers/tty/rocket.c:937:3
=NO CHECK ON PATH=
Call Stack:
0 rp_open drivers/tty/rocket.c:937:3
-------------
Use:drivers/tty/rocket.c:1059:2
=NO CHECK ON PATH=
Call Stack:
0 rp_set_termios drivers/tty/rocket.c:1059:2
-------------
Good: 1 Bad: 2 Ignored: 0
--------------------------------------------------------------------------------

Inspect Use of Function:program_hw
Use:drivers/tty/synclink_gt.c:2598:2
=NO CHECK ON PATH=
Call Stack:
0 change_params drivers/tty/synclink_gt.c:2598:2
1 startup drivers/tty/synclink_gt.c:2438:2
2 hdlcdev_open drivers/tty/synclink_gt.c:1542:12
-------------
Use:drivers/tty/synclink_gt.c:1551:2
=NO CHECK ON PATH=
Call Stack:
0 hdlcdev_open drivers/tty/synclink_gt.c:1551:2
-------------
Good: 1 Bad: 2 Ignored: 3
Inspect Use of Function:program_hw.30282
Use:drivers/tty/synclinkmp.c:2836:2
=NO CHECK ON PATH=
Call Stack:
0 change_params.30297 drivers/tty/synclinkmp.c:2836:2
1 startup.30294 drivers/tty/synclinkmp.c:2657:2
2 hdlcdev_open.30283 drivers/tty/synclinkmp.c:1659:12
-------------
Use:drivers/tty/synclinkmp.c:1668:2
=NO CHECK ON PATH=
Call Stack:
0 hdlcdev_open.30283 drivers/tty/synclinkmp.c:1668:2
-------------
Good: 1 Bad: 2 Ignored: 3
--------------------------------------------------------------------------------

Inspect Use of Function:pkt_setup_dev
Use:drivers/block/pktcdvd.c:384:3
=NO CHECK ON PATH=
Call Stack:
0 add_store drivers/block/pktcdvd.c:384:3
-------------
Good: 1 Bad: 1 Ignored: 0
Inspect Use of Function:pkt_remove_dev
Use:drivers/block/pktcdvd.c:400:3
=NO CHECK ON PATH=
Call Stack:
0 remove_store.53822 drivers/block/pktcdvd.c:400:3
-------------
Good: 1 Bad: 1 Ignored: 0


setup/teardown through sysfs bypass ioctl check

--------------------------------------------------------------------------------


Inspect Use of Function:tun_attach
Use:drivers/net/tun.c:2234:9 @[ drivers/net/tun.c:2533:9 @[ drivers/net/tun.c:2782:9 ] ]
=NO CHECK ON PATH=
Call Stack:
0 tun_chr_ioctl drivers/net/tun.c:2234:9 @[ drivers/net/tun.c:2533:9 @[ drivers/net/tun.c:2782:9 ] ]
-------------
Use:drivers/net/tun.c:2476:9 @[ drivers/net/tun.c:2520:10 @[ drivers/net/tun.c:2782:9 ] ]
=NO CHECK ON PATH=
Call Stack:
0 tun_chr_ioctl drivers/net/tun.c:2476:9 @[ drivers/net/tun.c:2520:10 @[ drivers/net/tun.c:2782:9 ] ]
-------------
Good: 1 Bad: 2 Ignored: 0


tun device can do attach by calling into tun_set_queue instead of TUN_SET_IFF?

--------------------------------------------------------------------------------

Inspect Use of Function:aac_hba_send
Use:drivers/scsi/aacraid/aachba.c:1658:9 @[ drivers/scsi/aacraid/aachba.c:3732:11 @[ drivers/scsi/aacraid/aachba.c:2756:12 ] ]
=NO CHECK ON PATH=
Call Stack:
0 aac_scsi_cmd drivers/scsi/aacraid/aachba.c:1658:9 @[ drivers/scsi/aacraid/aachba.c:3732:11 @[ drivers/scsi/aacraid/aachba.c:2756:12 ] ]
1 aac_queuecommand drivers/scsi/aacraid/linit.c:259:7
-------------
Use:drivers/scsi/aacraid/linit.c:733:12
=NO CHECK ON PATH=
Call Stack:
0 aac_eh_abort drivers/scsi/aacraid/linit.c:733:12
-------------
Use:drivers/scsi/aacraid/linit.c:931:11
=NO CHECK ON PATH=
Call Stack:
0 aac_eh_dev_reset drivers/scsi/aacraid/linit.c:931:11
-------------
Use:drivers/scsi/aacraid/linit.c:990:11
=NO CHECK ON PATH=
Call Stack:
0 aac_eh_target_reset drivers/scsi/aacraid/linit.c:990:11
-------------
Good: 1 Bad: 4 Ignored: 0

-------------------------------------------------------------------------------

Inspect Use of Function:bond_setup
Use:drivers/net/bonding/bond_main.c:4726:13
=NO CHECK ON PATH=
Call Stack:
0 bond_create drivers/net/bonding/bond_main.c:4726:13
1 bonding_store_bonds drivers/net/bonding/bond_sysfs.c:112:8
-------------
Good: 0 Bad: 1 Ignored: 1

--------------------------------------------------------------------------------
Inspect Use of Function:ppp_setup
Use:drivers/net/ppp/ppp_generic.c:3018:8 @[ drivers/net/ppp/ppp_generic.c:866:9 @[ drivers/net/ppp/ppp_generic.c:602:9 ] ]
=NO CHECK ON PATH=
Call Stack:
0 ppp_ioctl drivers/net/ppp/ppp_generic.c:3018:8 @[ drivers/net/ppp/ppp_generic.c:866:9 @[ drivers/net/ppp/ppp_generic.c:602:9 ] ]
-------------
Good: 0 Bad: 1 Ignored: 3

--------------------------------------------------------------------------------

Inspect Use of Function:emancipate
Use:drivers/net/wan/sbni.c:1220:4
=NO CHECK ON PATH=
Call Stack:
0 sbni_close drivers/net/wan/sbni.c:1220:4
-------------
Use:drivers/net/wan/sbni.c:1217:3
=NO CHECK ON PATH=
Call Stack:
0 sbni_close drivers/net/wan/sbni.c:1217:3
-------------
Good: 1 Bad: 2 Ignored: 0


-------------------------------------------------------------------------------
Inspect Use of Function:netdev_update_features
lots..

Inspect Use of Function:netdev_state_change
lots...








