[36m--- PROCESS FUNCTIONS ---[0m
Pre-processing...
Load skip function list, total:360
Load skip var list, total:22
Load kernel api list, total:1048
Collect all functions and indirect callsites
STOP WATCH[0]: 807.076000 ms
Process Gating Functions
Load LSM hook list, total:1
STOP WATCH[0]: 14.238000 ms
[48;5;021m[38;5;255m=LSM hook functions=[0m
. security_shm_shmat
=o=
Collect Checkpoints
STOP WATCH[0]: 1006.326000 ms
Identify interesting struct
STOP WATCH[0]: 5.906000 ms
Identify Logical Modules
STOP WATCH[0]: 60.917000 ms
STOP WATCH[0]: 6773.809000 ms
Collecting Initialization Closure.
Finding Kernel Entry Point and all __initcall_
[32mFound x86_64_start_kernel[0m
STOP WATCH[1]: 70.583000 ms
Initial Kernel Init Function Count:642
Over Approximate Kernel Init Functions
STOP WATCH[1]: 132.998000 ms
Refine Result
refine pass 0 3413 left
refine pass 1 2221 left
refine pass 2 1865 left
refine pass 3 1773 left
refine pass 4 1736 left
refine pass 5 1731 left
refine pass 6 1729 left
 Refine result : count=1729
STOP WATCH[1]: 45.414000 ms
STOP WATCH[0]: 249.629000 ms
Collect all permission-checked variables and functions
Add call<direct> security_mmap_file use @ ipc/shm.c:1386:8
 cause:[32mProcess Stack:[0m
0 do_shmat 
[32m-------------[0m
Add call<direct> down_write_killable use @ ipc/shm.c:1390:6
 cause:[32mProcess Stack:[0m
0 do_shmat 
[32m-------------[0m
Add call<direct> do_mmap use @ ./include/linux/mm.h:2217:9 @[ ipc/shm.c:1404:9 ]
 cause:[32mProcess Stack:[0m
0 do_shmat 
[32m-------------[0m
Add call<direct> ipc_lock use @ ipc/shm.c:160:31 @[ ipc/shm.c:1419:8 ]
 cause:[32mProcess Stack:[0m
0 do_shmat 
[32m-------------[0m
Add call<direct> shm_destroy use @ ipc/shm.c:1422:3
 cause:[32mProcess Stack:[0m
0 do_shmat 
[32m-------------[0m
STOP WATCH[1]: 2012.277000 ms
STOP WATCH[0]: 2012.290000 ms
Collected 5 critical functions
Collected 1 critical variables
Collected 3 critical type/fields
[48;5;021m[38;5;255m--- Variables Protected By Gating Function---[0m
[32mshm_file_operations_huge[0m
    security_shm_shmat @ ipc/shm.c:1341:8
[48;5;021m[38;5;255m--- Function Protected By Gating Function---[0m
[32mshm_destroy[0m
    security_shm_shmat @ ipc/shm.c:1341:8
[32mipc_lock[0m
    security_shm_shmat @ ipc/shm.c:1341:8
[32mdo_mmap[0m
    security_shm_shmat @ ipc/shm.c:1341:8
[32msecurity_mmap_file[0m
    security_shm_shmat @ ipc/shm.c:1341:8
[32mdown_write_killable[0m
    security_shm_shmat @ ipc/shm.c:1341:8
[48;5;039m[38;5;255m--- Interesting Type fields and checks ---[0m
[32mstruct.task_struct.463363:0,[0m
    security_shm_shmat @ ipc/shm.c:1341:8
[32mstruct.kern_ipc_perm:1,[0m
    security_shm_shmat @ ipc/shm.c:1341:8
[32mstruct.path.463426:0,[0m
    security_shm_shmat @ ipc/shm.c:1341:8
Run Analysis
Critical functions
[33mInspect Use of Function:down_write_killable[0m
[35mUse:ipc/shm.c:1484:6 @[ ipc/shm.c:1469:1 ][0m
[31m=NO CHECK ON PATH=[0m
[32mCall Stack:[0m
0 SyS_shmdt ipc/shm.c:1484:6 @[ ipc/shm.c:1469:1 ]
[32m-------------[0m
[35mUse:fs/btrfs/ioctl.c:2353:8[0m
[31m=NO CHECK ON PATH=[0m
[32mCall Stack:[0m
0 btrfs_ioctl_snap_destroy fs/btrfs/ioctl.c:2353:8
1 btrfs_ioctl fs/btrfs/ioctl.c:5561:10
2 btrfs_compat_ioctl fs/btrfs/ioctl.c:5699:9
[32m-------------[0m
[35mUse:fs/btrfs/ioctl.c:2353:8[0m
[31m=NO CHECK ON PATH=[0m
[32mCall Stack:[0m
0 btrfs_ioctl_snap_destroy fs/btrfs/ioctl.c:2353:8
1 btrfs_ioctl fs/btrfs/ioctl.c:5561:10
2 btrfs_compat_ioctl fs/btrfs/ioctl.c:5699:9
[32m-------------[0m
[35mUse:fs/btrfs/ioctl.c:2353:8[0m
[31m=NO CHECK ON PATH=[0m
[32mCall Stack:[0m
0 btrfs_ioctl_snap_destroy fs/btrfs/ioctl.c:2353:8
1 btrfs_ioctl fs/btrfs/ioctl.c:5561:10
[32m-------------[0m
[35mUse:fs/btrfs/ioctl.c:2353:8[0m
[31m=NO CHECK ON PATH=[0m
[32mCall Stack:[0m
0 btrfs_ioctl_snap_destroy fs/btrfs/ioctl.c:2353:8
1 btrfs_ioctl fs/btrfs/ioctl.c:5561:10
[32m-------------[0m
[35mUse:fs/btrfs/ioctl.c:814:10[0m
[31m=NO CHECK ON PATH=[0m
[32mCall Stack:[0m
0 btrfs_mksubvol fs/btrfs/ioctl.c:814:10
1 btrfs_ioctl_snap_create_transid fs/btrfs/ioctl.c:1637:10
2 btrfs_ioctl_snap_create fs/btrfs/ioctl.c:1663:8
3 btrfs_ioctl fs/btrfs/ioctl.c:5557:10
4 btrfs_compat_ioctl fs/btrfs/ioctl.c:5699:9
[32m-------------[0m
[35mUse:fs/btrfs/ioctl.c:814:10[0m
[31m=NO CHECK ON PATH=[0m
[32mCall Stack:[0m
0 btrfs_mksubvol fs/btrfs/ioctl.c:814:10
1 btrfs_ioctl_snap_create_transid fs/btrfs/ioctl.c:1637:10
2 btrfs_ioctl_snap_create fs/btrfs/ioctl.c:1663:8
3 btrfs_ioctl fs/btrfs/ioctl.c:5557:10
4 btrfs_compat_ioctl fs/btrfs/ioctl.c:5699:9
[32m-------------[0m
[35mUse:fs/btrfs/ioctl.c:814:10[0m
[31m=NO CHECK ON PATH=[0m
[32mCall Stack:[0m
0 btrfs_mksubvol fs/btrfs/ioctl.c:814:10
1 btrfs_ioctl_snap_create_transid fs/btrfs/ioctl.c:1637:10
2 btrfs_ioctl_snap_create fs/btrfs/ioctl.c:1663:8
3 btrfs_ioctl fs/btrfs/ioctl.c:5557:10
[32m-------------[0m
[35mUse:fs/btrfs/ioctl.c:814:10[0m
[31m=NO CHECK ON PATH=[0m
[32mCall Stack:[0m
0 btrfs_mksubvol fs/btrfs/ioctl.c:814:10
1 btrfs_ioctl_snap_create_transid fs/btrfs/ioctl.c:1637:10
2 btrfs_ioctl_snap_create fs/btrfs/ioctl.c:1663:8
3 btrfs_ioctl fs/btrfs/ioctl.c:5557:10
[32m-------------[0m
[35mUse:fs/overlayfs/readdir.c:275:8 @[ fs/overlayfs/readdir.c:314:9 ][0m
[31m=NO CHECK ON PATH=[0m
[32mCall Stack:[0m
0 ovl_dir_read fs/overlayfs/readdir.c:275:8 @[ fs/overlayfs/readdir.c:314:9 ]
1 ovl_dir_read_merged fs/overlayfs/readdir.c:383:10
2 ovl_check_empty_dir fs/overlayfs/readdir.c:862:8
3 ovl_check_empty_and_clear fs/overlayfs/dir.c:310:8
4 ovl_do_remove fs/overlayfs/dir.c:642:15 @[ fs/overlayfs/dir.c:771:9 ]
5 ovl_unlink fs/overlayfs/dir.c:788:9
[32m-------------[0m
[35mUse:fs/overlayfs/readdir.c:275:8 @[ fs/overlayfs/readdir.c:314:9 ][0m
[31m=NO CHECK ON PATH=[0m
[32mCall Stack:[0m
0 ovl_dir_read fs/overlayfs/readdir.c:275:8 @[ fs/overlayfs/readdir.c:314:9 ]
1 ovl_dir_read_merged fs/overlayfs/readdir.c:383:10
2 ovl_check_empty_dir fs/overlayfs/readdir.c:862:8
3 ovl_check_empty_and_clear fs/overlayfs/dir.c:310:8
4 ovl_do_remove fs/overlayfs/dir.c:642:15 @[ fs/overlayfs/dir.c:771:9 ]
5 ovl_rmdir fs/overlayfs/dir.c:793:9
[32m-------------[0m
[35mUse:fs/overlayfs/readdir.c:275:8 @[ fs/overlayfs/readdir.c:314:9 ][0m
[31m=NO CHECK ON PATH=[0m
[32mCall Stack:[0m
0 ovl_dir_read fs/overlayfs/readdir.c:275:8 @[ fs/overlayfs/readdir.c:314:9 ]
1 ovl_dir_read_merged fs/overlayfs/readdir.c:383:10
2 ovl_check_empty_dir fs/overlayfs/readdir.c:862:8
3 ovl_check_empty_and_clear fs/overlayfs/dir.c:310:8
4 ovl_rename fs/overlayfs/dir.c:957:15
[32m-------------[0m
[35mUse:fs/overlayfs/readdir.c:275:8 @[ fs/overlayfs/readdir.c:314:9 ][0m
[31m=NO CHECK ON PATH=[0m
[32mCall Stack:[0m
0 ovl_dir_read fs/overlayfs/readdir.c:275:8 @[ fs/overlayfs/readdir.c:314:9 ]
1 ovl_dir_read_merged fs/overlayfs/readdir.c:383:10
2 ovl_iterate fs/overlayfs/readdir.c:425:8 @[ fs/overlayfs/readdir.c:700:11 ]
[32m-------------[0m
[35mUse:fs/readdir.c:43:9[0m
[31m=NO CHECK ON PATH=[0m
[32mCall Stack:[0m
0 iterate_dir fs/readdir.c:43:9
1 compat_SyS_getdents fs/readdir.c:478:10 @[ fs/readdir.c:459:1 ]
[32m-------------[0m
[35mUse:fs/readdir.c:43:9[0m
[31m=NO CHECK ON PATH=[0m
[32mCall Stack:[0m
0 iterate_dir fs/readdir.c:43:9
1 compat_SyS_old_readdir fs/readdir.c:390:10 @[ fs/readdir.c:377:1 ]
[32m-------------[0m
[35mUse:fs/readdir.c:43:9[0m
[31m=NO CHECK ON PATH=[0m
[32mCall Stack:[0m
0 iterate_dir fs/readdir.c:43:9
1 SyS_getdents64 fs/readdir.c:314:10 @[ fs/readdir.c:295:1 ]
[32m-------------[0m
[35mUse:fs/readdir.c:43:9[0m
[31m=NO CHECK ON PATH=[0m
[32mCall Stack:[0m
0 iterate_dir fs/readdir.c:43:9
1 SyS_getdents fs/readdir.c:231:10 @[ fs/readdir.c:212:1 ]
[32m-------------[0m
[35mUse:fs/readdir.c:43:9[0m
[31m=NO CHECK ON PATH=[0m
[32mCall Stack:[0m
0 iterate_dir fs/readdir.c:43:9
1 SyS_old_readdir fs/readdir.c:137:10 @[ fs/readdir.c:124:1 ]
[32m-------------[0m
[35mUse:fs/readdir.c:43:9[0m
[31m=NO CHECK ON PATH=[0m
[32mCall Stack:[0m
0 iterate_dir fs/readdir.c:43:9
1 ovl_dir_read fs/overlayfs/readdir.c:308:9
2 ovl_dir_read_merged fs/overlayfs/readdir.c:383:10
3 ovl_check_empty_dir fs/overlayfs/readdir.c:862:8
4 ovl_check_empty_and_clear fs/overlayfs/dir.c:310:8
5 ovl_do_remove fs/overlayfs/dir.c:642:15 @[ fs/overlayfs/dir.c:771:9 ]
6 ovl_unlink fs/overlayfs/dir.c:788:9
[32m-------------[0m
[35mUse:fs/readdir.c:43:9[0m
[31m=NO CHECK ON PATH=[0m
[32mCall Stack:[0m
0 iterate_dir fs/readdir.c:43:9
1 ovl_dir_read fs/overlayfs/readdir.c:308:9
2 ovl_dir_read_merged fs/overlayfs/readdir.c:383:10
3 ovl_check_empty_dir fs/overlayfs/readdir.c:862:8
4 ovl_check_empty_and_clear fs/overlayfs/dir.c:310:8
5 ovl_do_remove fs/overlayfs/dir.c:642:15 @[ fs/overlayfs/dir.c:771:9 ]
6 ovl_rmdir fs/overlayfs/dir.c:793:9
[32m-------------[0m
[35mUse:fs/readdir.c:43:9[0m
[31m=NO CHECK ON PATH=[0m
[32mCall Stack:[0m
0 iterate_dir fs/readdir.c:43:9
1 ovl_dir_read fs/overlayfs/readdir.c:308:9
2 ovl_dir_read_merged fs/overlayfs/readdir.c:383:10
3 ovl_check_empty_dir fs/overlayfs/readdir.c:862:8
4 ovl_check_empty_and_clear fs/overlayfs/dir.c:310:8
5 ovl_rename fs/overlayfs/dir.c:957:15
[32m-------------[0m
[35mUse:fs/readdir.c:43:9[0m
[31m=NO CHECK ON PATH=[0m
[32mCall Stack:[0m
0 iterate_dir fs/readdir.c:43:9
1 ovl_dir_read fs/overlayfs/readdir.c:308:9
2 ovl_dir_read_merged fs/overlayfs/readdir.c:383:10
3 ovl_iterate fs/overlayfs/readdir.c:425:8 @[ fs/overlayfs/readdir.c:700:11 ]
[32m-------------[0m
[35mUse:fs/readdir.c:43:9[0m
[31m=NO CHECK ON PATH=[0m
[32mCall Stack:[0m
0 iterate_dir fs/readdir.c:43:9
1 exportfs_get_name fs/exportfs/expfs.c:324:11 @[ fs/exportfs/expfs.c:35:10 ]
2 reconnect_path fs/exportfs/expfs.c:141:8 @[ fs/exportfs/expfs.c:220:13 ]
3 exportfs_decode_fh fs/exportfs/expfs.c:499:9
4 ovl_check_origin fs/overlayfs/namei.c:160:11 @[ fs/overlayfs/namei.c:297:12 ]
5 ovl_lookup fs/overlayfs/namei.c:641:10
[32m-------------[0m
[35mUse:fs/readdir.c:43:9[0m
[31m=NO CHECK ON PATH=[0m
[32mCall Stack:[0m
0 iterate_dir fs/readdir.c:43:9
1 exportfs_get_name fs/exportfs/expfs.c:324:11 @[ fs/exportfs/expfs.c:35:10 ]
2 reconnect_path fs/exportfs/expfs.c:141:8 @[ fs/exportfs/expfs.c:220:13 ]
3 exportfs_decode_fh fs/exportfs/expfs.c:499:9
4 xfs_handlereq_to_dentry fs/xfs/xfs_ioctl.c:184:9 @[ fs/xfs/xfs_ioctl.c:194:9 ]
5 xfs_fssetdm_by_handle fs/xfs/xfs_ioctl.c:362:11
6 xfs_file_ioctl fs/xfs/xfs_ioctl.c:1934:10
[32m-------------[0m
[35mUse:fs/readdir.c:43:9[0m
[31m=NO CHECK ON PATH=[0m
[32mCall Stack:[0m
0 iterate_dir fs/readdir.c:43:9
1 exportfs_get_name fs/exportfs/expfs.c:324:11 @[ fs/exportfs/expfs.c:35:10 ]
2 reconnect_path fs/exportfs/expfs.c:141:8 @[ fs/exportfs/expfs.c:220:13 ]
3 exportfs_decode_fh fs/exportfs/expfs.c:499:9
4 xfs_handlereq_to_dentry fs/xfs/xfs_ioctl.c:184:9 @[ fs/xfs/xfs_ioctl.c:194:9 ]
5 xfs_fssetdm_by_handle fs/xfs/xfs_ioctl.c:362:11
6 xfs_file_ioctl fs/xfs/xfs_ioctl.c:1934:10
7 xfs_file_compat_ioctl fs/xfs/xfs_ioctl32.c:625:10
[32m-------------[0m
[35mUse:fs/readdir.c:43:9[0m
[31m=NO CHECK ON PATH=[0m
[32mCall Stack:[0m
0 iterate_dir fs/readdir.c:43:9
1 exportfs_get_name fs/exportfs/expfs.c:324:11 @[ fs/exportfs/expfs.c:35:10 ]
2 reconnect_path fs/exportfs/expfs.c:141:8 @[ fs/exportfs/expfs.c:220:13 ]
3 exportfs_decode_fh fs/exportfs/expfs.c:499:9
4 do_handle_open fs/fhandle.c:153:17 @[ fs/fhandle.c:208:11 @[ fs/fhandle.c:224:11 ] ]
5 compat_SyS_open_by_handle_at fs/fhandle.c:278:9 @[ fs/fhandle.c:275:1 ]
[32m-------------[0m
[35mUse:fs/readdir.c:43:9[0m
[31m=NO CHECK ON PATH=[0m
[32mCall Stack:[0m
0 iterate_dir fs/readdir.c:43:9
1 exportfs_get_name fs/exportfs/expfs.c:324:11 @[ fs/exportfs/expfs.c:35:10 ]
2 reconnect_path fs/exportfs/expfs.c:141:8 @[ fs/exportfs/expfs.c:220:13 ]
3 exportfs_decode_fh fs/exportfs/expfs.c:499:9
4 do_handle_open fs/fhandle.c:153:17 @[ fs/fhandle.c:208:11 @[ fs/fhandle.c:224:11 ] ]
5 SyS_open_by_handle_at fs/fhandle.c:266:8 @[ fs/fhandle.c:257:1 ]
[32m-------------[0m
[35mUse:mm/madvise.c:827:7 @[ mm/madvise.c:791:1 ][0m
[31m=NO CHECK ON PATH=[0m
[32mCall Stack:[0m
0 SyS_madvise mm/madvise.c:827:7 @[ mm/madvise.c:791:1 ]
[32m-------------[0m
[35mUse:mm/mremap.c:556:6 @[ mm/mremap.c:523:1 ][0m
[31m=NO CHECK ON PATH=[0m
[32mCall Stack:[0m
0 SyS_mremap mm/mremap.c:556:6 @[ mm/mremap.c:523:1 ]
[32m-------------[0m
[35mUse:mm/mprotect.c:420:6[0m
[31m=NO CHECK ON PATH=[0m
[32mCall Stack:[0m
0 do_mprotect_pkey mm/mprotect.c:420:6
1 SyS_pkey_mprotect mm/mprotect.c:525:9 @[ mm/mprotect.c:522:1 ]
[32m-------------[0m
[35mUse:mm/mprotect.c:420:6[0m
[31m=NO CHECK ON PATH=[0m
[32mCall Stack:[0m
0 do_mprotect_pkey mm/mprotect.c:420:6
1 SyS_mprotect mm/mprotect.c:517:9 @[ mm/mprotect.c:514:1 ]
[32m-------------[0m
[35mUse:mm/mmap.c:2742:6[0m
[31m=NO CHECK ON PATH=[0m
[32mCall Stack:[0m
0 vm_munmap mm/mmap.c:2742:6
1 elf_map.14753 fs/binfmt_elf.c:376:4
2 load_elf_binary.14742 fs/binfmt_elf.c:582:15 @[ fs/binfmt_elf.c:1075:15 ]
[32m-------------[0m
[35mUse:mm/mmap.c:2742:6[0m
[31m=NO CHECK ON PATH=[0m
[32mCall Stack:[0m
0 vm_munmap mm/mmap.c:2742:6
1 elf_map fs/binfmt_elf.c:376:4
2 load_elf_binary fs/binfmt_elf.c:582:15 @[ fs/binfmt_elf.c:1075:15 ]
[32m-------------[0m
[35mUse:mm/mmap.c:2742:6[0m
[31m=NO CHECK ON PATH=[0m
[32mCall Stack:[0m
0 vm_munmap mm/mmap.c:2742:6
1 ioctx_alloc fs/aio.c:808:3
2 compat_SyS_io_setup fs/aio.c:1392:10 @[ fs/aio.c:1375:1 ]
[32m-------------[0m
[35mUse:mm/mmap.c:2742:6[0m
[31m=NO CHECK ON PATH=[0m
[32mCall Stack:[0m
0 vm_munmap mm/mmap.c:2742:6
1 ioctx_alloc fs/aio.c:808:3
2 SyS_io_setup fs/aio.c:1361:10 @[ fs/aio.c:1344:1 ]
[32m-------------[0m
[35mUse:mm/mmap.c:2742:6[0m
[31m=NO CHECK ON PATH=[0m
[32mCall Stack:[0m
0 vm_munmap mm/mmap.c:2742:6
1 kill_ioctx fs/aio.c:854:3
2 SyS_io_destroy fs/aio.c:1427:9 @[ fs/aio.c:1413:1 ]
[32m-------------[0m
[35mUse:mm/mmap.c:2971:6[0m
[31m=NO CHECK ON PATH=[0m
[32mCall Stack:[0m
0 vm_brk_flags mm/mmap.c:2971:6
1 load_elf_binary.14742 fs/binfmt_elf.c:649:11 @[ fs/binfmt_elf.c:1075:15 ]
[32m-------------[0m
[35mUse:mm/mmap.c:2971:6[0m
[31m=NO CHECK ON PATH=[0m
[32mCall Stack:[0m
0 vm_brk_flags mm/mmap.c:2971:6
1 load_elf_binary fs/binfmt_elf.c:649:11 @[ fs/binfmt_elf.c:1075:15 ]
[32m-------------[0m
[35mUse:mm/mmap.c:2971:6 @[ mm/mmap.c:2986:9 ][0m
[31m=NO CHECK ON PATH=[0m
[32mCall Stack:[0m
0 vm_brk mm/mmap.c:2971:6 @[ mm/mmap.c:2986:9 ]
1 load_elf_library.14743 fs/binfmt_elf.c:1253:11
[32m-------------[0m
[35mUse:mm/mmap.c:2971:6 @[ mm/mmap.c:2986:9 ][0m
[31m=NO CHECK ON PATH=[0m
[32mCall Stack:[0m
0 vm_brk mm/mmap.c:2971:6 @[ mm/mmap.c:2986:9 ]
1 load_elf_library fs/binfmt_elf.c:1253:11
[32m-------------[0m
[35mUse:mm/mmap.c:2787:6 @[ mm/mmap.c:2762:1 ][0m
[31m=NO CHECK ON PATH=[0m
[32mCall Stack:[0m
0 SyS_remap_file_pages mm/mmap.c:2787:6 @[ mm/mmap.c:2762:1 ]
[32m-------------[0m
[35mUse:mm/mmap.c:192:6 @[ mm/mmap.c:182:1 ][0m
[31m=NO CHECK ON PATH=[0m
[32mCall Stack:[0m
0 SyS_brk mm/mmap.c:192:6 @[ mm/mmap.c:182:1 ]
[32m-------------[0m
[35mUse:mm/mmap.c:2742:6 @[ mm/mmap.c:2755:9 @[ mm/mmap.c:2752:1 ] ][0m
[31m=NO CHECK ON PATH=[0m
[32mCall Stack:[0m
0 SyS_munmap mm/mmap.c:2742:6 @[ mm/mmap.c:2755:9 @[ mm/mmap.c:2752:1 ] ]
[32m-------------[0m
[35mUse:mm/mlock.c:680:6[0m
[31m=NO CHECK ON PATH=[0m
[32mCall Stack:[0m
0 do_mlock mm/mlock.c:680:6
1 SyS_mlock2 mm/mlock.c:724:9 @[ mm/mlock.c:714:1 ]
[32m-------------[0m
[35mUse:mm/mlock.c:680:6[0m
[31m=NO CHECK ON PATH=[0m
[32mCall Stack:[0m
0 do_mlock mm/mlock.c:680:6
1 SyS_mlock mm/mlock.c:711:9 @[ mm/mlock.c:709:1 ]
[32m-------------[0m
[35mUse:mm/mlock.c:734:6 @[ mm/mlock.c:727:1 ][0m
[31m=NO CHECK ON PATH=[0m
[32mCall Stack:[0m
0 SyS_munlock mm/mlock.c:734:6 @[ mm/mlock.c:727:1 ]
[32m-------------[0m
[35mUse:mm/mlock.c:820:6[0m
[31m=NO CHECK ON PATH=[0m
[32mCall Stack:[0m
0 sys_munlockall mm/mlock.c:820:6
[32m-------------[0m
[35mUse:mm/mlock.c:802:6 @[ mm/mlock.c:788:1 ][0m
[31m=NO CHECK ON PATH=[0m
[32mCall Stack:[0m
0 SyS_mlockall mm/mlock.c:802:6 @[ mm/mlock.c:788:1 ]
[32m-------------[0m
[35mUse:fs/exec.c:297:6 @[ fs/exec.c:414:8 @[ fs/exec.c:1771:11 ] ][0m
[31m=NO CHECK ON PATH=[0m
[32mCall Stack:[0m
0 do_execveat_common fs/exec.c:297:6 @[ fs/exec.c:414:8 @[ fs/exec.c:1771:11 ] ]
1 compat_SyS_execveat fs/exec.c:1890:9 @[ fs/exec.c:1960:9 @[ fs/exec.c:1952:1 ] ]
[32m-------------[0m
[35mUse:fs/exec.c:297:6 @[ fs/exec.c:414:8 @[ fs/exec.c:1771:11 ] ][0m
[31m=NO CHECK ON PATH=[0m
[32mCall Stack:[0m
0 do_execveat_common fs/exec.c:297:6 @[ fs/exec.c:414:8 @[ fs/exec.c:1771:11 ] ]
1 compat_SyS_execve fs/exec.c:1874:9 @[ fs/exec.c:1949:9 @[ fs/exec.c:1945:1 ] ]
[32m-------------[0m
[35mUse:fs/exec.c:297:6 @[ fs/exec.c:414:8 @[ fs/exec.c:1771:11 ] ][0m
[31m=NO CHECK ON PATH=[0m
[32mCall Stack:[0m
0 do_execveat_common fs/exec.c:297:6 @[ fs/exec.c:414:8 @[ fs/exec.c:1771:11 ] ]
1 SyS_execveat fs/exec.c:1858:9 @[ fs/exec.c:1939:9 @[ fs/exec.c:1931:1 ] ]
[32m-------------[0m
[35mUse:fs/exec.c:297:6 @[ fs/exec.c:414:8 @[ fs/exec.c:1771:11 ] ][0m
[31m=NO CHECK ON PATH=[0m
[32mCall Stack:[0m
0 do_execveat_common fs/exec.c:297:6 @[ fs/exec.c:414:8 @[ fs/exec.c:1771:11 ] ]
1 SyS_execve fs/exec.c:1847:9 @[ fs/exec.c:1928:9 @[ fs/exec.c:1923:1 ] ]
[32m-------------[0m
[35mUse:fs/exec.c:734:6[0m
[31m=NO CHECK ON PATH=[0m
[32mCall Stack:[0m
0 setup_arg_pages fs/exec.c:734:6
1 load_elf_binary.14742 fs/binfmt_elf.c:882:11
[32m-------------[0m
[35mUse:fs/exec.c:734:6[0m
[31m=NO CHECK ON PATH=[0m
[32mCall Stack:[0m
0 setup_arg_pages fs/exec.c:734:6
1 load_elf_binary fs/binfmt_elf.c:882:11
[32m-------------[0m
[35mUse:fs/aio.c:514:6 @[ fs/aio.c:769:8 ][0m
[31m=NO CHECK ON PATH=[0m
[32mCall Stack:[0m
0 ioctx_alloc fs/aio.c:514:6 @[ fs/aio.c:769:8 ]
1 compat_SyS_io_setup fs/aio.c:1392:10 @[ fs/aio.c:1375:1 ]
[32m-------------[0m
[35mUse:fs/aio.c:514:6 @[ fs/aio.c:769:8 ][0m
[31m=NO CHECK ON PATH=[0m
[32mCall Stack:[0m
0 ioctx_alloc fs/aio.c:514:6 @[ fs/aio.c:769:8 ]
1 SyS_io_setup fs/aio.c:1361:10 @[ fs/aio.c:1344:1 ]
[32m-------------[0m
[35mUse:kernel/sys.c:2371:7 @[ kernel/sys.c:2193:1 ][0m
[31m=NO CHECK ON PATH=[0m
[32mCall Stack:[0m
0 SyS_prctl kernel/sys.c:2371:7 @[ kernel/sys.c:2193:1 ]
[32m-------------[0m
[35mUse:arch/x86/kernel/ldt.c:398:6[0m
[31m=NO CHECK ON PATH=[0m
[32mCall Stack:[0m
0 write_ldt arch/x86/kernel/ldt.c:398:6
1 SyS_modify_ldt arch/x86/kernel/ldt.c:461:9 @[ arch/x86/kernel/ldt.c:445:1 ]
[32m-------------[0m
[35mUse:arch/x86/entry/vdso/vma.c:159:6[0m
[31m=NO CHECK ON PATH=[0m
[32mCall Stack:[0m
0 map_vdso arch/x86/entry/vdso/vma.c:159:6
1 compat_arch_setup_additional_pages arch/x86/entry/vdso/vma.c:290:9 @[ arch/x86/entry/vdso/vma.c:315:9 ]
2 load_elf_binary.14742 fs/binfmt_elf.c:1111:11
[32m-------------[0m
[35mUse:arch/x86/entry/vdso/vma.c:159:6[0m
[31m=NO CHECK ON PATH=[0m
[32mCall Stack:[0m
0 map_vdso arch/x86/entry/vdso/vma.c:159:6
1 arch_setup_additional_pages arch/x86/entry/vdso/vma.c:255:9 @[ arch/x86/entry/vdso/vma.c:300:9 ]
2 load_elf_binary fs/binfmt_elf.c:1111:11
[32m-------------[0m
[35mUse:fs/proc/task_mmu.c:1127:8[0m
[31m=NO CHECK ON PATH=[0m
[32mCall Stack:[0m
0 clear_refs_write fs/proc/task_mmu.c:1127:8
[32m-------------[0m
[35mUse:mm/util.c:331:7[0m
[31m=NO CHECK ON PATH=[0m
[32mCall Stack:[0m
0 vm_mmap_pgoff mm/util.c:331:7
1 vm_mmap mm/util.c:352:9
2 elf_map.14753 fs/binfmt_elf.c:378:14
3 load_elf_binary.14742 fs/binfmt_elf.c:582:15 @[ fs/binfmt_elf.c:1075:15 ]
[32m-------------[0m
[35mUse:mm/util.c:331:7[0m
[31m=NO CHECK ON PATH=[0m
[32mCall Stack:[0m
0 vm_mmap_pgoff mm/util.c:331:7
1 vm_mmap mm/util.c:352:9
2 load_elf_library fs/binfmt_elf.c:1232:10
[32m-------------[0m
[35mUse:mm/util.c:331:7[0m
[31m=NO CHECK ON PATH=[0m
[32mCall Stack:[0m
0 vm_mmap_pgoff mm/util.c:331:7
1 vm_mmap mm/util.c:352:9
2 load_elf_binary fs/binfmt_elf.c:1140:11
[32m-------------[0m
[35mUse:mm/util.c:331:7[0m
[31m=NO CHECK ON PATH=[0m
[32mCall Stack:[0m
0 vm_mmap_pgoff mm/util.c:331:7
1 vm_mmap mm/util.c:352:9
2 load_elf_library.14743 fs/binfmt_elf.c:1232:10
[32m-------------[0m
[35mUse:mm/util.c:331:7[0m
[31m=NO CHECK ON PATH=[0m
[32mCall Stack:[0m
0 vm_mmap_pgoff mm/util.c:331:7
1 SyS_mmap_pgoff mm/mmap.c:1533:11 @[ mm/mmap.c:1491:1 ]
[32m-------------[0m
[32mGood: 1 [31mBad: 71 [33mIgnored: 326[0m
[33mInspect Use of Function:security_mmap_file[0m
[35mUse:mm/util.c:329:8[0m
[31m=NO CHECK ON PATH=[0m
[32mCall Stack:[0m
0 vm_mmap_pgoff mm/util.c:329:8
1 vm_mmap mm/util.c:352:9
2 elf_map.14753 fs/binfmt_elf.c:378:14
3 load_elf_binary.14742 fs/binfmt_elf.c:582:15 @[ fs/binfmt_elf.c:1075:15 ]
[32m-------------[0m
[35mUse:mm/util.c:329:8[0m
[31m=NO CHECK ON PATH=[0m
[32mCall Stack:[0m
0 vm_mmap_pgoff mm/util.c:329:8
1 vm_mmap mm/util.c:352:9
2 load_elf_library fs/binfmt_elf.c:1232:10
[32m-------------[0m
[35mUse:mm/util.c:329:8[0m
[31m=NO CHECK ON PATH=[0m
[32mCall Stack:[0m
0 vm_mmap_pgoff mm/util.c:329:8
1 vm_mmap mm/util.c:352:9
2 load_elf_binary fs/binfmt_elf.c:1140:11
[32m-------------[0m
[35mUse:mm/util.c:329:8[0m
[31m=NO CHECK ON PATH=[0m
[32mCall Stack:[0m
0 vm_mmap_pgoff mm/util.c:329:8
1 vm_mmap mm/util.c:352:9
2 load_elf_library.14743 fs/binfmt_elf.c:1232:10
[32m-------------[0m
[35mUse:mm/util.c:329:8[0m
[31m=NO CHECK ON PATH=[0m
[32mCall Stack:[0m
0 vm_mmap_pgoff mm/util.c:329:8
1 SyS_mmap_pgoff mm/mmap.c:1533:11 @[ mm/mmap.c:1491:1 ]
[32m-------------[0m
[32mGood: 1 [31mBad: 7 [33mIgnored: 33[0m
[33mInspect Use of Function:do_mmap[0m
[35mUse:./include/linux/mm.h:2217:9 @[ fs/aio.c:520:19 @[ fs/aio.c:769:8 ] ][0m
[31m=NO CHECK ON PATH=[0m
[32mCall Stack:[0m
0 ioctx_alloc ./include/linux/mm.h:2217:9 @[ fs/aio.c:520:19 @[ fs/aio.c:769:8 ] ]
1 compat_SyS_io_setup fs/aio.c:1392:10 @[ fs/aio.c:1375:1 ]
[32m-------------[0m
[35mUse:./include/linux/mm.h:2217:9 @[ fs/aio.c:520:19 @[ fs/aio.c:769:8 ] ][0m
[31m=NO CHECK ON PATH=[0m
[32mCall Stack:[0m
0 ioctx_alloc ./include/linux/mm.h:2217:9 @[ fs/aio.c:520:19 @[ fs/aio.c:769:8 ] ]
1 SyS_io_setup fs/aio.c:1361:10 @[ fs/aio.c:1344:1 ]
[32m-------------[0m
[35mUse:./include/linux/mm.h:2217:9 @[ mm/mmap.c:2846:8 @[ mm/mmap.c:2762:1 ] ][0m
[31m=NO CHECK ON PATH=[0m
[32mCall Stack:[0m
0 SyS_remap_file_pages ./include/linux/mm.h:2217:9 @[ mm/mmap.c:2846:8 @[ mm/mmap.c:2762:1 ] ]
[32m-------------[0m
[35mUse:./include/linux/mm.h:2217:9 @[ mm/util.c:333:9 ][0m
[31m=NO CHECK ON PATH=[0m
[32mCall Stack:[0m
0 vm_mmap_pgoff ./include/linux/mm.h:2217:9 @[ mm/util.c:333:9 ]
1 vm_mmap mm/util.c:352:9
2 elf_map.14753 fs/binfmt_elf.c:378:14
3 load_elf_binary.14742 fs/binfmt_elf.c:582:15 @[ fs/binfmt_elf.c:1075:15 ]
[32m-------------[0m
[35mUse:./include/linux/mm.h:2217:9 @[ mm/util.c:333:9 ][0m
[31m=NO CHECK ON PATH=[0m
[32mCall Stack:[0m
0 vm_mmap_pgoff ./include/linux/mm.h:2217:9 @[ mm/util.c:333:9 ]
1 vm_mmap mm/util.c:352:9
2 load_elf_library fs/binfmt_elf.c:1232:10
[32m-------------[0m
[35mUse:./include/linux/mm.h:2217:9 @[ mm/util.c:333:9 ][0m
[31m=NO CHECK ON PATH=[0m
[32mCall Stack:[0m
0 vm_mmap_pgoff ./include/linux/mm.h:2217:9 @[ mm/util.c:333:9 ]
1 vm_mmap mm/util.c:352:9
2 load_elf_binary fs/binfmt_elf.c:1140:11
[32m-------------[0m
[35mUse:./include/linux/mm.h:2217:9 @[ mm/util.c:333:9 ][0m
[31m=NO CHECK ON PATH=[0m
[32mCall Stack:[0m
0 vm_mmap_pgoff ./include/linux/mm.h:2217:9 @[ mm/util.c:333:9 ]
1 vm_mmap mm/util.c:352:9
2 load_elf_library.14743 fs/binfmt_elf.c:1232:10
[32m-------------[0m
[35mUse:./include/linux/mm.h:2217:9 @[ mm/util.c:333:9 ][0m
[31m=NO CHECK ON PATH=[0m
[32mCall Stack:[0m
0 vm_mmap_pgoff ./include/linux/mm.h:2217:9 @[ mm/util.c:333:9 ]
1 SyS_mmap_pgoff mm/mmap.c:1533:11 @[ mm/mmap.c:1491:1 ]
[32m-------------[0m
[32mGood: 1 [31mBad: 10 [33mIgnored: 33[0m
[33mInspect Use of Function:shm_destroy[0m
[35mUse:ipc/shm.c:102:3 @[ ipc/shm.c:846:3 ][0m
[31m=NO CHECK ON PATH=[0m
[32mCall Stack:[0m
0 shmctl_down ipc/shm.c:102:3 @[ ipc/shm.c:846:3 ]
1 compat_SyS_shmctl ipc/shm.c:1251:10 @[ ipc/shm.c:1206:1 ]
[32m-------------[0m
[35mUse:ipc/shm.c:102:3 @[ ipc/shm.c:846:3 ][0m
[31m=NO CHECK ON PATH=[0m
[32mCall Stack:[0m
0 shmctl_down ipc/shm.c:102:3 @[ ipc/shm.c:846:3 ]
1 SyS_shmctl ipc/shm.c:1078:10 @[ ipc/shm.c:1033:1 ]
[32m-------------[0m
[35mUse:ipc/shm.c:372:4[0m
[31m=NO CHECK ON PATH=[0m
[32mCall Stack:[0m
0 exit_shm ipc/shm.c:372:4
1 SyS_unshare kernel/fork.c:2379:4 @[ kernel/fork.c:2315:1 ]
[32m-------------[0m
[35mUse:ipc/shm.c:296:3[0m
[31m=NO CHECK ON PATH=[0m
[32mCall Stack:[0m
0 shm_close ipc/shm.c:296:3
1 shm_mmap ipc/shm.c:432:3
[32m-------------[0m
[32mGood: 1 [31mBad: 4 [33mIgnored: 8[0m
[33mInspect Use of Function:ipc_lock[0m
[35mUse:ipc/shm.c:160:31 @[ ipc/shm.c:201:8 @[ ipc/shm.c:426:8 ] ][0m
[31m=NO CHECK ON PATH=[0m
[32mCall Stack:[0m
0 shm_mmap ipc/shm.c:160:31 @[ ipc/shm.c:201:8 @[ ipc/shm.c:426:8 ] ]
[32m-------------[0m
[35mUse:ipc/shm.c:160:31 @[ ipc/shm.c:283:8 ][0m
[31m=NO CHECK ON PATH=[0m
[32mCall Stack:[0m
0 shm_close ipc/shm.c:160:31 @[ ipc/shm.c:283:8 ]
1 shm_mmap ipc/shm.c:432:3
[32m-------------[0m
[32mGood: 1 [31mBad: 2 [33mIgnored: 2[0m
STOP WATCH[0]: 8884.842000 ms
[36m--- DONE! ---[0m
------------STATISTICS---------------
    53021 : Functions greeted
    110 : External functions
    0 : Discovered Path
    0 : Matched Path
    5 : Good Path
    94 : Bad Path
    402 : Ignored Path
    0 : Path Unable to Resolve
    0 : Resolved CallSite Using Function Pointer
    5 : Critical Functions
    1 : Critical Variables
    0 : # of times max depth for forward analysis hit
    0 : # of times max depth for backward analysis hit
    0 : Critical Function Pointer Unable to Resolve, Collect Pass
    0 : Critical Function Pointer Resolved, Collect Pass
    10 : Critical Functions used by non CallInst
    216 : Critical Functions used by static assignment
    156 : # of times indirect call site matched with critical functions
    439 : # of times indirect call site failed to match with critical functions
    0 : found capability check inside call using function ptr




===-------------------------------------------------------------------------===
                          ... Statistics Collected ...
===-------------------------------------------------------------------------===

16305946 bitcode-reader - Number of Metadata records loaded
  232630 bitcode-reader - Number of MDStrings loaded

