[36m--- PROCESS FUNCTIONS ---[0m
Pre-processing...
Load skip function list, total:360
Load skip var list, total:22
Load kernel api list, total:1048
Collect all functions and indirect callsites
STOP WATCH[0]: 810.427000 ms
Process Gating Functions
Load LSM hook list, total:1
STOP WATCH[0]: 14.396000 ms
[48;5;021m[38;5;255m=LSM hook functions=[0m
. security_port_sid
=o=
Collect Checkpoints
STOP WATCH[0]: 1008.236000 ms
Identify interesting struct
STOP WATCH[0]: 5.899000 ms
Identify Logical Modules
STOP WATCH[0]: 61.182000 ms
STOP WATCH[0]: 6778.250000 ms
Collecting Initialization Closure.
Finding Kernel Entry Point and all __initcall_
[32mFound x86_64_start_kernel[0m
STOP WATCH[1]: 70.955000 ms
Initial Kernel Init Function Count:642
Over Approximate Kernel Init Functions
STOP WATCH[1]: 132.619000 ms
Refine Result
refine pass 0 3413 left
refine pass 1 2221 left
refine pass 2 1865 left
refine pass 3 1773 left
refine pass 4 1736 left
refine pass 5 1731 left
refine pass 6 1729 left
 Refine result : count=1729
STOP WATCH[1]: 46.214000 ms
STOP WATCH[0]: 250.445000 ms
Collect all permission-checked variables and functions
Add call<direct> avc_has_perm use @ security/selinux/hooks.c:4562:9
 cause:[32mProcess Stack:[0m
0 sel_netport_sid security/selinux/netport.c:197:24
1 selinux_socket_connect security/selinux/hooks.c:4551:9
[32m-------------[0m
Add call<direct> avc_has_perm use @ security/selinux/hooks.c:4468:11
 cause:[32mProcess Stack:[0m
0 sel_netport_sid security/selinux/netport.c:197:24
1 selinux_socket_bind security/selinux/hooks.c:4460:11
[32m-------------[0m
STOP WATCH[1]: 2014.493000 ms
STOP WATCH[0]: 2014.507000 ms
Collected 1 critical functions
Collected 1 critical variables
Collected 1 critical type/fields
[48;5;021m[38;5;255m--- Variables Protected By Gating Function---[0m
[32msel_netport_hash[0m
    security_port_sid @ security/selinux/netport.c:164:8 @[ security/selinux/netport.c:210:9 ]
[48;5;021m[38;5;255m--- Function Protected By Gating Function---[0m
[32mavc_has_perm[0m
    security_port_sid @ security/selinux/netport.c:164:8 @[ security/selinux/netport.c:210:9 ]
[48;5;039m[38;5;255m--- Interesting Type fields and checks ---[0m
[32mstruct.common_audit_data.469690:0,[0m
    security_port_sid @ security/selinux/netport.c:164:8 @[ security/selinux/netport.c:210:9 ]
Run Analysis
Critical functions
[33mInspect Use of Function:avc_has_perm[0m
[35mUse:security/selinux/selinuxfs.c:1359:8[0m
[31m=NO CHECK ON PATH=[0m
[32mCall Stack:[0m
0 sel_write_avc_cache_threshold security/selinux/selinuxfs.c:1359:8
[32m-------------[0m
[35mUse:security/selinux/selinuxfs.c:410:8[0m
[31m=NO CHECK ON PATH=[0m
[32mCall Stack:[0m
0 sel_read_policy security/selinux/selinuxfs.c:410:8
[32m-------------[0m
[35mUse:security/selinux/selinuxfs.c:638:7[0m
[31m=NO CHECK ON PATH=[0m
[32mCall Stack:[0m
0 sel_write_validatetrans security/selinux/selinuxfs.c:638:7
[32m-------------[0m
[35mUse:security/selinux/selinuxfs.c:480:11[0m
[31m=NO CHECK ON PATH=[0m
[32mCall Stack:[0m
0 sel_write_load security/selinux/selinuxfs.c:480:11
[32m-------------[0m
[35mUse:security/selinux/selinuxfs.c:348:7[0m
[31m=NO CHECK ON PATH=[0m
[32mCall Stack:[0m
0 sel_open_policy security/selinux/selinuxfs.c:348:7
[32m-------------[0m
[35mUse:security/selinux/selinuxfs.c:142:12[0m
[31m=NO CHECK ON PATH=[0m
[32mCall Stack:[0m
0 sel_write_enforce security/selinux/selinuxfs.c:142:12
[32m-------------[0m
[35mUse:security/selinux/selinuxfs.c:1201:11[0m
[31m=NO CHECK ON PATH=[0m
[32mCall Stack:[0m
0 sel_commit_bools_write security/selinux/selinuxfs.c:1201:11
[32m-------------[0m
[35mUse:security/selinux/selinuxfs.c:595:11[0m
[31m=NO CHECK ON PATH=[0m
[32mCall Stack:[0m
0 sel_write_checkreqprot security/selinux/selinuxfs.c:595:11
[32m-------------[0m
[35mUse:security/selinux/selinuxfs.c:1143:11[0m
[31m=NO CHECK ON PATH=[0m
[32mCall Stack:[0m
0 sel_write_bool security/selinux/selinuxfs.c:1143:11
[32m-------------[0m
[32mGood: 2 [31mBad: 9 [33mIgnored: 221[0m
STOP WATCH[0]: 5348.991000 ms
[36m--- DONE! ---[0m
------------STATISTICS---------------
    53021 : Functions greeted
    110 : External functions
    0 : Discovered Path
    0 : Matched Path
    2 : Good Path
    9 : Bad Path
    221 : Ignored Path
    0 : Path Unable to Resolve
    0 : Resolved CallSite Using Function Pointer
    1 : Critical Functions
    1 : Critical Variables
    0 : # of times max depth for forward analysis hit
    0 : # of times max depth for backward analysis hit
    0 : Critical Function Pointer Unable to Resolve, Collect Pass
    0 : Critical Function Pointer Resolved, Collect Pass
    13 : Critical Functions used by non CallInst
    217 : Critical Functions used by static assignment
    0 : # of times indirect call site matched with critical functions
    486 : # of times indirect call site failed to match with critical functions
    0 : found capability check inside call using function ptr




===-------------------------------------------------------------------------===
                          ... Statistics Collected ...
===-------------------------------------------------------------------------===

16305946 bitcode-reader - Number of Metadata records loaded
  232630 bitcode-reader - Number of MDStrings loaded

