[36m--- PROCESS FUNCTIONS ---[0m
Pre-processing...
Load skip function list, total:360
Load skip var list, total:22
Load kernel api list, total:1048
Collect all functions and indirect callsites
STOP WATCH[0]: 806.630000 ms
Process Gating Functions
Load LSM hook list, total:1
STOP WATCH[0]: 14.229000 ms
[48;5;021m[38;5;255m=LSM hook functions=[0m
. security_settime64
=o=
Collect Checkpoints
STOP WATCH[0]: 1100.791000 ms
Identify interesting struct
STOP WATCH[0]: 5.971000 ms
Identify Logical Modules
STOP WATCH[0]: 60.819000 ms
STOP WATCH[0]: 6771.032000 ms
Collecting Initialization Closure.
Finding Kernel Entry Point and all __initcall_
[32mFound x86_64_start_kernel[0m
STOP WATCH[1]: 69.344000 ms
Initial Kernel Init Function Count:642
Over Approximate Kernel Init Functions
STOP WATCH[1]: 133.096000 ms
Refine Result
refine pass 0 3413 left
refine pass 1 2221 left
refine pass 2 1865 left
refine pass 3 1773 left
refine pass 4 1736 left
refine pass 5 1731 left
refine pass 6 1729 left
 Refine result : count=1729
STOP WATCH[1]: 46.507000 ms
STOP WATCH[0]: 249.631000 ms
Collect all permission-checked variables and functions
Add call<direct> do_settimeofday64 use @ kernel/time/time.c:97:2 @[ kernel/time/time.c:83:1 ]
 cause:[32mProcess Stack:[0m
0 SyS_stime 
[32m-------------[0m
Add call<direct> do_settimeofday64 use @ kernel/time/time.c:137:2 @[ kernel/time/time.c:123:1 ]
 cause:[32mProcess Stack:[0m
0 compat_SyS_stime 
[32m-------------[0m
Add call<direct> update_vsyscall_tz use @ kernel/time/time.c:189:3
 cause:[32mProcess Stack:[0m
0 do_sys_settimeofday64 kernel/time/time.c:171:52
[32m-------------[0m
Add call<direct> timekeeping_warp_clock use @ kernel/time/time.c:193:5
 cause:[32mProcess Stack:[0m
0 do_sys_settimeofday64 kernel/time/time.c:171:52
[32m-------------[0m
Add call<direct> do_settimeofday64 use @ kernel/time/time.c:197:10
 cause:[32mProcess Stack:[0m
0 do_sys_settimeofday64 kernel/time/time.c:171:52
[32m-------------[0m
Add call<direct> update_vsyscall_tz use @ kernel/time/time.c:189:3 @[ kernel/time/time.c:223:9 @[ kernel/time/time.c:201:1 ] ]
 cause:[32mProcess Stack:[0m
0 SyS_settimeofday 
[32m-------------[0m
Add call<direct> timekeeping_warp_clock use @ kernel/time/time.c:193:5 @[ kernel/time/time.c:223:9 @[ kernel/time/time.c:201:1 ] ]
 cause:[32mProcess Stack:[0m
0 SyS_settimeofday 
[32m-------------[0m
Add call<direct> do_settimeofday64 use @ kernel/time/time.c:197:10 @[ kernel/time/time.c:223:9 @[ kernel/time/time.c:201:1 ] ]
 cause:[32mProcess Stack:[0m
0 SyS_settimeofday 
[32m-------------[0m
Add call<direct> update_vsyscall_tz use @ kernel/time/time.c:189:3 @[ kernel/time/time.c:263:9 @[ kernel/time/time.c:245:1 ] ]
 cause:[32mProcess Stack:[0m
0 compat_SyS_settimeofday 
[32m-------------[0m
Add call<direct> timekeeping_warp_clock use @ kernel/time/time.c:193:5 @[ kernel/time/time.c:263:9 @[ kernel/time/time.c:245:1 ] ]
 cause:[32mProcess Stack:[0m
0 compat_SyS_settimeofday 
[32m-------------[0m
Add call<direct> do_settimeofday64 use @ kernel/time/time.c:197:10 @[ kernel/time/time.c:263:9 @[ kernel/time/time.c:245:1 ] ]
 cause:[32mProcess Stack:[0m
0 compat_SyS_settimeofday 
[32m-------------[0m
STOP WATCH[1]: 2003.783000 ms
STOP WATCH[0]: 2003.796000 ms
Collected 3 critical functions
Collected 1 critical variables
Collected 0 critical type/fields
[48;5;021m[38;5;255m--- Variables Protected By Gating Function---[0m
[32mdo_sys_settimeofday64.firsttime[0m
    security_settime64 @ kernel/time/time.c:179:10 @[ kernel/time/time.c:263:9 @[ kernel/time/time.c:245:1 ] ]
    security_settime64 @ kernel/time/time.c:179:10
    security_settime64 @ kernel/time/time.c:179:10 @[ kernel/time/time.c:223:9 @[ kernel/time/time.c:201:1 ] ]
[48;5;021m[38;5;255m--- Function Protected By Gating Function---[0m
[32mtimekeeping_warp_clock[0m
    security_settime64 @ kernel/time/time.c:179:10 @[ kernel/time/time.c:263:9 @[ kernel/time/time.c:245:1 ] ]
    security_settime64 @ kernel/time/time.c:179:10
    security_settime64 @ kernel/time/time.c:179:10 @[ kernel/time/time.c:223:9 @[ kernel/time/time.c:201:1 ] ]
[32mdo_settimeofday64[0m
    security_settime64 @ kernel/time/time.c:179:10 @[ kernel/time/time.c:263:9 @[ kernel/time/time.c:245:1 ] ]
    security_settime64 @ kernel/time/time.c:179:10 @[ kernel/time/time.c:223:9 @[ kernel/time/time.c:201:1 ] ]
    security_settime64 @ kernel/time/time.c:179:10
    security_settime64 @ kernel/time/time.c:93:8 @[ kernel/time/time.c:83:1 ]
    security_settime64 @ kernel/time/time.c:133:8 @[ kernel/time/time.c:123:1 ]
[32mupdate_vsyscall_tz[0m
    security_settime64 @ kernel/time/time.c:179:10 @[ kernel/time/time.c:263:9 @[ kernel/time/time.c:245:1 ] ]
    security_settime64 @ kernel/time/time.c:179:10
    security_settime64 @ kernel/time/time.c:179:10 @[ kernel/time/time.c:223:9 @[ kernel/time/time.c:201:1 ] ]
[48;5;039m[38;5;255m--- Interesting Type fields and checks ---[0m
Run Analysis
Critical functions
[33mInspect Use of Function:timekeeping_warp_clock[0m
[33mInspect Use of Function:do_settimeofday64[0m
[33mInspect Use of Function:update_vsyscall_tz[0m
STOP WATCH[0]: 9.557000 ms
[36m--- DONE! ---[0m
------------STATISTICS---------------
    53021 : Functions greeted
    110 : External functions
    0 : Discovered Path
    0 : Matched Path
    11 : Good Path
    0 : Bad Path
    0 : Ignored Path
    0 : Path Unable to Resolve
    0 : Resolved CallSite Using Function Pointer
    3 : Critical Functions
    1 : Critical Variables
    0 : # of times max depth for forward analysis hit
    0 : # of times max depth for backward analysis hit
    0 : Critical Function Pointer Unable to Resolve, Collect Pass
    0 : Critical Function Pointer Resolved, Collect Pass
    0 : Critical Functions used by non CallInst
    0 : Critical Functions used by static assignment
    0 : # of times indirect call site matched with critical functions
    0 : # of times indirect call site failed to match with critical functions
    0 : found capability check inside call using function ptr




===-------------------------------------------------------------------------===
                          ... Statistics Collected ...
===-------------------------------------------------------------------------===

16305946 bitcode-reader - Number of Metadata records loaded
  232630 bitcode-reader - Number of MDStrings loaded

