[36m--- PROCESS FUNCTIONS ---[0m
Pre-processing...
Load skip function list, total:360
Load skip var list, total:22
Load kernel api list, total:1048
Collect all functions and indirect callsites
STOP WATCH[0]: 807.522000 ms
Process Gating Functions
Load LSM hook list, total:1
STOP WATCH[0]: 14.643000 ms
[48;5;021m[38;5;255m=LSM hook functions=[0m
. security_socket_connect
=o=
Collect Checkpoints
STOP WATCH[0]: 949.865000 ms
Identify interesting struct
STOP WATCH[0]: 5.947000 ms
Identify Logical Modules
STOP WATCH[0]: 61.600000 ms
STOP WATCH[0]: 6811.555000 ms
Collecting Initialization Closure.
Finding Kernel Entry Point and all __initcall_
[32mFound x86_64_start_kernel[0m
STOP WATCH[1]: 69.654000 ms
Initial Kernel Init Function Count:642
Over Approximate Kernel Init Functions
STOP WATCH[1]: 133.112000 ms
Refine Result
refine pass 0 3413 left
refine pass 1 2221 left
refine pass 2 1865 left
refine pass 3 1773 left
refine pass 4 1736 left
refine pass 5 1731 left
refine pass 6 1729 left
 Refine result : count=1729
STOP WATCH[1]: 46.564000 ms
STOP WATCH[0]: 249.983000 ms
Collect all permission-checked variables and functions
Resolve indirect call @ net/socket.c:1621:8 @[ net/socket.c:1602:1 ]
[32m[FOUND 7 MATCH][0m
Add call<indirect> rxrpc_connect use @ net/socket.c:1621:8 @[ net/socket.c:1602:1 ]
 cause:[32mProcess Stack:[0m
0 SyS_connect 
[32m-------------[0m
Add call<indirect> inet_dgram_connect use @ net/socket.c:1621:8 @[ net/socket.c:1602:1 ]
 cause:[32mProcess Stack:[0m
0 SyS_connect 
[32m-------------[0m
Add call<indirect> inet_stream_connect use @ net/socket.c:1621:8 @[ net/socket.c:1602:1 ]
 cause:[32mProcess Stack:[0m
0 SyS_connect 
[32m-------------[0m
Add call<indirect> unix_stream_connect use @ net/socket.c:1621:8 @[ net/socket.c:1602:1 ]
 cause:[32mProcess Stack:[0m
0 SyS_connect 
[32m-------------[0m
Add call<indirect> netlink_connect use @ net/socket.c:1621:8 @[ net/socket.c:1602:1 ]
 cause:[32mProcess Stack:[0m
0 SyS_connect 
[32m-------------[0m
Add call<indirect> unix_dgram_connect use @ net/socket.c:1621:8 @[ net/socket.c:1602:1 ]
 cause:[32mProcess Stack:[0m
0 SyS_connect 
[32m-------------[0m
Add call<indirect> sock_no_connect use @ net/socket.c:1621:8 @[ net/socket.c:1602:1 ]
 cause:[32mProcess Stack:[0m
0 SyS_connect 
[32m-------------[0m
STOP WATCH[1]: 1984.347000 ms
STOP WATCH[0]: 1984.363000 ms
Collected 7 critical functions
Collected 0 critical variables
Collected 2 critical type/fields
[48;5;021m[38;5;255m--- Variables Protected By Gating Function---[0m
[48;5;021m[38;5;255m--- Function Protected By Gating Function---[0m
[32msock_no_connect[0m
    security_socket_connect @ net/socket.c:1617:6 @[ net/socket.c:1602:1 ]
[32minet_dgram_connect[0m
    security_socket_connect @ net/socket.c:1617:6 @[ net/socket.c:1602:1 ]
[32mrxrpc_connect[0m
    security_socket_connect @ net/socket.c:1617:6 @[ net/socket.c:1602:1 ]
[32minet_stream_connect[0m
    security_socket_connect @ net/socket.c:1617:6 @[ net/socket.c:1602:1 ]
[32munix_stream_connect[0m
    security_socket_connect @ net/socket.c:1617:6 @[ net/socket.c:1602:1 ]
[32mnetlink_connect[0m
    security_socket_connect @ net/socket.c:1617:6 @[ net/socket.c:1602:1 ]
[32munix_dgram_connect[0m
    security_socket_connect @ net/socket.c:1617:6 @[ net/socket.c:1602:1 ]
[48;5;039m[38;5;255m--- Interesting Type fields and checks ---[0m
[32mstruct.proto_ops.800304:0,[0m
    security_socket_connect @ net/socket.c:1617:6 @[ net/socket.c:1602:1 ]
[32mstruct.socket.800305:0,[0m
    security_socket_connect @ net/socket.c:1617:6 @[ net/socket.c:1602:1 ]
Run Analysis
Critical functions
[33mInspect Use of Function:unix_dgram_connect[0m
[31mindirect call @ net/ceph/messenger.c:498:8 @[ net/ceph/messenger.c:2551:9 @[ net/ceph/messenger.c:2921:9 ] ]
[31mindirect call @ net/socket.c:1621:8 @[ net/socket.c:1602:1 ]
[31mindirect call @ fs/cifs/connect.c:3243:7
[31mindirect call @ net/socket.c:3311:9
[35mUse:net/socket.c:3311:9[0m
[31m=NO CHECK ON PATH=[0m
[32mCall Stack:[0m
0 kernel_connect net/socket.c:3311:9
1 rpc_localaddr net/sunrpc/clnt.c:1266:8 @[ net/sunrpc/clnt.c:1356:8 ]
2 nfs4_init_client fs/nfs/nfs4client.c:385:11
[32m-------------[0m
[32mGood: 1 [31mBad: 1 [33mIgnored: 63[0m
[33mInspect Use of Function:inet_dgram_connect[0m
[31mindirect call @ net/ceph/messenger.c:498:8 @[ net/ceph/messenger.c:2551:9 @[ net/ceph/messenger.c:2921:9 ] ]
[31mindirect call @ net/socket.c:1621:8 @[ net/socket.c:1602:1 ]
[31mindirect call @ fs/cifs/connect.c:3243:7
[31mindirect call @ net/socket.c:3311:9
[35mUse:net/socket.c:3311:9[0m
[31m=NO CHECK ON PATH=[0m
[32mCall Stack:[0m
0 kernel_connect net/socket.c:3311:9
1 rpc_localaddr net/sunrpc/clnt.c:1266:8 @[ net/sunrpc/clnt.c:1356:8 ]
2 nfs4_init_client fs/nfs/nfs4client.c:385:11
[32m-------------[0m
[32mGood: 1 [31mBad: 1 [33mIgnored: 63[0m
[33mInspect Use of Function:sock_no_connect[0m
[31mindirect call @ net/ceph/messenger.c:498:8 @[ net/ceph/messenger.c:2551:9 @[ net/ceph/messenger.c:2921:9 ] ]
[31mindirect call @ net/socket.c:1621:8 @[ net/socket.c:1602:1 ]
[31mindirect call @ fs/cifs/connect.c:3243:7
[31mindirect call @ net/socket.c:3311:9
[35mUse:net/socket.c:3311:9[0m
[31m=NO CHECK ON PATH=[0m
[32mCall Stack:[0m
0 kernel_connect net/socket.c:3311:9
1 rpc_localaddr net/sunrpc/clnt.c:1266:8 @[ net/sunrpc/clnt.c:1356:8 ]
2 nfs4_init_client fs/nfs/nfs4client.c:385:11
[32m-------------[0m
[32mGood: 1 [31mBad: 1 [33mIgnored: 63[0m
[33mInspect Use of Function:netlink_connect[0m
[31mindirect call @ net/ceph/messenger.c:498:8 @[ net/ceph/messenger.c:2551:9 @[ net/ceph/messenger.c:2921:9 ] ]
[31mindirect call @ net/socket.c:1621:8 @[ net/socket.c:1602:1 ]
[31mindirect call @ fs/cifs/connect.c:3243:7
[31mindirect call @ net/socket.c:3311:9
[35mUse:net/socket.c:3311:9[0m
[31m=NO CHECK ON PATH=[0m
[32mCall Stack:[0m
0 kernel_connect net/socket.c:3311:9
1 rpc_localaddr net/sunrpc/clnt.c:1266:8 @[ net/sunrpc/clnt.c:1356:8 ]
2 nfs4_init_client fs/nfs/nfs4client.c:385:11
[32m-------------[0m
[32mGood: 1 [31mBad: 1 [33mIgnored: 63[0m
[33mInspect Use of Function:rxrpc_connect[0m
[31mindirect call @ net/ceph/messenger.c:498:8 @[ net/ceph/messenger.c:2551:9 @[ net/ceph/messenger.c:2921:9 ] ]
[31mindirect call @ net/socket.c:1621:8 @[ net/socket.c:1602:1 ]
[31mindirect call @ fs/cifs/connect.c:3243:7
[31mindirect call @ net/socket.c:3311:9
[35mUse:net/socket.c:3311:9[0m
[31m=NO CHECK ON PATH=[0m
[32mCall Stack:[0m
0 kernel_connect net/socket.c:3311:9
1 rpc_localaddr net/sunrpc/clnt.c:1266:8 @[ net/sunrpc/clnt.c:1356:8 ]
2 nfs4_init_client fs/nfs/nfs4client.c:385:11
[32m-------------[0m
[32mGood: 1 [31mBad: 1 [33mIgnored: 63[0m
[33mInspect Use of Function:inet_stream_connect[0m
[31mindirect call @ net/ceph/messenger.c:498:8 @[ net/ceph/messenger.c:2551:9 @[ net/ceph/messenger.c:2921:9 ] ]
[31mindirect call @ net/socket.c:1621:8 @[ net/socket.c:1602:1 ]
[31mindirect call @ fs/cifs/connect.c:3243:7
[31mindirect call @ net/socket.c:3311:9
[35mUse:net/socket.c:3311:9[0m
[31m=NO CHECK ON PATH=[0m
[32mCall Stack:[0m
0 kernel_connect net/socket.c:3311:9
1 rpc_localaddr net/sunrpc/clnt.c:1266:8 @[ net/sunrpc/clnt.c:1356:8 ]
2 nfs4_init_client fs/nfs/nfs4client.c:385:11
[32m-------------[0m
[32mGood: 1 [31mBad: 1 [33mIgnored: 63[0m
[33mInspect Use of Function:unix_stream_connect[0m
[31mindirect call @ net/ceph/messenger.c:498:8 @[ net/ceph/messenger.c:2551:9 @[ net/ceph/messenger.c:2921:9 ] ]
[31mindirect call @ net/socket.c:1621:8 @[ net/socket.c:1602:1 ]
[31mindirect call @ fs/cifs/connect.c:3243:7
[31mindirect call @ net/socket.c:3311:9
[35mUse:net/socket.c:3311:9[0m
[31m=NO CHECK ON PATH=[0m
[32mCall Stack:[0m
0 kernel_connect net/socket.c:3311:9
1 rpc_localaddr net/sunrpc/clnt.c:1266:8 @[ net/sunrpc/clnt.c:1356:8 ]
2 nfs4_init_client fs/nfs/nfs4client.c:385:11
[32m-------------[0m
[32mGood: 1 [31mBad: 1 [33mIgnored: 63[0m
STOP WATCH[0]: 2566.922000 ms
[36m--- DONE! ---[0m
------------STATISTICS---------------
    53021 : Functions greeted
    110 : External functions
    0 : Discovered Path
    0 : Matched Path
    7 : Good Path
    7 : Bad Path
    441 : Ignored Path
    0 : Path Unable to Resolve
    0 : Resolved CallSite Using Function Pointer
    7 : Critical Functions
    0 : Critical Variables
    0 : # of times max depth for forward analysis hit
    0 : # of times max depth for backward analysis hit
    0 : Critical Function Pointer Unable to Resolve, Collect Pass
    1 : Critical Function Pointer Resolved, Collect Pass
    63 : Critical Functions used by non CallInst
    189 : Critical Functions used by static assignment
    203 : # of times indirect call site matched with critical functions
    343 : # of times indirect call site failed to match with critical functions
    0 : found capability check inside call using function ptr




===-------------------------------------------------------------------------===
                          ... Statistics Collected ...
===-------------------------------------------------------------------------===

16305946 bitcode-reader - Number of Metadata records loaded
  232630 bitcode-reader - Number of MDStrings loaded

