[36m--- PROCESS FUNCTIONS ---[0m
Pre-processing...
Load skip function list, total:360
Load skip var list, total:22
Load kernel api list, total:1048
Collect all functions and indirect callsites
STOP WATCH[0]: 809.107000 ms
Process Gating Functions
Load LSM hook list, total:1
STOP WATCH[0]: 14.244000 ms
[48;5;021m[38;5;255m=LSM hook functions=[0m
. security_change_sid
=o=
Collect Checkpoints
STOP WATCH[0]: 945.096000 ms
Identify interesting struct
STOP WATCH[0]: 5.943000 ms
Identify Logical Modules
STOP WATCH[0]: 61.146000 ms
STOP WATCH[0]: 6955.219000 ms
Collecting Initialization Closure.
Finding Kernel Entry Point and all __initcall_
[32mFound x86_64_start_kernel[0m
STOP WATCH[1]: 69.538000 ms
Initial Kernel Init Function Count:642
Over Approximate Kernel Init Functions
STOP WATCH[1]: 132.745000 ms
Refine Result
refine pass 0 3413 left
refine pass 1 2221 left
refine pass 2 1865 left
refine pass 3 1773 left
refine pass 4 1736 left
refine pass 5 1731 left
refine pass 6 1729 left
 Refine result : count=1729
STOP WATCH[1]: 45.626000 ms
STOP WATCH[0]: 248.582000 ms
Collect all permission-checked variables and functions
Add call<direct> security_sid_to_context use @ security/selinux/selinuxfs.c:946:11
 cause:[32mProcess Stack:[0m
0 sel_write_relabel 
[32m-------------[0m
STOP WATCH[1]: 1970.762000 ms
STOP WATCH[0]: 1970.777000 ms
Collected 1 critical functions
Collected 0 critical variables
Collected 0 critical type/fields
[48;5;021m[38;5;255m--- Variables Protected By Gating Function---[0m
[48;5;021m[38;5;255m--- Function Protected By Gating Function---[0m
[32msecurity_sid_to_context[0m
    security_change_sid @ security/selinux/selinuxfs.c:942:11
[48;5;039m[38;5;255m--- Interesting Type fields and checks ---[0m
Run Analysis
Critical functions
[33mInspect Use of Function:security_sid_to_context[0m
[35mUse:security/selinux/selinuxfs.c:1527:8[0m
[31m=NO CHECK ON PATH=[0m
[32mCall Stack:[0m
0 sel_read_initcon security/selinux/selinuxfs.c:1527:8
[32m-------------[0m
[32mGood: 1 [31mBad: 1 [33mIgnored: 17[0m
STOP WATCH[0]: 581.616000 ms
[36m--- DONE! ---[0m
------------STATISTICS---------------
    53021 : Functions greeted
    110 : External functions
    0 : Discovered Path
    0 : Matched Path
    1 : Good Path
    1 : Bad Path
    17 : Ignored Path
    0 : Path Unable to Resolve
    0 : Resolved CallSite Using Function Pointer
    1 : Critical Functions
    0 : Critical Variables
    0 : # of times max depth for forward analysis hit
    0 : # of times max depth for backward analysis hit
    0 : Critical Function Pointer Unable to Resolve, Collect Pass
    0 : Critical Function Pointer Resolved, Collect Pass
    2 : Critical Functions used by non CallInst
    16 : Critical Functions used by static assignment
    0 : # of times indirect call site matched with critical functions
    36 : # of times indirect call site failed to match with critical functions
    0 : found capability check inside call using function ptr




===-------------------------------------------------------------------------===
                          ... Statistics Collected ...
===-------------------------------------------------------------------------===

16305946 bitcode-reader - Number of Metadata records loaded
  232630 bitcode-reader - Number of MDStrings loaded

