[36m--- PROCESS FUNCTIONS ---[0m
Pre-processing...
Load skip function list, total:360
Load skip var list, total:22
Load kernel api list, total:1048
Collect all functions and indirect callsites
STOP WATCH[0]: 806.703000 ms
Process Gating Functions
Load LSM hook list, total:1
STOP WATCH[0]: 14.311000 ms
[48;5;021m[38;5;255m=LSM hook functions=[0m
. security_ipc_permission
=o=
Collect Checkpoints
STOP WATCH[0]: 943.842000 ms
Identify interesting struct
STOP WATCH[0]: 5.929000 ms
Identify Logical Modules
STOP WATCH[0]: 60.935000 ms
STOP WATCH[0]: 6777.282000 ms
Collecting Initialization Closure.
Finding Kernel Entry Point and all __initcall_
[32mFound x86_64_start_kernel[0m
STOP WATCH[1]: 69.356000 ms
Initial Kernel Init Function Count:642
Over Approximate Kernel Init Functions
STOP WATCH[1]: 132.630000 ms
Refine Result
refine pass 0 3413 left
refine pass 1 2221 left
refine pass 2 1865 left
refine pass 3 1773 left
refine pass 4 1736 left
refine pass 5 1731 left
refine pass 6 1729 left
 Refine result : count=1729
STOP WATCH[1]: 46.202000 ms
STOP WATCH[0]: 248.844000 ms
Collect all permission-checked variables and functions
Resolve indirect call @ ipc/util.c:341:9 @[ ipc/util.c:396:11 @[ ipc/util.c:651:10 ] ]
[32m[FOUND 3 MATCH][0m
Add call<indirect> sem_security use @ ipc/util.c:341:9 @[ ipc/util.c:396:11 @[ ipc/util.c:651:10 ] ]
 cause:[32mProcess Stack:[0m
0 ipcperms ipc/util.c:486:36
1 ipcget ipc/util.c:338:6 @[ ipc/util.c:396:11 @[ ipc/util.c:651:10 ] ]
[32m-------------[0m
Add call<indirect> msg_security use @ ipc/util.c:341:9 @[ ipc/util.c:396:11 @[ ipc/util.c:651:10 ] ]
 cause:[32mProcess Stack:[0m
0 ipcperms ipc/util.c:486:36
1 ipcget ipc/util.c:338:6 @[ ipc/util.c:396:11 @[ ipc/util.c:651:10 ] ]
[32m-------------[0m
Add call<indirect> shm_security use @ ipc/util.c:341:9 @[ ipc/util.c:396:11 @[ ipc/util.c:651:10 ] ]
 cause:[32mProcess Stack:[0m
0 ipcperms ipc/util.c:486:36
1 ipcget ipc/util.c:338:6 @[ ipc/util.c:396:11 @[ ipc/util.c:651:10 ] ]
[32m-------------[0m
STOP WATCH[1]: 1960.811000 ms
STOP WATCH[0]: 1960.826000 ms
Collected 3 critical functions
Collected 0 critical variables
Collected 1 critical type/fields
[48;5;021m[38;5;255m--- Variables Protected By Gating Function---[0m
[48;5;021m[38;5;255m--- Function Protected By Gating Function---[0m
[32mshm_security[0m
    security_ipc_permission @ ipc/util.c:504:9
[32msem_security[0m
    security_ipc_permission @ ipc/util.c:504:9
[32mmsg_security[0m
    security_ipc_permission @ ipc/util.c:504:9
[48;5;039m[38;5;255m--- Interesting Type fields and checks ---[0m
[32mstruct.ipc_ops:0,[0m
    security_ipc_permission @ ipc/util.c:504:9
Run Analysis
Critical functions
[33mInspect Use of Function:msg_security[0m
[35mUse:ipc/msg.c:280:9 @[ ipc/msg.c:266:1 ][0m
[31m=NO CHECK ON PATH=[0m
[32mCall Stack:[0m
0 SyS_msgget ipc/msg.c:280:9 @[ ipc/msg.c:266:1 ]
[32m-------------[0m
[31mindirect call @ ipc/util.c:341:9 @[ ipc/util.c:396:11 @[ ipc/util.c:651:10 ] ]
[32mGood: 1 [31mBad: 1 [33mIgnored: 0[0m
[33mInspect Use of Function:shm_security[0m
[35mUse:ipc/shm.c:675:9 @[ ipc/shm.c:659:1 ][0m
[31m=NO CHECK ON PATH=[0m
[32mCall Stack:[0m
0 SyS_shmget ipc/shm.c:675:9 @[ ipc/shm.c:659:1 ]
[32m-------------[0m
[31mindirect call @ ipc/util.c:341:9 @[ ipc/util.c:396:11 @[ ipc/util.c:651:10 ] ]
[32mGood: 1 [31mBad: 1 [33mIgnored: 0[0m
[33mInspect Use of Function:sem_security[0m
[35mUse:ipc/sem.c:578:9 @[ ipc/sem.c:559:1 ][0m
[31m=NO CHECK ON PATH=[0m
[32mCall Stack:[0m
0 SyS_semget ipc/sem.c:578:9 @[ ipc/sem.c:559:1 ]
[32m-------------[0m
[31mindirect call @ ipc/util.c:341:9 @[ ipc/util.c:396:11 @[ ipc/util.c:651:10 ] ]
[32mGood: 1 [31mBad: 1 [33mIgnored: 0[0m
STOP WATCH[0]: 98.219000 ms
[36m--- DONE! ---[0m
------------STATISTICS---------------
    53021 : Functions greeted
    110 : External functions
    0 : Discovered Path
    0 : Matched Path
    3 : Good Path
    3 : Bad Path
    0 : Ignored Path
    0 : Path Unable to Resolve
    0 : Resolved CallSite Using Function Pointer
    3 : Critical Functions
    0 : Critical Variables
    0 : # of times max depth for forward analysis hit
    0 : # of times max depth for backward analysis hit
    0 : Critical Function Pointer Unable to Resolve, Collect Pass
    1 : Critical Function Pointer Resolved, Collect Pass
    0 : Critical Functions used by non CallInst
    0 : Critical Functions used by static assignment
    0 : # of times indirect call site matched with critical functions
    0 : # of times indirect call site failed to match with critical functions
    0 : found capability check inside call using function ptr




===-------------------------------------------------------------------------===
                          ... Statistics Collected ...
===-------------------------------------------------------------------------===

16305946 bitcode-reader - Number of Metadata records loaded
  232630 bitcode-reader - Number of MDStrings loaded

