[36m--- PROCESS FUNCTIONS ---[0m
Pre-processing...
Load skip function list, total:360
Load skip var list, total:22
Load kernel api list, total:1048
Collect all functions and indirect callsites
STOP WATCH[0]: 881.549000 ms
Process Gating Functions
Load LSM hook list, total:1
STOP WATCH[0]: 19.309000 ms
[48;5;021m[38;5;255m=LSM hook functions=[0m
. security_inode_getsecid
=o=
Collect Checkpoints
STOP WATCH[0]: 1037.242000 ms
Identify interesting struct
STOP WATCH[0]: 5.937000 ms
Identify Logical Modules
STOP WATCH[0]: 61.133000 ms
STOP WATCH[0]: 7193.058000 ms
Collecting Initialization Closure.
Finding Kernel Entry Point and all __initcall_
[32mFound x86_64_start_kernel[0m
STOP WATCH[1]: 69.639000 ms
Initial Kernel Init Function Count:642
Over Approximate Kernel Init Functions
STOP WATCH[1]: 132.511000 ms
Refine Result
refine pass 0 3413 left
refine pass 1 2221 left
refine pass 2 1865 left
refine pass 3 1773 left
refine pass 4 1736 left
refine pass 5 1731 left
refine pass 6 1729 left
 Refine result : count=1729
STOP WATCH[1]: 46.231000 ms
STOP WATCH[0]: 249.019000 ms
Collect all permission-checked variables and functions
Add call<direct> get_vfs_caps_from_disk use @ kernel/audit.c:2035:7 @[ kernel/audit.c:2059:2 ]
 cause:[32mProcess Stack:[0m
0 audit_copy_inode 
[32m-------------[0m
Add call<direct> get_vfs_caps_from_disk use @ kernel/audit.c:2035:7 @[ kernel/audit.c:2059:2 @[ kernel/audit.c:2280:2 ] ]
 cause:[32mProcess Stack:[0m
0 audit_log_link_denied 
[32m-------------[0m
Add call<direct> audit_log_name use @ kernel/audit.c:2281:2
 cause:[32mProcess Stack:[0m
0 audit_log_link_denied 
[32m-------------[0m
STOP WATCH[1]: 2015.842000 ms
STOP WATCH[0]: 2015.856000 ms
Collected 2 critical functions
Collected 0 critical variables
Collected 1 critical type/fields
[48;5;021m[38;5;255m--- Variables Protected By Gating Function---[0m
[48;5;021m[38;5;255m--- Function Protected By Gating Function---[0m
[32maudit_log_name[0m
    security_inode_getsecid @ kernel/audit.c:2058:2 @[ kernel/audit.c:2280:2 ]
[32mget_vfs_caps_from_disk[0m
    security_inode_getsecid @ kernel/audit.c:2058:2 @[ kernel/audit.c:2280:2 ]
    security_inode_getsecid @ kernel/audit.c:2058:2
[48;5;039m[38;5;255m--- Interesting Type fields and checks ---[0m
[32mstruct.task_struct.74324:0,[0m
    security_inode_getsecid @ kernel/audit.c:2058:2 @[ kernel/audit.c:2280:2 ]
Run Analysis
Critical functions
[33mInspect Use of Function:audit_log_name[0m
[33mInspect Use of Function:get_vfs_caps_from_disk[0m
STOP WATCH[0]: 476.670000 ms
[36m--- DONE! ---[0m
------------STATISTICS---------------
    53021 : Functions greeted
    110 : External functions
    0 : Discovered Path
    0 : Matched Path
    3 : Good Path
    0 : Bad Path
    6 : Ignored Path
    0 : Path Unable to Resolve
    0 : Resolved CallSite Using Function Pointer
    2 : Critical Functions
    0 : Critical Variables
    0 : # of times max depth for forward analysis hit
    0 : # of times max depth for backward analysis hit
    0 : Critical Function Pointer Unable to Resolve, Collect Pass
    0 : Critical Function Pointer Resolved, Collect Pass
    0 : Critical Functions used by non CallInst
    4 : Critical Functions used by static assignment
    2 : # of times indirect call site matched with critical functions
    16 : # of times indirect call site failed to match with critical functions
    0 : found capability check inside call using function ptr




===-------------------------------------------------------------------------===
                          ... Statistics Collected ...
===-------------------------------------------------------------------------===

16305946 bitcode-reader - Number of Metadata records loaded
  232630 bitcode-reader - Number of MDStrings loaded

