[36m--- PROCESS FUNCTIONS ---[0m
Pre-processing...
Load skip function list, total:360
Load skip var list, total:22
Load kernel api list, total:1048
Collect all functions and indirect callsites
STOP WATCH[0]: 811.444000 ms
Process Gating Functions
Load LSM hook list, total:1
STOP WATCH[0]: 14.398000 ms
[48;5;021m[38;5;255m=LSM hook functions=[0m
. security_task_prctl
=o=
Collect Checkpoints
STOP WATCH[0]: 943.549000 ms
Identify interesting struct
STOP WATCH[0]: 5.879000 ms
Identify Logical Modules
STOP WATCH[0]: 60.803000 ms
STOP WATCH[0]: 6785.266000 ms
Collecting Initialization Closure.
Finding Kernel Entry Point and all __initcall_
[32mFound x86_64_start_kernel[0m
STOP WATCH[1]: 70.721000 ms
Initial Kernel Init Function Count:642
Over Approximate Kernel Init Functions
STOP WATCH[1]: 132.985000 ms
Refine Result
refine pass 0 3413 left
refine pass 1 2221 left
refine pass 2 1865 left
refine pass 3 1773 left
refine pass 4 1736 left
refine pass 5 1731 left
refine pass 6 1729 left
 Refine result : count=1729
STOP WATCH[1]: 46.257000 ms
STOP WATCH[0]: 250.633000 ms
Collect all permission-checked variables and functions
Add call<direct> set_dumpable use @ kernel/sys.c:2224:3 @[ kernel/sys.c:2193:1 ]
 cause:[32mProcess Stack:[0m
0 SyS_prctl 
[32m-------------[0m
Add call<direct> __set_task_comm use @ ./include/linux/sched.h:1492:2 @[ kernel/sys.c:2257:3 @[ kernel/sys.c:2193:1 ] ]
 cause:[32mProcess Stack:[0m
0 SyS_prctl 
[32m-------------[0m
Add call<direct> proc_comm_connector use @ kernel/sys.c:2258:3 @[ kernel/sys.c:2193:1 ]
 cause:[32mProcess Stack:[0m
0 SyS_prctl 
[32m-------------[0m
Add call<direct> __get_task_comm use @ kernel/sys.c:2261:3 @[ kernel/sys.c:2193:1 ]
 cause:[32mProcess Stack:[0m
0 SyS_prctl 
[32m-------------[0m
Add call<direct> prctl_get_seccomp use @ kernel/sys.c:2272:11 @[ kernel/sys.c:2193:1 ]
 cause:[32mProcess Stack:[0m
0 SyS_prctl 
[32m-------------[0m
Add call<direct> prctl_set_seccomp use @ kernel/sys.c:2275:11 @[ kernel/sys.c:2193:1 ]
 cause:[32mProcess Stack:[0m
0 SyS_prctl 
[32m-------------[0m
Add call<direct> get_tsc_mode use @ kernel/sys.c:2278:11 @[ kernel/sys.c:2193:1 ]
 cause:[32mProcess Stack:[0m
0 SyS_prctl 
[32m-------------[0m
Add call<direct> set_tsc_mode use @ kernel/sys.c:2281:11 @[ kernel/sys.c:2193:1 ]
 cause:[32mProcess Stack:[0m
0 SyS_prctl 
[32m-------------[0m
Add call<direct> perf_event_task_disable use @ kernel/sys.c:2284:11 @[ kernel/sys.c:2193:1 ]
 cause:[32mProcess Stack:[0m
0 SyS_prctl 
[32m-------------[0m
Add call<direct> perf_event_task_enable use @ kernel/sys.c:2287:11 @[ kernel/sys.c:2193:1 ]
 cause:[32mProcess Stack:[0m
0 SyS_prctl 
[32m-------------[0m
Add call<direct> get_mm_exe_file use @ kernel/sys.c:1795:13 @[ kernel/sys.c:2056:10 @[ kernel/sys.c:2337:11 @[ kernel/sys.c:2193:1 ] ] ]
 cause:[32mProcess Stack:[0m
0 SyS_prctl 
[32m-------------[0m
Add call<direct> walk_process_tree use @ kernel/sys.c:2347:3 @[ kernel/sys.c:2193:1 ]
 cause:[32mProcess Stack:[0m
0 SyS_prctl 
[32m-------------[0m
Add call<direct> down_write_killable use @ kernel/sys.c:2371:7 @[ kernel/sys.c:2193:1 ]
 cause:[32mProcess Stack:[0m
0 SyS_prctl 
[32m-------------[0m
STOP WATCH[1]: 1954.115000 ms
STOP WATCH[0]: 1954.128000 ms
Collected 13 critical functions
Collected 1 critical variables
Collected 2 critical type/fields
[48;5;021m[38;5;255m--- Variables Protected By Gating Function---[0m
[32mmmap_min_addr[0m
    security_task_prctl @ kernel/sys.c:2200:10 @[ kernel/sys.c:2193:1 ]
[48;5;021m[38;5;255m--- Function Protected By Gating Function---[0m
[32mperf_event_task_enable[0m
    security_task_prctl @ kernel/sys.c:2200:10 @[ kernel/sys.c:2193:1 ]
[32mset_tsc_mode[0m
    security_task_prctl @ kernel/sys.c:2200:10 @[ kernel/sys.c:2193:1 ]
[32mget_tsc_mode[0m
    security_task_prctl @ kernel/sys.c:2200:10 @[ kernel/sys.c:2193:1 ]
[32mdown_write_killable[0m
    security_task_prctl @ kernel/sys.c:2200:10 @[ kernel/sys.c:2193:1 ]
[32m__set_task_comm[0m
    security_task_prctl @ kernel/sys.c:2200:10 @[ kernel/sys.c:2193:1 ]
[32mget_mm_exe_file[0m
    security_task_prctl @ kernel/sys.c:2200:10 @[ kernel/sys.c:2193:1 ]
[32m__get_task_comm[0m
    security_task_prctl @ kernel/sys.c:2200:10 @[ kernel/sys.c:2193:1 ]
[32mset_dumpable[0m
    security_task_prctl @ kernel/sys.c:2200:10 @[ kernel/sys.c:2193:1 ]
[32mproc_comm_connector[0m
    security_task_prctl @ kernel/sys.c:2200:10 @[ kernel/sys.c:2193:1 ]
[32mwalk_process_tree[0m
    security_task_prctl @ kernel/sys.c:2200:10 @[ kernel/sys.c:2193:1 ]
[32mperf_event_task_disable[0m
    security_task_prctl @ kernel/sys.c:2200:10 @[ kernel/sys.c:2193:1 ]
[32mprctl_get_seccomp[0m
    security_task_prctl @ kernel/sys.c:2200:10 @[ kernel/sys.c:2193:1 ]
[32mprctl_set_seccomp[0m
    security_task_prctl @ kernel/sys.c:2200:10 @[ kernel/sys.c:2193:1 ]
[48;5;039m[38;5;255m--- Interesting Type fields and checks ---[0m
[32mstruct.vm_area_struct.42917:0,[0m
    security_task_prctl @ kernel/sys.c:2200:10 @[ kernel/sys.c:2193:1 ]
[32mstruct.task_struct.43063:0,[0m
    security_task_prctl @ kernel/sys.c:2200:10 @[ kernel/sys.c:2193:1 ]
Run Analysis
Critical functions
[33mInspect Use of Function:prctl_set_seccomp[0m
[33mInspect Use of Function:prctl_get_seccomp[0m
[33mInspect Use of Function:perf_event_task_disable[0m
[33mInspect Use of Function:walk_process_tree[0m
[33mInspect Use of Function:proc_comm_connector[0m
[33mInspect Use of Function:set_dumpable[0m
[35mUse:kernel/cred.c:449:4[0m
[31m=NO CHECK ON PATH=[0m
[32mCall Stack:[0m
0 commit_creds kernel/cred.c:449:4
1 install_exec_creds fs/exec.c:1436:2
2 load_elf_binary.14742 fs/binfmt_elf.c:878:2
[32m-------------[0m
[35mUse:kernel/cred.c:449:4[0m
[31m=NO CHECK ON PATH=[0m
[32mCall Stack:[0m
0 commit_creds kernel/cred.c:449:4
1 install_exec_creds fs/exec.c:1436:2
2 load_elf_binary fs/binfmt_elf.c:878:2
[32m-------------[0m
[35mUse:kernel/cred.c:449:4[0m
[31m=NO CHECK ON PATH=[0m
[32mCall Stack:[0m
0 commit_creds kernel/cred.c:449:4
1 SyS_setgroups kernel/groups.c:148:9 @[ kernel/groups.c:210:11 @[ kernel/groups.c:190:1 ] ]
[32m-------------[0m
[35mUse:kernel/cred.c:449:4[0m
[31m=NO CHECK ON PATH=[0m
[32mCall Stack:[0m
0 commit_creds kernel/cred.c:449:4
1 SyS_capset kernel/capability.c:278:9 @[ kernel/capability.c:224:1 ]
[32m-------------[0m
[35mUse:kernel/cred.c:449:4[0m
[31m=NO CHECK ON PATH=[0m
[32mCall Stack:[0m
0 commit_creds kernel/cred.c:449:4
1 join_session_keyring security/keys/process_keys.c:823:2
2 lookup_user_key security/keys/process_keys.c:606:10
3 SyS_add_key security/keys/keyctl.c:114:16 @[ security/keys/keyctl.c:62:1 ]
[32m-------------[0m
[35mUse:kernel/cred.c:449:4[0m
[31m=NO CHECK ON PATH=[0m
[32mCall Stack:[0m
0 commit_creds kernel/cred.c:449:4
1 join_session_keyring security/keys/process_keys.c:823:2
2 lookup_user_key security/keys/process_keys.c:606:10
3 SyS_request_key security/keys/keyctl.c:197:14 @[ security/keys/keyctl.c:158:1 ]
[32m-------------[0m
[35mUse:kernel/cred.c:449:4[0m
[31m=NO CHECK ON PATH=[0m
[32mCall Stack:[0m
0 commit_creds kernel/cred.c:449:4
1 join_session_keyring security/keys/process_keys.c:823:2
2 lookup_user_key security/keys/process_keys.c:606:10
3 keyctl_get_keyring_ID security/keys/keyctl.c:256:12
4 compat_SyS_keyctl security/keys/compat.c:64:10 @[ security/keys/compat.c:59:1 ]
[32m-------------[0m
[35mUse:kernel/cred.c:449:4[0m
[31m=NO CHECK ON PATH=[0m
[32mCall Stack:[0m
0 commit_creds kernel/cred.c:449:4
1 join_session_keyring security/keys/process_keys.c:823:2
2 lookup_user_key security/keys/process_keys.c:606:10
3 keyctl_update_key security/keys/keyctl.c:342:12
4 SyS_keyctl security/keys/keyctl.c:1649:10 @[ security/keys/keyctl.c:1637:1 ]
[32m-------------[0m
[35mUse:kernel/cred.c:449:4[0m
[31m=NO CHECK ON PATH=[0m
[32mCall Stack:[0m
0 commit_creds kernel/cred.c:449:4
1 SyS_setuid kernel/sys.c:582:9 @[ kernel/sys.c:547:1 ]
[32m-------------[0m
[35mUse:kernel/cred.c:449:4[0m
[31m=NO CHECK ON PATH=[0m
[32mCall Stack:[0m
0 commit_creds kernel/cred.c:449:4
1 SyS_setreuid kernel/sys.c:529:9 @[ kernel/sys.c:476:1 ]
[32m-------------[0m
[35mUse:kernel/cred.c:449:4[0m
[31m=NO CHECK ON PATH=[0m
[32mCall Stack:[0m
0 commit_creds kernel/cred.c:449:4
1 SyS_setresuid kernel/sys.c:652:9 @[ kernel/sys.c:594:1 ]
[32m-------------[0m
[35mUse:kernel/cred.c:449:4[0m
[31m=NO CHECK ON PATH=[0m
[32mCall Stack:[0m
0 commit_creds kernel/cred.c:449:4
1 SyS_setresgid kernel/sys.c:726:9 @[ kernel/sys.c:681:1 ]
[32m-------------[0m
[35mUse:kernel/cred.c:449:4[0m
[31m=NO CHECK ON PATH=[0m
[32mCall Stack:[0m
0 commit_creds kernel/cred.c:449:4
1 SyS_setregid kernel/sys.c:388:9 @[ kernel/sys.c:343:1 ]
[32m-------------[0m
[35mUse:kernel/cred.c:449:4[0m
[31m=NO CHECK ON PATH=[0m
[32mCall Stack:[0m
0 commit_creds kernel/cred.c:449:4
1 SyS_setfsuid kernel/sys.c:792:2 @[ kernel/sys.c:760:1 ]
[32m-------------[0m
[35mUse:kernel/cred.c:449:4[0m
[31m=NO CHECK ON PATH=[0m
[32mCall Stack:[0m
0 commit_creds kernel/cred.c:449:4
1 SyS_setfsgid kernel/sys.c:830:2 @[ kernel/sys.c:799:1 ]
[32m-------------[0m
[35mUse:kernel/cred.c:449:4[0m
[31m=NO CHECK ON PATH=[0m
[32mCall Stack:[0m
0 commit_creds kernel/cred.c:449:4
1 SyS_setgid kernel/sys.c:425:9 @[ kernel/sys.c:400:1 ]
[32m-------------[0m
[32mGood: 1 [31mBad: 63 [33mIgnored: 44[0m
[33mInspect Use of Function:set_tsc_mode[0m
[33mInspect Use of Function:perf_event_task_enable[0m
[33mInspect Use of Function:get_tsc_mode[0m
[33mInspect Use of Function:down_write_killable[0m
[35mUse:ipc/shm.c:1390:6[0m
[31m=NO CHECK ON PATH=[0m
[32mCall Stack:[0m
0 do_shmat ipc/shm.c:1390:6
1 compat_SyS_ipc ipc/syscall.c:171:9 @[ ipc/syscall.c:115:1 ]
[32m-------------[0m
[35mUse:ipc/shm.c:1390:6[0m
[31m=NO CHECK ON PATH=[0m
[32mCall Stack:[0m
0 do_shmat ipc/shm.c:1390:6
1 compat_SyS_shmat ipc/shm.c:1457:8 @[ ipc/shm.c:1452:1 ]
[32m-------------[0m
[35mUse:ipc/shm.c:1390:6[0m
[31m=NO CHECK ON PATH=[0m
[32mCall Stack:[0m
0 do_shmat ipc/shm.c:1390:6
1 SyS_shmat ipc/shm.c:1439:8 @[ ipc/shm.c:1434:1 ]
[32m-------------[0m
[35mUse:ipc/shm.c:1484:6 @[ ipc/shm.c:1469:1 ][0m
[31m=NO CHECK ON PATH=[0m
[32mCall Stack:[0m
0 SyS_shmdt ipc/shm.c:1484:6 @[ ipc/shm.c:1469:1 ]
[32m-------------[0m
[35mUse:fs/btrfs/ioctl.c:2353:8[0m
[31m=NO CHECK ON PATH=[0m
[32mCall Stack:[0m
0 btrfs_ioctl_snap_destroy fs/btrfs/ioctl.c:2353:8
1 btrfs_ioctl fs/btrfs/ioctl.c:5561:10
2 btrfs_compat_ioctl fs/btrfs/ioctl.c:5699:9
[32m-------------[0m
[35mUse:fs/btrfs/ioctl.c:2353:8[0m
[31m=NO CHECK ON PATH=[0m
[32mCall Stack:[0m
0 btrfs_ioctl_snap_destroy fs/btrfs/ioctl.c:2353:8
1 btrfs_ioctl fs/btrfs/ioctl.c:5561:10
2 btrfs_compat_ioctl fs/btrfs/ioctl.c:5699:9
[32m-------------[0m
[35mUse:fs/btrfs/ioctl.c:2353:8[0m
[31m=NO CHECK ON PATH=[0m
[32mCall Stack:[0m
0 btrfs_ioctl_snap_destroy fs/btrfs/ioctl.c:2353:8
1 btrfs_ioctl fs/btrfs/ioctl.c:5561:10
[32m-------------[0m
[35mUse:fs/btrfs/ioctl.c:2353:8[0m
[31m=NO CHECK ON PATH=[0m
[32mCall Stack:[0m
0 btrfs_ioctl_snap_destroy fs/btrfs/ioctl.c:2353:8
1 btrfs_ioctl fs/btrfs/ioctl.c:5561:10
[32m-------------[0m
[35mUse:fs/btrfs/ioctl.c:814:10[0m
[31m=NO CHECK ON PATH=[0m
[32mCall Stack:[0m
0 btrfs_mksubvol fs/btrfs/ioctl.c:814:10
1 btrfs_ioctl_snap_create_transid fs/btrfs/ioctl.c:1637:10
2 btrfs_ioctl_snap_create fs/btrfs/ioctl.c:1663:8
3 btrfs_ioctl fs/btrfs/ioctl.c:5557:10
4 btrfs_compat_ioctl fs/btrfs/ioctl.c:5699:9
[32m-------------[0m
[35mUse:fs/btrfs/ioctl.c:814:10[0m
[31m=NO CHECK ON PATH=[0m
[32mCall Stack:[0m
0 btrfs_mksubvol fs/btrfs/ioctl.c:814:10
1 btrfs_ioctl_snap_create_transid fs/btrfs/ioctl.c:1637:10
2 btrfs_ioctl_snap_create fs/btrfs/ioctl.c:1663:8
3 btrfs_ioctl fs/btrfs/ioctl.c:5557:10
4 btrfs_compat_ioctl fs/btrfs/ioctl.c:5699:9
[32m-------------[0m
[35mUse:fs/btrfs/ioctl.c:814:10[0m
[31m=NO CHECK ON PATH=[0m
[32mCall Stack:[0m
0 btrfs_mksubvol fs/btrfs/ioctl.c:814:10
1 btrfs_ioctl_snap_create_transid fs/btrfs/ioctl.c:1637:10
2 btrfs_ioctl_snap_create fs/btrfs/ioctl.c:1663:8
3 btrfs_ioctl fs/btrfs/ioctl.c:5557:10
[32m-------------[0m
[35mUse:fs/btrfs/ioctl.c:814:10[0m
[31m=NO CHECK ON PATH=[0m
[32mCall Stack:[0m
0 btrfs_mksubvol fs/btrfs/ioctl.c:814:10
1 btrfs_ioctl_snap_create_transid fs/btrfs/ioctl.c:1637:10
2 btrfs_ioctl_snap_create fs/btrfs/ioctl.c:1663:8
3 btrfs_ioctl fs/btrfs/ioctl.c:5557:10
[32m-------------[0m
[35mUse:fs/overlayfs/readdir.c:275:8 @[ fs/overlayfs/readdir.c:314:9 ][0m
[31m=NO CHECK ON PATH=[0m
[32mCall Stack:[0m
0 ovl_dir_read fs/overlayfs/readdir.c:275:8 @[ fs/overlayfs/readdir.c:314:9 ]
1 ovl_dir_read_merged fs/overlayfs/readdir.c:383:10
2 ovl_check_empty_dir fs/overlayfs/readdir.c:862:8
3 ovl_check_empty_and_clear fs/overlayfs/dir.c:310:8
4 ovl_do_remove fs/overlayfs/dir.c:642:15 @[ fs/overlayfs/dir.c:771:9 ]
5 ovl_unlink fs/overlayfs/dir.c:788:9
[32m-------------[0m
[35mUse:fs/overlayfs/readdir.c:275:8 @[ fs/overlayfs/readdir.c:314:9 ][0m
[31m=NO CHECK ON PATH=[0m
[32mCall Stack:[0m
0 ovl_dir_read fs/overlayfs/readdir.c:275:8 @[ fs/overlayfs/readdir.c:314:9 ]
1 ovl_dir_read_merged fs/overlayfs/readdir.c:383:10
2 ovl_check_empty_dir fs/overlayfs/readdir.c:862:8
3 ovl_check_empty_and_clear fs/overlayfs/dir.c:310:8
4 ovl_do_remove fs/overlayfs/dir.c:642:15 @[ fs/overlayfs/dir.c:771:9 ]
5 ovl_rmdir fs/overlayfs/dir.c:793:9
[32m-------------[0m
[35mUse:fs/overlayfs/readdir.c:275:8 @[ fs/overlayfs/readdir.c:314:9 ][0m
[31m=NO CHECK ON PATH=[0m
[32mCall Stack:[0m
0 ovl_dir_read fs/overlayfs/readdir.c:275:8 @[ fs/overlayfs/readdir.c:314:9 ]
1 ovl_dir_read_merged fs/overlayfs/readdir.c:383:10
2 ovl_check_empty_dir fs/overlayfs/readdir.c:862:8
3 ovl_check_empty_and_clear fs/overlayfs/dir.c:310:8
4 ovl_rename fs/overlayfs/dir.c:957:15
[32m-------------[0m
[35mUse:fs/overlayfs/readdir.c:275:8 @[ fs/overlayfs/readdir.c:314:9 ][0m
[31m=NO CHECK ON PATH=[0m
[32mCall Stack:[0m
0 ovl_dir_read fs/overlayfs/readdir.c:275:8 @[ fs/overlayfs/readdir.c:314:9 ]
1 ovl_dir_read_merged fs/overlayfs/readdir.c:383:10
2 ovl_iterate fs/overlayfs/readdir.c:425:8 @[ fs/overlayfs/readdir.c:700:11 ]
[32m-------------[0m
[35mUse:fs/readdir.c:43:9[0m
[31m=NO CHECK ON PATH=[0m
[32mCall Stack:[0m
0 iterate_dir fs/readdir.c:43:9
1 compat_SyS_getdents fs/readdir.c:478:10 @[ fs/readdir.c:459:1 ]
[32m-------------[0m
[35mUse:fs/readdir.c:43:9[0m
[31m=NO CHECK ON PATH=[0m
[32mCall Stack:[0m
0 iterate_dir fs/readdir.c:43:9
1 compat_SyS_old_readdir fs/readdir.c:390:10 @[ fs/readdir.c:377:1 ]
[32m-------------[0m
[35mUse:fs/readdir.c:43:9[0m
[31m=NO CHECK ON PATH=[0m
[32mCall Stack:[0m
0 iterate_dir fs/readdir.c:43:9
1 SyS_getdents64 fs/readdir.c:314:10 @[ fs/readdir.c:295:1 ]
[32m-------------[0m
[35mUse:fs/readdir.c:43:9[0m
[31m=NO CHECK ON PATH=[0m
[32mCall Stack:[0m
0 iterate_dir fs/readdir.c:43:9
1 SyS_getdents fs/readdir.c:231:10 @[ fs/readdir.c:212:1 ]
[32m-------------[0m
[35mUse:fs/readdir.c:43:9[0m
[31m=NO CHECK ON PATH=[0m
[32mCall Stack:[0m
0 iterate_dir fs/readdir.c:43:9
1 SyS_old_readdir fs/readdir.c:137:10 @[ fs/readdir.c:124:1 ]
[32m-------------[0m
[35mUse:fs/readdir.c:43:9[0m
[31m=NO CHECK ON PATH=[0m
[32mCall Stack:[0m
0 iterate_dir fs/readdir.c:43:9
1 ovl_dir_read fs/overlayfs/readdir.c:308:9
2 ovl_dir_read_merged fs/overlayfs/readdir.c:383:10
3 ovl_check_empty_dir fs/overlayfs/readdir.c:862:8
4 ovl_check_empty_and_clear fs/overlayfs/dir.c:310:8
5 ovl_do_remove fs/overlayfs/dir.c:642:15 @[ fs/overlayfs/dir.c:771:9 ]
6 ovl_unlink fs/overlayfs/dir.c:788:9
[32m-------------[0m
[35mUse:fs/readdir.c:43:9[0m
[31m=NO CHECK ON PATH=[0m
[32mCall Stack:[0m
0 iterate_dir fs/readdir.c:43:9
1 ovl_dir_read fs/overlayfs/readdir.c:308:9
2 ovl_dir_read_merged fs/overlayfs/readdir.c:383:10
3 ovl_check_empty_dir fs/overlayfs/readdir.c:862:8
4 ovl_check_empty_and_clear fs/overlayfs/dir.c:310:8
5 ovl_do_remove fs/overlayfs/dir.c:642:15 @[ fs/overlayfs/dir.c:771:9 ]
6 ovl_rmdir fs/overlayfs/dir.c:793:9
[32m-------------[0m
[35mUse:fs/readdir.c:43:9[0m
[31m=NO CHECK ON PATH=[0m
[32mCall Stack:[0m
0 iterate_dir fs/readdir.c:43:9
1 ovl_dir_read fs/overlayfs/readdir.c:308:9
2 ovl_dir_read_merged fs/overlayfs/readdir.c:383:10
3 ovl_check_empty_dir fs/overlayfs/readdir.c:862:8
4 ovl_check_empty_and_clear fs/overlayfs/dir.c:310:8
5 ovl_rename fs/overlayfs/dir.c:957:15
[32m-------------[0m
[35mUse:fs/readdir.c:43:9[0m
[31m=NO CHECK ON PATH=[0m
[32mCall Stack:[0m
0 iterate_dir fs/readdir.c:43:9
1 ovl_dir_read fs/overlayfs/readdir.c:308:9
2 ovl_dir_read_merged fs/overlayfs/readdir.c:383:10
3 ovl_iterate fs/overlayfs/readdir.c:425:8 @[ fs/overlayfs/readdir.c:700:11 ]
[32m-------------[0m
[35mUse:fs/readdir.c:43:9[0m
[31m=NO CHECK ON PATH=[0m
[32mCall Stack:[0m
0 iterate_dir fs/readdir.c:43:9
1 exportfs_get_name fs/exportfs/expfs.c:324:11 @[ fs/exportfs/expfs.c:35:10 ]
2 reconnect_path fs/exportfs/expfs.c:141:8 @[ fs/exportfs/expfs.c:220:13 ]
3 exportfs_decode_fh fs/exportfs/expfs.c:499:9
4 ovl_check_origin fs/overlayfs/namei.c:160:11 @[ fs/overlayfs/namei.c:297:12 ]
5 ovl_lookup fs/overlayfs/namei.c:641:10
[32m-------------[0m
[35mUse:fs/readdir.c:43:9[0m
[31m=NO CHECK ON PATH=[0m
[32mCall Stack:[0m
0 iterate_dir fs/readdir.c:43:9
1 exportfs_get_name fs/exportfs/expfs.c:324:11 @[ fs/exportfs/expfs.c:35:10 ]
2 reconnect_path fs/exportfs/expfs.c:141:8 @[ fs/exportfs/expfs.c:220:13 ]
3 exportfs_decode_fh fs/exportfs/expfs.c:499:9
4 xfs_handlereq_to_dentry fs/xfs/xfs_ioctl.c:184:9 @[ fs/xfs/xfs_ioctl.c:194:9 ]
5 xfs_fssetdm_by_handle fs/xfs/xfs_ioctl.c:362:11
6 xfs_file_ioctl fs/xfs/xfs_ioctl.c:1934:10
[32m-------------[0m
[35mUse:fs/readdir.c:43:9[0m
[31m=NO CHECK ON PATH=[0m
[32mCall Stack:[0m
0 iterate_dir fs/readdir.c:43:9
1 exportfs_get_name fs/exportfs/expfs.c:324:11 @[ fs/exportfs/expfs.c:35:10 ]
2 reconnect_path fs/exportfs/expfs.c:141:8 @[ fs/exportfs/expfs.c:220:13 ]
3 exportfs_decode_fh fs/exportfs/expfs.c:499:9
4 xfs_handlereq_to_dentry fs/xfs/xfs_ioctl.c:184:9 @[ fs/xfs/xfs_ioctl.c:194:9 ]
5 xfs_fssetdm_by_handle fs/xfs/xfs_ioctl.c:362:11
6 xfs_file_ioctl fs/xfs/xfs_ioctl.c:1934:10
7 xfs_file_compat_ioctl fs/xfs/xfs_ioctl32.c:625:10
[32m-------------[0m
[35mUse:fs/readdir.c:43:9[0m
[31m=NO CHECK ON PATH=[0m
[32mCall Stack:[0m
0 iterate_dir fs/readdir.c:43:9
1 exportfs_get_name fs/exportfs/expfs.c:324:11 @[ fs/exportfs/expfs.c:35:10 ]
2 reconnect_path fs/exportfs/expfs.c:141:8 @[ fs/exportfs/expfs.c:220:13 ]
3 exportfs_decode_fh fs/exportfs/expfs.c:499:9
4 do_handle_open fs/fhandle.c:153:17 @[ fs/fhandle.c:208:11 @[ fs/fhandle.c:224:11 ] ]
5 compat_SyS_open_by_handle_at fs/fhandle.c:278:9 @[ fs/fhandle.c:275:1 ]
[32m-------------[0m
[35mUse:fs/readdir.c:43:9[0m
[31m=NO CHECK ON PATH=[0m
[32mCall Stack:[0m
0 iterate_dir fs/readdir.c:43:9
1 exportfs_get_name fs/exportfs/expfs.c:324:11 @[ fs/exportfs/expfs.c:35:10 ]
2 reconnect_path fs/exportfs/expfs.c:141:8 @[ fs/exportfs/expfs.c:220:13 ]
3 exportfs_decode_fh fs/exportfs/expfs.c:499:9
4 do_handle_open fs/fhandle.c:153:17 @[ fs/fhandle.c:208:11 @[ fs/fhandle.c:224:11 ] ]
5 SyS_open_by_handle_at fs/fhandle.c:266:8 @[ fs/fhandle.c:257:1 ]
[32m-------------[0m
[35mUse:mm/madvise.c:827:7 @[ mm/madvise.c:791:1 ][0m
[31m=NO CHECK ON PATH=[0m
[32mCall Stack:[0m
0 SyS_madvise mm/madvise.c:827:7 @[ mm/madvise.c:791:1 ]
[32m-------------[0m
[35mUse:mm/mremap.c:556:6 @[ mm/mremap.c:523:1 ][0m
[31m=NO CHECK ON PATH=[0m
[32mCall Stack:[0m
0 SyS_mremap mm/mremap.c:556:6 @[ mm/mremap.c:523:1 ]
[32m-------------[0m
[35mUse:mm/mprotect.c:420:6[0m
[31m=NO CHECK ON PATH=[0m
[32mCall Stack:[0m
0 do_mprotect_pkey mm/mprotect.c:420:6
1 SyS_pkey_mprotect mm/mprotect.c:525:9 @[ mm/mprotect.c:522:1 ]
[32m-------------[0m
[35mUse:mm/mprotect.c:420:6[0m
[31m=NO CHECK ON PATH=[0m
[32mCall Stack:[0m
0 do_mprotect_pkey mm/mprotect.c:420:6
1 SyS_mprotect mm/mprotect.c:517:9 @[ mm/mprotect.c:514:1 ]
[32m-------------[0m
[35mUse:mm/mmap.c:2742:6[0m
[31m=NO CHECK ON PATH=[0m
[32mCall Stack:[0m
0 vm_munmap mm/mmap.c:2742:6
1 elf_map.14753 fs/binfmt_elf.c:376:4
2 load_elf_binary.14742 fs/binfmt_elf.c:582:15 @[ fs/binfmt_elf.c:1075:15 ]
[32m-------------[0m
[35mUse:mm/mmap.c:2742:6[0m
[31m=NO CHECK ON PATH=[0m
[32mCall Stack:[0m
0 vm_munmap mm/mmap.c:2742:6
1 elf_map fs/binfmt_elf.c:376:4
2 load_elf_binary fs/binfmt_elf.c:582:15 @[ fs/binfmt_elf.c:1075:15 ]
[32m-------------[0m
[35mUse:mm/mmap.c:2742:6[0m
[31m=NO CHECK ON PATH=[0m
[32mCall Stack:[0m
0 vm_munmap mm/mmap.c:2742:6
1 ioctx_alloc fs/aio.c:808:3
2 compat_SyS_io_setup fs/aio.c:1392:10 @[ fs/aio.c:1375:1 ]
[32m-------------[0m
[35mUse:mm/mmap.c:2742:6[0m
[31m=NO CHECK ON PATH=[0m
[32mCall Stack:[0m
0 vm_munmap mm/mmap.c:2742:6
1 ioctx_alloc fs/aio.c:808:3
2 SyS_io_setup fs/aio.c:1361:10 @[ fs/aio.c:1344:1 ]
[32m-------------[0m
[35mUse:mm/mmap.c:2742:6[0m
[31m=NO CHECK ON PATH=[0m
[32mCall Stack:[0m
0 vm_munmap mm/mmap.c:2742:6
1 kill_ioctx fs/aio.c:854:3
2 SyS_io_destroy fs/aio.c:1427:9 @[ fs/aio.c:1413:1 ]
[32m-------------[0m
[35mUse:mm/mmap.c:2971:6[0m
[31m=NO CHECK ON PATH=[0m
[32mCall Stack:[0m
0 vm_brk_flags mm/mmap.c:2971:6
1 load_elf_binary.14742 fs/binfmt_elf.c:649:11 @[ fs/binfmt_elf.c:1075:15 ]
[32m-------------[0m
[35mUse:mm/mmap.c:2971:6[0m
[31m=NO CHECK ON PATH=[0m
[32mCall Stack:[0m
0 vm_brk_flags mm/mmap.c:2971:6
1 load_elf_binary fs/binfmt_elf.c:649:11 @[ fs/binfmt_elf.c:1075:15 ]
[32m-------------[0m
[35mUse:mm/mmap.c:2971:6 @[ mm/mmap.c:2986:9 ][0m
[31m=NO CHECK ON PATH=[0m
[32mCall Stack:[0m
0 vm_brk mm/mmap.c:2971:6 @[ mm/mmap.c:2986:9 ]
1 load_elf_library.14743 fs/binfmt_elf.c:1253:11
[32m-------------[0m
[35mUse:mm/mmap.c:2971:6 @[ mm/mmap.c:2986:9 ][0m
[31m=NO CHECK ON PATH=[0m
[32mCall Stack:[0m
0 vm_brk mm/mmap.c:2971:6 @[ mm/mmap.c:2986:9 ]
1 load_elf_library fs/binfmt_elf.c:1253:11
[32m-------------[0m
[35mUse:mm/mmap.c:2787:6 @[ mm/mmap.c:2762:1 ][0m
[31m=NO CHECK ON PATH=[0m
[32mCall Stack:[0m
0 SyS_remap_file_pages mm/mmap.c:2787:6 @[ mm/mmap.c:2762:1 ]
[32m-------------[0m
[35mUse:mm/mmap.c:192:6 @[ mm/mmap.c:182:1 ][0m
[31m=NO CHECK ON PATH=[0m
[32mCall Stack:[0m
0 SyS_brk mm/mmap.c:192:6 @[ mm/mmap.c:182:1 ]
[32m-------------[0m
[35mUse:mm/mmap.c:2742:6 @[ mm/mmap.c:2755:9 @[ mm/mmap.c:2752:1 ] ][0m
[31m=NO CHECK ON PATH=[0m
[32mCall Stack:[0m
0 SyS_munmap mm/mmap.c:2742:6 @[ mm/mmap.c:2755:9 @[ mm/mmap.c:2752:1 ] ]
[32m-------------[0m
[35mUse:mm/mlock.c:680:6[0m
[31m=NO CHECK ON PATH=[0m
[32mCall Stack:[0m
0 do_mlock mm/mlock.c:680:6
1 SyS_mlock2 mm/mlock.c:724:9 @[ mm/mlock.c:714:1 ]
[32m-------------[0m
[35mUse:mm/mlock.c:680:6[0m
[31m=NO CHECK ON PATH=[0m
[32mCall Stack:[0m
0 do_mlock mm/mlock.c:680:6
1 SyS_mlock mm/mlock.c:711:9 @[ mm/mlock.c:709:1 ]
[32m-------------[0m
[35mUse:mm/mlock.c:734:6 @[ mm/mlock.c:727:1 ][0m
[31m=NO CHECK ON PATH=[0m
[32mCall Stack:[0m
0 SyS_munlock mm/mlock.c:734:6 @[ mm/mlock.c:727:1 ]
[32m-------------[0m
[35mUse:mm/mlock.c:820:6[0m
[31m=NO CHECK ON PATH=[0m
[32mCall Stack:[0m
0 sys_munlockall mm/mlock.c:820:6
[32m-------------[0m
[35mUse:mm/mlock.c:802:6 @[ mm/mlock.c:788:1 ][0m
[31m=NO CHECK ON PATH=[0m
[32mCall Stack:[0m
0 SyS_mlockall mm/mlock.c:802:6 @[ mm/mlock.c:788:1 ]
[32m-------------[0m
[35mUse:fs/exec.c:297:6 @[ fs/exec.c:414:8 @[ fs/exec.c:1771:11 ] ][0m
[31m=NO CHECK ON PATH=[0m
[32mCall Stack:[0m
0 do_execveat_common fs/exec.c:297:6 @[ fs/exec.c:414:8 @[ fs/exec.c:1771:11 ] ]
1 compat_SyS_execveat fs/exec.c:1890:9 @[ fs/exec.c:1960:9 @[ fs/exec.c:1952:1 ] ]
[32m-------------[0m
[35mUse:fs/exec.c:297:6 @[ fs/exec.c:414:8 @[ fs/exec.c:1771:11 ] ][0m
[31m=NO CHECK ON PATH=[0m
[32mCall Stack:[0m
0 do_execveat_common fs/exec.c:297:6 @[ fs/exec.c:414:8 @[ fs/exec.c:1771:11 ] ]
1 compat_SyS_execve fs/exec.c:1874:9 @[ fs/exec.c:1949:9 @[ fs/exec.c:1945:1 ] ]
[32m-------------[0m
[35mUse:fs/exec.c:297:6 @[ fs/exec.c:414:8 @[ fs/exec.c:1771:11 ] ][0m
[31m=NO CHECK ON PATH=[0m
[32mCall Stack:[0m
0 do_execveat_common fs/exec.c:297:6 @[ fs/exec.c:414:8 @[ fs/exec.c:1771:11 ] ]
1 SyS_execveat fs/exec.c:1858:9 @[ fs/exec.c:1939:9 @[ fs/exec.c:1931:1 ] ]
[32m-------------[0m
[35mUse:fs/exec.c:297:6 @[ fs/exec.c:414:8 @[ fs/exec.c:1771:11 ] ][0m
[31m=NO CHECK ON PATH=[0m
[32mCall Stack:[0m
0 do_execveat_common fs/exec.c:297:6 @[ fs/exec.c:414:8 @[ fs/exec.c:1771:11 ] ]
1 SyS_execve fs/exec.c:1847:9 @[ fs/exec.c:1928:9 @[ fs/exec.c:1923:1 ] ]
[32m-------------[0m
[35mUse:fs/exec.c:734:6[0m
[31m=NO CHECK ON PATH=[0m
[32mCall Stack:[0m
0 setup_arg_pages fs/exec.c:734:6
1 load_elf_binary.14742 fs/binfmt_elf.c:882:11
[32m-------------[0m
[35mUse:fs/exec.c:734:6[0m
[31m=NO CHECK ON PATH=[0m
[32mCall Stack:[0m
0 setup_arg_pages fs/exec.c:734:6
1 load_elf_binary fs/binfmt_elf.c:882:11
[32m-------------[0m
[35mUse:fs/aio.c:514:6 @[ fs/aio.c:769:8 ][0m
[31m=NO CHECK ON PATH=[0m
[32mCall Stack:[0m
0 ioctx_alloc fs/aio.c:514:6 @[ fs/aio.c:769:8 ]
1 compat_SyS_io_setup fs/aio.c:1392:10 @[ fs/aio.c:1375:1 ]
[32m-------------[0m
[35mUse:fs/aio.c:514:6 @[ fs/aio.c:769:8 ][0m
[31m=NO CHECK ON PATH=[0m
[32mCall Stack:[0m
0 ioctx_alloc fs/aio.c:514:6 @[ fs/aio.c:769:8 ]
1 SyS_io_setup fs/aio.c:1361:10 @[ fs/aio.c:1344:1 ]
[32m-------------[0m
[35mUse:arch/x86/kernel/ldt.c:398:6[0m
[31m=NO CHECK ON PATH=[0m
[32mCall Stack:[0m
0 write_ldt arch/x86/kernel/ldt.c:398:6
1 SyS_modify_ldt arch/x86/kernel/ldt.c:461:9 @[ arch/x86/kernel/ldt.c:445:1 ]
[32m-------------[0m
[35mUse:arch/x86/entry/vdso/vma.c:159:6[0m
[31m=NO CHECK ON PATH=[0m
[32mCall Stack:[0m
0 map_vdso arch/x86/entry/vdso/vma.c:159:6
1 compat_arch_setup_additional_pages arch/x86/entry/vdso/vma.c:290:9 @[ arch/x86/entry/vdso/vma.c:315:9 ]
2 load_elf_binary.14742 fs/binfmt_elf.c:1111:11
[32m-------------[0m
[35mUse:arch/x86/entry/vdso/vma.c:159:6[0m
[31m=NO CHECK ON PATH=[0m
[32mCall Stack:[0m
0 map_vdso arch/x86/entry/vdso/vma.c:159:6
1 arch_setup_additional_pages arch/x86/entry/vdso/vma.c:255:9 @[ arch/x86/entry/vdso/vma.c:300:9 ]
2 load_elf_binary fs/binfmt_elf.c:1111:11
[32m-------------[0m
[35mUse:fs/proc/task_mmu.c:1127:8[0m
[31m=NO CHECK ON PATH=[0m
[32mCall Stack:[0m
0 clear_refs_write fs/proc/task_mmu.c:1127:8
[32m-------------[0m
[35mUse:mm/util.c:331:7[0m
[31m=NO CHECK ON PATH=[0m
[32mCall Stack:[0m
0 vm_mmap_pgoff mm/util.c:331:7
1 vm_mmap mm/util.c:352:9
2 elf_map.14753 fs/binfmt_elf.c:378:14
3 load_elf_binary.14742 fs/binfmt_elf.c:582:15 @[ fs/binfmt_elf.c:1075:15 ]
[32m-------------[0m
[35mUse:mm/util.c:331:7[0m
[31m=NO CHECK ON PATH=[0m
[32mCall Stack:[0m
0 vm_mmap_pgoff mm/util.c:331:7
1 vm_mmap mm/util.c:352:9
2 load_elf_library fs/binfmt_elf.c:1232:10
[32m-------------[0m
[35mUse:mm/util.c:331:7[0m
[31m=NO CHECK ON PATH=[0m
[32mCall Stack:[0m
0 vm_mmap_pgoff mm/util.c:331:7
1 vm_mmap mm/util.c:352:9
2 load_elf_binary fs/binfmt_elf.c:1140:11
[32m-------------[0m
[35mUse:mm/util.c:331:7[0m
[31m=NO CHECK ON PATH=[0m
[32mCall Stack:[0m
0 vm_mmap_pgoff mm/util.c:331:7
1 vm_mmap mm/util.c:352:9
2 load_elf_library.14743 fs/binfmt_elf.c:1232:10
[32m-------------[0m
[35mUse:mm/util.c:331:7[0m
[31m=NO CHECK ON PATH=[0m
[32mCall Stack:[0m
0 vm_mmap_pgoff mm/util.c:331:7
1 SyS_mmap_pgoff mm/mmap.c:1533:11 @[ mm/mmap.c:1491:1 ]
[32m-------------[0m
[32mGood: 1 [31mBad: 73 [33mIgnored: 326[0m
[33mInspect Use of Function:__set_task_comm[0m
[35mUse:./include/linux/sched.h:1492:2 @[ fs/proc/base.c:1548:3 ][0m
[31m=NO CHECK ON PATH=[0m
[32mCall Stack:[0m
0 comm_write ./include/linux/sched.h:1492:2 @[ fs/proc/base.c:1548:3 ]
[32m-------------[0m
[35mUse:fs/exec.c:1366:2[0m
[31m=NO CHECK ON PATH=[0m
[32mCall Stack:[0m
0 setup_new_exec fs/exec.c:1366:2
1 load_elf_binary.14742 fs/binfmt_elf.c:877:2
[32m-------------[0m
[35mUse:fs/exec.c:1366:2[0m
[31m=NO CHECK ON PATH=[0m
[32mCall Stack:[0m
0 setup_new_exec fs/exec.c:1366:2
1 load_elf_binary fs/binfmt_elf.c:877:2
[32m-------------[0m
[32mGood: 1 [31mBad: 3 [33mIgnored: 9[0m
[33mInspect Use of Function:__get_task_comm[0m
[35mUse:drivers/tty/tty_audit.c:77:3[0m
[31m=NO CHECK ON PATH=[0m
[32mCall Stack:[0m
0 tty_audit_log drivers/tty/tty_audit.c:77:3
1 tty_audit_push drivers/tty/tty_audit.c:99:2 @[ drivers/tty/tty_audit.c:164:3 ]
2 tty_audit_tiocsti drivers/tty/tty_audit.c:142:6
3 tty_ioctl drivers/tty/tty_io.c:2150:2 @[ drivers/tty/tty_io.c:2540:10 ]
[32m-------------[0m
[35mUse:drivers/tty/tty_audit.c:77:3[0m
[31m=NO CHECK ON PATH=[0m
[32mCall Stack:[0m
0 tty_audit_log drivers/tty/tty_audit.c:77:3
1 tty_audit_push drivers/tty/tty_audit.c:99:2 @[ drivers/tty/tty_audit.c:164:3 ]
2 tty_audit_tiocsti drivers/tty/tty_audit.c:142:6
3 tty_ioctl drivers/tty/tty_io.c:2150:2 @[ drivers/tty/tty_io.c:2540:10 ]
[32m-------------[0m
[35mUse:drivers/tty/tty_io.c:2483:3 @[ drivers/tty/tty_io.c:2618:3 ][0m
[31m=NO CHECK ON PATH=[0m
[32mCall Stack:[0m
0 tty_ioctl drivers/tty/tty_io.c:2483:3 @[ drivers/tty/tty_io.c:2618:3 ]
[32m-------------[0m
[35mUse:drivers/tty/tty_io.c:2483:3 @[ drivers/tty/tty_io.c:2618:3 ][0m
[31m=NO CHECK ON PATH=[0m
[32mCall Stack:[0m
0 tty_ioctl drivers/tty/tty_io.c:2483:3 @[ drivers/tty/tty_io.c:2618:3 ]
[32m-------------[0m
[35mUse:kernel/capability.c:50:2 @[ kernel/capability.c:91:3 ][0m
[31m=NO CHECK ON PATH=[0m
[32mCall Stack:[0m
0 cap_validate_magic kernel/capability.c:50:2 @[ kernel/capability.c:91:3 ]
1 SyS_capset kernel/capability.c:233:8 @[ kernel/capability.c:224:1 ]
[32m-------------[0m
[35mUse:kernel/capability.c:50:2 @[ kernel/capability.c:91:3 ][0m
[31m=NO CHECK ON PATH=[0m
[32mCall Stack:[0m
0 cap_validate_magic kernel/capability.c:50:2 @[ kernel/capability.c:91:3 ]
1 SyS_capget kernel/capability.c:157:8 @[ kernel/capability.c:150:1 ]
[32m-------------[0m
[35mUse:kernel/capability.c:74:2 @[ kernel/capability.c:95:3 ][0m
[31m=NO CHECK ON PATH=[0m
[32mCall Stack:[0m
0 cap_validate_magic kernel/capability.c:74:2 @[ kernel/capability.c:95:3 ]
1 SyS_capset kernel/capability.c:233:8 @[ kernel/capability.c:224:1 ]
[32m-------------[0m
[35mUse:kernel/capability.c:74:2 @[ kernel/capability.c:95:3 ][0m
[31m=NO CHECK ON PATH=[0m
[32mCall Stack:[0m
0 cap_validate_magic kernel/capability.c:74:2 @[ kernel/capability.c:95:3 ]
1 SyS_capget kernel/capability.c:157:8 @[ kernel/capability.c:150:1 ]
[32m-------------[0m
[35mUse:kernel/futex.c:1596:4 @[ kernel/futex.c:1655:11 @[ kernel/futex.c:3555:10 ] ][0m
[31m=NO CHECK ON PATH=[0m
[32mCall Stack:[0m
0 do_futex kernel/futex.c:1596:4 @[ kernel/futex.c:1655:11 @[ kernel/futex.c:3555:10 ] ]
1 compat_SyS_futex kernel/futex_compat.c:201:9 @[ kernel/futex_compat.c:175:1 ]
[32m-------------[0m
[35mUse:kernel/futex.c:1596:4 @[ kernel/futex.c:1655:11 @[ kernel/futex.c:3555:10 ] ][0m
[31m=NO CHECK ON PATH=[0m
[32mCall Stack:[0m
0 do_futex kernel/futex.c:1596:4 @[ kernel/futex.c:1655:11 @[ kernel/futex.c:3555:10 ] ]
1 SyS_futex kernel/futex.c:3605:9 @[ kernel/futex.c:3573:1 ]
[32m-------------[0m
[35mUse:kernel/audit.c:2248:32[0m
[31m=NO CHECK ON PATH=[0m
[32mCall Stack:[0m
0 audit_log_task_info kernel/audit.c:2248:32
1 audit_log_link_denied kernel/audit.c:2274:2
2 SyS_linkat fs/namei.c:1014:2 @[ fs/namei.c:4275:10 @[ fs/namei.c:4237:1 ] ]
[32m-------------[0m
[35mUse:kernel/audit.c:2248:32[0m
[31m=NO CHECK ON PATH=[0m
[32mCall Stack:[0m
0 audit_log_task_info kernel/audit.c:2248:32
1 audit_log_link_denied kernel/audit.c:2274:2
2 trailing_symlink fs/namei.c:948:2 @[ fs/namei.c:2237:14 ]
3 path_openat fs/namei.c:3522:7
4 do_filp_open fs/namei.c:3558:10
5 SyS_uselib fs/exec.c:136:9 @[ fs/exec.c:120:1 ]
[32m-------------[0m
[35mUse:kernel/audit.c:2248:32[0m
[31m=NO CHECK ON PATH=[0m
[32mCall Stack:[0m
0 audit_log_task_info kernel/audit.c:2248:32
1 audit_log_link_denied kernel/audit.c:2274:2
2 trailing_symlink fs/namei.c:948:2 @[ fs/namei.c:2237:14 ]
3 path_openat fs/namei.c:3522:7
4 do_filp_open fs/namei.c:3558:10
5 do_open_execat fs/exec.c:849:9
6 do_execveat_common fs/exec.c:1740:9
7 compat_SyS_execveat fs/exec.c:1890:9 @[ fs/exec.c:1960:9 @[ fs/exec.c:1952:1 ] ]
[32m-------------[0m
[35mUse:kernel/audit.c:2248:32[0m
[31m=NO CHECK ON PATH=[0m
[32mCall Stack:[0m
0 audit_log_task_info kernel/audit.c:2248:32
1 audit_log_link_denied kernel/audit.c:2274:2
2 trailing_symlink fs/namei.c:948:2 @[ fs/namei.c:2237:14 ]
3 path_openat fs/namei.c:3522:7
4 do_filp_open fs/namei.c:3558:10
5 do_open_execat fs/exec.c:849:9
6 do_execveat_common fs/exec.c:1740:9
7 compat_SyS_execve fs/exec.c:1874:9 @[ fs/exec.c:1949:9 @[ fs/exec.c:1945:1 ] ]
[32m-------------[0m
[35mUse:kernel/audit.c:2248:32[0m
[31m=NO CHECK ON PATH=[0m
[32mCall Stack:[0m
0 audit_log_task_info kernel/audit.c:2248:32
1 audit_log_link_denied kernel/audit.c:2274:2
2 trailing_symlink fs/namei.c:948:2 @[ fs/namei.c:2237:14 ]
3 path_openat fs/namei.c:3522:7
4 do_filp_open fs/namei.c:3558:10
5 do_open_execat fs/exec.c:849:9
6 do_execveat_common fs/exec.c:1740:9
7 SyS_execveat fs/exec.c:1858:9 @[ fs/exec.c:1939:9 @[ fs/exec.c:1931:1 ] ]
[32m-------------[0m
[35mUse:kernel/audit.c:2248:32[0m
[31m=NO CHECK ON PATH=[0m
[32mCall Stack:[0m
0 audit_log_task_info kernel/audit.c:2248:32
1 audit_log_link_denied kernel/audit.c:2274:2
2 trailing_symlink fs/namei.c:948:2 @[ fs/namei.c:2237:14 ]
3 path_openat fs/namei.c:3522:7
4 do_filp_open fs/namei.c:3558:10
5 do_open_execat fs/exec.c:849:9
6 do_execveat_common fs/exec.c:1740:9
7 SyS_execve fs/exec.c:1847:9 @[ fs/exec.c:1928:9 @[ fs/exec.c:1923:1 ] ]
[32m-------------[0m
[35mUse:kernel/audit.c:2248:32[0m
[31m=NO CHECK ON PATH=[0m
[32mCall Stack:[0m
0 audit_log_task_info kernel/audit.c:2248:32
1 audit_log_link_denied kernel/audit.c:2274:2
2 trailing_symlink fs/namei.c:948:2 @[ fs/namei.c:2237:14 ]
3 path_openat fs/namei.c:3522:7
4 do_filp_open fs/namei.c:3558:10
5 do_open_execat fs/exec.c:849:9
6 open_exec fs/exec.c:881:7
7 load_elf_binary.14742 fs/binfmt_elf.c:775:18
[32m-------------[0m
[35mUse:kernel/audit.c:2248:32[0m
[31m=NO CHECK ON PATH=[0m
[32mCall Stack:[0m
0 audit_log_task_info kernel/audit.c:2248:32
1 audit_log_link_denied kernel/audit.c:2274:2
2 trailing_symlink fs/namei.c:948:2 @[ fs/namei.c:2237:14 ]
3 path_openat fs/namei.c:3522:7
4 do_filp_open fs/namei.c:3558:10
5 do_open_execat fs/exec.c:849:9
6 open_exec fs/exec.c:881:7
7 load_elf_binary fs/binfmt_elf.c:775:18
[32m-------------[0m
[35mUse:kernel/audit.c:2248:32[0m
[31m=NO CHECK ON PATH=[0m
[32mCall Stack:[0m
0 audit_log_task_info kernel/audit.c:2248:32
1 audit_log_link_denied kernel/audit.c:2274:2
2 trailing_symlink fs/namei.c:948:2 @[ fs/namei.c:2237:14 ]
3 path_openat fs/namei.c:3522:7
4 do_filp_open fs/namei.c:3558:10
5 do_open_execat fs/exec.c:849:9
6 open_exec fs/exec.c:881:7
7 load_script fs/binfmt_script.c:101:9
[32m-------------[0m
[35mUse:kernel/audit.c:2248:32[0m
[31m=NO CHECK ON PATH=[0m
[32mCall Stack:[0m
0 audit_log_task_info kernel/audit.c:2248:32
1 audit_log_link_denied kernel/audit.c:2274:2
2 trailing_symlink fs/namei.c:948:2 @[ fs/namei.c:2237:14 ]
3 path_openat fs/namei.c:3522:7
4 do_filp_open fs/namei.c:3558:10
5 do_open_execat fs/exec.c:849:9
6 open_exec fs/exec.c:881:7
7 load_misc_binary fs/binfmt_misc.c:212:17
[32m-------------[0m
[35mUse:kernel/audit.c:2248:32[0m
[31m=NO CHECK ON PATH=[0m
[32mCall Stack:[0m
0 audit_log_task_info kernel/audit.c:2248:32
1 audit_log_link_denied kernel/audit.c:2274:2
2 trailing_symlink fs/namei.c:948:2 @[ fs/namei.c:2237:14 ]
3 path_openat fs/namei.c:3522:7
4 do_filp_open fs/namei.c:3558:10
5 do_open_execat fs/exec.c:849:9
6 open_exec fs/exec.c:881:7
7 bm_register_write fs/binfmt_misc.c:723:7
[32m-------------[0m
[35mUse:kernel/audit.c:2248:32[0m
[31m=NO CHECK ON PATH=[0m
[32mCall Stack:[0m
0 audit_log_task_info kernel/audit.c:2248:32
1 audit_log_link_denied kernel/audit.c:2274:2
2 trailing_symlink fs/namei.c:948:2 @[ fs/namei.c:2237:14 ]
3 path_openat fs/namei.c:3522:7
4 do_filp_open fs/namei.c:3558:10
5 do_sys_open fs/open.c:1059:20
6 compat_SyS_openat fs/open.c:1105:9 @[ fs/open.c:1103:1 ]
[32m-------------[0m
[35mUse:kernel/audit.c:2248:32[0m
[31m=NO CHECK ON PATH=[0m
[32mCall Stack:[0m
0 audit_log_task_info kernel/audit.c:2248:32
1 audit_log_link_denied kernel/audit.c:2274:2
2 trailing_symlink fs/namei.c:948:2 @[ fs/namei.c:2237:14 ]
3 path_openat fs/namei.c:3522:7
4 do_filp_open fs/namei.c:3558:10
5 do_sys_open fs/open.c:1059:20
6 compat_SyS_open fs/open.c:1096:9 @[ fs/open.c:1094:1 ]
[32m-------------[0m
[35mUse:kernel/audit.c:2248:32[0m
[31m=NO CHECK ON PATH=[0m
[32mCall Stack:[0m
0 audit_log_task_info kernel/audit.c:2248:32
1 audit_log_link_denied kernel/audit.c:2274:2
2 trailing_symlink fs/namei.c:948:2 @[ fs/namei.c:2237:14 ]
3 path_openat fs/namei.c:3522:7
4 do_filp_open fs/namei.c:3558:10
5 do_sys_open fs/open.c:1059:20
6 SyS_openat fs/open.c:1086:9 @[ fs/open.c:1080:1 ]
[32m-------------[0m
[35mUse:kernel/audit.c:2248:32[0m
[31m=NO CHECK ON PATH=[0m
[32mCall Stack:[0m
0 audit_log_task_info kernel/audit.c:2248:32
1 audit_log_link_denied kernel/audit.c:2274:2
2 trailing_symlink fs/namei.c:948:2 @[ fs/namei.c:2237:14 ]
3 path_openat fs/namei.c:3522:7
4 do_filp_open fs/namei.c:3558:10
5 do_sys_open fs/open.c:1059:20
6 SyS_open fs/open.c:1077:9 @[ fs/open.c:1072:1 ]
[32m-------------[0m
[35mUse:kernel/audit.c:2248:32[0m
[31m=NO CHECK ON PATH=[0m
[32mCall Stack:[0m
0 audit_log_task_info kernel/audit.c:2248:32
1 audit_log_link_denied kernel/audit.c:2274:2
2 trailing_symlink fs/namei.c:948:2 @[ fs/namei.c:2237:14 ]
3 path_mountpoint fs/namei.c:2679:7
4 filename_mountpoint fs/namei.c:2708:11
5 user_path_mountpoint_at fs/namei.c:2734:9
6 SyS_umount fs/namespace.c:1699:11 @[ fs/namespace.c:1683:1 ]
[32m-------------[0m
[35mUse:kernel/audit.c:2248:32[0m
[31m=NO CHECK ON PATH=[0m
[32mCall Stack:[0m
0 audit_log_task_info kernel/audit.c:2248:32
1 audit_log_link_denied kernel/audit.c:2274:2
2 trailing_symlink fs/namei.c:948:2 @[ fs/namei.c:2237:14 ]
3 path_lookupat fs/namei.c:2303:7
4 filename_lookup fs/namei.c:2340:12
5 kern_path fs/namei.c:2425:9
6 perf_ioctl kernel/events/core.c:8448:11 @[ kernel/events/core.c:8503:8 @[ kernel/events/core.c:8569:9 @[ kernel/events/core.c:4717:10 @[ kernel/events/core.c:4754:8 ] ] ] ]
7 perf_compat_ioctl kernel/events/core.c:4774:9
[32m-------------[0m
[35mUse:kernel/audit.c:2248:32[0m
[31m=NO CHECK ON PATH=[0m
[32mCall Stack:[0m
0 audit_log_task_info kernel/audit.c:2248:32
1 audit_log_link_denied kernel/audit.c:2274:2
2 trailing_symlink fs/namei.c:948:2 @[ fs/namei.c:2237:14 ]
3 path_lookupat fs/namei.c:2303:7
4 filename_lookup fs/namei.c:2340:12
5 kern_path fs/namei.c:2425:9
6 perf_ioctl kernel/events/core.c:8448:11 @[ kernel/events/core.c:8503:8 @[ kernel/events/core.c:8569:9 @[ kernel/events/core.c:4717:10 @[ kernel/events/core.c:4754:8 ] ] ] ]
[32m-------------[0m
[35mUse:kernel/audit.c:2248:32[0m
[31m=NO CHECK ON PATH=[0m
[32mCall Stack:[0m
0 audit_log_task_info kernel/audit.c:2248:32
1 audit_log_link_denied kernel/audit.c:2274:2
2 trailing_symlink fs/namei.c:948:2 @[ fs/namei.c:2237:14 ]
3 path_lookupat fs/namei.c:2303:7
4 filename_lookup fs/namei.c:2340:12
5 kern_path fs/namei.c:2425:9
6 do_mount fs/namespace.c:2207:8 @[ fs/namespace.c:2836:12 ]
7 compat_SyS_mount fs/compat.c:195:11 @[ fs/compat.c:160:1 ]
[32m-------------[0m
[35mUse:kernel/audit.c:2248:32[0m
[31m=NO CHECK ON PATH=[0m
[32mCall Stack:[0m
0 audit_log_task_info kernel/audit.c:2248:32
1 audit_log_link_denied kernel/audit.c:2274:2
2 trailing_symlink fs/namei.c:948:2 @[ fs/namei.c:2237:14 ]
3 path_lookupat fs/namei.c:2303:7
4 filename_lookup fs/namei.c:2340:12
5 kern_path fs/namei.c:2425:9
6 do_mount fs/namespace.c:2207:8 @[ fs/namespace.c:2836:12 ]
7 SyS_mount fs/namespace.c:3058:8 @[ fs/namespace.c:3035:1 ]
[32m-------------[0m
[35mUse:kernel/audit.c:2248:32[0m
[31m=NO CHECK ON PATH=[0m
[32mCall Stack:[0m
0 audit_log_task_info kernel/audit.c:2248:32
1 audit_log_link_denied kernel/audit.c:2274:2
2 trailing_symlink fs/namei.c:948:2 @[ fs/namei.c:2237:14 ]
3 path_lookupat fs/namei.c:2303:7
4 filename_lookup fs/namei.c:2340:12
5 kern_path fs/namei.c:2425:9
6 blkdev_get_by_path fs/block_dev.c:2070:10 @[ fs/block_dev.c:1665:9 ]
7 btrfs_init_dev_replace_tgtdev fs/btrfs/volumes.c:2544:9
8 btrfs_dev_replace_start fs/btrfs/dev-replace.c:327:8
9 btrfs_dev_replace_by_ioctl fs/btrfs/dev-replace.c:443:8
10 btrfs_ioctl fs/btrfs/ioctl.c:4432:10 @[ fs/btrfs/ioctl.c:5664:10 ]
11 btrfs_compat_ioctl fs/btrfs/ioctl.c:5699:9
[32m-------------[0m
[35mUse:kernel/audit.c:2248:32[0m
[31m=NO CHECK ON PATH=[0m
[32mCall Stack:[0m
0 audit_log_task_info kernel/audit.c:2248:32
1 audit_log_link_denied kernel/audit.c:2274:2
2 trailing_symlink fs/namei.c:948:2 @[ fs/namei.c:2237:14 ]
3 path_lookupat fs/namei.c:2303:7
4 filename_lookup fs/namei.c:2340:12
5 kern_path fs/namei.c:2425:9
6 blkdev_get_by_path fs/block_dev.c:2070:10 @[ fs/block_dev.c:1665:9 ]
7 btrfs_init_dev_replace_tgtdev fs/btrfs/volumes.c:2544:9
8 btrfs_dev_replace_start fs/btrfs/dev-replace.c:327:8
9 btrfs_dev_replace_by_ioctl fs/btrfs/dev-replace.c:443:8
10 btrfs_ioctl fs/btrfs/ioctl.c:4432:10 @[ fs/btrfs/ioctl.c:5664:10 ]
11 btrfs_compat_ioctl fs/btrfs/ioctl.c:5699:9
[32m-------------[0m
[35mUse:kernel/audit.c:2248:32[0m
[31m=NO CHECK ON PATH=[0m
[32mCall Stack:[0m
0 audit_log_task_info kernel/audit.c:2248:32
1 audit_log_link_denied kernel/audit.c:2274:2
2 trailing_symlink fs/namei.c:948:2 @[ fs/namei.c:2237:14 ]
3 path_lookupat fs/namei.c:2303:7
4 filename_lookup fs/namei.c:2340:12
5 kern_path fs/namei.c:2425:9
6 blkdev_get_by_path fs/block_dev.c:2070:10 @[ fs/block_dev.c:1665:9 ]
7 btrfs_init_dev_replace_tgtdev fs/btrfs/volumes.c:2544:9
8 btrfs_dev_replace_start fs/btrfs/dev-replace.c:327:8
9 btrfs_dev_replace_by_ioctl fs/btrfs/dev-replace.c:443:8
10 btrfs_ioctl fs/btrfs/ioctl.c:4432:10 @[ fs/btrfs/ioctl.c:5664:10 ]
[32m-------------[0m
[35mUse:kernel/audit.c:2248:32[0m
[31m=NO CHECK ON PATH=[0m
[32mCall Stack:[0m
0 audit_log_task_info kernel/audit.c:2248:32
1 audit_log_link_denied kernel/audit.c:2274:2
2 trailing_symlink fs/namei.c:948:2 @[ fs/namei.c:2237:14 ]
3 path_lookupat fs/namei.c:2303:7
4 filename_lookup fs/namei.c:2340:12
5 kern_path fs/namei.c:2425:9
6 blkdev_get_by_path fs/block_dev.c:2070:10 @[ fs/block_dev.c:1665:9 ]
7 btrfs_init_dev_replace_tgtdev fs/btrfs/volumes.c:2544:9
8 btrfs_dev_replace_start fs/btrfs/dev-replace.c:327:8
9 btrfs_dev_replace_by_ioctl fs/btrfs/dev-replace.c:443:8
10 btrfs_ioctl fs/btrfs/ioctl.c:4432:10 @[ fs/btrfs/ioctl.c:5664:10 ]
[32m-------------[0m
[35mUse:kernel/audit.c:2248:32[0m
[31m=NO CHECK ON PATH=[0m
[32mCall Stack:[0m
0 audit_log_task_info kernel/audit.c:2248:32
1 audit_log_link_denied kernel/audit.c:2274:2
2 trailing_symlink fs/namei.c:948:2 @[ fs/namei.c:2237:14 ]
3 path_lookupat fs/namei.c:2303:7
4 filename_lookup fs/namei.c:2340:12
5 kern_path fs/namei.c:2425:9
6 blkdev_get_by_path fs/block_dev.c:2070:10 @[ fs/block_dev.c:1665:9 ]
7 btrfs_scan_one_device fs/btrfs/volumes.c:1137:9
8 btrfs_control_ioctl fs/btrfs/super.c:2209:9
[32m-------------[0m
[35mUse:kernel/audit.c:2248:32[0m
[31m=NO CHECK ON PATH=[0m
[32mCall Stack:[0m
0 audit_log_task_info kernel/audit.c:2248:32
1 audit_log_link_denied kernel/audit.c:2274:2
2 trailing_symlink fs/namei.c:948:2 @[ fs/namei.c:2237:14 ]
3 path_lookupat fs/namei.c:2303:7
4 filename_lookup fs/namei.c:2340:12
5 kern_path fs/namei.c:2425:9
6 blkdev_get_by_path fs/block_dev.c:2070:10 @[ fs/block_dev.c:1665:9 ]
7 btrfs_scan_one_device fs/btrfs/volumes.c:1137:9
8 btrfs_control_ioctl fs/btrfs/super.c:2209:9
[32m-------------[0m
[35mUse:kernel/audit.c:2248:32[0m
[31m=NO CHECK ON PATH=[0m
[32mCall Stack:[0m
0 audit_log_task_info kernel/audit.c:2248:32
1 audit_log_link_denied kernel/audit.c:2274:2
2 trailing_symlink fs/namei.c:948:2 @[ fs/namei.c:2237:14 ]
3 path_lookupat fs/namei.c:2303:7
4 filename_lookup fs/namei.c:2340:12
5 kern_path fs/namei.c:2425:9
6 configfs_symlink fs/configfs/symlink.c:116:8 @[ fs/configfs/symlink.c:160:8 ]
[32m-------------[0m
[35mUse:kernel/audit.c:2248:32[0m
[31m=NO CHECK ON PATH=[0m
[32mCall Stack:[0m
0 audit_log_task_info kernel/audit.c:2248:32
1 audit_log_link_denied kernel/audit.c:2274:2
2 trailing_symlink fs/namei.c:948:2 @[ fs/namei.c:2237:14 ]
3 path_lookupat fs/namei.c:2303:7
4 filename_lookup fs/namei.c:2340:12
5 kern_path fs/namei.c:2425:9
6 lookup_bdev fs/block_dev.c:2070:10
7 SyS_quotactl fs/quota/quota.c:810:9 @[ fs/quota/quota.c:871:7 @[ fs/quota/quota.c:836:1 ] ]
[32m-------------[0m
[35mUse:kernel/audit.c:2248:32[0m
[31m=NO CHECK ON PATH=[0m
[32mCall Stack:[0m
0 audit_log_task_info kernel/audit.c:2248:32
1 audit_log_link_denied kernel/audit.c:2274:2
2 trailing_symlink fs/namei.c:948:2 @[ fs/namei.c:2237:14 ]
3 path_lookupat fs/namei.c:2303:7
4 filename_lookup fs/namei.c:2340:12
5 vfs_path_lookup fs/namei.c:2444:9
6 mount_subtree fs/namespace.c:3016:8
7 nfs_follow_remote_path fs/nfs/nfs4super.c:231:11
8 nfs4_try_mount fs/nfs/nfs4super.c:254:8
[32m-------------[0m
[35mUse:kernel/audit.c:2248:32[0m
[31m=NO CHECK ON PATH=[0m
[32mCall Stack:[0m
0 audit_log_task_info kernel/audit.c:2248:32
1 audit_log_link_denied kernel/audit.c:2274:2
2 trailing_symlink fs/namei.c:948:2 @[ fs/namei.c:2237:14 ]
3 path_lookupat fs/namei.c:2303:7
4 filename_lookup fs/namei.c:2340:12
5 vfs_path_lookup fs/namei.c:2444:9
6 mntns_install fs/namespace.c:3484:8
[32m-------------[0m
[32mGood: 2 [31mBad: 43 [33mIgnored: 339[0m
[33mInspect Use of Function:get_mm_exe_file[0m
[35mUse:kernel/audit.c:2189:13 @[ kernel/audit.c:2249:2 ][0m
[31m=NO CHECK ON PATH=[0m
[32mCall Stack:[0m
0 audit_log_task_info kernel/audit.c:2189:13 @[ kernel/audit.c:2249:2 ]
1 audit_log_link_denied kernel/audit.c:2274:2
2 SyS_linkat fs/namei.c:1014:2 @[ fs/namei.c:4275:10 @[ fs/namei.c:4237:1 ] ]
[32m-------------[0m
[35mUse:kernel/audit.c:2189:13 @[ kernel/audit.c:2249:2 ][0m
[31m=NO CHECK ON PATH=[0m
[32mCall Stack:[0m
0 audit_log_task_info kernel/audit.c:2189:13 @[ kernel/audit.c:2249:2 ]
1 audit_log_link_denied kernel/audit.c:2274:2
2 trailing_symlink fs/namei.c:948:2 @[ fs/namei.c:2237:14 ]
3 path_openat fs/namei.c:3522:7
4 do_filp_open fs/namei.c:3558:10
5 SyS_uselib fs/exec.c:136:9 @[ fs/exec.c:120:1 ]
[32m-------------[0m
[35mUse:kernel/audit.c:2189:13 @[ kernel/audit.c:2249:2 ][0m
[31m=NO CHECK ON PATH=[0m
[32mCall Stack:[0m
0 audit_log_task_info kernel/audit.c:2189:13 @[ kernel/audit.c:2249:2 ]
1 audit_log_link_denied kernel/audit.c:2274:2
2 trailing_symlink fs/namei.c:948:2 @[ fs/namei.c:2237:14 ]
3 path_openat fs/namei.c:3522:7
4 do_filp_open fs/namei.c:3558:10
5 do_open_execat fs/exec.c:849:9
6 do_execveat_common fs/exec.c:1740:9
7 compat_SyS_execveat fs/exec.c:1890:9 @[ fs/exec.c:1960:9 @[ fs/exec.c:1952:1 ] ]
[32m-------------[0m
[35mUse:kernel/audit.c:2189:13 @[ kernel/audit.c:2249:2 ][0m
[31m=NO CHECK ON PATH=[0m
[32mCall Stack:[0m
0 audit_log_task_info kernel/audit.c:2189:13 @[ kernel/audit.c:2249:2 ]
1 audit_log_link_denied kernel/audit.c:2274:2
2 trailing_symlink fs/namei.c:948:2 @[ fs/namei.c:2237:14 ]
3 path_openat fs/namei.c:3522:7
4 do_filp_open fs/namei.c:3558:10
5 do_open_execat fs/exec.c:849:9
6 do_execveat_common fs/exec.c:1740:9
7 compat_SyS_execve fs/exec.c:1874:9 @[ fs/exec.c:1949:9 @[ fs/exec.c:1945:1 ] ]
[32m-------------[0m
[35mUse:kernel/audit.c:2189:13 @[ kernel/audit.c:2249:2 ][0m
[31m=NO CHECK ON PATH=[0m
[32mCall Stack:[0m
0 audit_log_task_info kernel/audit.c:2189:13 @[ kernel/audit.c:2249:2 ]
1 audit_log_link_denied kernel/audit.c:2274:2
2 trailing_symlink fs/namei.c:948:2 @[ fs/namei.c:2237:14 ]
3 path_openat fs/namei.c:3522:7
4 do_filp_open fs/namei.c:3558:10
5 do_open_execat fs/exec.c:849:9
6 do_execveat_common fs/exec.c:1740:9
7 SyS_execveat fs/exec.c:1858:9 @[ fs/exec.c:1939:9 @[ fs/exec.c:1931:1 ] ]
[32m-------------[0m
[35mUse:kernel/audit.c:2189:13 @[ kernel/audit.c:2249:2 ][0m
[31m=NO CHECK ON PATH=[0m
[32mCall Stack:[0m
0 audit_log_task_info kernel/audit.c:2189:13 @[ kernel/audit.c:2249:2 ]
1 audit_log_link_denied kernel/audit.c:2274:2
2 trailing_symlink fs/namei.c:948:2 @[ fs/namei.c:2237:14 ]
3 path_openat fs/namei.c:3522:7
4 do_filp_open fs/namei.c:3558:10
5 do_open_execat fs/exec.c:849:9
6 do_execveat_common fs/exec.c:1740:9
7 SyS_execve fs/exec.c:1847:9 @[ fs/exec.c:1928:9 @[ fs/exec.c:1923:1 ] ]
[32m-------------[0m
[35mUse:kernel/audit.c:2189:13 @[ kernel/audit.c:2249:2 ][0m
[31m=NO CHECK ON PATH=[0m
[32mCall Stack:[0m
0 audit_log_task_info kernel/audit.c:2189:13 @[ kernel/audit.c:2249:2 ]
1 audit_log_link_denied kernel/audit.c:2274:2
2 trailing_symlink fs/namei.c:948:2 @[ fs/namei.c:2237:14 ]
3 path_openat fs/namei.c:3522:7
4 do_filp_open fs/namei.c:3558:10
5 do_open_execat fs/exec.c:849:9
6 open_exec fs/exec.c:881:7
7 load_elf_binary.14742 fs/binfmt_elf.c:775:18
[32m-------------[0m
[35mUse:kernel/audit.c:2189:13 @[ kernel/audit.c:2249:2 ][0m
[31m=NO CHECK ON PATH=[0m
[32mCall Stack:[0m
0 audit_log_task_info kernel/audit.c:2189:13 @[ kernel/audit.c:2249:2 ]
1 audit_log_link_denied kernel/audit.c:2274:2
2 trailing_symlink fs/namei.c:948:2 @[ fs/namei.c:2237:14 ]
3 path_openat fs/namei.c:3522:7
4 do_filp_open fs/namei.c:3558:10
5 do_open_execat fs/exec.c:849:9
6 open_exec fs/exec.c:881:7
7 load_elf_binary fs/binfmt_elf.c:775:18
[32m-------------[0m
[35mUse:kernel/audit.c:2189:13 @[ kernel/audit.c:2249:2 ][0m
[31m=NO CHECK ON PATH=[0m
[32mCall Stack:[0m
0 audit_log_task_info kernel/audit.c:2189:13 @[ kernel/audit.c:2249:2 ]
1 audit_log_link_denied kernel/audit.c:2274:2
2 trailing_symlink fs/namei.c:948:2 @[ fs/namei.c:2237:14 ]
3 path_openat fs/namei.c:3522:7
4 do_filp_open fs/namei.c:3558:10
5 do_open_execat fs/exec.c:849:9
6 open_exec fs/exec.c:881:7
7 load_script fs/binfmt_script.c:101:9
[32m-------------[0m
[35mUse:kernel/audit.c:2189:13 @[ kernel/audit.c:2249:2 ][0m
[31m=NO CHECK ON PATH=[0m
[32mCall Stack:[0m
0 audit_log_task_info kernel/audit.c:2189:13 @[ kernel/audit.c:2249:2 ]
1 audit_log_link_denied kernel/audit.c:2274:2
2 trailing_symlink fs/namei.c:948:2 @[ fs/namei.c:2237:14 ]
3 path_openat fs/namei.c:3522:7
4 do_filp_open fs/namei.c:3558:10
5 do_open_execat fs/exec.c:849:9
6 open_exec fs/exec.c:881:7
7 load_misc_binary fs/binfmt_misc.c:212:17
[32m-------------[0m
[35mUse:kernel/audit.c:2189:13 @[ kernel/audit.c:2249:2 ][0m
[31m=NO CHECK ON PATH=[0m
[32mCall Stack:[0m
0 audit_log_task_info kernel/audit.c:2189:13 @[ kernel/audit.c:2249:2 ]
1 audit_log_link_denied kernel/audit.c:2274:2
2 trailing_symlink fs/namei.c:948:2 @[ fs/namei.c:2237:14 ]
3 path_openat fs/namei.c:3522:7
4 do_filp_open fs/namei.c:3558:10
5 do_open_execat fs/exec.c:849:9
6 open_exec fs/exec.c:881:7
7 bm_register_write fs/binfmt_misc.c:723:7
[32m-------------[0m
[35mUse:kernel/audit.c:2189:13 @[ kernel/audit.c:2249:2 ][0m
[31m=NO CHECK ON PATH=[0m
[32mCall Stack:[0m
0 audit_log_task_info kernel/audit.c:2189:13 @[ kernel/audit.c:2249:2 ]
1 audit_log_link_denied kernel/audit.c:2274:2
2 trailing_symlink fs/namei.c:948:2 @[ fs/namei.c:2237:14 ]
3 path_openat fs/namei.c:3522:7
4 do_filp_open fs/namei.c:3558:10
5 do_sys_open fs/open.c:1059:20
6 compat_SyS_openat fs/open.c:1105:9 @[ fs/open.c:1103:1 ]
[32m-------------[0m
[35mUse:kernel/audit.c:2189:13 @[ kernel/audit.c:2249:2 ][0m
[31m=NO CHECK ON PATH=[0m
[32mCall Stack:[0m
0 audit_log_task_info kernel/audit.c:2189:13 @[ kernel/audit.c:2249:2 ]
1 audit_log_link_denied kernel/audit.c:2274:2
2 trailing_symlink fs/namei.c:948:2 @[ fs/namei.c:2237:14 ]
3 path_openat fs/namei.c:3522:7
4 do_filp_open fs/namei.c:3558:10
5 do_sys_open fs/open.c:1059:20
6 compat_SyS_open fs/open.c:1096:9 @[ fs/open.c:1094:1 ]
[32m-------------[0m
[35mUse:kernel/audit.c:2189:13 @[ kernel/audit.c:2249:2 ][0m
[31m=NO CHECK ON PATH=[0m
[32mCall Stack:[0m
0 audit_log_task_info kernel/audit.c:2189:13 @[ kernel/audit.c:2249:2 ]
1 audit_log_link_denied kernel/audit.c:2274:2
2 trailing_symlink fs/namei.c:948:2 @[ fs/namei.c:2237:14 ]
3 path_openat fs/namei.c:3522:7
4 do_filp_open fs/namei.c:3558:10
5 do_sys_open fs/open.c:1059:20
6 SyS_openat fs/open.c:1086:9 @[ fs/open.c:1080:1 ]
[32m-------------[0m
[35mUse:kernel/audit.c:2189:13 @[ kernel/audit.c:2249:2 ][0m
[31m=NO CHECK ON PATH=[0m
[32mCall Stack:[0m
0 audit_log_task_info kernel/audit.c:2189:13 @[ kernel/audit.c:2249:2 ]
1 audit_log_link_denied kernel/audit.c:2274:2
2 trailing_symlink fs/namei.c:948:2 @[ fs/namei.c:2237:14 ]
3 path_openat fs/namei.c:3522:7
4 do_filp_open fs/namei.c:3558:10
5 do_sys_open fs/open.c:1059:20
6 SyS_open fs/open.c:1077:9 @[ fs/open.c:1072:1 ]
[32m-------------[0m
[35mUse:kernel/audit.c:2189:13 @[ kernel/audit.c:2249:2 ][0m
[31m=NO CHECK ON PATH=[0m
[32mCall Stack:[0m
0 audit_log_task_info kernel/audit.c:2189:13 @[ kernel/audit.c:2249:2 ]
1 audit_log_link_denied kernel/audit.c:2274:2
2 trailing_symlink fs/namei.c:948:2 @[ fs/namei.c:2237:14 ]
3 path_mountpoint fs/namei.c:2679:7
4 filename_mountpoint fs/namei.c:2708:11
5 user_path_mountpoint_at fs/namei.c:2734:9
6 SyS_umount fs/namespace.c:1699:11 @[ fs/namespace.c:1683:1 ]
[32m-------------[0m
[35mUse:kernel/audit.c:2189:13 @[ kernel/audit.c:2249:2 ][0m
[31m=NO CHECK ON PATH=[0m
[32mCall Stack:[0m
0 audit_log_task_info kernel/audit.c:2189:13 @[ kernel/audit.c:2249:2 ]
1 audit_log_link_denied kernel/audit.c:2274:2
2 trailing_symlink fs/namei.c:948:2 @[ fs/namei.c:2237:14 ]
3 path_lookupat fs/namei.c:2303:7
4 filename_lookup fs/namei.c:2340:12
5 kern_path fs/namei.c:2425:9
6 perf_ioctl kernel/events/core.c:8448:11 @[ kernel/events/core.c:8503:8 @[ kernel/events/core.c:8569:9 @[ kernel/events/core.c:4717:10 @[ kernel/events/core.c:4754:8 ] ] ] ]
7 perf_compat_ioctl kernel/events/core.c:4774:9
[32m-------------[0m
[35mUse:kernel/audit.c:2189:13 @[ kernel/audit.c:2249:2 ][0m
[31m=NO CHECK ON PATH=[0m
[32mCall Stack:[0m
0 audit_log_task_info kernel/audit.c:2189:13 @[ kernel/audit.c:2249:2 ]
1 audit_log_link_denied kernel/audit.c:2274:2
2 trailing_symlink fs/namei.c:948:2 @[ fs/namei.c:2237:14 ]
3 path_lookupat fs/namei.c:2303:7
4 filename_lookup fs/namei.c:2340:12
5 kern_path fs/namei.c:2425:9
6 perf_ioctl kernel/events/core.c:8448:11 @[ kernel/events/core.c:8503:8 @[ kernel/events/core.c:8569:9 @[ kernel/events/core.c:4717:10 @[ kernel/events/core.c:4754:8 ] ] ] ]
[32m-------------[0m
[35mUse:kernel/audit.c:2189:13 @[ kernel/audit.c:2249:2 ][0m
[31m=NO CHECK ON PATH=[0m
[32mCall Stack:[0m
0 audit_log_task_info kernel/audit.c:2189:13 @[ kernel/audit.c:2249:2 ]
1 audit_log_link_denied kernel/audit.c:2274:2
2 trailing_symlink fs/namei.c:948:2 @[ fs/namei.c:2237:14 ]
3 path_lookupat fs/namei.c:2303:7
4 filename_lookup fs/namei.c:2340:12
5 kern_path fs/namei.c:2425:9
6 do_mount fs/namespace.c:2207:8 @[ fs/namespace.c:2836:12 ]
7 compat_SyS_mount fs/compat.c:195:11 @[ fs/compat.c:160:1 ]
[32m-------------[0m
[35mUse:kernel/audit.c:2189:13 @[ kernel/audit.c:2249:2 ][0m
[31m=NO CHECK ON PATH=[0m
[32mCall Stack:[0m
0 audit_log_task_info kernel/audit.c:2189:13 @[ kernel/audit.c:2249:2 ]
1 audit_log_link_denied kernel/audit.c:2274:2
2 trailing_symlink fs/namei.c:948:2 @[ fs/namei.c:2237:14 ]
3 path_lookupat fs/namei.c:2303:7
4 filename_lookup fs/namei.c:2340:12
5 kern_path fs/namei.c:2425:9
6 do_mount fs/namespace.c:2207:8 @[ fs/namespace.c:2836:12 ]
7 SyS_mount fs/namespace.c:3058:8 @[ fs/namespace.c:3035:1 ]
[32m-------------[0m
[35mUse:kernel/audit.c:2189:13 @[ kernel/audit.c:2249:2 ][0m
[31m=NO CHECK ON PATH=[0m
[32mCall Stack:[0m
0 audit_log_task_info kernel/audit.c:2189:13 @[ kernel/audit.c:2249:2 ]
1 audit_log_link_denied kernel/audit.c:2274:2
2 trailing_symlink fs/namei.c:948:2 @[ fs/namei.c:2237:14 ]
3 path_lookupat fs/namei.c:2303:7
4 filename_lookup fs/namei.c:2340:12
5 kern_path fs/namei.c:2425:9
6 blkdev_get_by_path fs/block_dev.c:2070:10 @[ fs/block_dev.c:1665:9 ]
7 btrfs_init_dev_replace_tgtdev fs/btrfs/volumes.c:2544:9
8 btrfs_dev_replace_start fs/btrfs/dev-replace.c:327:8
9 btrfs_dev_replace_by_ioctl fs/btrfs/dev-replace.c:443:8
10 btrfs_ioctl fs/btrfs/ioctl.c:4432:10 @[ fs/btrfs/ioctl.c:5664:10 ]
11 btrfs_compat_ioctl fs/btrfs/ioctl.c:5699:9
[32m-------------[0m
[35mUse:kernel/audit.c:2189:13 @[ kernel/audit.c:2249:2 ][0m
[31m=NO CHECK ON PATH=[0m
[32mCall Stack:[0m
0 audit_log_task_info kernel/audit.c:2189:13 @[ kernel/audit.c:2249:2 ]
1 audit_log_link_denied kernel/audit.c:2274:2
2 trailing_symlink fs/namei.c:948:2 @[ fs/namei.c:2237:14 ]
3 path_lookupat fs/namei.c:2303:7
4 filename_lookup fs/namei.c:2340:12
5 kern_path fs/namei.c:2425:9
6 blkdev_get_by_path fs/block_dev.c:2070:10 @[ fs/block_dev.c:1665:9 ]
7 btrfs_init_dev_replace_tgtdev fs/btrfs/volumes.c:2544:9
8 btrfs_dev_replace_start fs/btrfs/dev-replace.c:327:8
9 btrfs_dev_replace_by_ioctl fs/btrfs/dev-replace.c:443:8
10 btrfs_ioctl fs/btrfs/ioctl.c:4432:10 @[ fs/btrfs/ioctl.c:5664:10 ]
11 btrfs_compat_ioctl fs/btrfs/ioctl.c:5699:9
[32m-------------[0m
[35mUse:kernel/audit.c:2189:13 @[ kernel/audit.c:2249:2 ][0m
[31m=NO CHECK ON PATH=[0m
[32mCall Stack:[0m
0 audit_log_task_info kernel/audit.c:2189:13 @[ kernel/audit.c:2249:2 ]
1 audit_log_link_denied kernel/audit.c:2274:2
2 trailing_symlink fs/namei.c:948:2 @[ fs/namei.c:2237:14 ]
3 path_lookupat fs/namei.c:2303:7
4 filename_lookup fs/namei.c:2340:12
5 kern_path fs/namei.c:2425:9
6 blkdev_get_by_path fs/block_dev.c:2070:10 @[ fs/block_dev.c:1665:9 ]
7 btrfs_init_dev_replace_tgtdev fs/btrfs/volumes.c:2544:9
8 btrfs_dev_replace_start fs/btrfs/dev-replace.c:327:8
9 btrfs_dev_replace_by_ioctl fs/btrfs/dev-replace.c:443:8
10 btrfs_ioctl fs/btrfs/ioctl.c:4432:10 @[ fs/btrfs/ioctl.c:5664:10 ]
[32m-------------[0m
[35mUse:kernel/audit.c:2189:13 @[ kernel/audit.c:2249:2 ][0m
[31m=NO CHECK ON PATH=[0m
[32mCall Stack:[0m
0 audit_log_task_info kernel/audit.c:2189:13 @[ kernel/audit.c:2249:2 ]
1 audit_log_link_denied kernel/audit.c:2274:2
2 trailing_symlink fs/namei.c:948:2 @[ fs/namei.c:2237:14 ]
3 path_lookupat fs/namei.c:2303:7
4 filename_lookup fs/namei.c:2340:12
5 kern_path fs/namei.c:2425:9
6 blkdev_get_by_path fs/block_dev.c:2070:10 @[ fs/block_dev.c:1665:9 ]
7 btrfs_init_dev_replace_tgtdev fs/btrfs/volumes.c:2544:9
8 btrfs_dev_replace_start fs/btrfs/dev-replace.c:327:8
9 btrfs_dev_replace_by_ioctl fs/btrfs/dev-replace.c:443:8
10 btrfs_ioctl fs/btrfs/ioctl.c:4432:10 @[ fs/btrfs/ioctl.c:5664:10 ]
[32m-------------[0m
[35mUse:kernel/audit.c:2189:13 @[ kernel/audit.c:2249:2 ][0m
[31m=NO CHECK ON PATH=[0m
[32mCall Stack:[0m
0 audit_log_task_info kernel/audit.c:2189:13 @[ kernel/audit.c:2249:2 ]
1 audit_log_link_denied kernel/audit.c:2274:2
2 trailing_symlink fs/namei.c:948:2 @[ fs/namei.c:2237:14 ]
3 path_lookupat fs/namei.c:2303:7
4 filename_lookup fs/namei.c:2340:12
5 kern_path fs/namei.c:2425:9
6 blkdev_get_by_path fs/block_dev.c:2070:10 @[ fs/block_dev.c:1665:9 ]
7 btrfs_scan_one_device fs/btrfs/volumes.c:1137:9
8 btrfs_control_ioctl fs/btrfs/super.c:2209:9
[32m-------------[0m
[35mUse:kernel/audit.c:2189:13 @[ kernel/audit.c:2249:2 ][0m
[31m=NO CHECK ON PATH=[0m
[32mCall Stack:[0m
0 audit_log_task_info kernel/audit.c:2189:13 @[ kernel/audit.c:2249:2 ]
1 audit_log_link_denied kernel/audit.c:2274:2
2 trailing_symlink fs/namei.c:948:2 @[ fs/namei.c:2237:14 ]
3 path_lookupat fs/namei.c:2303:7
4 filename_lookup fs/namei.c:2340:12
5 kern_path fs/namei.c:2425:9
6 blkdev_get_by_path fs/block_dev.c:2070:10 @[ fs/block_dev.c:1665:9 ]
7 btrfs_scan_one_device fs/btrfs/volumes.c:1137:9
8 btrfs_control_ioctl fs/btrfs/super.c:2209:9
[32m-------------[0m
[35mUse:kernel/audit.c:2189:13 @[ kernel/audit.c:2249:2 ][0m
[31m=NO CHECK ON PATH=[0m
[32mCall Stack:[0m
0 audit_log_task_info kernel/audit.c:2189:13 @[ kernel/audit.c:2249:2 ]
1 audit_log_link_denied kernel/audit.c:2274:2
2 trailing_symlink fs/namei.c:948:2 @[ fs/namei.c:2237:14 ]
3 path_lookupat fs/namei.c:2303:7
4 filename_lookup fs/namei.c:2340:12
5 kern_path fs/namei.c:2425:9
6 configfs_symlink fs/configfs/symlink.c:116:8 @[ fs/configfs/symlink.c:160:8 ]
[32m-------------[0m
[35mUse:kernel/audit.c:2189:13 @[ kernel/audit.c:2249:2 ][0m
[31m=NO CHECK ON PATH=[0m
[32mCall Stack:[0m
0 audit_log_task_info kernel/audit.c:2189:13 @[ kernel/audit.c:2249:2 ]
1 audit_log_link_denied kernel/audit.c:2274:2
2 trailing_symlink fs/namei.c:948:2 @[ fs/namei.c:2237:14 ]
3 path_lookupat fs/namei.c:2303:7
4 filename_lookup fs/namei.c:2340:12
5 kern_path fs/namei.c:2425:9
6 lookup_bdev fs/block_dev.c:2070:10
7 SyS_quotactl fs/quota/quota.c:810:9 @[ fs/quota/quota.c:871:7 @[ fs/quota/quota.c:836:1 ] ]
[32m-------------[0m
[35mUse:kernel/audit.c:2189:13 @[ kernel/audit.c:2249:2 ][0m
[31m=NO CHECK ON PATH=[0m
[32mCall Stack:[0m
0 audit_log_task_info kernel/audit.c:2189:13 @[ kernel/audit.c:2249:2 ]
1 audit_log_link_denied kernel/audit.c:2274:2
2 trailing_symlink fs/namei.c:948:2 @[ fs/namei.c:2237:14 ]
3 path_lookupat fs/namei.c:2303:7
4 filename_lookup fs/namei.c:2340:12
5 vfs_path_lookup fs/namei.c:2444:9
6 mount_subtree fs/namespace.c:3016:8
7 nfs_follow_remote_path fs/nfs/nfs4super.c:231:11
8 nfs4_try_mount fs/nfs/nfs4super.c:254:8
[32m-------------[0m
[35mUse:kernel/audit.c:2189:13 @[ kernel/audit.c:2249:2 ][0m
[31m=NO CHECK ON PATH=[0m
[32mCall Stack:[0m
0 audit_log_task_info kernel/audit.c:2189:13 @[ kernel/audit.c:2249:2 ]
1 audit_log_link_denied kernel/audit.c:2274:2
2 trailing_symlink fs/namei.c:948:2 @[ fs/namei.c:2237:14 ]
3 path_lookupat fs/namei.c:2303:7
4 filename_lookup fs/namei.c:2340:12
5 vfs_path_lookup fs/namei.c:2444:9
6 mntns_install fs/namespace.c:3484:8
[32m-------------[0m
[32mGood: 1 [31mBad: 33 [33mIgnored: 330[0m
STOP WATCH[0]: 16122.600000 ms
[36m--- DONE! ---[0m
------------STATISTICS---------------
    53021 : Functions greeted
    110 : External functions
    0 : Discovered Path
    0 : Matched Path
    14 : Good Path
    215 : Bad Path
    1048 : Ignored Path
    0 : Path Unable to Resolve
    0 : Resolved CallSite Using Function Pointer
    13 : Critical Functions
    1 : Critical Variables
    0 : # of times max depth for forward analysis hit
    0 : # of times max depth for backward analysis hit
    0 : Critical Function Pointer Unable to Resolve, Collect Pass
    0 : Critical Function Pointer Resolved, Collect Pass
    28 : Critical Functions used by non CallInst
    494 : Critical Functions used by static assignment
    353 : # of times indirect call site matched with critical functions
    1150 : # of times indirect call site failed to match with critical functions
    0 : found capability check inside call using function ptr




===-------------------------------------------------------------------------===
                          ... Statistics Collected ...
===-------------------------------------------------------------------------===

16305946 bitcode-reader - Number of Metadata records loaded
  232630 bitcode-reader - Number of MDStrings loaded

