[36m--- PROCESS FUNCTIONS ---[0m
Pre-processing...
Load skip function list, total:360
Load skip var list, total:22
Load kernel api list, total:1048
Collect all functions and indirect callsites
STOP WATCH[0]: 808.185000 ms
Process Gating Functions
Load LSM hook list, total:1
STOP WATCH[0]: 14.312000 ms
[48;5;021m[38;5;255m=LSM hook functions=[0m
. security_socket_recvmsg
=o=
Collect Checkpoints
STOP WATCH[0]: 946.409000 ms
Identify interesting struct
Function: sock_read_iter used by struct.file_operations.800340[0m
STOP WATCH[0]: 6.156000 ms
Identify Logical Modules
STOP WATCH[0]: 60.888000 ms
STOP WATCH[0]: 6777.304000 ms
Collecting Initialization Closure.
Finding Kernel Entry Point and all __initcall_
[32mFound x86_64_start_kernel[0m
STOP WATCH[1]: 69.591000 ms
Initial Kernel Init Function Count:642
Over Approximate Kernel Init Functions
STOP WATCH[1]: 133.116000 ms
Refine Result
refine pass 0 3413 left
refine pass 1 2221 left
refine pass 2 1865 left
refine pass 3 1773 left
refine pass 4 1736 left
refine pass 5 1731 left
refine pass 6 1729 left
 Refine result : count=1729
STOP WATCH[1]: 45.309000 ms
STOP WATCH[0]: 248.665000 ms
Collect all permission-checked variables and functions
Resolve indirect call @ net/socket.c:811:9 @[ net/socket.c:818:16 @[ net/socket.c:895:8 ] ]
[32m[FOUND 8 MATCH][0m
Add call<indirect> unix_stream_recvmsg use @ net/socket.c:811:9 @[ net/socket.c:818:16 @[ net/socket.c:895:8 ] ]
 cause:[32mProcess Stack:[0m
0 sock_read_iter 
[32m-------------[0m
Add call<indirect> unix_seqpacket_recvmsg use @ net/socket.c:811:9 @[ net/socket.c:818:16 @[ net/socket.c:895:8 ] ]
 cause:[32mProcess Stack:[0m
0 sock_read_iter 
[32m-------------[0m
Add call<indirect> inet_recvmsg use @ net/socket.c:811:9 @[ net/socket.c:818:16 @[ net/socket.c:895:8 ] ]
 cause:[32mProcess Stack:[0m
0 sock_read_iter 
[32m-------------[0m
Add call<indirect> netlink_recvmsg use @ net/socket.c:811:9 @[ net/socket.c:818:16 @[ net/socket.c:895:8 ] ]
 cause:[32mProcess Stack:[0m
0 sock_read_iter 
[32m-------------[0m
Add call<indirect> rxrpc_recvmsg use @ net/socket.c:811:9 @[ net/socket.c:818:16 @[ net/socket.c:895:8 ] ]
 cause:[32mProcess Stack:[0m
0 sock_read_iter 
[32m-------------[0m
Add call<indirect> unix_dgram_recvmsg use @ net/socket.c:811:9 @[ net/socket.c:818:16 @[ net/socket.c:895:8 ] ]
 cause:[32mProcess Stack:[0m
0 sock_read_iter 
[32m-------------[0m
Add call<indirect> sock_common_recvmsg use @ net/socket.c:811:9 @[ net/socket.c:818:16 @[ net/socket.c:895:8 ] ]
 cause:[32mProcess Stack:[0m
0 sock_read_iter 
[32m-------------[0m
Add call<indirect> packet_recvmsg use @ net/socket.c:811:9 @[ net/socket.c:818:16 @[ net/socket.c:895:8 ] ]
 cause:[32mProcess Stack:[0m
0 sock_read_iter 
[32m-------------[0m
Resolve indirect call @ net/socket.c:811:9 @[ net/socket.c:818:16 ]
[32m[FOUND 8 MATCH][0m
Add call<indirect> unix_stream_recvmsg use @ net/socket.c:811:9 @[ net/socket.c:818:16 ]
 cause:[32mProcess Stack:[0m
0 sock_recvmsg net/socket.c:814:33
[32m-------------[0m
Add call<indirect> unix_seqpacket_recvmsg use @ net/socket.c:811:9 @[ net/socket.c:818:16 ]
 cause:[32mProcess Stack:[0m
0 sock_recvmsg net/socket.c:814:33
[32m-------------[0m
Add call<indirect> inet_recvmsg use @ net/socket.c:811:9 @[ net/socket.c:818:16 ]
 cause:[32mProcess Stack:[0m
0 sock_recvmsg net/socket.c:814:33
[32m-------------[0m
Add call<indirect> netlink_recvmsg use @ net/socket.c:811:9 @[ net/socket.c:818:16 ]
 cause:[32mProcess Stack:[0m
0 sock_recvmsg net/socket.c:814:33
[32m-------------[0m
Add call<indirect> rxrpc_recvmsg use @ net/socket.c:811:9 @[ net/socket.c:818:16 ]
 cause:[32mProcess Stack:[0m
0 sock_recvmsg net/socket.c:814:33
[32m-------------[0m
Add call<indirect> unix_dgram_recvmsg use @ net/socket.c:811:9 @[ net/socket.c:818:16 ]
 cause:[32mProcess Stack:[0m
0 sock_recvmsg net/socket.c:814:33
[32m-------------[0m
Add call<indirect> sock_common_recvmsg use @ net/socket.c:811:9 @[ net/socket.c:818:16 ]
 cause:[32mProcess Stack:[0m
0 sock_recvmsg net/socket.c:814:33
[32m-------------[0m
Add call<indirect> packet_recvmsg use @ net/socket.c:811:9 @[ net/socket.c:818:16 ]
 cause:[32mProcess Stack:[0m
0 sock_recvmsg net/socket.c:814:33
[32m-------------[0m
Resolve indirect call @ net/socket.c:811:9 @[ net/socket.c:818:16 @[ net/socket.c:845:11 ] ]
[32m[FOUND 8 MATCH][0m
Add call<indirect> unix_stream_recvmsg use @ net/socket.c:811:9 @[ net/socket.c:818:16 @[ net/socket.c:845:11 ] ]
 cause:[32mProcess Stack:[0m
0 kernel_recvmsg net/socket.c:837:35
[32m-------------[0m
Add call<indirect> unix_seqpacket_recvmsg use @ net/socket.c:811:9 @[ net/socket.c:818:16 @[ net/socket.c:845:11 ] ]
 cause:[32mProcess Stack:[0m
0 kernel_recvmsg net/socket.c:837:35
[32m-------------[0m
Add call<indirect> inet_recvmsg use @ net/socket.c:811:9 @[ net/socket.c:818:16 @[ net/socket.c:845:11 ] ]
 cause:[32mProcess Stack:[0m
0 kernel_recvmsg net/socket.c:837:35
[32m-------------[0m
Add call<indirect> netlink_recvmsg use @ net/socket.c:811:9 @[ net/socket.c:818:16 @[ net/socket.c:845:11 ] ]
 cause:[32mProcess Stack:[0m
0 kernel_recvmsg net/socket.c:837:35
[32m-------------[0m
Add call<indirect> rxrpc_recvmsg use @ net/socket.c:811:9 @[ net/socket.c:818:16 @[ net/socket.c:845:11 ] ]
 cause:[32mProcess Stack:[0m
0 kernel_recvmsg net/socket.c:837:35
[32m-------------[0m
Add call<indirect> unix_dgram_recvmsg use @ net/socket.c:811:9 @[ net/socket.c:818:16 @[ net/socket.c:845:11 ] ]
 cause:[32mProcess Stack:[0m
0 kernel_recvmsg net/socket.c:837:35
[32m-------------[0m
Add call<indirect> sock_common_recvmsg use @ net/socket.c:811:9 @[ net/socket.c:818:16 @[ net/socket.c:845:11 ] ]
 cause:[32mProcess Stack:[0m
0 kernel_recvmsg net/socket.c:837:35
[32m-------------[0m
Add call<indirect> packet_recvmsg use @ net/socket.c:811:9 @[ net/socket.c:818:16 @[ net/socket.c:845:11 ] ]
 cause:[32mProcess Stack:[0m
0 kernel_recvmsg net/socket.c:837:35
[32m-------------[0m
Resolve indirect call @ net/socket.c:811:9 @[ net/socket.c:818:16 @[ net/socket.c:1781:8 @[ net/socket.c:1753:1 ] ] ]
[32m[FOUND 8 MATCH][0m
Add call<indirect> unix_stream_recvmsg use @ net/socket.c:811:9 @[ net/socket.c:818:16 @[ net/socket.c:1781:8 @[ net/socket.c:1753:1 ] ] ]
 cause:[32mProcess Stack:[0m
0 SyS_recvfrom 
[32m-------------[0m
Add call<indirect> unix_seqpacket_recvmsg use @ net/socket.c:811:9 @[ net/socket.c:818:16 @[ net/socket.c:1781:8 @[ net/socket.c:1753:1 ] ] ]
 cause:[32mProcess Stack:[0m
0 SyS_recvfrom 
[32m-------------[0m
Add call<indirect> inet_recvmsg use @ net/socket.c:811:9 @[ net/socket.c:818:16 @[ net/socket.c:1781:8 @[ net/socket.c:1753:1 ] ] ]
 cause:[32mProcess Stack:[0m
0 SyS_recvfrom 
[32m-------------[0m
Add call<indirect> netlink_recvmsg use @ net/socket.c:811:9 @[ net/socket.c:818:16 @[ net/socket.c:1781:8 @[ net/socket.c:1753:1 ] ] ]
 cause:[32mProcess Stack:[0m
0 SyS_recvfrom 
[32m-------------[0m
Add call<indirect> rxrpc_recvmsg use @ net/socket.c:811:9 @[ net/socket.c:818:16 @[ net/socket.c:1781:8 @[ net/socket.c:1753:1 ] ] ]
 cause:[32mProcess Stack:[0m
0 SyS_recvfrom 
[32m-------------[0m
Add call<indirect> unix_dgram_recvmsg use @ net/socket.c:811:9 @[ net/socket.c:818:16 @[ net/socket.c:1781:8 @[ net/socket.c:1753:1 ] ] ]
 cause:[32mProcess Stack:[0m
0 SyS_recvfrom 
[32m-------------[0m
Add call<indirect> sock_common_recvmsg use @ net/socket.c:811:9 @[ net/socket.c:818:16 @[ net/socket.c:1781:8 @[ net/socket.c:1753:1 ] ] ]
 cause:[32mProcess Stack:[0m
0 SyS_recvfrom 
[32m-------------[0m
Add call<indirect> packet_recvmsg use @ net/socket.c:811:9 @[ net/socket.c:818:16 @[ net/socket.c:1781:8 @[ net/socket.c:1753:1 ] ] ]
 cause:[32mProcess Stack:[0m
0 SyS_recvfrom 
[32m-------------[0m
Add call<direct> move_addr_to_user use @ net/socket.c:1784:10 @[ net/socket.c:1753:1 ]
 cause:[32mProcess Stack:[0m
0 SyS_recvfrom 
[32m-------------[0m
STOP WATCH[1]: 1974.555000 ms
STOP WATCH[0]: 1974.569000 ms
Collected 9 critical functions
Collected 0 critical variables
Collected 2 critical type/fields
[48;5;021m[38;5;255m--- Variables Protected By Gating Function---[0m
[48;5;021m[38;5;255m--- Function Protected By Gating Function---[0m
[32mmove_addr_to_user[0m
    security_socket_recvmsg @ net/socket.c:816:12 @[ net/socket.c:1781:8 @[ net/socket.c:1753:1 ] ]
[32mpacket_recvmsg[0m
    security_socket_recvmsg @ net/socket.c:816:12 @[ net/socket.c:1781:8 @[ net/socket.c:1753:1 ] ]
    security_socket_recvmsg @ net/socket.c:816:12 @[ net/socket.c:845:11 ]
    security_socket_recvmsg @ net/socket.c:816:12 @[ net/socket.c:895:8 ]
    security_socket_recvmsg @ net/socket.c:816:12
[32msock_common_recvmsg[0m
    security_socket_recvmsg @ net/socket.c:816:12 @[ net/socket.c:1781:8 @[ net/socket.c:1753:1 ] ]
    security_socket_recvmsg @ net/socket.c:816:12 @[ net/socket.c:845:11 ]
    security_socket_recvmsg @ net/socket.c:816:12 @[ net/socket.c:895:8 ]
    security_socket_recvmsg @ net/socket.c:816:12
[32munix_seqpacket_recvmsg[0m
    security_socket_recvmsg @ net/socket.c:816:12 @[ net/socket.c:1781:8 @[ net/socket.c:1753:1 ] ]
    security_socket_recvmsg @ net/socket.c:816:12 @[ net/socket.c:845:11 ]
    security_socket_recvmsg @ net/socket.c:816:12 @[ net/socket.c:895:8 ]
    security_socket_recvmsg @ net/socket.c:816:12
[32munix_stream_recvmsg[0m
    security_socket_recvmsg @ net/socket.c:816:12 @[ net/socket.c:1781:8 @[ net/socket.c:1753:1 ] ]
    security_socket_recvmsg @ net/socket.c:816:12 @[ net/socket.c:845:11 ]
    security_socket_recvmsg @ net/socket.c:816:12 @[ net/socket.c:895:8 ]
    security_socket_recvmsg @ net/socket.c:816:12
[32minet_recvmsg[0m
    security_socket_recvmsg @ net/socket.c:816:12 @[ net/socket.c:1781:8 @[ net/socket.c:1753:1 ] ]
    security_socket_recvmsg @ net/socket.c:816:12 @[ net/socket.c:845:11 ]
    security_socket_recvmsg @ net/socket.c:816:12 @[ net/socket.c:895:8 ]
    security_socket_recvmsg @ net/socket.c:816:12
[32mnetlink_recvmsg[0m
    security_socket_recvmsg @ net/socket.c:816:12 @[ net/socket.c:1781:8 @[ net/socket.c:1753:1 ] ]
    security_socket_recvmsg @ net/socket.c:816:12 @[ net/socket.c:845:11 ]
    security_socket_recvmsg @ net/socket.c:816:12 @[ net/socket.c:895:8 ]
    security_socket_recvmsg @ net/socket.c:816:12
[32mrxrpc_recvmsg[0m
    security_socket_recvmsg @ net/socket.c:816:12 @[ net/socket.c:1781:8 @[ net/socket.c:1753:1 ] ]
    security_socket_recvmsg @ net/socket.c:816:12 @[ net/socket.c:845:11 ]
    security_socket_recvmsg @ net/socket.c:816:12 @[ net/socket.c:895:8 ]
    security_socket_recvmsg @ net/socket.c:816:12
[32munix_dgram_recvmsg[0m
    security_socket_recvmsg @ net/socket.c:816:12 @[ net/socket.c:1781:8 @[ net/socket.c:1753:1 ] ]
    security_socket_recvmsg @ net/socket.c:816:12 @[ net/socket.c:845:11 ]
    security_socket_recvmsg @ net/socket.c:816:12 @[ net/socket.c:895:8 ]
    security_socket_recvmsg @ net/socket.c:816:12
[48;5;039m[38;5;255m--- Interesting Type fields and checks ---[0m
[32mstruct.proto_ops.800304:0,[0m
    security_socket_recvmsg @ net/socket.c:816:12 @[ net/socket.c:1781:8 @[ net/socket.c:1753:1 ] ]
    security_socket_recvmsg @ net/socket.c:816:12 @[ net/socket.c:845:11 ]
    security_socket_recvmsg @ net/socket.c:816:12 @[ net/socket.c:895:8 ]
    security_socket_recvmsg @ net/socket.c:816:12
[32mstruct.socket.800305:0,[0m
    security_socket_recvmsg @ net/socket.c:816:12 @[ net/socket.c:1781:8 @[ net/socket.c:1753:1 ] ]
    security_socket_recvmsg @ net/socket.c:816:12 @[ net/socket.c:845:11 ]
    security_socket_recvmsg @ net/socket.c:816:12 @[ net/socket.c:895:8 ]
    security_socket_recvmsg @ net/socket.c:816:12
Run Analysis
Critical functions
[33mInspect Use of Function:move_addr_to_user[0m
[35mUse:net/socket.c:2193:9[0m
[31m=NO CHECK ON PATH=[0m
[32mCall Stack:[0m
0 ___sys_recvmsg net/socket.c:2193:9
1 __sys_recvmmsg net/socket.c:2295:10
2 compat_SyS_recvmmsg net/compat.c:780:14 @[ net/compat.c:766:1 ]
[32m-------------[0m
[35mUse:net/socket.c:2193:9[0m
[31m=NO CHECK ON PATH=[0m
[32mCall Stack:[0m
0 ___sys_recvmsg net/socket.c:2193:9
1 __sys_recvmmsg net/socket.c:2295:10
2 SyS_recvmmsg net/socket.c:2376:14 @[ net/socket.c:2360:1 ]
[32m-------------[0m
[35mUse:net/socket.c:2193:9[0m
[31m=NO CHECK ON PATH=[0m
[32mCall Stack:[0m
0 ___sys_recvmsg net/socket.c:2193:9
1 SyS_recvmsg net/socket.c:2232:8 @[ net/socket.c:2244:9 @[ net/socket.c:2239:1 ] ]
[32m-------------[0m
[35mUse:net/socket.c:2193:9[0m
[31m=NO CHECK ON PATH=[0m
[32mCall Stack:[0m
0 ___sys_recvmsg net/socket.c:2193:9
1 __sys_recvmsg net/socket.c:2232:8
2 compat_SyS_recvmsg net/compat.c:751:9 @[ net/compat.c:749:1 ]
[32m-------------[0m
[35mUse:net/socket.c:1684:10 @[ net/socket.c:1665:1 ][0m
[31m=NO CHECK ON PATH=[0m
[32mCall Stack:[0m
0 SyS_getpeername net/socket.c:1684:10 @[ net/socket.c:1665:1 ]
[32m-------------[0m
[35mUse:net/socket.c:1652:8 @[ net/socket.c:1634:1 ][0m
[31m=NO CHECK ON PATH=[0m
[32mCall Stack:[0m
0 SyS_getsockname net/socket.c:1652:8 @[ net/socket.c:1634:1 ]
[32m-------------[0m
[35mUse:net/socket.c:1563:9 @[ net/socket.c:1504:1 ][0m
[31m=NO CHECK ON PATH=[0m
[32mCall Stack:[0m
0 SyS_accept4 net/socket.c:1563:9 @[ net/socket.c:1504:1 ]
[32m-------------[0m
[32mGood: 1 [31mBad: 9 [33mIgnored: 0[0m
[33mInspect Use of Function:unix_dgram_recvmsg[0m
[31mindirect call @ net/socket.c:811:9 @[ net/socket.c:818:16 @[ net/socket.c:895:8 ] ]
[31mindirect call @ net/socket.c:811:9
[31mindirect call @ net/socket.c:811:9 @[ net/socket.c:818:16 ]
[31mindirect call @ net/socket.c:811:9 @[ net/socket.c:818:16 @[ net/socket.c:1781:8 @[ net/socket.c:1753:1 ] ] ]
[31mindirect call @ net/socket.c:811:9 @[ net/socket.c:818:16 @[ net/socket.c:845:11 ] ]
[33mInspect Use of Function:rxrpc_recvmsg[0m
[31mindirect call @ net/socket.c:811:9 @[ net/socket.c:818:16 @[ net/socket.c:895:8 ] ]
[31mindirect call @ net/socket.c:811:9
[31mindirect call @ net/socket.c:811:9 @[ net/socket.c:818:16 ]
[31mindirect call @ net/socket.c:811:9 @[ net/socket.c:818:16 @[ net/socket.c:1781:8 @[ net/socket.c:1753:1 ] ] ]
[31mindirect call @ net/socket.c:811:9 @[ net/socket.c:818:16 @[ net/socket.c:845:11 ] ]
[33mInspect Use of Function:sock_common_recvmsg[0m
[31mindirect call @ net/socket.c:811:9 @[ net/socket.c:818:16 @[ net/socket.c:895:8 ] ]
[31mindirect call @ net/socket.c:811:9
[31mindirect call @ net/socket.c:811:9 @[ net/socket.c:818:16 ]
[31mindirect call @ net/socket.c:811:9 @[ net/socket.c:818:16 @[ net/socket.c:1781:8 @[ net/socket.c:1753:1 ] ] ]
[31mindirect call @ net/socket.c:811:9 @[ net/socket.c:818:16 @[ net/socket.c:845:11 ] ]
[33mInspect Use of Function:packet_recvmsg[0m
[31mindirect call @ net/socket.c:811:9 @[ net/socket.c:818:16 @[ net/socket.c:895:8 ] ]
[31mindirect call @ net/socket.c:811:9
[31mindirect call @ net/socket.c:811:9 @[ net/socket.c:818:16 ]
[31mindirect call @ net/socket.c:811:9 @[ net/socket.c:818:16 @[ net/socket.c:1781:8 @[ net/socket.c:1753:1 ] ] ]
[31mindirect call @ net/socket.c:811:9 @[ net/socket.c:818:16 @[ net/socket.c:845:11 ] ]
[33mInspect Use of Function:unix_seqpacket_recvmsg[0m
[31mindirect call @ net/socket.c:811:9 @[ net/socket.c:818:16 @[ net/socket.c:895:8 ] ]
[31mindirect call @ net/socket.c:811:9
[31mindirect call @ net/socket.c:811:9 @[ net/socket.c:818:16 ]
[31mindirect call @ net/socket.c:811:9 @[ net/socket.c:818:16 @[ net/socket.c:1781:8 @[ net/socket.c:1753:1 ] ] ]
[31mindirect call @ net/socket.c:811:9 @[ net/socket.c:818:16 @[ net/socket.c:845:11 ] ]
[33mInspect Use of Function:unix_stream_recvmsg[0m
[31mindirect call @ net/socket.c:811:9 @[ net/socket.c:818:16 @[ net/socket.c:895:8 ] ]
[31mindirect call @ net/socket.c:811:9
[31mindirect call @ net/socket.c:811:9 @[ net/socket.c:818:16 ]
[31mindirect call @ net/socket.c:811:9 @[ net/socket.c:818:16 @[ net/socket.c:1781:8 @[ net/socket.c:1753:1 ] ] ]
[31mindirect call @ net/socket.c:811:9 @[ net/socket.c:818:16 @[ net/socket.c:845:11 ] ]
[33mInspect Use of Function:inet_recvmsg[0m
[31mindirect call @ net/socket.c:811:9 @[ net/socket.c:818:16 @[ net/socket.c:895:8 ] ]
[31mindirect call @ net/socket.c:811:9
[31mindirect call @ net/socket.c:811:9 @[ net/socket.c:818:16 ]
[31mindirect call @ net/socket.c:811:9 @[ net/socket.c:818:16 @[ net/socket.c:1781:8 @[ net/socket.c:1753:1 ] ] ]
[31mindirect call @ net/socket.c:811:9 @[ net/socket.c:818:16 @[ net/socket.c:845:11 ] ]
[33mInspect Use of Function:netlink_recvmsg[0m
[31mindirect call @ net/socket.c:811:9 @[ net/socket.c:818:16 @[ net/socket.c:895:8 ] ]
[31mindirect call @ net/socket.c:811:9
[31mindirect call @ net/socket.c:811:9 @[ net/socket.c:818:16 ]
[31mindirect call @ net/socket.c:811:9 @[ net/socket.c:818:16 @[ net/socket.c:1781:8 @[ net/socket.c:1753:1 ] ] ]
[31mindirect call @ net/socket.c:811:9 @[ net/socket.c:818:16 @[ net/socket.c:845:11 ] ]
STOP WATCH[0]: 424.384000 ms
[36m--- DONE! ---[0m
------------STATISTICS---------------
    53021 : Functions greeted
    110 : External functions
    0 : Discovered Path
    0 : Matched Path
    33 : Good Path
    9 : Bad Path
    9 : Ignored Path
    0 : Path Unable to Resolve
    0 : Resolved CallSite Using Function Pointer
    9 : Critical Functions
    0 : Critical Variables
    0 : # of times max depth for forward analysis hit
    0 : # of times max depth for backward analysis hit
    0 : Critical Function Pointer Unable to Resolve, Collect Pass
    4 : Critical Function Pointer Resolved, Collect Pass
    8 : Critical Functions used by non CallInst
    1 : Critical Functions used by static assignment
    0 : # of times indirect call site matched with critical functions
    24 : # of times indirect call site failed to match with critical functions
    0 : found capability check inside call using function ptr




===-------------------------------------------------------------------------===
                          ... Statistics Collected ...
===-------------------------------------------------------------------------===

16305946 bitcode-reader - Number of Metadata records loaded
  232630 bitcode-reader - Number of MDStrings loaded

