[36m--- PROCESS FUNCTIONS ---[0m
Pre-processing...
Load skip function list, total:360
Load skip var list, total:22
Load kernel api list, total:1048
Collect all functions and indirect callsites
STOP WATCH[0]: 805.805000 ms
Process Gating Functions
Load LSM hook list, total:1
STOP WATCH[0]: 14.360000 ms
[48;5;021m[38;5;255m=LSM hook functions=[0m
. security_file_free
=o=
Collect Checkpoints
STOP WATCH[0]: 945.002000 ms
Identify interesting struct
STOP WATCH[0]: 5.929000 ms
Identify Logical Modules
STOP WATCH[0]: 61.097000 ms
STOP WATCH[0]: 7078.662000 ms
Collecting Initialization Closure.
Finding Kernel Entry Point and all __initcall_
[32mFound x86_64_start_kernel[0m
STOP WATCH[1]: 69.596000 ms
Initial Kernel Init Function Count:642
Over Approximate Kernel Init Functions
STOP WATCH[1]: 133.731000 ms
Refine Result
refine pass 0 3413 left
refine pass 1 2221 left
refine pass 2 1865 left
refine pass 3 1773 left
refine pass 4 1736 left
refine pass 5 1731 left
refine pass 6 1729 left
 Refine result : count=1729
STOP WATCH[1]: 53.501000 ms
STOP WATCH[0]: 257.588000 ms
Collect all permission-checked variables and functions
Add call<direct> cdev_put use @ fs/file_table.c:214:3
 cause:[32mProcess Stack:[0m
0 __fput fs/file_table.c:188:33
[32m-------------[0m
Add call<direct> __mnt_drop_write use @ fs/file_table.c:222:3
 cause:[32mProcess Stack:[0m
0 __fput fs/file_table.c:188:33
[32m-------------[0m
STOP WATCH[1]: 2047.836000 ms
STOP WATCH[0]: 2047.849000 ms
Collected 2 critical functions
Collected 2 critical variables
Collected 0 critical type/fields
[48;5;021m[38;5;255m--- Variables Protected By Gating Function---[0m
[32mnr_files[0m
    security_file_free @ fs/file_table.c:211:2
[32mpercpu_counter_batch[0m
    security_file_free @ fs/file_table.c:211:2
[48;5;021m[38;5;255m--- Function Protected By Gating Function---[0m
[32m__mnt_drop_write[0m
    security_file_free @ fs/file_table.c:211:2
[32mcdev_put[0m
    security_file_free @ fs/file_table.c:211:2
[48;5;039m[38;5;255m--- Interesting Type fields and checks ---[0m
Run Analysis
Critical functions
[33mInspect Use of Function:cdev_put[0m
[33mInspect Use of Function:__mnt_drop_write[0m
[35mUse:fs/inode.c:1738:2[0m
[31m=NO CHECK ON PATH=[0m
[32mCall Stack:[0m
0 touch_atime fs/inode.c:1738:2
1 generic_file_splice_read ./include/linux/fs.h:2065:3 @[ fs/splice.c:310:3 ]
[32m-------------[0m
[35mUse:fs/inode.c:1738:2[0m
[31m=NO CHECK ON PATH=[0m
[32mCall Stack:[0m
0 touch_atime fs/inode.c:1738:2
1 generic_file_splice_read ./include/linux/fs.h:2065:3 @[ fs/splice.c:310:3 ]
[32m-------------[0m
[35mUse:fs/inode.c:1738:2[0m
[31m=NO CHECK ON PATH=[0m
[32mCall Stack:[0m
0 touch_atime fs/inode.c:1738:2
1 generic_file_splice_read ./include/linux/fs.h:2065:3 @[ fs/splice.c:310:3 ]
[32m-------------[0m
[35mUse:fs/inode.c:1738:2[0m
[31m=NO CHECK ON PATH=[0m
[32mCall Stack:[0m
0 touch_atime fs/inode.c:1738:2
1 generic_file_splice_read ./include/linux/fs.h:2065:3 @[ fs/splice.c:310:3 ]
[32m-------------[0m
[35mUse:fs/inode.c:1738:2[0m
[31m=NO CHECK ON PATH=[0m
[32mCall Stack:[0m
0 touch_atime fs/inode.c:1738:2
1 generic_file_splice_read ./include/linux/fs.h:2065:3 @[ fs/splice.c:310:3 ]
[32m-------------[0m
[35mUse:fs/inode.c:1738:2[0m
[31m=NO CHECK ON PATH=[0m
[32mCall Stack:[0m
0 touch_atime fs/inode.c:1738:2
1 generic_file_splice_read ./include/linux/fs.h:2065:3 @[ fs/splice.c:310:3 ]
[32m-------------[0m
[35mUse:fs/inode.c:1738:2[0m
[31m=NO CHECK ON PATH=[0m
[32mCall Stack:[0m
0 touch_atime fs/inode.c:1738:2
1 generic_file_splice_read ./include/linux/fs.h:2065:3 @[ fs/splice.c:310:3 ]
[32m-------------[0m
[35mUse:fs/inode.c:1738:2[0m
[31m=NO CHECK ON PATH=[0m
[32mCall Stack:[0m
0 touch_atime fs/inode.c:1738:2
1 generic_file_splice_read ./include/linux/fs.h:2065:3 @[ fs/splice.c:310:3 ]
[32m-------------[0m
[35mUse:fs/inode.c:1738:2[0m
[31m=NO CHECK ON PATH=[0m
[32mCall Stack:[0m
0 touch_atime fs/inode.c:1738:2
1 generic_file_splice_read ./include/linux/fs.h:2065:3 @[ fs/splice.c:310:3 ]
[32m-------------[0m
[35mUse:fs/inode.c:1738:2[0m
[31m=NO CHECK ON PATH=[0m
[32mCall Stack:[0m
0 touch_atime fs/inode.c:1738:2
1 generic_file_splice_read ./include/linux/fs.h:2065:3 @[ fs/splice.c:310:3 ]
[32m-------------[0m
[35mUse:fs/inode.c:1738:2[0m
[31m=NO CHECK ON PATH=[0m
[32mCall Stack:[0m
0 touch_atime fs/inode.c:1738:2
1 generic_file_splice_read ./include/linux/fs.h:2065:3 @[ fs/splice.c:310:3 ]
[32m-------------[0m
[35mUse:fs/inode.c:1738:2[0m
[31m=NO CHECK ON PATH=[0m
[32mCall Stack:[0m
0 touch_atime fs/inode.c:1738:2
1 generic_file_splice_read ./include/linux/fs.h:2065:3 @[ fs/splice.c:310:3 ]
[32m-------------[0m
[35mUse:fs/inode.c:1738:2[0m
[31m=NO CHECK ON PATH=[0m
[32mCall Stack:[0m
0 touch_atime fs/inode.c:1738:2
1 generic_file_splice_read ./include/linux/fs.h:2065:3 @[ fs/splice.c:310:3 ]
[32m-------------[0m
[35mUse:fs/inode.c:1738:2[0m
[31m=NO CHECK ON PATH=[0m
[32mCall Stack:[0m
0 touch_atime fs/inode.c:1738:2
1 gfs2_mmap ./include/linux/fs.h:2065:3 @[ fs/gfs2/file.c:530:3 ]
[32m-------------[0m
[35mUse:fs/inode.c:1738:2[0m
[31m=NO CHECK ON PATH=[0m
[32mCall Stack:[0m
0 touch_atime fs/inode.c:1738:2
1 btrfs_file_mmap ./include/linux/fs.h:2065:3 @[ fs/btrfs/file.c:2285:2 ]
[32m-------------[0m
[35mUse:fs/inode.c:1738:2[0m
[31m=NO CHECK ON PATH=[0m
[32mCall Stack:[0m
0 touch_atime fs/inode.c:1738:2
1 trailing_symlink fs/namei.c:1028:3 @[ fs/namei.c:2242:6 ]
2 path_mountpoint fs/namei.c:2679:7
3 filename_mountpoint fs/namei.c:2708:11
4 user_path_mountpoint_at fs/namei.c:2734:9
5 SyS_umount fs/namespace.c:1699:11 @[ fs/namespace.c:1683:1 ]
[32m-------------[0m
[35mUse:fs/inode.c:1738:2[0m
[31m=NO CHECK ON PATH=[0m
[32mCall Stack:[0m
0 touch_atime fs/inode.c:1738:2
1 trailing_symlink fs/namei.c:1028:3 @[ fs/namei.c:2242:6 ]
2 path_lookupat fs/namei.c:2303:7
3 filename_lookup fs/namei.c:2340:12
4 SyS_linkat fs/namei.c:2590:9 @[ ./include/linux/namei.h:57:9 @[ fs/namei.c:4262:10 @[ fs/namei.c:4237:1 ] ] ]
[32m-------------[0m
[35mUse:fs/inode.c:1738:2[0m
[31m=NO CHECK ON PATH=[0m
[32mCall Stack:[0m
0 touch_atime fs/inode.c:1738:2
1 trailing_symlink fs/namei.c:1028:3 @[ fs/namei.c:2242:6 ]
2 path_lookupat fs/namei.c:2303:7
3 filename_lookup fs/namei.c:2340:12
4 kern_path fs/namei.c:2425:9
5 perf_ioctl kernel/events/core.c:8448:11 @[ kernel/events/core.c:8503:8 @[ kernel/events/core.c:8569:9 @[ kernel/events/core.c:4717:10 @[ kernel/events/core.c:4754:8 ] ] ] ]
6 perf_compat_ioctl kernel/events/core.c:4774:9
[32m-------------[0m
[35mUse:fs/inode.c:1738:2[0m
[31m=NO CHECK ON PATH=[0m
[32mCall Stack:[0m
0 touch_atime fs/inode.c:1738:2
1 trailing_symlink fs/namei.c:1028:3 @[ fs/namei.c:2242:6 ]
2 path_lookupat fs/namei.c:2303:7
3 filename_lookup fs/namei.c:2340:12
4 kern_path fs/namei.c:2425:9
5 perf_ioctl kernel/events/core.c:8448:11 @[ kernel/events/core.c:8503:8 @[ kernel/events/core.c:8569:9 @[ kernel/events/core.c:4717:10 @[ kernel/events/core.c:4754:8 ] ] ] ]
[32m-------------[0m
[35mUse:fs/inode.c:1738:2[0m
[31m=NO CHECK ON PATH=[0m
[32mCall Stack:[0m
0 touch_atime fs/inode.c:1738:2
1 trailing_symlink fs/namei.c:1028:3 @[ fs/namei.c:2242:6 ]
2 path_lookupat fs/namei.c:2303:7
3 filename_lookup fs/namei.c:2340:12
4 kern_path fs/namei.c:2425:9
5 do_mount fs/namespace.c:2207:8 @[ fs/namespace.c:2836:12 ]
6 compat_SyS_mount fs/compat.c:195:11 @[ fs/compat.c:160:1 ]
[32m-------------[0m
[35mUse:fs/inode.c:1738:2[0m
[31m=NO CHECK ON PATH=[0m
[32mCall Stack:[0m
0 touch_atime fs/inode.c:1738:2
1 trailing_symlink fs/namei.c:1028:3 @[ fs/namei.c:2242:6 ]
2 path_lookupat fs/namei.c:2303:7
3 filename_lookup fs/namei.c:2340:12
4 kern_path fs/namei.c:2425:9
5 do_mount fs/namespace.c:2207:8 @[ fs/namespace.c:2836:12 ]
6 SyS_mount fs/namespace.c:3058:8 @[ fs/namespace.c:3035:1 ]
[32m-------------[0m
[35mUse:fs/inode.c:1738:2[0m
[31m=NO CHECK ON PATH=[0m
[32mCall Stack:[0m
0 touch_atime fs/inode.c:1738:2
1 trailing_symlink fs/namei.c:1028:3 @[ fs/namei.c:2242:6 ]
2 path_lookupat fs/namei.c:2303:7
3 filename_lookup fs/namei.c:2340:12
4 kern_path fs/namei.c:2425:9
5 blkdev_get_by_path fs/block_dev.c:2070:10 @[ fs/block_dev.c:1665:9 ]
6 btrfs_find_device_missing_or_by_path fs/btrfs/volumes.c:297:10 @[ fs/btrfs/volumes.c:2101:8 @[ fs/btrfs/volumes.c:2142:10 ] ]
7 btrfs_find_device_by_devspec fs/btrfs/volumes.c:2164:9
8 btrfs_dev_replace_start fs/btrfs/dev-replace.c:320:8
9 btrfs_dev_replace_by_ioctl fs/btrfs/dev-replace.c:443:8
10 btrfs_ioctl fs/btrfs/ioctl.c:4432:10 @[ fs/btrfs/ioctl.c:5664:10 ]
11 btrfs_compat_ioctl fs/btrfs/ioctl.c:5699:9
[32m-------------[0m
[35mUse:fs/inode.c:1738:2[0m
[31m=NO CHECK ON PATH=[0m
[32mCall Stack:[0m
0 touch_atime fs/inode.c:1738:2
1 trailing_symlink fs/namei.c:1028:3 @[ fs/namei.c:2242:6 ]
2 path_lookupat fs/namei.c:2303:7
3 filename_lookup fs/namei.c:2340:12
4 kern_path fs/namei.c:2425:9
5 blkdev_get_by_path fs/block_dev.c:2070:10 @[ fs/block_dev.c:1665:9 ]
6 btrfs_find_device_missing_or_by_path fs/btrfs/volumes.c:297:10 @[ fs/btrfs/volumes.c:2101:8 @[ fs/btrfs/volumes.c:2142:10 ] ]
7 btrfs_find_device_by_devspec fs/btrfs/volumes.c:2164:9
8 btrfs_dev_replace_start fs/btrfs/dev-replace.c:320:8
9 btrfs_dev_replace_by_ioctl fs/btrfs/dev-replace.c:443:8
10 btrfs_ioctl fs/btrfs/ioctl.c:4432:10 @[ fs/btrfs/ioctl.c:5664:10 ]
11 btrfs_compat_ioctl fs/btrfs/ioctl.c:5699:9
[32m-------------[0m
[35mUse:fs/inode.c:1738:2[0m
[31m=NO CHECK ON PATH=[0m
[32mCall Stack:[0m
0 touch_atime fs/inode.c:1738:2
1 trailing_symlink fs/namei.c:1028:3 @[ fs/namei.c:2242:6 ]
2 path_lookupat fs/namei.c:2303:7
3 filename_lookup fs/namei.c:2340:12
4 kern_path fs/namei.c:2425:9
5 blkdev_get_by_path fs/block_dev.c:2070:10 @[ fs/block_dev.c:1665:9 ]
6 btrfs_find_device_missing_or_by_path fs/btrfs/volumes.c:297:10 @[ fs/btrfs/volumes.c:2101:8 @[ fs/btrfs/volumes.c:2142:10 ] ]
7 btrfs_find_device_by_devspec fs/btrfs/volumes.c:2164:9
8 btrfs_dev_replace_start fs/btrfs/dev-replace.c:320:8
9 btrfs_dev_replace_by_ioctl fs/btrfs/dev-replace.c:443:8
10 btrfs_ioctl fs/btrfs/ioctl.c:4432:10 @[ fs/btrfs/ioctl.c:5664:10 ]
[32m-------------[0m
[35mUse:fs/inode.c:1738:2[0m
[31m=NO CHECK ON PATH=[0m
[32mCall Stack:[0m
0 touch_atime fs/inode.c:1738:2
1 trailing_symlink fs/namei.c:1028:3 @[ fs/namei.c:2242:6 ]
2 path_lookupat fs/namei.c:2303:7
3 filename_lookup fs/namei.c:2340:12
4 kern_path fs/namei.c:2425:9
5 blkdev_get_by_path fs/block_dev.c:2070:10 @[ fs/block_dev.c:1665:9 ]
6 btrfs_find_device_missing_or_by_path fs/btrfs/volumes.c:297:10 @[ fs/btrfs/volumes.c:2101:8 @[ fs/btrfs/volumes.c:2142:10 ] ]
7 btrfs_find_device_by_devspec fs/btrfs/volumes.c:2164:9
8 btrfs_dev_replace_start fs/btrfs/dev-replace.c:320:8
9 btrfs_dev_replace_by_ioctl fs/btrfs/dev-replace.c:443:8
10 btrfs_ioctl fs/btrfs/ioctl.c:4432:10 @[ fs/btrfs/ioctl.c:5664:10 ]
[32m-------------[0m
[35mUse:fs/inode.c:1738:2[0m
[31m=NO CHECK ON PATH=[0m
[32mCall Stack:[0m
0 touch_atime fs/inode.c:1738:2
1 trailing_symlink fs/namei.c:1028:3 @[ fs/namei.c:2242:6 ]
2 path_lookupat fs/namei.c:2303:7
3 filename_lookup fs/namei.c:2340:12
4 kern_path fs/namei.c:2425:9
5 blkdev_get_by_path fs/block_dev.c:2070:10 @[ fs/block_dev.c:1665:9 ]
6 btrfs_scan_one_device fs/btrfs/volumes.c:1137:9
7 btrfs_control_ioctl fs/btrfs/super.c:2209:9
[32m-------------[0m
[35mUse:fs/inode.c:1738:2[0m
[31m=NO CHECK ON PATH=[0m
[32mCall Stack:[0m
0 touch_atime fs/inode.c:1738:2
1 trailing_symlink fs/namei.c:1028:3 @[ fs/namei.c:2242:6 ]
2 path_lookupat fs/namei.c:2303:7
3 filename_lookup fs/namei.c:2340:12
4 kern_path fs/namei.c:2425:9
5 blkdev_get_by_path fs/block_dev.c:2070:10 @[ fs/block_dev.c:1665:9 ]
6 btrfs_scan_one_device fs/btrfs/volumes.c:1137:9
7 btrfs_control_ioctl fs/btrfs/super.c:2209:9
[32m-------------[0m
[35mUse:fs/inode.c:1738:2[0m
[31m=NO CHECK ON PATH=[0m
[32mCall Stack:[0m
0 touch_atime fs/inode.c:1738:2
1 trailing_symlink fs/namei.c:1028:3 @[ fs/namei.c:2242:6 ]
2 path_lookupat fs/namei.c:2303:7
3 filename_lookup fs/namei.c:2340:12
4 kern_path fs/namei.c:2425:9
5 configfs_symlink fs/configfs/symlink.c:116:8 @[ fs/configfs/symlink.c:160:8 ]
[32m-------------[0m
[35mUse:fs/inode.c:1738:2[0m
[31m=NO CHECK ON PATH=[0m
[32mCall Stack:[0m
0 touch_atime fs/inode.c:1738:2
1 trailing_symlink fs/namei.c:1028:3 @[ fs/namei.c:2242:6 ]
2 path_lookupat fs/namei.c:2303:7
3 filename_lookup fs/namei.c:2340:12
4 kern_path fs/namei.c:2425:9
5 lookup_bdev fs/block_dev.c:2070:10
6 SyS_quotactl fs/quota/quota.c:810:9 @[ fs/quota/quota.c:871:7 @[ fs/quota/quota.c:836:1 ] ]
[32m-------------[0m
[35mUse:fs/inode.c:1738:2[0m
[31m=NO CHECK ON PATH=[0m
[32mCall Stack:[0m
0 touch_atime fs/inode.c:1738:2
1 trailing_symlink fs/namei.c:1028:3 @[ fs/namei.c:2242:6 ]
2 path_lookupat fs/namei.c:2303:7
3 filename_lookup fs/namei.c:2340:12
4 vfs_path_lookup fs/namei.c:2444:9
5 mount_subtree fs/namespace.c:3016:8
6 nfs_follow_remote_path fs/nfs/nfs4super.c:231:11
7 nfs4_try_mount fs/nfs/nfs4super.c:254:8
[32m-------------[0m
[35mUse:fs/inode.c:1738:2[0m
[31m=NO CHECK ON PATH=[0m
[32mCall Stack:[0m
0 touch_atime fs/inode.c:1738:2
1 trailing_symlink fs/namei.c:1028:3 @[ fs/namei.c:2242:6 ]
2 path_lookupat fs/namei.c:2303:7
3 filename_lookup fs/namei.c:2340:12
4 vfs_path_lookup fs/namei.c:2444:9
5 mntns_install fs/namespace.c:3484:8
[32m-------------[0m
[35mUse:fs/inode.c:1738:2[0m
[31m=NO CHECK ON PATH=[0m
[32mCall Stack:[0m
0 touch_atime fs/inode.c:1738:2
1 link_path_walk fs/namei.c:1028:3 @[ fs/namei.c:2119:20 ]
2 filename_parentat fs/namei.c:2357:8 @[ fs/namei.c:2383:12 ]
3 SyS_renameat2 fs/namei.c:4518:7 @[ fs/namei.c:4482:1 ]
[32m-------------[0m
[35mUse:fs/inode.c:1738:2[0m
[31m=NO CHECK ON PATH=[0m
[32mCall Stack:[0m
0 touch_atime fs/inode.c:1738:2
1 link_path_walk fs/namei.c:1028:3 @[ fs/namei.c:2119:20 ]
2 filename_parentat fs/namei.c:2357:8 @[ fs/namei.c:2383:12 ]
3 do_unlinkat fs/namei.c:4015:9
4 SyS_unlink fs/namei.c:4088:9 @[ fs/namei.c:4086:1 ]
[32m-------------[0m
[35mUse:fs/inode.c:1738:2[0m
[31m=NO CHECK ON PATH=[0m
[32mCall Stack:[0m
0 touch_atime fs/inode.c:1738:2
1 link_path_walk fs/namei.c:1028:3 @[ fs/namei.c:2119:20 ]
2 filename_parentat fs/namei.c:2357:8 @[ fs/namei.c:2383:12 ]
3 do_unlinkat fs/namei.c:4015:9
4 SyS_unlinkat fs/namei.c:4083:9 @[ fs/namei.c:4075:1 ]
[32m-------------[0m
[35mUse:fs/inode.c:1738:2[0m
[31m=NO CHECK ON PATH=[0m
[32mCall Stack:[0m
0 touch_atime fs/inode.c:1738:2
1 link_path_walk fs/namei.c:1028:3 @[ fs/namei.c:2119:20 ]
2 filename_parentat fs/namei.c:2357:8 @[ fs/namei.c:2383:12 ]
3 do_rmdir fs/namei.c:3886:9
4 SyS_rmdir fs/namei.c:3937:9 @[ fs/namei.c:3935:1 ]
[32m-------------[0m
[35mUse:fs/inode.c:1738:2[0m
[31m=NO CHECK ON PATH=[0m
[32mCall Stack:[0m
0 touch_atime fs/inode.c:1738:2
1 link_path_walk fs/namei.c:1028:3 @[ fs/namei.c:2119:20 ]
2 filename_parentat fs/namei.c:2357:8 @[ fs/namei.c:2383:12 ]
3 filename_create fs/namei.c:3608:9
4 SyS_symlinkat fs/namei.c:3683:9 @[ fs/namei.c:4125:11 @[ fs/namei.c:4112:1 ] ]
[32m-------------[0m
[35mUse:fs/inode.c:1738:2[0m
[31m=NO CHECK ON PATH=[0m
[32mCall Stack:[0m
0 touch_atime fs/inode.c:1738:2
1 link_path_walk fs/namei.c:1028:3 @[ fs/namei.c:2119:20 ]
2 filename_parentat fs/namei.c:2357:8 @[ fs/namei.c:2383:12 ]
3 filename_create fs/namei.c:3608:9
4 SyS_mkdirat fs/namei.c:3683:9 @[ fs/namei.c:3815:11 @[ fs/namei.c:3807:1 ] ]
[32m-------------[0m
[35mUse:fs/inode.c:1738:2[0m
[31m=NO CHECK ON PATH=[0m
[32mCall Stack:[0m
0 touch_atime fs/inode.c:1738:2
1 link_path_walk fs/namei.c:1028:3 @[ fs/namei.c:2119:20 ]
2 filename_parentat fs/namei.c:2357:8 @[ fs/namei.c:2383:12 ]
3 filename_create fs/namei.c:3608:9
4 SyS_mknodat fs/namei.c:3683:9 @[ fs/namei.c:3744:11 @[ fs/namei.c:3732:1 ] ]
[32m-------------[0m
[35mUse:fs/inode.c:1738:2[0m
[31m=NO CHECK ON PATH=[0m
[32mCall Stack:[0m
0 touch_atime fs/inode.c:1738:2
1 coda_readdir ./include/linux/fs.h:2065:3 @[ fs/coda/dir.c:445:5 ]
[32m-------------[0m
[35mUse:fs/inode.c:1738:2[0m
[31m=NO CHECK ON PATH=[0m
[32mCall Stack:[0m
0 touch_atime fs/inode.c:1738:2
1 ncp_file_read_iter ./include/linux/fs.h:2065:3 @[ fs/ncpfs/file.c:160:2 ]
[32m-------------[0m
[35mUse:fs/inode.c:1738:2[0m
[31m=NO CHECK ON PATH=[0m
[32mCall Stack:[0m
0 touch_atime fs/inode.c:1738:2
1 SyS_readlinkat fs/stat.c:405:5 @[ fs/stat.c:382:1 ]
[32m-------------[0m
[35mUse:fs/inode.c:1738:2[0m
[31m=NO CHECK ON PATH=[0m
[32mCall Stack:[0m
0 touch_atime fs/inode.c:1738:2
1 ceph_mmap ./include/linux/fs.h:2065:3 @[ fs/ceph/addr.c:1800:2 ]
[32m-------------[0m
[35mUse:fs/inode.c:1738:2[0m
[31m=NO CHECK ON PATH=[0m
[32mCall Stack:[0m
0 touch_atime fs/inode.c:1738:2
1 generic_file_read_iter ./include/linux/fs.h:2065:3 @[ mm/filemap.c:2342:3 ]
[32m-------------[0m
[35mUse:fs/inode.c:1738:2[0m
[31m=NO CHECK ON PATH=[0m
[32mCall Stack:[0m
0 touch_atime fs/inode.c:1738:2
1 generic_file_read_iter ./include/linux/fs.h:2065:3 @[ mm/filemap.c:2342:3 ]
[32m-------------[0m
[35mUse:fs/inode.c:1738:2[0m
[31m=NO CHECK ON PATH=[0m
[32mCall Stack:[0m
0 touch_atime fs/inode.c:1738:2
1 generic_file_read_iter ./include/linux/fs.h:2065:3 @[ mm/filemap.c:2342:3 ]
[32m-------------[0m
[35mUse:fs/inode.c:1738:2[0m
[31m=NO CHECK ON PATH=[0m
[32mCall Stack:[0m
0 touch_atime fs/inode.c:1738:2
1 generic_file_read_iter ./include/linux/fs.h:2065:3 @[ mm/filemap.c:2342:3 ]
[32m-------------[0m
[35mUse:fs/inode.c:1738:2[0m
[31m=NO CHECK ON PATH=[0m
[32mCall Stack:[0m
0 touch_atime fs/inode.c:1738:2
1 generic_file_read_iter ./include/linux/fs.h:2065:3 @[ mm/filemap.c:2342:3 ]
[32m-------------[0m
[35mUse:fs/inode.c:1738:2[0m
[31m=NO CHECK ON PATH=[0m
[32mCall Stack:[0m
0 touch_atime fs/inode.c:1738:2
1 generic_file_read_iter ./include/linux/fs.h:2065:3 @[ mm/filemap.c:2342:3 ]
[32m-------------[0m
[35mUse:fs/inode.c:1738:2[0m
[31m=NO CHECK ON PATH=[0m
[32mCall Stack:[0m
0 touch_atime fs/inode.c:1738:2
1 generic_file_read_iter ./include/linux/fs.h:2065:3 @[ mm/filemap.c:2342:3 ]
[32m-------------[0m
[35mUse:fs/inode.c:1738:2[0m
[31m=NO CHECK ON PATH=[0m
[32mCall Stack:[0m
0 touch_atime fs/inode.c:1738:2
1 generic_file_read_iter ./include/linux/fs.h:2065:3 @[ mm/filemap.c:2342:3 ]
[32m-------------[0m
[35mUse:fs/inode.c:1738:2[0m
[31m=NO CHECK ON PATH=[0m
[32mCall Stack:[0m
0 touch_atime fs/inode.c:1738:2
1 generic_file_read_iter ./include/linux/fs.h:2065:3 @[ mm/filemap.c:2342:3 ]
[32m-------------[0m
[35mUse:fs/inode.c:1738:2[0m
[31m=NO CHECK ON PATH=[0m
[32mCall Stack:[0m
0 touch_atime fs/inode.c:1738:2
1 generic_file_read_iter ./include/linux/fs.h:2065:3 @[ mm/filemap.c:2342:3 ]
[32m-------------[0m
[35mUse:fs/inode.c:1738:2[0m
[31m=NO CHECK ON PATH=[0m
[32mCall Stack:[0m
0 touch_atime fs/inode.c:1738:2
1 generic_file_read_iter ./include/linux/fs.h:2065:3 @[ mm/filemap.c:2342:3 ]
2 ceph_read_iter fs/ceph/file.c:1206:9
[32m-------------[0m
[35mUse:fs/inode.c:1738:2[0m
[31m=NO CHECK ON PATH=[0m
[32mCall Stack:[0m
0 touch_atime fs/inode.c:1738:2
1 generic_file_read_iter ./include/linux/fs.h:2065:3 @[ mm/filemap.c:2342:3 ]
2 xfs_file_buffered_aio_read fs/xfs/xfs_file.c:271:8
3 xfs_file_read_iter fs/xfs/xfs_file.c:296:9
[32m-------------[0m
[35mUse:fs/inode.c:1738:2[0m
[31m=NO CHECK ON PATH=[0m
[32mCall Stack:[0m
0 touch_atime fs/inode.c:1738:2
1 generic_file_read_iter ./include/linux/fs.h:2065:3 @[ mm/filemap.c:2342:3 ]
2 cifs_strict_readv fs/cifs/file.c:3347:10
[32m-------------[0m
[35mUse:fs/inode.c:1738:2[0m
[31m=NO CHECK ON PATH=[0m
[32mCall Stack:[0m
0 touch_atime fs/inode.c:1738:2
1 generic_file_read_iter ./include/linux/fs.h:2065:3 @[ mm/filemap.c:2342:3 ]
2 cifs_loose_read_iter fs/cifs/cifsfs.c:780:9
[32m-------------[0m
[35mUse:fs/inode.c:1738:2[0m
[31m=NO CHECK ON PATH=[0m
[32mCall Stack:[0m
0 touch_atime fs/inode.c:1738:2
1 generic_file_read_iter ./include/linux/fs.h:2065:3 @[ mm/filemap.c:2342:3 ]
2 cifs_loose_read_iter fs/cifs/cifsfs.c:780:9
[32m-------------[0m
[35mUse:fs/inode.c:1738:2[0m
[31m=NO CHECK ON PATH=[0m
[32mCall Stack:[0m
0 touch_atime fs/inode.c:1738:2
1 generic_file_read_iter ./include/linux/fs.h:2065:3 @[ mm/filemap.c:2342:3 ]
2 nfs_file_read fs/nfs/file.c:169:12
[32m-------------[0m
[35mUse:fs/inode.c:1738:2[0m
[31m=NO CHECK ON PATH=[0m
[32mCall Stack:[0m
0 touch_atime fs/inode.c:1738:2
1 generic_file_read_iter ./include/linux/fs.h:2065:3 @[ mm/filemap.c:2342:3 ]
2 blkdev_read_iter fs/block_dev.c:1913:9
[32m-------------[0m
[35mUse:fs/inode.c:1738:2[0m
[31m=NO CHECK ON PATH=[0m
[32mCall Stack:[0m
0 touch_atime fs/inode.c:1738:2
1 splice_direct_to_actor ./include/linux/fs.h:2065:3 @[ fs/splice.c:991:2 ]
2 do_splice_direct fs/splice.c:1061:8
3 vfs_copy_file_range fs/read_write.c:1580:8
4 SyS_copy_file_range fs/read_write.c:1633:8 @[ fs/read_write.c:1600:1 ]
[32m-------------[0m
[35mUse:fs/inode.c:1738:2[0m
[31m=NO CHECK ON PATH=[0m
[32mCall Stack:[0m
0 touch_atime fs/inode.c:1738:2
1 splice_direct_to_actor ./include/linux/fs.h:2065:3 @[ fs/splice.c:991:2 ]
2 do_splice_direct fs/splice.c:1061:8
3 do_sendfile fs/read_write.c:1413:11
4 compat_SyS_sendfile64 fs/read_write.c:1513:9 @[ fs/read_write.c:1498:1 ]
[32m-------------[0m
[35mUse:fs/inode.c:1738:2[0m
[31m=NO CHECK ON PATH=[0m
[32mCall Stack:[0m
0 touch_atime fs/inode.c:1738:2
1 splice_direct_to_actor ./include/linux/fs.h:2065:3 @[ fs/splice.c:991:2 ]
2 do_splice_direct fs/splice.c:1061:8
3 do_sendfile fs/read_write.c:1413:11
4 compat_SyS_sendfile fs/read_write.c:1495:9 @[ fs/read_write.c:1478:1 ]
[32m-------------[0m
[35mUse:fs/inode.c:1738:2[0m
[31m=NO CHECK ON PATH=[0m
[32mCall Stack:[0m
0 touch_atime fs/inode.c:1738:2
1 splice_direct_to_actor ./include/linux/fs.h:2065:3 @[ fs/splice.c:991:2 ]
2 do_splice_direct fs/splice.c:1061:8
3 do_sendfile fs/read_write.c:1413:11
4 SyS_sendfile64 fs/read_write.c:1474:9 @[ fs/read_write.c:1460:1 ]
[32m-------------[0m
[35mUse:fs/inode.c:1738:2[0m
[31m=NO CHECK ON PATH=[0m
[32mCall Stack:[0m
0 touch_atime fs/inode.c:1738:2
1 splice_direct_to_actor ./include/linux/fs.h:2065:3 @[ fs/splice.c:991:2 ]
2 do_splice_direct fs/splice.c:1061:8
3 do_sendfile fs/read_write.c:1413:11
4 SyS_sendfile fs/read_write.c:1457:9 @[ fs/read_write.c:1441:1 ]
[32m-------------[0m
[35mUse:fs/inode.c:1738:2[0m
[31m=NO CHECK ON PATH=[0m
[32mCall Stack:[0m
0 touch_atime fs/inode.c:1738:2
1 ovl_update_time fs/overlayfs/inode.c:388:3
[32m-------------[0m
[35mUse:fs/inode.c:1738:2[0m
[31m=NO CHECK ON PATH=[0m
[32mCall Stack:[0m
0 touch_atime fs/inode.c:1738:2
1 iterate_dir ./include/linux/fs.h:2065:3 @[ fs/readdir.c:56:3 ]
2 compat_SyS_getdents fs/readdir.c:478:10 @[ fs/readdir.c:459:1 ]
[32m-------------[0m
[35mUse:fs/inode.c:1738:2[0m
[31m=NO CHECK ON PATH=[0m
[32mCall Stack:[0m
0 touch_atime fs/inode.c:1738:2
1 iterate_dir ./include/linux/fs.h:2065:3 @[ fs/readdir.c:56:3 ]
2 compat_SyS_old_readdir fs/readdir.c:390:10 @[ fs/readdir.c:377:1 ]
[32m-------------[0m
[35mUse:fs/inode.c:1738:2[0m
[31m=NO CHECK ON PATH=[0m
[32mCall Stack:[0m
0 touch_atime fs/inode.c:1738:2
1 iterate_dir ./include/linux/fs.h:2065:3 @[ fs/readdir.c:56:3 ]
2 SyS_getdents64 fs/readdir.c:314:10 @[ fs/readdir.c:295:1 ]
[32m-------------[0m
[35mUse:fs/inode.c:1738:2[0m
[31m=NO CHECK ON PATH=[0m
[32mCall Stack:[0m
0 touch_atime fs/inode.c:1738:2
1 iterate_dir ./include/linux/fs.h:2065:3 @[ fs/readdir.c:56:3 ]
2 SyS_getdents fs/readdir.c:231:10 @[ fs/readdir.c:212:1 ]
[32m-------------[0m
[35mUse:fs/inode.c:1738:2[0m
[31m=NO CHECK ON PATH=[0m
[32mCall Stack:[0m
0 touch_atime fs/inode.c:1738:2
1 iterate_dir ./include/linux/fs.h:2065:3 @[ fs/readdir.c:56:3 ]
2 SyS_old_readdir fs/readdir.c:137:10 @[ fs/readdir.c:124:1 ]
[32m-------------[0m
[35mUse:fs/inode.c:1738:2[0m
[31m=NO CHECK ON PATH=[0m
[32mCall Stack:[0m
0 touch_atime fs/inode.c:1738:2
1 iterate_dir ./include/linux/fs.h:2065:3 @[ fs/readdir.c:56:3 ]
2 ovl_iterate fs/overlayfs/readdir.c:694:10
[32m-------------[0m
[35mUse:fs/inode.c:1738:2[0m
[31m=NO CHECK ON PATH=[0m
[32mCall Stack:[0m
0 touch_atime fs/inode.c:1738:2
1 generic_file_readonly_mmap ./include/linux/fs.h:2065:3 @[ mm/filemap.c:2741:2 @[ mm/filemap.c:2753:9 ] ]
2 orangefs_file_mmap fs/orangefs/file.c:604:9
[32m-------------[0m
[35mUse:fs/inode.c:1738:2[0m
[31m=NO CHECK ON PATH=[0m
[32mCall Stack:[0m
0 touch_atime fs/inode.c:1738:2
1 shmem_file_read_iter ./include/linux/fs.h:2065:3 @[ mm/shmem.c:2515:2 ]
[32m-------------[0m
[35mUse:fs/inode.c:1738:2[0m
[31m=NO CHECK ON PATH=[0m
[32mCall Stack:[0m
0 touch_atime fs/inode.c:1738:2
1 do_readv_writev ./include/linux/fs.h:2065:3 @[ fs/orangefs/file.c:384:4 ]
2 orangefs_file_read_iter fs/orangefs/file.c:464:7
[32m-------------[0m
[35mUse:fs/inode.c:1738:2[0m
[31m=NO CHECK ON PATH=[0m
[32mCall Stack:[0m
0 touch_atime fs/inode.c:1738:2
1 do_readv_writev ./include/linux/fs.h:2065:3 @[ fs/orangefs/file.c:384:4 ]
2 orangefs_file_write_iter fs/orangefs/file.c:510:7
[32m-------------[0m
[35mUse:fs/inode.c:1738:2[0m
[31m=NO CHECK ON PATH=[0m
[32mCall Stack:[0m
0 touch_atime fs/inode.c:1738:2
1 shmem_mmap ./include/linux/fs.h:2065:3 @[ mm/shmem.c:2137:2 ]
[32m-------------[0m
[35mUse:fs/inode.c:1738:2[0m
[31m=NO CHECK ON PATH=[0m
[32mCall Stack:[0m
0 touch_atime fs/inode.c:1738:2
1 pipe_read ./include/linux/fs.h:2065:3 @[ fs/pipe.c:348:3 ]
[32m-------------[0m
[35mUse:fs/inode.c:1738:2[0m
[31m=NO CHECK ON PATH=[0m
[32mCall Stack:[0m
0 touch_atime fs/inode.c:1738:2
1 ncp_mmap ./include/linux/fs.h:2065:3 @[ fs/ncpfs/mmap.c:123:2 ]
[32m-------------[0m
[35mUse:fs/inode.c:1738:2[0m
[31m=NO CHECK ON PATH=[0m
[32mCall Stack:[0m
0 touch_atime fs/inode.c:1738:2
1 generic_file_mmap ./include/linux/fs.h:2065:3 @[ mm/filemap.c:2741:2 ]
[32m-------------[0m
[35mUse:fs/inode.c:1738:2[0m
[31m=NO CHECK ON PATH=[0m
[32mCall Stack:[0m
0 touch_atime fs/inode.c:1738:2
1 generic_file_mmap ./include/linux/fs.h:2065:3 @[ mm/filemap.c:2741:2 ]
[32m-------------[0m
[35mUse:fs/inode.c:1738:2[0m
[31m=NO CHECK ON PATH=[0m
[32mCall Stack:[0m
0 touch_atime fs/inode.c:1738:2
1 generic_file_mmap ./include/linux/fs.h:2065:3 @[ mm/filemap.c:2741:2 ]
[32m-------------[0m
[35mUse:fs/inode.c:1738:2[0m
[31m=NO CHECK ON PATH=[0m
[32mCall Stack:[0m
0 touch_atime fs/inode.c:1738:2
1 generic_file_mmap ./include/linux/fs.h:2065:3 @[ mm/filemap.c:2741:2 ]
[32m-------------[0m
[35mUse:fs/inode.c:1738:2[0m
[31m=NO CHECK ON PATH=[0m
[32mCall Stack:[0m
0 touch_atime fs/inode.c:1738:2
1 generic_file_mmap ./include/linux/fs.h:2065:3 @[ mm/filemap.c:2741:2 ]
[32m-------------[0m
[35mUse:fs/inode.c:1738:2[0m
[31m=NO CHECK ON PATH=[0m
[32mCall Stack:[0m
0 touch_atime fs/inode.c:1738:2
1 generic_file_mmap ./include/linux/fs.h:2065:3 @[ mm/filemap.c:2741:2 ]
[32m-------------[0m
[35mUse:fs/inode.c:1738:2[0m
[31m=NO CHECK ON PATH=[0m
[32mCall Stack:[0m
0 touch_atime fs/inode.c:1738:2
1 generic_file_mmap ./include/linux/fs.h:2065:3 @[ mm/filemap.c:2741:2 ]
[32m-------------[0m
[35mUse:fs/inode.c:1738:2[0m
[31m=NO CHECK ON PATH=[0m
[32mCall Stack:[0m
0 touch_atime fs/inode.c:1738:2
1 generic_file_mmap ./include/linux/fs.h:2065:3 @[ mm/filemap.c:2741:2 ]
[32m-------------[0m
[35mUse:fs/inode.c:1738:2[0m
[31m=NO CHECK ON PATH=[0m
[32mCall Stack:[0m
0 touch_atime fs/inode.c:1738:2
1 generic_file_mmap ./include/linux/fs.h:2065:3 @[ mm/filemap.c:2741:2 ]
2 cifs_file_mmap fs/cifs/file.c:3504:7
[32m-------------[0m
[35mUse:fs/inode.c:1738:2[0m
[31m=NO CHECK ON PATH=[0m
[32mCall Stack:[0m
0 touch_atime fs/inode.c:1738:2
1 generic_file_mmap ./include/linux/fs.h:2065:3 @[ mm/filemap.c:2741:2 ]
2 nfs_file_mmap fs/nfs/file.c:189:11
[32m-------------[0m
[35mUse:fs/inode.c:1738:2[0m
[31m=NO CHECK ON PATH=[0m
[32mCall Stack:[0m
0 touch_atime fs/inode.c:1738:2
1 generic_file_mmap ./include/linux/fs.h:2065:3 @[ mm/filemap.c:2741:2 ]
2 afs_file_mmap fs/afs/file.c:657:8
[32m-------------[0m
[35mUse:fs/inode.c:1738:2[0m
[31m=NO CHECK ON PATH=[0m
[32mCall Stack:[0m
0 touch_atime fs/inode.c:1738:2
1 generic_file_mmap ./include/linux/fs.h:2065:3 @[ mm/filemap.c:2741:2 ]
2 cifs_file_strict_mmap fs/cifs/file.c:3485:7
[32m-------------[0m
[35mUse:fs/inode.c:1738:2[0m
[31m=NO CHECK ON PATH=[0m
[32mCall Stack:[0m
0 touch_atime fs/inode.c:1738:2
1 xfs_file_mmap ./include/linux/fs.h:2065:3 @[ fs/xfs/xfs_file.c:1130:2 ]
[32m-------------[0m
[35mUse:fs/open.c:776:3[0m
[31m=NO CHECK ON PATH=[0m
[32mCall Stack:[0m
0 do_dentry_open fs/open.c:776:3
1 filp_clone_open fs/open.c:866:9 @[ fs/open.c:1034:11 ]
2 load_misc_binary fs/binfmt_misc.c:208:17
[32m-------------[0m
[35mUse:fs/open.c:776:3[0m
[31m=NO CHECK ON PATH=[0m
[32mCall Stack:[0m
0 do_dentry_open fs/open.c:776:3
1 finish_open fs/open.c:815:10
2 ceph_atomic_open fs/ceph/file.c:444:9
[32m-------------[0m
[35mUse:fs/open.c:776:3[0m
[31m=NO CHECK ON PATH=[0m
[32mCall Stack:[0m
0 do_dentry_open fs/open.c:776:3
1 finish_open fs/open.c:815:10
2 nfs_atomic_open fs/nfs/dir.c:1424:8 @[ fs/nfs/dir.c:1531:8 ]
[32m-------------[0m
[35mUse:fs/open.c:776:3[0m
[31m=NO CHECK ON PATH=[0m
[32mCall Stack:[0m
0 do_dentry_open fs/open.c:776:3
1 finish_open fs/open.c:815:10
2 __gfs2_lookup fs/gfs2/inode.c:869:11
3 gfs2_lookup fs/gfs2/inode.c:882:9
[32m-------------[0m
[35mUse:fs/open.c:776:3[0m
[31m=NO CHECK ON PATH=[0m
[32mCall Stack:[0m
0 do_dentry_open fs/open.c:776:3
1 finish_open fs/open.c:815:10
2 __gfs2_lookup fs/gfs2/inode.c:869:11
3 gfs2_atomic_open fs/gfs2/inode.c:1250:6
[32m-------------[0m
[35mUse:fs/open.c:776:3[0m
[31m=NO CHECK ON PATH=[0m
[32mCall Stack:[0m
0 do_dentry_open fs/open.c:776:3
1 finish_open fs/open.c:815:10
2 gfs2_create_inode fs/gfs2/inode.c:629:13
3 gfs2_create fs/gfs2/inode.c:825:9
[32m-------------[0m
[35mUse:fs/open.c:776:3[0m
[31m=NO CHECK ON PATH=[0m
[32mCall Stack:[0m
0 do_dentry_open fs/open.c:776:3
1 finish_open fs/open.c:815:10
2 gfs2_create_inode fs/gfs2/inode.c:629:13
3 gfs2_symlink fs/gfs2/inode.c:1194:9
[32m-------------[0m
[35mUse:fs/open.c:776:3[0m
[31m=NO CHECK ON PATH=[0m
[32mCall Stack:[0m
0 do_dentry_open fs/open.c:776:3
1 finish_open fs/open.c:815:10
2 gfs2_create_inode fs/gfs2/inode.c:629:13
3 gfs2_mkdir fs/gfs2/inode.c:1210:9
[32m-------------[0m
[35mUse:fs/open.c:776:3[0m
[31m=NO CHECK ON PATH=[0m
[32mCall Stack:[0m
0 do_dentry_open fs/open.c:776:3
1 finish_open fs/open.c:815:10
2 gfs2_create_inode fs/gfs2/inode.c:629:13
3 gfs2_mknod fs/gfs2/inode.c:1225:9
[32m-------------[0m
[35mUse:fs/open.c:776:3[0m
[31m=NO CHECK ON PATH=[0m
[32mCall Stack:[0m
0 do_dentry_open fs/open.c:776:3
1 finish_open fs/open.c:815:10
2 cifs_atomic_open fs/cifs/dir.c:544:7
[32m-------------[0m
[32mGood: 22 [31mBad: 114 [33mIgnored: 501[0m
STOP WATCH[0]: 11352.942000 ms
[36m--- DONE! ---[0m
------------STATISTICS---------------
    53021 : Functions greeted
    110 : External functions
    0 : Discovered Path
    0 : Matched Path
    23 : Good Path
    114 : Bad Path
    501 : Ignored Path
    0 : Path Unable to Resolve
    0 : Resolved CallSite Using Function Pointer
    2 : Critical Functions
    2 : Critical Variables
    0 : # of times max depth for forward analysis hit
    0 : # of times max depth for backward analysis hit
    0 : Critical Function Pointer Unable to Resolve, Collect Pass
    0 : Critical Function Pointer Resolved, Collect Pass
    6 : Critical Functions used by non CallInst
    307 : Critical Functions used by static assignment
    181 : # of times indirect call site matched with critical functions
    385 : # of times indirect call site failed to match with critical functions
    0 : found capability check inside call using function ptr




===-------------------------------------------------------------------------===
                          ... Statistics Collected ...
===-------------------------------------------------------------------------===

16305946 bitcode-reader - Number of Metadata records loaded
  232630 bitcode-reader - Number of MDStrings loaded

