[36m--- PROCESS FUNCTIONS ---[0m
Pre-processing...
Load skip function list, total:360
Load skip var list, total:22
Load kernel api list, total:1048
Collect all functions and indirect callsites
STOP WATCH[0]: 810.883000 ms
Process Gating Functions
Load LSM hook list, total:1
STOP WATCH[0]: 14.510000 ms
[48;5;021m[38;5;255m=LSM hook functions=[0m
. security_secctx_to_secid
=o=
Collect Checkpoints
STOP WATCH[0]: 1008.093000 ms
Identify interesting struct
Function: netlbl_unlabel_staticadd used by [32m new discover:struct.genl_ops.826042[0m
Function: secmark_tg_check used by [32m new discover:struct.xt_target[0m
Function: netlbl_unlabel_staticadddef used by struct.genl_ops.826042[0m
STOP WATCH[0]: 6.095000 ms
Identify Logical Modules
STOP WATCH[0]: 61.186000 ms
STOP WATCH[0]: 6976.964000 ms
Collecting Initialization Closure.
Finding Kernel Entry Point and all __initcall_
[32mFound x86_64_start_kernel[0m
STOP WATCH[1]: 69.742000 ms
Initial Kernel Init Function Count:642
Over Approximate Kernel Init Functions
STOP WATCH[1]: 133.027000 ms
Refine Result
refine pass 0 3413 left
refine pass 1 2221 left
refine pass 2 1865 left
refine pass 3 1773 left
refine pass 4 1736 left
refine pass 5 1731 left
refine pass 6 1729 left
 Refine result : count=1729
STOP WATCH[1]: 46.006000 ms
STOP WATCH[0]: 249.431000 ms
Collect all permission-checked variables and functions
Add call<direct> security_kernel_act_as use @ kernel/cred.c:655:9 @[ kernel/cred.c:678:9 ]
 cause:[32mProcess Stack:[0m
0 set_security_override_from_ctx 
[32m-------------[0m
Add call<direct> security_secmark_relabel_packet use @ net/netfilter/xt_SECMARK.c:72:8 @[ net/netfilter/xt_SECMARK.c:108:8 ]
 cause:[32mProcess Stack:[0m
0 secmark_tg_check net/netfilter/xt_SECMARK.c:82:58
[32m-------------[0m
Add call<direct> security_secmark_refcount_inc use @ net/netfilter/xt_SECMARK.c:78:2 @[ net/netfilter/xt_SECMARK.c:108:8 ]
 cause:[32mProcess Stack:[0m
0 secmark_tg_check net/netfilter/xt_SECMARK.c:82:58
[32m-------------[0m
Add call<direct> netlbl_unlhsh_add use @ net/netlabel/netlabel_unlabeled.c:925:9
 cause:[32mProcess Stack:[0m
0 netlbl_unlabel_staticadd 
[32m-------------[0m
Add call<direct> netlbl_unlhsh_add use @ net/netlabel/netlabel_unlabeled.c:974:9
 cause:[32mProcess Stack:[0m
0 netlbl_unlabel_staticadddef 
[32m-------------[0m
STOP WATCH[1]: 2024.939000 ms
STOP WATCH[0]: 2024.947000 ms
Collected 4 critical functions
Collected 2 critical variables
Collected 0 critical type/fields
[48;5;021m[38;5;255m--- Variables Protected By Gating Function---[0m
[32minit_net[0m
    security_secctx_to_secid @ net/netlabel/netlabel_unlabeled.c:967:12
    security_secctx_to_secid @ net/netlabel/netlabel_unlabeled.c:918:12
[32mmode.77800[0m
    security_secctx_to_secid @ net/netfilter/xt_SECMARK.c:59:8 @[ net/netfilter/xt_SECMARK.c:108:8 ]
[48;5;021m[38;5;255m--- Function Protected By Gating Function---[0m
[32mnetlbl_unlhsh_add[0m
    security_secctx_to_secid @ net/netlabel/netlabel_unlabeled.c:967:12
    security_secctx_to_secid @ net/netlabel/netlabel_unlabeled.c:918:12
[32msecurity_secmark_refcount_inc[0m
    security_secctx_to_secid @ net/netfilter/xt_SECMARK.c:59:8 @[ net/netfilter/xt_SECMARK.c:108:8 ]
[32msecurity_kernel_act_as[0m
    security_secctx_to_secid @ kernel/cred.c:674:8
[32msecurity_secmark_relabel_packet[0m
    security_secctx_to_secid @ net/netfilter/xt_SECMARK.c:59:8 @[ net/netfilter/xt_SECMARK.c:108:8 ]
[48;5;039m[38;5;255m--- Interesting Type fields and checks ---[0m
Run Analysis
Critical functions
[33mInspect Use of Function:security_secmark_relabel_packet[0m
[33mInspect Use of Function:security_kernel_act_as[0m
[33mInspect Use of Function:netlbl_unlhsh_add[0m
[33mInspect Use of Function:security_secmark_refcount_inc[0m
STOP WATCH[0]: 146.862000 ms
[36m--- DONE! ---[0m
------------STATISTICS---------------
    53021 : Functions greeted
    110 : External functions
    0 : Discovered Path
    0 : Matched Path
    5 : Good Path
    0 : Bad Path
    1 : Ignored Path
    0 : Path Unable to Resolve
    0 : Resolved CallSite Using Function Pointer
    4 : Critical Functions
    2 : Critical Variables
    0 : # of times max depth for forward analysis hit
    0 : # of times max depth for backward analysis hit
    0 : Critical Function Pointer Unable to Resolve, Collect Pass
    0 : Critical Function Pointer Resolved, Collect Pass
    0 : Critical Functions used by non CallInst
    1 : Critical Functions used by static assignment
    0 : # of times indirect call site matched with critical functions
    4 : # of times indirect call site failed to match with critical functions
    0 : found capability check inside call using function ptr




===-------------------------------------------------------------------------===
                          ... Statistics Collected ...
===-------------------------------------------------------------------------===

16305946 bitcode-reader - Number of Metadata records loaded
  232630 bitcode-reader - Number of MDStrings loaded

