[36m--- PROCESS FUNCTIONS ---[0m
Pre-processing...
Load skip function list, total:360
Load skip var list, total:22
Load kernel api list, total:1048
Collect all functions and indirect callsites
STOP WATCH[0]: 812.865000 ms
Process Gating Functions
Load LSM hook list, total:1
STOP WATCH[0]: 14.233000 ms
[48;5;021m[38;5;255m=LSM hook functions=[0m
. security_socket_listen
=o=
Collect Checkpoints
STOP WATCH[0]: 947.892000 ms
Identify interesting struct
STOP WATCH[0]: 5.914000 ms
Identify Logical Modules
STOP WATCH[0]: 61.090000 ms
STOP WATCH[0]: 6775.051000 ms
Collecting Initialization Closure.
Finding Kernel Entry Point and all __initcall_
[32mFound x86_64_start_kernel[0m
STOP WATCH[1]: 69.431000 ms
Initial Kernel Init Function Count:642
Over Approximate Kernel Init Functions
STOP WATCH[1]: 132.424000 ms
Refine Result
refine pass 0 3413 left
refine pass 1 2221 left
refine pass 2 1865 left
refine pass 3 1773 left
refine pass 4 1736 left
refine pass 5 1731 left
refine pass 6 1729 left
 Refine result : count=1729
STOP WATCH[1]: 45.979000 ms
STOP WATCH[0]: 248.483000 ms
Collect all permission-checked variables and functions
Resolve indirect call @ net/socket.c:1485:10 @[ net/socket.c:1471:1 ]
[32m[FOUND 4 MATCH][0m
Add call<indirect> rxrpc_listen use @ net/socket.c:1485:10 @[ net/socket.c:1471:1 ]
 cause:[32mProcess Stack:[0m
0 SyS_listen net/socket.c:1471:1
[32m-------------[0m
Add call<indirect> unix_listen use @ net/socket.c:1485:10 @[ net/socket.c:1471:1 ]
 cause:[32mProcess Stack:[0m
0 SyS_listen net/socket.c:1471:1
[32m-------------[0m
Add call<indirect> inet_listen use @ net/socket.c:1485:10 @[ net/socket.c:1471:1 ]
 cause:[32mProcess Stack:[0m
0 SyS_listen net/socket.c:1471:1
[32m-------------[0m
Add call<indirect> sock_no_listen use @ net/socket.c:1485:10 @[ net/socket.c:1471:1 ]
 cause:[32mProcess Stack:[0m
0 SyS_listen net/socket.c:1471:1
[32m-------------[0m
STOP WATCH[1]: 1956.645000 ms
STOP WATCH[0]: 1956.661000 ms
Collected 4 critical functions
Collected 0 critical variables
Collected 2 critical type/fields
[48;5;021m[38;5;255m--- Variables Protected By Gating Function---[0m
[48;5;021m[38;5;255m--- Function Protected By Gating Function---[0m
[32msock_no_listen[0m
    security_socket_listen @ net/socket.c:1483:9 @[ net/socket.c:1471:1 ]
[32minet_listen[0m
    security_socket_listen @ net/socket.c:1483:9 @[ net/socket.c:1471:1 ]
[32mrxrpc_listen[0m
    security_socket_listen @ net/socket.c:1483:9 @[ net/socket.c:1471:1 ]
[32munix_listen[0m
    security_socket_listen @ net/socket.c:1483:9 @[ net/socket.c:1471:1 ]
[48;5;039m[38;5;255m--- Interesting Type fields and checks ---[0m
[32mstruct.proto_ops.800304:0,[0m
    security_socket_listen @ net/socket.c:1483:9 @[ net/socket.c:1471:1 ]
[32mstruct.socket.800305:0,[0m
    security_socket_listen @ net/socket.c:1483:9 @[ net/socket.c:1471:1 ]
Run Analysis
Critical functions
[33mInspect Use of Function:unix_listen[0m
[31mindirect call @ net/socket.c:3279:9
[31mindirect call @ net/socket.c:1485:10 @[ net/socket.c:1471:1 ]
[33mInspect Use of Function:rxrpc_listen[0m
[31mindirect call @ net/socket.c:3279:9
[31mindirect call @ net/socket.c:1485:10 @[ net/socket.c:1471:1 ]
[33mInspect Use of Function:sock_no_listen[0m
[31mindirect call @ net/socket.c:3279:9
[31mindirect call @ net/socket.c:1485:10 @[ net/socket.c:1471:1 ]
[33mInspect Use of Function:inet_listen[0m
[31mindirect call @ net/socket.c:3279:9
[31mindirect call @ net/socket.c:1485:10 @[ net/socket.c:1471:1 ]
STOP WATCH[0]: 263.519000 ms
[36m--- DONE! ---[0m
------------STATISTICS---------------
    53021 : Functions greeted
    110 : External functions
    0 : Discovered Path
    0 : Matched Path
    4 : Good Path
    0 : Bad Path
    60 : Ignored Path
    0 : Path Unable to Resolve
    0 : Resolved CallSite Using Function Pointer
    4 : Critical Functions
    0 : Critical Variables
    0 : # of times max depth for forward analysis hit
    0 : # of times max depth for backward analysis hit
    0 : Critical Function Pointer Unable to Resolve, Collect Pass
    1 : Critical Function Pointer Resolved, Collect Pass
    0 : Critical Functions used by non CallInst
    32 : Critical Functions used by static assignment
    20 : # of times indirect call site matched with critical functions
    32 : # of times indirect call site failed to match with critical functions
    0 : found capability check inside call using function ptr




===-------------------------------------------------------------------------===
                          ... Statistics Collected ...
===-------------------------------------------------------------------------===

16305946 bitcode-reader - Number of Metadata records loaded
  232630 bitcode-reader - Number of MDStrings loaded

