[36m--- PROCESS FUNCTIONS ---[0m
Pre-processing...
Load skip function list, total:360
Load skip var list, total:22
Load kernel api list, total:1048
Collect all functions and indirect callsites
STOP WATCH[0]: 806.301000 ms
Process Gating Functions
Load LSM hook list, total:1
STOP WATCH[0]: 14.394000 ms
[48;5;021m[38;5;255m=LSM hook functions=[0m
. security_sb_show_options
=o=
Collect Checkpoints
STOP WATCH[0]: 1004.857000 ms
Identify interesting struct
STOP WATCH[0]: 5.961000 ms
Identify Logical Modules
STOP WATCH[0]: 61.267000 ms
STOP WATCH[0]: 6783.339000 ms
Collecting Initialization Closure.
Finding Kernel Entry Point and all __initcall_
[32mFound x86_64_start_kernel[0m
STOP WATCH[1]: 69.678000 ms
Initial Kernel Init Function Count:642
Over Approximate Kernel Init Functions
STOP WATCH[1]: 132.535000 ms
Refine Result
refine pass 0 3413 left
refine pass 1 2221 left
refine pass 2 1865 left
refine pass 3 1773 left
refine pass 4 1736 left
refine pass 5 1731 left
refine pass 6 1729 left
 Refine result : count=1729
STOP WATCH[1]: 46.119000 ms
STOP WATCH[0]: 248.980000 ms
Collect all permission-checked variables and functions
Resolve indirect call @ fs/proc_namespace.c:187:9
[32m[FOUND 34 MATCH][0m
Add call<indirect> cifs_show_options use @ fs/proc_namespace.c:187:9
 cause:[32mProcess Stack:[0m
0 show_sb_opts fs/proc_namespace.c:45:42
1 show_mountinfo fs/proc_namespace.c:183:8
[32m-------------[0m
Add call<indirect> ramfs_show_options use @ fs/proc_namespace.c:187:9
 cause:[32mProcess Stack:[0m
0 show_sb_opts fs/proc_namespace.c:45:42
1 show_mountinfo fs/proc_namespace.c:183:8
[32m-------------[0m
Add call<indirect> debugfs_show_options use @ fs/proc_namespace.c:187:9
 cause:[32mProcess Stack:[0m
0 show_sb_opts fs/proc_namespace.c:45:42
1 show_mountinfo fs/proc_namespace.c:183:8
[32m-------------[0m
Add call<indirect> btrfs_show_options use @ fs/proc_namespace.c:187:9
 cause:[32mProcess Stack:[0m
0 show_sb_opts fs/proc_namespace.c:45:42
1 show_mountinfo fs/proc_namespace.c:183:8
[32m-------------[0m
Add call<indirect> orangefs_show_options use @ fs/proc_namespace.c:187:9
 cause:[32mProcess Stack:[0m
0 show_sb_opts fs/proc_namespace.c:45:42
1 show_mountinfo fs/proc_namespace.c:183:8
[32m-------------[0m
Add call<indirect> xfs_fs_show_options use @ fs/proc_namespace.c:187:9
 cause:[32mProcess Stack:[0m
0 show_sb_opts fs/proc_namespace.c:45:42
1 show_mountinfo fs/proc_namespace.c:183:8
[32m-------------[0m
Add call<indirect> ext2_show_options use @ fs/proc_namespace.c:187:9
 cause:[32mProcess Stack:[0m
0 show_sb_opts fs/proc_namespace.c:45:42
1 show_mountinfo fs/proc_namespace.c:183:8
[32m-------------[0m
Add call<indirect> pstore_show_options use @ fs/proc_namespace.c:187:9
 cause:[32mProcess Stack:[0m
0 show_sb_opts fs/proc_namespace.c:45:42
1 show_mountinfo fs/proc_namespace.c:183:8
[32m-------------[0m
Add call<indirect> afs_show_options use @ fs/proc_namespace.c:187:9
 cause:[32mProcess Stack:[0m
0 show_sb_opts fs/proc_namespace.c:45:42
1 show_mountinfo fs/proc_namespace.c:183:8
[32m-------------[0m
Add call<indirect> ext4_show_options use @ fs/proc_namespace.c:187:9
 cause:[32mProcess Stack:[0m
0 show_sb_opts fs/proc_namespace.c:45:42
1 show_mountinfo fs/proc_namespace.c:183:8
[32m-------------[0m
Add call<indirect> isofs_show_options use @ fs/proc_namespace.c:187:9
 cause:[32mProcess Stack:[0m
0 show_sb_opts fs/proc_namespace.c:45:42
1 show_mountinfo fs/proc_namespace.c:183:8
[32m-------------[0m
Add call<indirect> omfs_show_options use @ fs/proc_namespace.c:187:9
 cause:[32mProcess Stack:[0m
0 show_sb_opts fs/proc_namespace.c:45:42
1 show_mountinfo fs/proc_namespace.c:183:8
[32m-------------[0m
Add call<indirect> nilfs_show_options use @ fs/proc_namespace.c:187:9
 cause:[32mProcess Stack:[0m
0 show_sb_opts fs/proc_namespace.c:45:42
1 show_mountinfo fs/proc_namespace.c:183:8
[32m-------------[0m
Add call<indirect> devpts_show_options use @ fs/proc_namespace.c:187:9
 cause:[32mProcess Stack:[0m
0 show_sb_opts fs/proc_namespace.c:45:42
1 show_mountinfo fs/proc_namespace.c:183:8
[32m-------------[0m
Add call<indirect> gfs2_show_options use @ fs/proc_namespace.c:187:9
 cause:[32mProcess Stack:[0m
0 show_sb_opts fs/proc_namespace.c:45:42
1 show_mountinfo fs/proc_namespace.c:183:8
[32m-------------[0m
Add call<indirect> ufs_show_options use @ fs/proc_namespace.c:187:9
 cause:[32mProcess Stack:[0m
0 show_sb_opts fs/proc_namespace.c:45:42
1 show_mountinfo fs/proc_namespace.c:183:8
[32m-------------[0m
Add call<indirect> qnx6_show_options use @ fs/proc_namespace.c:187:9
 cause:[32mProcess Stack:[0m
0 show_sb_opts fs/proc_namespace.c:45:42
1 show_mountinfo fs/proc_namespace.c:183:8
[32m-------------[0m
Add call<indirect> tracefs_show_options use @ fs/proc_namespace.c:187:9
 cause:[32mProcess Stack:[0m
0 show_sb_opts fs/proc_namespace.c:45:42
1 show_mountinfo fs/proc_namespace.c:183:8
[32m-------------[0m
Add call<indirect> nfs_show_options use @ fs/proc_namespace.c:187:9
 cause:[32mProcess Stack:[0m
0 show_sb_opts fs/proc_namespace.c:45:42
1 show_mountinfo fs/proc_namespace.c:183:8
[32m-------------[0m
Add call<indirect> ntfs_show_options use @ fs/proc_namespace.c:187:9
 cause:[32mProcess Stack:[0m
0 show_sb_opts fs/proc_namespace.c:45:42
1 show_mountinfo fs/proc_namespace.c:183:8
[32m-------------[0m
Add call<indirect> ncp_show_options use @ fs/proc_namespace.c:187:9
 cause:[32mProcess Stack:[0m
0 show_sb_opts fs/proc_namespace.c:45:42
1 show_mountinfo fs/proc_namespace.c:183:8
[32m-------------[0m
Add call<indirect> jfs_show_options use @ fs/proc_namespace.c:187:9
 cause:[32mProcess Stack:[0m
0 show_sb_opts fs/proc_namespace.c:45:42
1 show_mountinfo fs/proc_namespace.c:183:8
[32m-------------[0m
Add call<indirect> autofs4_show_options use @ fs/proc_namespace.c:187:9
 cause:[32mProcess Stack:[0m
0 show_sb_opts fs/proc_namespace.c:45:42
1 show_mountinfo fs/proc_namespace.c:183:8
[32m-------------[0m
Add call<indirect> hpfs_show_options use @ fs/proc_namespace.c:187:9
 cause:[32mProcess Stack:[0m
0 show_sb_opts fs/proc_namespace.c:45:42
1 show_mountinfo fs/proc_namespace.c:183:8
[32m-------------[0m
Add call<indirect> udf_show_options use @ fs/proc_namespace.c:187:9
 cause:[32mProcess Stack:[0m
0 show_sb_opts fs/proc_namespace.c:45:42
1 show_mountinfo fs/proc_namespace.c:183:8
[32m-------------[0m
Add call<indirect> befs_show_options use @ fs/proc_namespace.c:187:9
 cause:[32mProcess Stack:[0m
0 show_sb_opts fs/proc_namespace.c:45:42
1 show_mountinfo fs/proc_namespace.c:183:8
[32m-------------[0m
Add call<indirect> shmem_show_options use @ fs/proc_namespace.c:187:9
 cause:[32mProcess Stack:[0m
0 show_sb_opts fs/proc_namespace.c:45:42
1 show_mountinfo fs/proc_namespace.c:183:8
[32m-------------[0m
Add call<indirect> ceph_show_options use @ fs/proc_namespace.c:187:9
 cause:[32mProcess Stack:[0m
0 show_sb_opts fs/proc_namespace.c:45:42
1 show_mountinfo fs/proc_namespace.c:183:8
[32m-------------[0m
Add call<indirect> hfsplus_show_options use @ fs/proc_namespace.c:187:9
 cause:[32mProcess Stack:[0m
0 show_sb_opts fs/proc_namespace.c:45:42
1 show_mountinfo fs/proc_namespace.c:183:8
[32m-------------[0m
Add call<indirect> adfs_show_options use @ fs/proc_namespace.c:187:9
 cause:[32mProcess Stack:[0m
0 show_sb_opts fs/proc_namespace.c:45:42
1 show_mountinfo fs/proc_namespace.c:183:8
[32m-------------[0m
Add call<indirect> f2fs_show_options use @ fs/proc_namespace.c:187:9
 cause:[32mProcess Stack:[0m
0 show_sb_opts fs/proc_namespace.c:45:42
1 show_mountinfo fs/proc_namespace.c:183:8
[32m-------------[0m
Add call<indirect> hugetlbfs_show_options use @ fs/proc_namespace.c:187:9
 cause:[32mProcess Stack:[0m
0 show_sb_opts fs/proc_namespace.c:45:42
1 show_mountinfo fs/proc_namespace.c:183:8
[32m-------------[0m
Add call<indirect> proc_show_options use @ fs/proc_namespace.c:187:9
 cause:[32mProcess Stack:[0m
0 show_sb_opts fs/proc_namespace.c:45:42
1 show_mountinfo fs/proc_namespace.c:183:8
[32m-------------[0m
Add call<indirect> ovl_show_options use @ fs/proc_namespace.c:187:9
 cause:[32mProcess Stack:[0m
0 show_sb_opts fs/proc_namespace.c:45:42
1 show_mountinfo fs/proc_namespace.c:183:8
[32m-------------[0m
Add call<direct> show_mnt_opts use @ fs/proc_namespace.c:123:2
 cause:[32mProcess Stack:[0m
0 show_sb_opts fs/proc_namespace.c:45:42
1 show_vfsmnt fs/proc_namespace.c:120:8
[32m-------------[0m
Resolve indirect call @ fs/proc_namespace.c:125:9
[32m[FOUND 34 MATCH][0m
Add call<indirect> cifs_show_options use @ fs/proc_namespace.c:125:9
 cause:[32mProcess Stack:[0m
0 show_sb_opts fs/proc_namespace.c:45:42
1 show_vfsmnt fs/proc_namespace.c:120:8
[32m-------------[0m
Add call<indirect> ramfs_show_options use @ fs/proc_namespace.c:125:9
 cause:[32mProcess Stack:[0m
0 show_sb_opts fs/proc_namespace.c:45:42
1 show_vfsmnt fs/proc_namespace.c:120:8
[32m-------------[0m
Add call<indirect> debugfs_show_options use @ fs/proc_namespace.c:125:9
 cause:[32mProcess Stack:[0m
0 show_sb_opts fs/proc_namespace.c:45:42
1 show_vfsmnt fs/proc_namespace.c:120:8
[32m-------------[0m
Add call<indirect> btrfs_show_options use @ fs/proc_namespace.c:125:9
 cause:[32mProcess Stack:[0m
0 show_sb_opts fs/proc_namespace.c:45:42
1 show_vfsmnt fs/proc_namespace.c:120:8
[32m-------------[0m
Add call<indirect> orangefs_show_options use @ fs/proc_namespace.c:125:9
 cause:[32mProcess Stack:[0m
0 show_sb_opts fs/proc_namespace.c:45:42
1 show_vfsmnt fs/proc_namespace.c:120:8
[32m-------------[0m
Add call<indirect> xfs_fs_show_options use @ fs/proc_namespace.c:125:9
 cause:[32mProcess Stack:[0m
0 show_sb_opts fs/proc_namespace.c:45:42
1 show_vfsmnt fs/proc_namespace.c:120:8
[32m-------------[0m
Add call<indirect> ext2_show_options use @ fs/proc_namespace.c:125:9
 cause:[32mProcess Stack:[0m
0 show_sb_opts fs/proc_namespace.c:45:42
1 show_vfsmnt fs/proc_namespace.c:120:8
[32m-------------[0m
Add call<indirect> pstore_show_options use @ fs/proc_namespace.c:125:9
 cause:[32mProcess Stack:[0m
0 show_sb_opts fs/proc_namespace.c:45:42
1 show_vfsmnt fs/proc_namespace.c:120:8
[32m-------------[0m
Add call<indirect> afs_show_options use @ fs/proc_namespace.c:125:9
 cause:[32mProcess Stack:[0m
0 show_sb_opts fs/proc_namespace.c:45:42
1 show_vfsmnt fs/proc_namespace.c:120:8
[32m-------------[0m
Add call<indirect> ext4_show_options use @ fs/proc_namespace.c:125:9
 cause:[32mProcess Stack:[0m
0 show_sb_opts fs/proc_namespace.c:45:42
1 show_vfsmnt fs/proc_namespace.c:120:8
[32m-------------[0m
Add call<indirect> isofs_show_options use @ fs/proc_namespace.c:125:9
 cause:[32mProcess Stack:[0m
0 show_sb_opts fs/proc_namespace.c:45:42
1 show_vfsmnt fs/proc_namespace.c:120:8
[32m-------------[0m
Add call<indirect> omfs_show_options use @ fs/proc_namespace.c:125:9
 cause:[32mProcess Stack:[0m
0 show_sb_opts fs/proc_namespace.c:45:42
1 show_vfsmnt fs/proc_namespace.c:120:8
[32m-------------[0m
Add call<indirect> nilfs_show_options use @ fs/proc_namespace.c:125:9
 cause:[32mProcess Stack:[0m
0 show_sb_opts fs/proc_namespace.c:45:42
1 show_vfsmnt fs/proc_namespace.c:120:8
[32m-------------[0m
Add call<indirect> devpts_show_options use @ fs/proc_namespace.c:125:9
 cause:[32mProcess Stack:[0m
0 show_sb_opts fs/proc_namespace.c:45:42
1 show_vfsmnt fs/proc_namespace.c:120:8
[32m-------------[0m
Add call<indirect> gfs2_show_options use @ fs/proc_namespace.c:125:9
 cause:[32mProcess Stack:[0m
0 show_sb_opts fs/proc_namespace.c:45:42
1 show_vfsmnt fs/proc_namespace.c:120:8
[32m-------------[0m
Add call<indirect> ufs_show_options use @ fs/proc_namespace.c:125:9
 cause:[32mProcess Stack:[0m
0 show_sb_opts fs/proc_namespace.c:45:42
1 show_vfsmnt fs/proc_namespace.c:120:8
[32m-------------[0m
Add call<indirect> qnx6_show_options use @ fs/proc_namespace.c:125:9
 cause:[32mProcess Stack:[0m
0 show_sb_opts fs/proc_namespace.c:45:42
1 show_vfsmnt fs/proc_namespace.c:120:8
[32m-------------[0m
Add call<indirect> tracefs_show_options use @ fs/proc_namespace.c:125:9
 cause:[32mProcess Stack:[0m
0 show_sb_opts fs/proc_namespace.c:45:42
1 show_vfsmnt fs/proc_namespace.c:120:8
[32m-------------[0m
Add call<indirect> nfs_show_options use @ fs/proc_namespace.c:125:9
 cause:[32mProcess Stack:[0m
0 show_sb_opts fs/proc_namespace.c:45:42
1 show_vfsmnt fs/proc_namespace.c:120:8
[32m-------------[0m
Add call<indirect> ntfs_show_options use @ fs/proc_namespace.c:125:9
 cause:[32mProcess Stack:[0m
0 show_sb_opts fs/proc_namespace.c:45:42
1 show_vfsmnt fs/proc_namespace.c:120:8
[32m-------------[0m
Add call<indirect> ncp_show_options use @ fs/proc_namespace.c:125:9
 cause:[32mProcess Stack:[0m
0 show_sb_opts fs/proc_namespace.c:45:42
1 show_vfsmnt fs/proc_namespace.c:120:8
[32m-------------[0m
Add call<indirect> jfs_show_options use @ fs/proc_namespace.c:125:9
 cause:[32mProcess Stack:[0m
0 show_sb_opts fs/proc_namespace.c:45:42
1 show_vfsmnt fs/proc_namespace.c:120:8
[32m-------------[0m
Add call<indirect> autofs4_show_options use @ fs/proc_namespace.c:125:9
 cause:[32mProcess Stack:[0m
0 show_sb_opts fs/proc_namespace.c:45:42
1 show_vfsmnt fs/proc_namespace.c:120:8
[32m-------------[0m
Add call<indirect> hpfs_show_options use @ fs/proc_namespace.c:125:9
 cause:[32mProcess Stack:[0m
0 show_sb_opts fs/proc_namespace.c:45:42
1 show_vfsmnt fs/proc_namespace.c:120:8
[32m-------------[0m
Add call<indirect> udf_show_options use @ fs/proc_namespace.c:125:9
 cause:[32mProcess Stack:[0m
0 show_sb_opts fs/proc_namespace.c:45:42
1 show_vfsmnt fs/proc_namespace.c:120:8
[32m-------------[0m
Add call<indirect> befs_show_options use @ fs/proc_namespace.c:125:9
 cause:[32mProcess Stack:[0m
0 show_sb_opts fs/proc_namespace.c:45:42
1 show_vfsmnt fs/proc_namespace.c:120:8
[32m-------------[0m
Add call<indirect> shmem_show_options use @ fs/proc_namespace.c:125:9
 cause:[32mProcess Stack:[0m
0 show_sb_opts fs/proc_namespace.c:45:42
1 show_vfsmnt fs/proc_namespace.c:120:8
[32m-------------[0m
Add call<indirect> ceph_show_options use @ fs/proc_namespace.c:125:9
 cause:[32mProcess Stack:[0m
0 show_sb_opts fs/proc_namespace.c:45:42
1 show_vfsmnt fs/proc_namespace.c:120:8
[32m-------------[0m
Add call<indirect> hfsplus_show_options use @ fs/proc_namespace.c:125:9
 cause:[32mProcess Stack:[0m
0 show_sb_opts fs/proc_namespace.c:45:42
1 show_vfsmnt fs/proc_namespace.c:120:8
[32m-------------[0m
Add call<indirect> adfs_show_options use @ fs/proc_namespace.c:125:9
 cause:[32mProcess Stack:[0m
0 show_sb_opts fs/proc_namespace.c:45:42
1 show_vfsmnt fs/proc_namespace.c:120:8
[32m-------------[0m
Add call<indirect> f2fs_show_options use @ fs/proc_namespace.c:125:9
 cause:[32mProcess Stack:[0m
0 show_sb_opts fs/proc_namespace.c:45:42
1 show_vfsmnt fs/proc_namespace.c:120:8
[32m-------------[0m
Add call<indirect> hugetlbfs_show_options use @ fs/proc_namespace.c:125:9
 cause:[32mProcess Stack:[0m
0 show_sb_opts fs/proc_namespace.c:45:42
1 show_vfsmnt fs/proc_namespace.c:120:8
[32m-------------[0m
Add call<indirect> proc_show_options use @ fs/proc_namespace.c:125:9
 cause:[32mProcess Stack:[0m
0 show_sb_opts fs/proc_namespace.c:45:42
1 show_vfsmnt fs/proc_namespace.c:120:8
[32m-------------[0m
Add call<indirect> ovl_show_options use @ fs/proc_namespace.c:125:9
 cause:[32mProcess Stack:[0m
0 show_sb_opts fs/proc_namespace.c:45:42
1 show_vfsmnt fs/proc_namespace.c:120:8
[32m-------------[0m
STOP WATCH[1]: 2016.528000 ms
STOP WATCH[0]: 2016.541000 ms
Collected 35 critical functions
Collected 0 critical variables
Collected 2 critical type/fields
[48;5;021m[38;5;255m--- Variables Protected By Gating Function---[0m
[48;5;021m[38;5;255m--- Function Protected By Gating Function---[0m
[32movl_show_options[0m
    security_sb_show_options @ fs/proc_namespace.c:61:9
[32mproc_show_options[0m
    security_sb_show_options @ fs/proc_namespace.c:61:9
[32mhugetlbfs_show_options[0m
    security_sb_show_options @ fs/proc_namespace.c:61:9
[32mf2fs_show_options[0m
    security_sb_show_options @ fs/proc_namespace.c:61:9
[32madfs_show_options[0m
    security_sb_show_options @ fs/proc_namespace.c:61:9
[32mhfsplus_show_options[0m
    security_sb_show_options @ fs/proc_namespace.c:61:9
[32mceph_show_options[0m
    security_sb_show_options @ fs/proc_namespace.c:61:9
[32mshow_mnt_opts[0m
    security_sb_show_options @ fs/proc_namespace.c:61:9
[32mshmem_show_options[0m
    security_sb_show_options @ fs/proc_namespace.c:61:9
[32mbefs_show_options[0m
    security_sb_show_options @ fs/proc_namespace.c:61:9
[32mudf_show_options[0m
    security_sb_show_options @ fs/proc_namespace.c:61:9
[32mhpfs_show_options[0m
    security_sb_show_options @ fs/proc_namespace.c:61:9
[32mautofs4_show_options[0m
    security_sb_show_options @ fs/proc_namespace.c:61:9
[32mjfs_show_options[0m
    security_sb_show_options @ fs/proc_namespace.c:61:9
[32mncp_show_options[0m
    security_sb_show_options @ fs/proc_namespace.c:61:9
[32mntfs_show_options[0m
    security_sb_show_options @ fs/proc_namespace.c:61:9
[32mnfs_show_options[0m
    security_sb_show_options @ fs/proc_namespace.c:61:9
[32mtracefs_show_options[0m
    security_sb_show_options @ fs/proc_namespace.c:61:9
[32mqnx6_show_options[0m
    security_sb_show_options @ fs/proc_namespace.c:61:9
[32misofs_show_options[0m
    security_sb_show_options @ fs/proc_namespace.c:61:9
[32mxfs_fs_show_options[0m
    security_sb_show_options @ fs/proc_namespace.c:61:9
[32morangefs_show_options[0m
    security_sb_show_options @ fs/proc_namespace.c:61:9
[32mbtrfs_show_options[0m
    security_sb_show_options @ fs/proc_namespace.c:61:9
[32mcifs_show_options[0m
    security_sb_show_options @ fs/proc_namespace.c:61:9
[32mext2_show_options[0m
    security_sb_show_options @ fs/proc_namespace.c:61:9
[32mdevpts_show_options[0m
    security_sb_show_options @ fs/proc_namespace.c:61:9
[32mdebugfs_show_options[0m
    security_sb_show_options @ fs/proc_namespace.c:61:9
[32mufs_show_options[0m
    security_sb_show_options @ fs/proc_namespace.c:61:9
[32mramfs_show_options[0m
    security_sb_show_options @ fs/proc_namespace.c:61:9
[32mext4_show_options[0m
    security_sb_show_options @ fs/proc_namespace.c:61:9
[32mgfs2_show_options[0m
    security_sb_show_options @ fs/proc_namespace.c:61:9
[32mpstore_show_options[0m
    security_sb_show_options @ fs/proc_namespace.c:61:9
[32momfs_show_options[0m
    security_sb_show_options @ fs/proc_namespace.c:61:9
[32mnilfs_show_options[0m
    security_sb_show_options @ fs/proc_namespace.c:61:9
[32mafs_show_options[0m
    security_sb_show_options @ fs/proc_namespace.c:61:9
[48;5;039m[38;5;255m--- Interesting Type fields and checks ---[0m
[32mstruct.path.120501:0,[0m
    security_sb_show_options @ fs/proc_namespace.c:61:9
[32mstruct.super_operations.120450:0,[0m
    security_sb_show_options @ fs/proc_namespace.c:61:9
Run Analysis
Critical functions
[33mInspect Use of Function:afs_show_options[0m
[31mindirect call @ fs/proc_namespace.c:125:9
[31mindirect call @ fs/proc_namespace.c:187:9
[33mInspect Use of Function:nilfs_show_options[0m
[31mindirect call @ fs/proc_namespace.c:125:9
[31mindirect call @ fs/proc_namespace.c:187:9
[33mInspect Use of Function:omfs_show_options[0m
[31mindirect call @ fs/proc_namespace.c:125:9
[31mindirect call @ fs/proc_namespace.c:187:9
[33mInspect Use of Function:pstore_show_options[0m
[31mindirect call @ fs/proc_namespace.c:125:9
[31mindirect call @ fs/proc_namespace.c:187:9
[33mInspect Use of Function:gfs2_show_options[0m
[31mindirect call @ fs/proc_namespace.c:125:9
[31mindirect call @ fs/proc_namespace.c:187:9
[33mInspect Use of Function:ext4_show_options[0m
[31mindirect call @ fs/proc_namespace.c:125:9
[31mindirect call @ fs/proc_namespace.c:187:9
[33mInspect Use of Function:ramfs_show_options[0m
[31mindirect call @ fs/proc_namespace.c:125:9
[31mindirect call @ fs/proc_namespace.c:187:9
[33mInspect Use of Function:ufs_show_options[0m
[31mindirect call @ fs/proc_namespace.c:125:9
[31mindirect call @ fs/proc_namespace.c:187:9
[33mInspect Use of Function:debugfs_show_options[0m
[31mindirect call @ fs/proc_namespace.c:125:9
[31mindirect call @ fs/proc_namespace.c:187:9
[33mInspect Use of Function:devpts_show_options[0m
[31mindirect call @ fs/proc_namespace.c:125:9
[31mindirect call @ fs/proc_namespace.c:187:9
[33mInspect Use of Function:ext2_show_options[0m
[31mindirect call @ fs/proc_namespace.c:125:9
[31mindirect call @ fs/proc_namespace.c:187:9
[33mInspect Use of Function:cifs_show_options[0m
[31mindirect call @ fs/proc_namespace.c:125:9
[31mindirect call @ fs/proc_namespace.c:187:9
[33mInspect Use of Function:btrfs_show_options[0m
[31mindirect call @ fs/proc_namespace.c:125:9
[31mindirect call @ fs/proc_namespace.c:187:9
[33mInspect Use of Function:orangefs_show_options[0m
[31mindirect call @ fs/proc_namespace.c:125:9
[31mindirect call @ fs/proc_namespace.c:187:9
[33mInspect Use of Function:xfs_fs_show_options[0m
[31mindirect call @ fs/proc_namespace.c:125:9
[31mindirect call @ fs/proc_namespace.c:187:9
[33mInspect Use of Function:isofs_show_options[0m
[31mindirect call @ fs/proc_namespace.c:125:9
[31mindirect call @ fs/proc_namespace.c:187:9
[33mInspect Use of Function:qnx6_show_options[0m
[31mindirect call @ fs/proc_namespace.c:125:9
[31mindirect call @ fs/proc_namespace.c:187:9
[33mInspect Use of Function:ntfs_show_options[0m
[31mindirect call @ fs/proc_namespace.c:125:9
[31mindirect call @ fs/proc_namespace.c:187:9
[33mInspect Use of Function:hfsplus_show_options[0m
[31mindirect call @ fs/proc_namespace.c:125:9
[31mindirect call @ fs/proc_namespace.c:187:9
[33mInspect Use of Function:adfs_show_options[0m
[31mindirect call @ fs/proc_namespace.c:125:9
[31mindirect call @ fs/proc_namespace.c:187:9
[33mInspect Use of Function:f2fs_show_options[0m
[31mindirect call @ fs/proc_namespace.c:125:9
[31mindirect call @ fs/proc_namespace.c:187:9
[33mInspect Use of Function:ovl_show_options[0m
[31mindirect call @ fs/proc_namespace.c:125:9
[31mindirect call @ fs/proc_namespace.c:187:9
[33mInspect Use of Function:hugetlbfs_show_options[0m
[31mindirect call @ fs/proc_namespace.c:125:9
[31mindirect call @ fs/proc_namespace.c:187:9
[33mInspect Use of Function:proc_show_options[0m
[31mindirect call @ fs/proc_namespace.c:125:9
[31mindirect call @ fs/proc_namespace.c:187:9
[33mInspect Use of Function:ceph_show_options[0m
[31mindirect call @ fs/proc_namespace.c:125:9
[31mindirect call @ fs/proc_namespace.c:187:9
[33mInspect Use of Function:show_mnt_opts[0m
[33mInspect Use of Function:befs_show_options[0m
[31mindirect call @ fs/proc_namespace.c:125:9
[31mindirect call @ fs/proc_namespace.c:187:9
[33mInspect Use of Function:shmem_show_options[0m
[31mindirect call @ fs/proc_namespace.c:125:9
[31mindirect call @ fs/proc_namespace.c:187:9
[33mInspect Use of Function:udf_show_options[0m
[31mindirect call @ fs/proc_namespace.c:125:9
[31mindirect call @ fs/proc_namespace.c:187:9
[33mInspect Use of Function:jfs_show_options[0m
[31mindirect call @ fs/proc_namespace.c:125:9
[31mindirect call @ fs/proc_namespace.c:187:9
[33mInspect Use of Function:hpfs_show_options[0m
[31mindirect call @ fs/proc_namespace.c:125:9
[31mindirect call @ fs/proc_namespace.c:187:9
[33mInspect Use of Function:autofs4_show_options[0m
[31mindirect call @ fs/proc_namespace.c:125:9
[31mindirect call @ fs/proc_namespace.c:187:9
[33mInspect Use of Function:tracefs_show_options[0m
[31mindirect call @ fs/proc_namespace.c:125:9
[31mindirect call @ fs/proc_namespace.c:187:9
[33mInspect Use of Function:nfs_show_options[0m
[31mindirect call @ fs/proc_namespace.c:125:9
[31mindirect call @ fs/proc_namespace.c:187:9
[33mInspect Use of Function:ncp_show_options[0m
[31mindirect call @ fs/proc_namespace.c:125:9
[31mindirect call @ fs/proc_namespace.c:187:9
STOP WATCH[0]: 95.798000 ms
[36m--- DONE! ---[0m
------------STATISTICS---------------
    53021 : Functions greeted
    110 : External functions
    0 : Discovered Path
    0 : Matched Path
    69 : Good Path
    0 : Bad Path
    1 : Ignored Path
    0 : Path Unable to Resolve
    0 : Resolved CallSite Using Function Pointer
    35 : Critical Functions
    0 : Critical Variables
    0 : # of times max depth for forward analysis hit
    0 : # of times max depth for backward analysis hit
    0 : Critical Function Pointer Unable to Resolve, Collect Pass
    2 : Critical Function Pointer Resolved, Collect Pass
    1 : Critical Functions used by non CallInst
    0 : Critical Functions used by static assignment
    0 : # of times indirect call site matched with critical functions
    2 : # of times indirect call site failed to match with critical functions
    0 : found capability check inside call using function ptr




===-------------------------------------------------------------------------===
                          ... Statistics Collected ...
===-------------------------------------------------------------------------===

16305946 bitcode-reader - Number of Metadata records loaded
  232630 bitcode-reader - Number of MDStrings loaded

