[36m--- PROCESS FUNCTIONS ---[0m
Pre-processing...
Load skip function list, total:360
Load skip var list, total:22
Load kernel api list, total:1048
Collect all functions and indirect callsites
STOP WATCH[0]: 820.069000 ms
Process Gating Functions
Load LSM hook list, total:1
STOP WATCH[0]: 14.567000 ms
[48;5;021m[38;5;255m=LSM hook functions=[0m
. security_inode_copy_up_xattr
=o=
Collect Checkpoints
STOP WATCH[0]: 972.618000 ms
Identify interesting struct
STOP WATCH[0]: 6.139000 ms
Identify Logical Modules
STOP WATCH[0]: 62.075000 ms
STOP WATCH[0]: 6870.960000 ms
Collecting Initialization Closure.
Finding Kernel Entry Point and all __initcall_
[32mFound x86_64_start_kernel[0m
STOP WATCH[1]: 69.613000 ms
Initial Kernel Init Function Count:642
Over Approximate Kernel Init Functions
STOP WATCH[1]: 133.789000 ms
Refine Result
refine pass 0 3413 left
refine pass 1 2221 left
refine pass 2 1865 left
refine pass 3 1773 left
refine pass 4 1736 left
refine pass 5 1731 left
refine pass 6 1729 left
 Refine result : count=1729
STOP WATCH[1]: 45.907000 ms
STOP WATCH[0]: 249.941000 ms
Collect all permission-checked variables and functions
Add call<direct> vfs_setxattr use @ fs/overlayfs/copy_up.c:127:11
 cause:[32mProcess Stack:[0m
0 ovl_copy_xattr fs/overlayfs/copy_up.c:57:35
[32m-------------[0m
Add call<direct> ovl_set_attr use @ fs/overlayfs/copy_up.c:464:8 @[ fs/overlayfs/copy_up.c:497:8 ]
 cause:[32mProcess Stack:[0m
0 ovl_copy_xattr fs/overlayfs/copy_up.c:57:35
1 ovl_copy_up_locked fs/overlayfs/copy_up.c:459:8 @[ fs/overlayfs/copy_up.c:497:8 ]
[32m-------------[0m
Add call<direct> ovl_can_decode_fh use @ fs/overlayfs/copy_up.c:302:6 @[ fs/overlayfs/copy_up.c:477:9 @[ fs/overlayfs/copy_up.c:497:8 ] ]
 cause:[32mProcess Stack:[0m
0 ovl_copy_xattr fs/overlayfs/copy_up.c:57:35
1 ovl_copy_up_locked fs/overlayfs/copy_up.c:459:8 @[ fs/overlayfs/copy_up.c:497:8 ]
[32m-------------[0m
Add call<direct> ovl_encode_fh use @ fs/overlayfs/copy_up.c:303:8 @[ fs/overlayfs/copy_up.c:477:9 @[ fs/overlayfs/copy_up.c:497:8 ] ]
 cause:[32mProcess Stack:[0m
0 ovl_copy_xattr fs/overlayfs/copy_up.c:57:35
1 ovl_copy_up_locked fs/overlayfs/copy_up.c:459:8 @[ fs/overlayfs/copy_up.c:497:8 ]
[32m-------------[0m
Add call<direct> ovl_check_setxattr use @ fs/overlayfs/copy_up.c:311:8 @[ fs/overlayfs/copy_up.c:477:9 @[ fs/overlayfs/copy_up.c:497:8 ] ]
 cause:[32mProcess Stack:[0m
0 ovl_copy_xattr fs/overlayfs/copy_up.c:57:35
1 ovl_copy_up_locked fs/overlayfs/copy_up.c:459:8 @[ fs/overlayfs/copy_up.c:497:8 ]
[32m-------------[0m
Add call<direct> ovl_install_temp use @ fs/overlayfs/copy_up.c:503:9
 cause:[32mProcess Stack:[0m
0 ovl_copy_xattr fs/overlayfs/copy_up.c:57:35
1 ovl_copy_up_locked fs/overlayfs/copy_up.c:459:8 @[ fs/overlayfs/copy_up.c:497:8 ]
[32m-------------[0m
Add call<direct> ovl_install_temp use @ fs/overlayfs/copy_up.c:506:9
 cause:[32mProcess Stack:[0m
0 ovl_copy_xattr fs/overlayfs/copy_up.c:57:35
1 ovl_copy_up_locked fs/overlayfs/copy_up.c:459:8 @[ fs/overlayfs/copy_up.c:497:8 ]
[32m-------------[0m
Add call<direct> ovl_inode_update use @ fs/overlayfs/copy_up.c:512:2
 cause:[32mProcess Stack:[0m
0 ovl_copy_xattr fs/overlayfs/copy_up.c:57:35
1 ovl_copy_up_locked fs/overlayfs/copy_up.c:459:8 @[ fs/overlayfs/copy_up.c:497:8 ]
[32m-------------[0m
Add call<direct> ovl_set_flag use @ fs/overlayfs/copy_up.c:514:3
 cause:[32mProcess Stack:[0m
0 ovl_copy_xattr fs/overlayfs/copy_up.c:57:35
1 ovl_copy_up_locked fs/overlayfs/copy_up.c:459:8 @[ fs/overlayfs/copy_up.c:497:8 ]
[32m-------------[0m
Add call<direct> unlock_rename use @ fs/overlayfs/copy_up.c:571:4 @[ fs/overlayfs/copy_up.c:641:10 @[ fs/overlayfs/copy_up.c:689:9 ] ]
 cause:[32mProcess Stack:[0m
0 ovl_copy_xattr fs/overlayfs/copy_up.c:57:35
1 ovl_copy_up_locked fs/overlayfs/copy_up.c:459:8 @[ fs/overlayfs/copy_up.c:497:8 ]
2 ovl_copy_up_flags fs/overlayfs/copy_up.c:570:10 @[ fs/overlayfs/copy_up.c:641:10 @[ fs/overlayfs/copy_up.c:689:9 ] ]
[32m-------------[0m
STOP WATCH[1]: 1992.549000 ms
STOP WATCH[0]: 1992.563000 ms
Collected 9 critical functions
Collected 0 critical variables
Collected 1 critical type/fields
[48;5;021m[38;5;255m--- Variables Protected By Gating Function---[0m
[48;5;021m[38;5;255m--- Function Protected By Gating Function---[0m
[32munlock_rename[0m
    security_inode_copy_up_xattr @ fs/overlayfs/copy_up.c:120:11
[32movl_set_flag[0m
    security_inode_copy_up_xattr @ fs/overlayfs/copy_up.c:120:11
[32movl_inode_update[0m
    security_inode_copy_up_xattr @ fs/overlayfs/copy_up.c:120:11
[32mvfs_setxattr[0m
    security_inode_copy_up_xattr @ fs/overlayfs/copy_up.c:120:11
[32movl_set_attr[0m
    security_inode_copy_up_xattr @ fs/overlayfs/copy_up.c:120:11
[32movl_can_decode_fh[0m
    security_inode_copy_up_xattr @ fs/overlayfs/copy_up.c:120:11
[32movl_check_setxattr[0m
    security_inode_copy_up_xattr @ fs/overlayfs/copy_up.c:120:11
[32movl_encode_fh[0m
    security_inode_copy_up_xattr @ fs/overlayfs/copy_up.c:120:11
[32movl_install_temp[0m
    security_inode_copy_up_xattr @ fs/overlayfs/copy_up.c:120:11
[48;5;039m[38;5;255m--- Interesting Type fields and checks ---[0m
[32mstruct.ovl_copy_up_ctx:0,[0m
    security_inode_copy_up_xattr @ fs/overlayfs/copy_up.c:120:11
Run Analysis
Critical functions
[33mInspect Use of Function:unlock_rename[0m
[35mUse:fs/overlayfs/util.c:594:2[0m
[31m=NO CHECK ON PATH=[0m
[32mCall Stack:[0m
0 ovl_lock_rename_workdir fs/overlayfs/util.c:594:2
1 ovl_copy_up_flags fs/overlayfs/copy_up.c:568:9 @[ fs/overlayfs/copy_up.c:641:10 @[ fs/overlayfs/copy_up.c:689:9 ] ]
2 ovl_copy_up fs/overlayfs/copy_up.c:701:9
3 ovl_create_or_link fs/overlayfs/dir.c:476:8
4 ovl_create_object fs/overlayfs/dir.c:550:8
5 ovl_create fs/overlayfs/dir.c:563:9
[32m-------------[0m
[35mUse:fs/overlayfs/util.c:594:2[0m
[31m=NO CHECK ON PATH=[0m
[32mCall Stack:[0m
0 ovl_lock_rename_workdir fs/overlayfs/util.c:594:2
1 ovl_copy_up_flags fs/overlayfs/copy_up.c:568:9 @[ fs/overlayfs/copy_up.c:641:10 @[ fs/overlayfs/copy_up.c:689:9 ] ]
2 ovl_copy_up fs/overlayfs/copy_up.c:701:9
3 ovl_create_or_link fs/overlayfs/dir.c:476:8
4 ovl_create_object fs/overlayfs/dir.c:550:8
5 ovl_symlink fs/overlayfs/dir.c:584:9
[32m-------------[0m
[35mUse:fs/overlayfs/util.c:594:2[0m
[31m=NO CHECK ON PATH=[0m
[32mCall Stack:[0m
0 ovl_lock_rename_workdir fs/overlayfs/util.c:594:2
1 ovl_copy_up_flags fs/overlayfs/copy_up.c:568:9 @[ fs/overlayfs/copy_up.c:641:10 @[ fs/overlayfs/copy_up.c:689:9 ] ]
2 ovl_copy_up fs/overlayfs/copy_up.c:701:9
3 ovl_create_or_link fs/overlayfs/dir.c:476:8
4 ovl_create_object fs/overlayfs/dir.c:550:8
5 ovl_mkdir fs/overlayfs/dir.c:568:9
[32m-------------[0m
[35mUse:fs/overlayfs/util.c:594:2[0m
[31m=NO CHECK ON PATH=[0m
[32mCall Stack:[0m
0 ovl_lock_rename_workdir fs/overlayfs/util.c:594:2
1 ovl_copy_up_flags fs/overlayfs/copy_up.c:568:9 @[ fs/overlayfs/copy_up.c:641:10 @[ fs/overlayfs/copy_up.c:689:9 ] ]
2 ovl_copy_up fs/overlayfs/copy_up.c:701:9
3 ovl_create_or_link fs/overlayfs/dir.c:476:8
4 ovl_create_object fs/overlayfs/dir.c:550:8
5 ovl_mknod fs/overlayfs/dir.c:578:9
[32m-------------[0m
[35mUse:fs/overlayfs/util.c:594:2[0m
[31m=NO CHECK ON PATH=[0m
[32mCall Stack:[0m
0 ovl_lock_rename_workdir fs/overlayfs/util.c:594:2
1 ovl_copy_up_flags fs/overlayfs/copy_up.c:568:9 @[ fs/overlayfs/copy_up.c:641:10 @[ fs/overlayfs/copy_up.c:689:9 ] ]
2 ovl_copy_up fs/overlayfs/copy_up.c:701:9
3 ovl_xattr_set fs/overlayfs/inode.c:248:9
4 ovl_posix_acl_xattr_set fs/overlayfs/super.c:806:8
[32m-------------[0m
[35mUse:fs/overlayfs/util.c:594:2[0m
[31m=NO CHECK ON PATH=[0m
[32mCall Stack:[0m
0 ovl_lock_rename_workdir fs/overlayfs/util.c:594:2
1 ovl_copy_up_flags fs/overlayfs/copy_up.c:568:9 @[ fs/overlayfs/copy_up.c:641:10 @[ fs/overlayfs/copy_up.c:689:9 ] ]
2 ovl_copy_up fs/overlayfs/copy_up.c:701:9
3 ovl_xattr_set fs/overlayfs/inode.c:248:9
4 ovl_posix_acl_xattr_set fs/overlayfs/super.c:806:8
[32m-------------[0m
[35mUse:fs/overlayfs/util.c:594:2[0m
[31m=NO CHECK ON PATH=[0m
[32mCall Stack:[0m
0 ovl_lock_rename_workdir fs/overlayfs/util.c:594:2
1 ovl_copy_up_flags fs/overlayfs/copy_up.c:568:9 @[ fs/overlayfs/copy_up.c:641:10 @[ fs/overlayfs/copy_up.c:689:9 ] ]
2 ovl_copy_up fs/overlayfs/copy_up.c:701:9
3 ovl_xattr_set fs/overlayfs/inode.c:248:9
4 ovl_other_xattr_set fs/overlayfs/super.c:844:9
[32m-------------[0m
[35mUse:fs/overlayfs/util.c:594:2[0m
[31m=NO CHECK ON PATH=[0m
[32mCall Stack:[0m
0 ovl_lock_rename_workdir fs/overlayfs/util.c:594:2
1 ovl_copy_up_flags fs/overlayfs/copy_up.c:568:9 @[ fs/overlayfs/copy_up.c:641:10 @[ fs/overlayfs/copy_up.c:689:9 ] ]
2 ovl_copy_up fs/overlayfs/copy_up.c:701:9
3 ovl_setattr fs/overlayfs/inode.c:49:8
[32m-------------[0m
[35mUse:fs/overlayfs/util.c:594:2[0m
[31m=NO CHECK ON PATH=[0m
[32mCall Stack:[0m
0 ovl_lock_rename_workdir fs/overlayfs/util.c:594:2
1 ovl_copy_up_flags fs/overlayfs/copy_up.c:568:9 @[ fs/overlayfs/copy_up.c:641:10 @[ fs/overlayfs/copy_up.c:689:9 ] ]
2 ovl_open_maybe_copy_up fs/overlayfs/inode.c:366:10
3 ovl_d_real fs/overlayfs/super.c:99:9
4 nfs4_file_open ./include/linux/dcache.h:586:10 @[ ./include/linux/fs.h:1239:9 @[ fs/nfs/nfs4file.c:61:31 ] ]
[32m-------------[0m
[35mUse:fs/overlayfs/util.c:594:2[0m
[31m=NO CHECK ON PATH=[0m
[32mCall Stack:[0m
0 ovl_lock_rename_workdir fs/overlayfs/util.c:594:2
1 ovl_copy_up_flags fs/overlayfs/copy_up.c:568:9 @[ fs/overlayfs/copy_up.c:641:10 @[ fs/overlayfs/copy_up.c:689:9 ] ]
2 ovl_open_maybe_copy_up fs/overlayfs/inode.c:366:10
3 ovl_d_real fs/overlayfs/super.c:99:9
4 nfs_readdir_xdr_to_array ./include/linux/dcache.h:586:10 @[ ./include/linux/fs.h:1239:9 @[ fs/nfs/dir.c:554:21 @[ fs/nfs/dir.c:642:12 ] ] ]
5 nfs_readdir fs/nfs/dir.c:812:11 @[ fs/nfs/dir.c:871:11 ]
[32m-------------[0m
[35mUse:fs/overlayfs/util.c:594:2[0m
[31m=NO CHECK ON PATH=[0m
[32mCall Stack:[0m
0 ovl_lock_rename_workdir fs/overlayfs/util.c:594:2
1 ovl_copy_up_flags fs/overlayfs/copy_up.c:568:9 @[ fs/overlayfs/copy_up.c:641:10 @[ fs/overlayfs/copy_up.c:689:9 ] ]
2 ovl_open_maybe_copy_up fs/overlayfs/inode.c:366:10
3 ovl_d_real fs/overlayfs/super.c:99:9
4 btrfs_sync_file ./include/linux/dcache.h:586:10 @[ ./include/linux/fs.h:1239:9 @[ fs/btrfs/file.c:2043:26 ] ]
[32m-------------[0m
[35mUse:fs/overlayfs/util.c:594:2[0m
[31m=NO CHECK ON PATH=[0m
[32mCall Stack:[0m
0 ovl_lock_rename_workdir fs/overlayfs/util.c:594:2
1 ovl_copy_up_flags fs/overlayfs/copy_up.c:568:9 @[ fs/overlayfs/copy_up.c:641:10 @[ fs/overlayfs/copy_up.c:689:9 ] ]
2 ovl_open_maybe_copy_up fs/overlayfs/inode.c:366:10
3 ovl_d_real fs/overlayfs/super.c:99:9
4 btrfs_sync_file ./include/linux/dcache.h:586:10 @[ ./include/linux/fs.h:1239:9 @[ fs/btrfs/file.c:2043:26 ] ]
[32m-------------[0m
[35mUse:fs/ecryptfs/inode.c:620:2[0m
[31m=NO CHECK ON PATH=[0m
[32mCall Stack:[0m
0 ecryptfs_rename fs/ecryptfs/inode.c:620:2
[32m-------------[0m
[32mGood: 21 [31mBad: 13 [33mIgnored: 137[0m
[33mInspect Use of Function:ovl_inode_update[0m
[33mInspect Use of Function:ovl_install_temp[0m
[33mInspect Use of Function:ovl_set_flag[0m
[35mUse:fs/overlayfs/copy_up.c:577:4 @[ fs/overlayfs/copy_up.c:641:10 @[ fs/overlayfs/copy_up.c:689:9 ] ][0m
[31m=NO CHECK ON PATH=[0m
[32mCall Stack:[0m
0 ovl_copy_up_flags fs/overlayfs/copy_up.c:577:4 @[ fs/overlayfs/copy_up.c:641:10 @[ fs/overlayfs/copy_up.c:689:9 ] ]
1 ovl_copy_up fs/overlayfs/copy_up.c:701:9
2 ovl_do_remove fs/overlayfs/dir.c:759:8
3 ovl_unlink fs/overlayfs/dir.c:788:9
[32m-------------[0m
[35mUse:fs/overlayfs/copy_up.c:577:4 @[ fs/overlayfs/copy_up.c:641:10 @[ fs/overlayfs/copy_up.c:689:9 ] ][0m
[31m=NO CHECK ON PATH=[0m
[32mCall Stack:[0m
0 ovl_copy_up_flags fs/overlayfs/copy_up.c:577:4 @[ fs/overlayfs/copy_up.c:641:10 @[ fs/overlayfs/copy_up.c:689:9 ] ]
1 ovl_copy_up fs/overlayfs/copy_up.c:701:9
2 ovl_do_remove fs/overlayfs/dir.c:759:8
3 ovl_rmdir fs/overlayfs/dir.c:793:9
[32m-------------[0m
[35mUse:fs/overlayfs/copy_up.c:577:4 @[ fs/overlayfs/copy_up.c:641:10 @[ fs/overlayfs/copy_up.c:689:9 ] ][0m
[31m=NO CHECK ON PATH=[0m
[32mCall Stack:[0m
0 ovl_copy_up_flags fs/overlayfs/copy_up.c:577:4 @[ fs/overlayfs/copy_up.c:641:10 @[ fs/overlayfs/copy_up.c:689:9 ] ]
1 ovl_copy_up fs/overlayfs/copy_up.c:701:9
2 ovl_create_or_link fs/overlayfs/dir.c:476:8
3 ovl_create_object fs/overlayfs/dir.c:550:8
4 ovl_create fs/overlayfs/dir.c:563:9
[32m-------------[0m
[35mUse:fs/overlayfs/copy_up.c:577:4 @[ fs/overlayfs/copy_up.c:641:10 @[ fs/overlayfs/copy_up.c:689:9 ] ][0m
[31m=NO CHECK ON PATH=[0m
[32mCall Stack:[0m
0 ovl_copy_up_flags fs/overlayfs/copy_up.c:577:4 @[ fs/overlayfs/copy_up.c:641:10 @[ fs/overlayfs/copy_up.c:689:9 ] ]
1 ovl_copy_up fs/overlayfs/copy_up.c:701:9
2 ovl_create_or_link fs/overlayfs/dir.c:476:8
3 ovl_create_object fs/overlayfs/dir.c:550:8
4 ovl_symlink fs/overlayfs/dir.c:584:9
[32m-------------[0m
[35mUse:fs/overlayfs/copy_up.c:577:4 @[ fs/overlayfs/copy_up.c:641:10 @[ fs/overlayfs/copy_up.c:689:9 ] ][0m
[31m=NO CHECK ON PATH=[0m
[32mCall Stack:[0m
0 ovl_copy_up_flags fs/overlayfs/copy_up.c:577:4 @[ fs/overlayfs/copy_up.c:641:10 @[ fs/overlayfs/copy_up.c:689:9 ] ]
1 ovl_copy_up fs/overlayfs/copy_up.c:701:9
2 ovl_create_or_link fs/overlayfs/dir.c:476:8
3 ovl_create_object fs/overlayfs/dir.c:550:8
4 ovl_mkdir fs/overlayfs/dir.c:568:9
[32m-------------[0m
[35mUse:fs/overlayfs/copy_up.c:577:4 @[ fs/overlayfs/copy_up.c:641:10 @[ fs/overlayfs/copy_up.c:689:9 ] ][0m
[31m=NO CHECK ON PATH=[0m
[32mCall Stack:[0m
0 ovl_copy_up_flags fs/overlayfs/copy_up.c:577:4 @[ fs/overlayfs/copy_up.c:641:10 @[ fs/overlayfs/copy_up.c:689:9 ] ]
1 ovl_copy_up fs/overlayfs/copy_up.c:701:9
2 ovl_create_or_link fs/overlayfs/dir.c:476:8
3 ovl_create_object fs/overlayfs/dir.c:550:8
4 ovl_mknod fs/overlayfs/dir.c:578:9
[32m-------------[0m
[35mUse:fs/overlayfs/copy_up.c:577:4 @[ fs/overlayfs/copy_up.c:641:10 @[ fs/overlayfs/copy_up.c:689:9 ] ][0m
[31m=NO CHECK ON PATH=[0m
[32mCall Stack:[0m
0 ovl_copy_up_flags fs/overlayfs/copy_up.c:577:4 @[ fs/overlayfs/copy_up.c:641:10 @[ fs/overlayfs/copy_up.c:689:9 ] ]
1 ovl_copy_up fs/overlayfs/copy_up.c:701:9
2 ovl_xattr_set fs/overlayfs/inode.c:248:9
3 ovl_posix_acl_xattr_set fs/overlayfs/super.c:806:8
[32m-------------[0m
[35mUse:fs/overlayfs/copy_up.c:577:4 @[ fs/overlayfs/copy_up.c:641:10 @[ fs/overlayfs/copy_up.c:689:9 ] ][0m
[31m=NO CHECK ON PATH=[0m
[32mCall Stack:[0m
0 ovl_copy_up_flags fs/overlayfs/copy_up.c:577:4 @[ fs/overlayfs/copy_up.c:641:10 @[ fs/overlayfs/copy_up.c:689:9 ] ]
1 ovl_copy_up fs/overlayfs/copy_up.c:701:9
2 ovl_xattr_set fs/overlayfs/inode.c:248:9
3 ovl_posix_acl_xattr_set fs/overlayfs/super.c:806:8
[32m-------------[0m
[35mUse:fs/overlayfs/copy_up.c:577:4 @[ fs/overlayfs/copy_up.c:641:10 @[ fs/overlayfs/copy_up.c:689:9 ] ][0m
[31m=NO CHECK ON PATH=[0m
[32mCall Stack:[0m
0 ovl_copy_up_flags fs/overlayfs/copy_up.c:577:4 @[ fs/overlayfs/copy_up.c:641:10 @[ fs/overlayfs/copy_up.c:689:9 ] ]
1 ovl_copy_up fs/overlayfs/copy_up.c:701:9
2 ovl_xattr_set fs/overlayfs/inode.c:248:9
3 ovl_other_xattr_set fs/overlayfs/super.c:844:9
[32m-------------[0m
[35mUse:fs/overlayfs/copy_up.c:577:4 @[ fs/overlayfs/copy_up.c:641:10 @[ fs/overlayfs/copy_up.c:689:9 ] ][0m
[31m=NO CHECK ON PATH=[0m
[32mCall Stack:[0m
0 ovl_copy_up_flags fs/overlayfs/copy_up.c:577:4 @[ fs/overlayfs/copy_up.c:641:10 @[ fs/overlayfs/copy_up.c:689:9 ] ]
1 ovl_copy_up fs/overlayfs/copy_up.c:701:9
2 ovl_setattr fs/overlayfs/inode.c:49:8
[32m-------------[0m
[35mUse:fs/overlayfs/copy_up.c:577:4 @[ fs/overlayfs/copy_up.c:641:10 @[ fs/overlayfs/copy_up.c:689:9 ] ][0m
[31m=NO CHECK ON PATH=[0m
[32mCall Stack:[0m
0 ovl_copy_up_flags fs/overlayfs/copy_up.c:577:4 @[ fs/overlayfs/copy_up.c:641:10 @[ fs/overlayfs/copy_up.c:689:9 ] ]
1 ovl_open_maybe_copy_up fs/overlayfs/inode.c:366:10
2 ovl_d_real fs/overlayfs/super.c:99:9
3 nfs4_file_open ./include/linux/dcache.h:586:10 @[ ./include/linux/fs.h:1239:9 @[ fs/nfs/nfs4file.c:61:31 ] ]
[32m-------------[0m
[35mUse:fs/overlayfs/copy_up.c:577:4 @[ fs/overlayfs/copy_up.c:641:10 @[ fs/overlayfs/copy_up.c:689:9 ] ][0m
[31m=NO CHECK ON PATH=[0m
[32mCall Stack:[0m
0 ovl_copy_up_flags fs/overlayfs/copy_up.c:577:4 @[ fs/overlayfs/copy_up.c:641:10 @[ fs/overlayfs/copy_up.c:689:9 ] ]
1 ovl_open_maybe_copy_up fs/overlayfs/inode.c:366:10
2 ovl_d_real fs/overlayfs/super.c:99:9
3 nfs_readdir_xdr_to_array ./include/linux/dcache.h:586:10 @[ ./include/linux/fs.h:1239:9 @[ fs/nfs/dir.c:554:21 @[ fs/nfs/dir.c:642:12 ] ] ]
4 nfs_readdir fs/nfs/dir.c:812:11 @[ fs/nfs/dir.c:871:11 ]
[32m-------------[0m
[35mUse:fs/overlayfs/copy_up.c:577:4 @[ fs/overlayfs/copy_up.c:641:10 @[ fs/overlayfs/copy_up.c:689:9 ] ][0m
[31m=NO CHECK ON PATH=[0m
[32mCall Stack:[0m
0 ovl_copy_up_flags fs/overlayfs/copy_up.c:577:4 @[ fs/overlayfs/copy_up.c:641:10 @[ fs/overlayfs/copy_up.c:689:9 ] ]
1 ovl_open_maybe_copy_up fs/overlayfs/inode.c:366:10
2 ovl_d_real fs/overlayfs/super.c:99:9
3 btrfs_sync_file ./include/linux/dcache.h:586:10 @[ ./include/linux/fs.h:1239:9 @[ fs/btrfs/file.c:2043:26 ] ]
[32m-------------[0m
[35mUse:fs/overlayfs/copy_up.c:577:4 @[ fs/overlayfs/copy_up.c:641:10 @[ fs/overlayfs/copy_up.c:689:9 ] ][0m
[31m=NO CHECK ON PATH=[0m
[32mCall Stack:[0m
0 ovl_copy_up_flags fs/overlayfs/copy_up.c:577:4 @[ fs/overlayfs/copy_up.c:641:10 @[ fs/overlayfs/copy_up.c:689:9 ] ]
1 ovl_open_maybe_copy_up fs/overlayfs/inode.c:366:10
2 ovl_d_real fs/overlayfs/super.c:99:9
3 btrfs_sync_file ./include/linux/dcache.h:586:10 @[ ./include/linux/fs.h:1239:9 @[ fs/btrfs/file.c:2043:26 ] ]
[32m-------------[0m
[35mUse:fs/overlayfs/inode.c:685:3[0m
[31m=NO CHECK ON PATH=[0m
[32mCall Stack:[0m
0 ovl_get_inode fs/overlayfs/inode.c:685:3
1 ovl_lookup fs/overlayfs/namei.c:737:11
[32m-------------[0m
[35mUse:fs/overlayfs/inode.c:693:4[0m
[31m=NO CHECK ON PATH=[0m
[32mCall Stack:[0m
0 ovl_get_inode fs/overlayfs/inode.c:693:4
1 ovl_lookup fs/overlayfs/namei.c:737:11
[32m-------------[0m
[35mUse:fs/overlayfs/namei.c:744:4[0m
[31m=NO CHECK ON PATH=[0m
[32mCall Stack:[0m
0 ovl_lookup fs/overlayfs/namei.c:744:4
[32m-------------[0m
[32mGood: 8 [31mBad: 17 [33mIgnored: 36[0m
[33mInspect Use of Function:vfs_setxattr[0m
[35mUse:fs/overlayfs/inode.c:257:9[0m
[31m=NO CHECK ON PATH=[0m
[32mCall Stack:[0m
0 ovl_xattr_set fs/overlayfs/inode.c:257:9
1 ovl_posix_acl_xattr_set fs/overlayfs/super.c:806:8
[32m-------------[0m
[35mUse:fs/overlayfs/inode.c:257:9[0m
[31m=NO CHECK ON PATH=[0m
[32mCall Stack:[0m
0 ovl_xattr_set fs/overlayfs/inode.c:257:9
1 ovl_posix_acl_xattr_set fs/overlayfs/super.c:806:8
[32m-------------[0m
[35mUse:fs/overlayfs/inode.c:257:9[0m
[31m=NO CHECK ON PATH=[0m
[32mCall Stack:[0m
0 ovl_xattr_set fs/overlayfs/inode.c:257:9
1 ovl_other_xattr_set fs/overlayfs/super.c:844:9
[32m-------------[0m
[35mUse:fs/overlayfs/overlayfs.h:142:12 @[ fs/overlayfs/inode.c:531:9 @[ fs/overlayfs/inode.c:542:9 ] ][0m
[31m=NO CHECK ON PATH=[0m
[32mCall Stack:[0m
0 ovl_set_nlink_lower fs/overlayfs/overlayfs.h:142:12 @[ fs/overlayfs/inode.c:531:9 @[ fs/overlayfs/inode.c:542:9 ] ]
1 ovl_copy_up_flags fs/overlayfs/copy_up.c:344:8 @[ fs/overlayfs/copy_up.c:643:10 @[ fs/overlayfs/copy_up.c:689:9 ] ]
2 ovl_copy_up fs/overlayfs/copy_up.c:701:9
3 ovl_do_remove fs/overlayfs/dir.c:759:8
4 ovl_unlink fs/overlayfs/dir.c:788:9
[32m-------------[0m
[35mUse:fs/overlayfs/overlayfs.h:142:12 @[ fs/overlayfs/inode.c:531:9 @[ fs/overlayfs/inode.c:542:9 ] ][0m
[31m=NO CHECK ON PATH=[0m
[32mCall Stack:[0m
0 ovl_set_nlink_lower fs/overlayfs/overlayfs.h:142:12 @[ fs/overlayfs/inode.c:531:9 @[ fs/overlayfs/inode.c:542:9 ] ]
1 ovl_copy_up_flags fs/overlayfs/copy_up.c:344:8 @[ fs/overlayfs/copy_up.c:643:10 @[ fs/overlayfs/copy_up.c:689:9 ] ]
2 ovl_copy_up fs/overlayfs/copy_up.c:701:9
3 ovl_do_remove fs/overlayfs/dir.c:759:8
4 ovl_rmdir fs/overlayfs/dir.c:793:9
[32m-------------[0m
[35mUse:fs/overlayfs/overlayfs.h:142:12 @[ fs/overlayfs/inode.c:531:9 @[ fs/overlayfs/inode.c:542:9 ] ][0m
[31m=NO CHECK ON PATH=[0m
[32mCall Stack:[0m
0 ovl_set_nlink_lower fs/overlayfs/overlayfs.h:142:12 @[ fs/overlayfs/inode.c:531:9 @[ fs/overlayfs/inode.c:542:9 ] ]
1 ovl_copy_up_flags fs/overlayfs/copy_up.c:344:8 @[ fs/overlayfs/copy_up.c:643:10 @[ fs/overlayfs/copy_up.c:689:9 ] ]
2 ovl_copy_up fs/overlayfs/copy_up.c:701:9
3 ovl_create_or_link fs/overlayfs/dir.c:476:8
4 ovl_create_object fs/overlayfs/dir.c:550:8
5 ovl_create fs/overlayfs/dir.c:563:9
[32m-------------[0m
[35mUse:fs/overlayfs/overlayfs.h:142:12 @[ fs/overlayfs/inode.c:531:9 @[ fs/overlayfs/inode.c:542:9 ] ][0m
[31m=NO CHECK ON PATH=[0m
[32mCall Stack:[0m
0 ovl_set_nlink_lower fs/overlayfs/overlayfs.h:142:12 @[ fs/overlayfs/inode.c:531:9 @[ fs/overlayfs/inode.c:542:9 ] ]
1 ovl_copy_up_flags fs/overlayfs/copy_up.c:344:8 @[ fs/overlayfs/copy_up.c:643:10 @[ fs/overlayfs/copy_up.c:689:9 ] ]
2 ovl_copy_up fs/overlayfs/copy_up.c:701:9
3 ovl_create_or_link fs/overlayfs/dir.c:476:8
4 ovl_create_object fs/overlayfs/dir.c:550:8
5 ovl_symlink fs/overlayfs/dir.c:584:9
[32m-------------[0m
[35mUse:fs/overlayfs/overlayfs.h:142:12 @[ fs/overlayfs/inode.c:531:9 @[ fs/overlayfs/inode.c:542:9 ] ][0m
[31m=NO CHECK ON PATH=[0m
[32mCall Stack:[0m
0 ovl_set_nlink_lower fs/overlayfs/overlayfs.h:142:12 @[ fs/overlayfs/inode.c:531:9 @[ fs/overlayfs/inode.c:542:9 ] ]
1 ovl_copy_up_flags fs/overlayfs/copy_up.c:344:8 @[ fs/overlayfs/copy_up.c:643:10 @[ fs/overlayfs/copy_up.c:689:9 ] ]
2 ovl_copy_up fs/overlayfs/copy_up.c:701:9
3 ovl_create_or_link fs/overlayfs/dir.c:476:8
4 ovl_create_object fs/overlayfs/dir.c:550:8
5 ovl_mkdir fs/overlayfs/dir.c:568:9
[32m-------------[0m
[35mUse:fs/overlayfs/overlayfs.h:142:12 @[ fs/overlayfs/inode.c:531:9 @[ fs/overlayfs/inode.c:542:9 ] ][0m
[31m=NO CHECK ON PATH=[0m
[32mCall Stack:[0m
0 ovl_set_nlink_lower fs/overlayfs/overlayfs.h:142:12 @[ fs/overlayfs/inode.c:531:9 @[ fs/overlayfs/inode.c:542:9 ] ]
1 ovl_copy_up_flags fs/overlayfs/copy_up.c:344:8 @[ fs/overlayfs/copy_up.c:643:10 @[ fs/overlayfs/copy_up.c:689:9 ] ]
2 ovl_copy_up fs/overlayfs/copy_up.c:701:9
3 ovl_create_or_link fs/overlayfs/dir.c:476:8
4 ovl_create_object fs/overlayfs/dir.c:550:8
5 ovl_mknod fs/overlayfs/dir.c:578:9
[32m-------------[0m
[35mUse:fs/overlayfs/overlayfs.h:142:12 @[ fs/overlayfs/inode.c:531:9 @[ fs/overlayfs/inode.c:542:9 ] ][0m
[31m=NO CHECK ON PATH=[0m
[32mCall Stack:[0m
0 ovl_set_nlink_lower fs/overlayfs/overlayfs.h:142:12 @[ fs/overlayfs/inode.c:531:9 @[ fs/overlayfs/inode.c:542:9 ] ]
1 ovl_copy_up_flags fs/overlayfs/copy_up.c:344:8 @[ fs/overlayfs/copy_up.c:643:10 @[ fs/overlayfs/copy_up.c:689:9 ] ]
2 ovl_copy_up fs/overlayfs/copy_up.c:701:9
3 ovl_xattr_set fs/overlayfs/inode.c:248:9
4 ovl_posix_acl_xattr_set fs/overlayfs/super.c:806:8
[32m-------------[0m
[35mUse:fs/overlayfs/overlayfs.h:142:12 @[ fs/overlayfs/inode.c:531:9 @[ fs/overlayfs/inode.c:542:9 ] ][0m
[31m=NO CHECK ON PATH=[0m
[32mCall Stack:[0m
0 ovl_set_nlink_lower fs/overlayfs/overlayfs.h:142:12 @[ fs/overlayfs/inode.c:531:9 @[ fs/overlayfs/inode.c:542:9 ] ]
1 ovl_copy_up_flags fs/overlayfs/copy_up.c:344:8 @[ fs/overlayfs/copy_up.c:643:10 @[ fs/overlayfs/copy_up.c:689:9 ] ]
2 ovl_copy_up fs/overlayfs/copy_up.c:701:9
3 ovl_xattr_set fs/overlayfs/inode.c:248:9
4 ovl_posix_acl_xattr_set fs/overlayfs/super.c:806:8
[32m-------------[0m
[35mUse:fs/overlayfs/overlayfs.h:142:12 @[ fs/overlayfs/inode.c:531:9 @[ fs/overlayfs/inode.c:542:9 ] ][0m
[31m=NO CHECK ON PATH=[0m
[32mCall Stack:[0m
0 ovl_set_nlink_lower fs/overlayfs/overlayfs.h:142:12 @[ fs/overlayfs/inode.c:531:9 @[ fs/overlayfs/inode.c:542:9 ] ]
1 ovl_copy_up_flags fs/overlayfs/copy_up.c:344:8 @[ fs/overlayfs/copy_up.c:643:10 @[ fs/overlayfs/copy_up.c:689:9 ] ]
2 ovl_copy_up fs/overlayfs/copy_up.c:701:9
3 ovl_xattr_set fs/overlayfs/inode.c:248:9
4 ovl_other_xattr_set fs/overlayfs/super.c:844:9
[32m-------------[0m
[35mUse:fs/overlayfs/overlayfs.h:142:12 @[ fs/overlayfs/inode.c:531:9 @[ fs/overlayfs/inode.c:542:9 ] ][0m
[31m=NO CHECK ON PATH=[0m
[32mCall Stack:[0m
0 ovl_set_nlink_lower fs/overlayfs/overlayfs.h:142:12 @[ fs/overlayfs/inode.c:531:9 @[ fs/overlayfs/inode.c:542:9 ] ]
1 ovl_copy_up_flags fs/overlayfs/copy_up.c:344:8 @[ fs/overlayfs/copy_up.c:643:10 @[ fs/overlayfs/copy_up.c:689:9 ] ]
2 ovl_copy_up fs/overlayfs/copy_up.c:701:9
3 ovl_setattr fs/overlayfs/inode.c:49:8
[32m-------------[0m
[35mUse:fs/overlayfs/overlayfs.h:142:12 @[ fs/overlayfs/inode.c:531:9 @[ fs/overlayfs/inode.c:542:9 ] ][0m
[31m=NO CHECK ON PATH=[0m
[32mCall Stack:[0m
0 ovl_set_nlink_lower fs/overlayfs/overlayfs.h:142:12 @[ fs/overlayfs/inode.c:531:9 @[ fs/overlayfs/inode.c:542:9 ] ]
1 ovl_copy_up_flags fs/overlayfs/copy_up.c:344:8 @[ fs/overlayfs/copy_up.c:643:10 @[ fs/overlayfs/copy_up.c:689:9 ] ]
2 ovl_open_maybe_copy_up fs/overlayfs/inode.c:366:10
3 ovl_d_real fs/overlayfs/super.c:99:9
4 nfs4_file_open ./include/linux/dcache.h:586:10 @[ ./include/linux/fs.h:1239:9 @[ fs/nfs/nfs4file.c:61:31 ] ]
[32m-------------[0m
[35mUse:fs/overlayfs/overlayfs.h:142:12 @[ fs/overlayfs/inode.c:531:9 @[ fs/overlayfs/inode.c:542:9 ] ][0m
[31m=NO CHECK ON PATH=[0m
[32mCall Stack:[0m
0 ovl_set_nlink_lower fs/overlayfs/overlayfs.h:142:12 @[ fs/overlayfs/inode.c:531:9 @[ fs/overlayfs/inode.c:542:9 ] ]
1 ovl_copy_up_flags fs/overlayfs/copy_up.c:344:8 @[ fs/overlayfs/copy_up.c:643:10 @[ fs/overlayfs/copy_up.c:689:9 ] ]
2 ovl_open_maybe_copy_up fs/overlayfs/inode.c:366:10
3 ovl_d_real fs/overlayfs/super.c:99:9
4 nfs_readdir_xdr_to_array ./include/linux/dcache.h:586:10 @[ ./include/linux/fs.h:1239:9 @[ fs/nfs/dir.c:554:21 @[ fs/nfs/dir.c:642:12 ] ] ]
5 nfs_readdir fs/nfs/dir.c:812:11 @[ fs/nfs/dir.c:871:11 ]
[32m-------------[0m
[35mUse:fs/overlayfs/overlayfs.h:142:12 @[ fs/overlayfs/inode.c:531:9 @[ fs/overlayfs/inode.c:542:9 ] ][0m
[31m=NO CHECK ON PATH=[0m
[32mCall Stack:[0m
0 ovl_set_nlink_lower fs/overlayfs/overlayfs.h:142:12 @[ fs/overlayfs/inode.c:531:9 @[ fs/overlayfs/inode.c:542:9 ] ]
1 ovl_copy_up_flags fs/overlayfs/copy_up.c:344:8 @[ fs/overlayfs/copy_up.c:643:10 @[ fs/overlayfs/copy_up.c:689:9 ] ]
2 ovl_open_maybe_copy_up fs/overlayfs/inode.c:366:10
3 ovl_d_real fs/overlayfs/super.c:99:9
4 btrfs_sync_file ./include/linux/dcache.h:586:10 @[ ./include/linux/fs.h:1239:9 @[ fs/btrfs/file.c:2043:26 ] ]
[32m-------------[0m
[35mUse:fs/overlayfs/overlayfs.h:142:12 @[ fs/overlayfs/inode.c:531:9 @[ fs/overlayfs/inode.c:542:9 ] ][0m
[31m=NO CHECK ON PATH=[0m
[32mCall Stack:[0m
0 ovl_set_nlink_lower fs/overlayfs/overlayfs.h:142:12 @[ fs/overlayfs/inode.c:531:9 @[ fs/overlayfs/inode.c:542:9 ] ]
1 ovl_copy_up_flags fs/overlayfs/copy_up.c:344:8 @[ fs/overlayfs/copy_up.c:643:10 @[ fs/overlayfs/copy_up.c:689:9 ] ]
2 ovl_open_maybe_copy_up fs/overlayfs/inode.c:366:10
3 ovl_d_real fs/overlayfs/super.c:99:9
4 btrfs_sync_file ./include/linux/dcache.h:586:10 @[ ./include/linux/fs.h:1239:9 @[ fs/btrfs/file.c:2043:26 ] ]
[32m-------------[0m
[35mUse:fs/overlayfs/overlayfs.h:142:12 @[ fs/overlayfs/inode.c:531:9 @[ fs/overlayfs/inode.c:537:9 ] ][0m
[31m=NO CHECK ON PATH=[0m
[32mCall Stack:[0m
0 ovl_set_nlink_upper fs/overlayfs/overlayfs.h:142:12 @[ fs/overlayfs/inode.c:531:9 @[ fs/overlayfs/inode.c:537:9 ] ]
1 ovl_copy_up_flags fs/overlayfs/copy_up.c:364:2 @[ fs/overlayfs/copy_up.c:643:10 @[ fs/overlayfs/copy_up.c:689:9 ] ]
2 ovl_copy_up fs/overlayfs/copy_up.c:701:9
3 ovl_do_remove fs/overlayfs/dir.c:759:8
4 ovl_unlink fs/overlayfs/dir.c:788:9
[32m-------------[0m
[35mUse:fs/overlayfs/overlayfs.h:142:12 @[ fs/overlayfs/inode.c:531:9 @[ fs/overlayfs/inode.c:537:9 ] ][0m
[31m=NO CHECK ON PATH=[0m
[32mCall Stack:[0m
0 ovl_set_nlink_upper fs/overlayfs/overlayfs.h:142:12 @[ fs/overlayfs/inode.c:531:9 @[ fs/overlayfs/inode.c:537:9 ] ]
1 ovl_copy_up_flags fs/overlayfs/copy_up.c:364:2 @[ fs/overlayfs/copy_up.c:643:10 @[ fs/overlayfs/copy_up.c:689:9 ] ]
2 ovl_copy_up fs/overlayfs/copy_up.c:701:9
3 ovl_do_remove fs/overlayfs/dir.c:759:8
4 ovl_rmdir fs/overlayfs/dir.c:793:9
[32m-------------[0m
[35mUse:fs/overlayfs/overlayfs.h:142:12 @[ fs/overlayfs/inode.c:531:9 @[ fs/overlayfs/inode.c:537:9 ] ][0m
[31m=NO CHECK ON PATH=[0m
[32mCall Stack:[0m
0 ovl_set_nlink_upper fs/overlayfs/overlayfs.h:142:12 @[ fs/overlayfs/inode.c:531:9 @[ fs/overlayfs/inode.c:537:9 ] ]
1 ovl_copy_up_flags fs/overlayfs/copy_up.c:364:2 @[ fs/overlayfs/copy_up.c:643:10 @[ fs/overlayfs/copy_up.c:689:9 ] ]
2 ovl_copy_up fs/overlayfs/copy_up.c:701:9
3 ovl_create_or_link fs/overlayfs/dir.c:476:8
4 ovl_create_object fs/overlayfs/dir.c:550:8
5 ovl_create fs/overlayfs/dir.c:563:9
[32m-------------[0m
[35mUse:fs/overlayfs/overlayfs.h:142:12 @[ fs/overlayfs/inode.c:531:9 @[ fs/overlayfs/inode.c:537:9 ] ][0m
[31m=NO CHECK ON PATH=[0m
[32mCall Stack:[0m
0 ovl_set_nlink_upper fs/overlayfs/overlayfs.h:142:12 @[ fs/overlayfs/inode.c:531:9 @[ fs/overlayfs/inode.c:537:9 ] ]
1 ovl_copy_up_flags fs/overlayfs/copy_up.c:364:2 @[ fs/overlayfs/copy_up.c:643:10 @[ fs/overlayfs/copy_up.c:689:9 ] ]
2 ovl_copy_up fs/overlayfs/copy_up.c:701:9
3 ovl_create_or_link fs/overlayfs/dir.c:476:8
4 ovl_create_object fs/overlayfs/dir.c:550:8
5 ovl_symlink fs/overlayfs/dir.c:584:9
[32m-------------[0m
[35mUse:fs/overlayfs/overlayfs.h:142:12 @[ fs/overlayfs/inode.c:531:9 @[ fs/overlayfs/inode.c:537:9 ] ][0m
[31m=NO CHECK ON PATH=[0m
[32mCall Stack:[0m
0 ovl_set_nlink_upper fs/overlayfs/overlayfs.h:142:12 @[ fs/overlayfs/inode.c:531:9 @[ fs/overlayfs/inode.c:537:9 ] ]
1 ovl_copy_up_flags fs/overlayfs/copy_up.c:364:2 @[ fs/overlayfs/copy_up.c:643:10 @[ fs/overlayfs/copy_up.c:689:9 ] ]
2 ovl_copy_up fs/overlayfs/copy_up.c:701:9
3 ovl_create_or_link fs/overlayfs/dir.c:476:8
4 ovl_create_object fs/overlayfs/dir.c:550:8
5 ovl_mkdir fs/overlayfs/dir.c:568:9
[32m-------------[0m
[35mUse:fs/overlayfs/overlayfs.h:142:12 @[ fs/overlayfs/inode.c:531:9 @[ fs/overlayfs/inode.c:537:9 ] ][0m
[31m=NO CHECK ON PATH=[0m
[32mCall Stack:[0m
0 ovl_set_nlink_upper fs/overlayfs/overlayfs.h:142:12 @[ fs/overlayfs/inode.c:531:9 @[ fs/overlayfs/inode.c:537:9 ] ]
1 ovl_copy_up_flags fs/overlayfs/copy_up.c:364:2 @[ fs/overlayfs/copy_up.c:643:10 @[ fs/overlayfs/copy_up.c:689:9 ] ]
2 ovl_copy_up fs/overlayfs/copy_up.c:701:9
3 ovl_create_or_link fs/overlayfs/dir.c:476:8
4 ovl_create_object fs/overlayfs/dir.c:550:8
5 ovl_mknod fs/overlayfs/dir.c:578:9
[32m-------------[0m
[35mUse:fs/overlayfs/overlayfs.h:142:12 @[ fs/overlayfs/inode.c:531:9 @[ fs/overlayfs/inode.c:537:9 ] ][0m
[31m=NO CHECK ON PATH=[0m
[32mCall Stack:[0m
0 ovl_set_nlink_upper fs/overlayfs/overlayfs.h:142:12 @[ fs/overlayfs/inode.c:531:9 @[ fs/overlayfs/inode.c:537:9 ] ]
1 ovl_copy_up_flags fs/overlayfs/copy_up.c:364:2 @[ fs/overlayfs/copy_up.c:643:10 @[ fs/overlayfs/copy_up.c:689:9 ] ]
2 ovl_copy_up fs/overlayfs/copy_up.c:701:9
3 ovl_xattr_set fs/overlayfs/inode.c:248:9
4 ovl_posix_acl_xattr_set fs/overlayfs/super.c:806:8
[32m-------------[0m
[35mUse:fs/overlayfs/overlayfs.h:142:12 @[ fs/overlayfs/inode.c:531:9 @[ fs/overlayfs/inode.c:537:9 ] ][0m
[31m=NO CHECK ON PATH=[0m
[32mCall Stack:[0m
0 ovl_set_nlink_upper fs/overlayfs/overlayfs.h:142:12 @[ fs/overlayfs/inode.c:531:9 @[ fs/overlayfs/inode.c:537:9 ] ]
1 ovl_copy_up_flags fs/overlayfs/copy_up.c:364:2 @[ fs/overlayfs/copy_up.c:643:10 @[ fs/overlayfs/copy_up.c:689:9 ] ]
2 ovl_copy_up fs/overlayfs/copy_up.c:701:9
3 ovl_xattr_set fs/overlayfs/inode.c:248:9
4 ovl_posix_acl_xattr_set fs/overlayfs/super.c:806:8
[32m-------------[0m
[35mUse:fs/overlayfs/overlayfs.h:142:12 @[ fs/overlayfs/inode.c:531:9 @[ fs/overlayfs/inode.c:537:9 ] ][0m
[31m=NO CHECK ON PATH=[0m
[32mCall Stack:[0m
0 ovl_set_nlink_upper fs/overlayfs/overlayfs.h:142:12 @[ fs/overlayfs/inode.c:531:9 @[ fs/overlayfs/inode.c:537:9 ] ]
1 ovl_copy_up_flags fs/overlayfs/copy_up.c:364:2 @[ fs/overlayfs/copy_up.c:643:10 @[ fs/overlayfs/copy_up.c:689:9 ] ]
2 ovl_copy_up fs/overlayfs/copy_up.c:701:9
3 ovl_xattr_set fs/overlayfs/inode.c:248:9
4 ovl_other_xattr_set fs/overlayfs/super.c:844:9
[32m-------------[0m
[35mUse:fs/overlayfs/overlayfs.h:142:12 @[ fs/overlayfs/inode.c:531:9 @[ fs/overlayfs/inode.c:537:9 ] ][0m
[31m=NO CHECK ON PATH=[0m
[32mCall Stack:[0m
0 ovl_set_nlink_upper fs/overlayfs/overlayfs.h:142:12 @[ fs/overlayfs/inode.c:531:9 @[ fs/overlayfs/inode.c:537:9 ] ]
1 ovl_copy_up_flags fs/overlayfs/copy_up.c:364:2 @[ fs/overlayfs/copy_up.c:643:10 @[ fs/overlayfs/copy_up.c:689:9 ] ]
2 ovl_copy_up fs/overlayfs/copy_up.c:701:9
3 ovl_setattr fs/overlayfs/inode.c:49:8
[32m-------------[0m
[35mUse:fs/overlayfs/overlayfs.h:142:12 @[ fs/overlayfs/inode.c:531:9 @[ fs/overlayfs/inode.c:537:9 ] ][0m
[31m=NO CHECK ON PATH=[0m
[32mCall Stack:[0m
0 ovl_set_nlink_upper fs/overlayfs/overlayfs.h:142:12 @[ fs/overlayfs/inode.c:531:9 @[ fs/overlayfs/inode.c:537:9 ] ]
1 ovl_copy_up_flags fs/overlayfs/copy_up.c:364:2 @[ fs/overlayfs/copy_up.c:643:10 @[ fs/overlayfs/copy_up.c:689:9 ] ]
2 ovl_open_maybe_copy_up fs/overlayfs/inode.c:366:10
3 ovl_d_real fs/overlayfs/super.c:99:9
4 nfs4_file_open ./include/linux/dcache.h:586:10 @[ ./include/linux/fs.h:1239:9 @[ fs/nfs/nfs4file.c:61:31 ] ]
[32m-------------[0m
[35mUse:fs/overlayfs/overlayfs.h:142:12 @[ fs/overlayfs/inode.c:531:9 @[ fs/overlayfs/inode.c:537:9 ] ][0m
[31m=NO CHECK ON PATH=[0m
[32mCall Stack:[0m
0 ovl_set_nlink_upper fs/overlayfs/overlayfs.h:142:12 @[ fs/overlayfs/inode.c:531:9 @[ fs/overlayfs/inode.c:537:9 ] ]
1 ovl_copy_up_flags fs/overlayfs/copy_up.c:364:2 @[ fs/overlayfs/copy_up.c:643:10 @[ fs/overlayfs/copy_up.c:689:9 ] ]
2 ovl_open_maybe_copy_up fs/overlayfs/inode.c:366:10
3 ovl_d_real fs/overlayfs/super.c:99:9
4 nfs_readdir_xdr_to_array ./include/linux/dcache.h:586:10 @[ ./include/linux/fs.h:1239:9 @[ fs/nfs/dir.c:554:21 @[ fs/nfs/dir.c:642:12 ] ] ]
5 nfs_readdir fs/nfs/dir.c:812:11 @[ fs/nfs/dir.c:871:11 ]
[32m-------------[0m
[35mUse:fs/overlayfs/overlayfs.h:142:12 @[ fs/overlayfs/inode.c:531:9 @[ fs/overlayfs/inode.c:537:9 ] ][0m
[31m=NO CHECK ON PATH=[0m
[32mCall Stack:[0m
0 ovl_set_nlink_upper fs/overlayfs/overlayfs.h:142:12 @[ fs/overlayfs/inode.c:531:9 @[ fs/overlayfs/inode.c:537:9 ] ]
1 ovl_copy_up_flags fs/overlayfs/copy_up.c:364:2 @[ fs/overlayfs/copy_up.c:643:10 @[ fs/overlayfs/copy_up.c:689:9 ] ]
2 ovl_open_maybe_copy_up fs/overlayfs/inode.c:366:10
3 ovl_d_real fs/overlayfs/super.c:99:9
4 btrfs_sync_file ./include/linux/dcache.h:586:10 @[ ./include/linux/fs.h:1239:9 @[ fs/btrfs/file.c:2043:26 ] ]
[32m-------------[0m
[35mUse:fs/overlayfs/overlayfs.h:142:12 @[ fs/overlayfs/inode.c:531:9 @[ fs/overlayfs/inode.c:537:9 ] ][0m
[31m=NO CHECK ON PATH=[0m
[32mCall Stack:[0m
0 ovl_set_nlink_upper fs/overlayfs/overlayfs.h:142:12 @[ fs/overlayfs/inode.c:531:9 @[ fs/overlayfs/inode.c:537:9 ] ]
1 ovl_copy_up_flags fs/overlayfs/copy_up.c:364:2 @[ fs/overlayfs/copy_up.c:643:10 @[ fs/overlayfs/copy_up.c:689:9 ] ]
2 ovl_open_maybe_copy_up fs/overlayfs/inode.c:366:10
3 ovl_d_real fs/overlayfs/super.c:99:9
4 btrfs_sync_file ./include/linux/dcache.h:586:10 @[ ./include/linux/fs.h:1239:9 @[ fs/btrfs/file.c:2043:26 ] ]
[32m-------------[0m
[35mUse:fs/overlayfs/overlayfs.h:142:12 @[ fs/overlayfs/util.c:374:8 @[ fs/overlayfs/util.c:396:8 ] ][0m
[31m=NO CHECK ON PATH=[0m
[32mCall Stack:[0m
0 ovl_set_impure fs/overlayfs/overlayfs.h:142:12 @[ fs/overlayfs/util.c:374:8 @[ fs/overlayfs/util.c:396:8 ] ]
1 ovl_copy_up_flags fs/overlayfs/copy_up.c:340:8 @[ fs/overlayfs/copy_up.c:643:10 @[ fs/overlayfs/copy_up.c:689:9 ] ]
2 ovl_copy_up fs/overlayfs/copy_up.c:701:9
3 ovl_do_remove fs/overlayfs/dir.c:759:8
4 ovl_unlink fs/overlayfs/dir.c:788:9
[32m-------------[0m
[35mUse:fs/overlayfs/overlayfs.h:142:12 @[ fs/overlayfs/util.c:374:8 @[ fs/overlayfs/util.c:396:8 ] ][0m
[31m=NO CHECK ON PATH=[0m
[32mCall Stack:[0m
0 ovl_set_impure fs/overlayfs/overlayfs.h:142:12 @[ fs/overlayfs/util.c:374:8 @[ fs/overlayfs/util.c:396:8 ] ]
1 ovl_copy_up_flags fs/overlayfs/copy_up.c:340:8 @[ fs/overlayfs/copy_up.c:643:10 @[ fs/overlayfs/copy_up.c:689:9 ] ]
2 ovl_copy_up fs/overlayfs/copy_up.c:701:9
3 ovl_do_remove fs/overlayfs/dir.c:759:8
4 ovl_rmdir fs/overlayfs/dir.c:793:9
[32m-------------[0m
[35mUse:fs/overlayfs/overlayfs.h:142:12 @[ fs/overlayfs/util.c:374:8 @[ fs/overlayfs/util.c:396:8 ] ][0m
[31m=NO CHECK ON PATH=[0m
[32mCall Stack:[0m
0 ovl_set_impure fs/overlayfs/overlayfs.h:142:12 @[ fs/overlayfs/util.c:374:8 @[ fs/overlayfs/util.c:396:8 ] ]
1 ovl_copy_up_flags fs/overlayfs/copy_up.c:340:8 @[ fs/overlayfs/copy_up.c:643:10 @[ fs/overlayfs/copy_up.c:689:9 ] ]
2 ovl_copy_up fs/overlayfs/copy_up.c:701:9
3 ovl_create_or_link fs/overlayfs/dir.c:476:8
4 ovl_create_object fs/overlayfs/dir.c:550:8
5 ovl_create fs/overlayfs/dir.c:563:9
[32m-------------[0m
[35mUse:fs/overlayfs/overlayfs.h:142:12 @[ fs/overlayfs/util.c:374:8 @[ fs/overlayfs/util.c:396:8 ] ][0m
[31m=NO CHECK ON PATH=[0m
[32mCall Stack:[0m
0 ovl_set_impure fs/overlayfs/overlayfs.h:142:12 @[ fs/overlayfs/util.c:374:8 @[ fs/overlayfs/util.c:396:8 ] ]
1 ovl_copy_up_flags fs/overlayfs/copy_up.c:340:8 @[ fs/overlayfs/copy_up.c:643:10 @[ fs/overlayfs/copy_up.c:689:9 ] ]
2 ovl_copy_up fs/overlayfs/copy_up.c:701:9
3 ovl_create_or_link fs/overlayfs/dir.c:476:8
4 ovl_create_object fs/overlayfs/dir.c:550:8
5 ovl_symlink fs/overlayfs/dir.c:584:9
[32m-------------[0m
[35mUse:fs/overlayfs/overlayfs.h:142:12 @[ fs/overlayfs/util.c:374:8 @[ fs/overlayfs/util.c:396:8 ] ][0m
[31m=NO CHECK ON PATH=[0m
[32mCall Stack:[0m
0 ovl_set_impure fs/overlayfs/overlayfs.h:142:12 @[ fs/overlayfs/util.c:374:8 @[ fs/overlayfs/util.c:396:8 ] ]
1 ovl_copy_up_flags fs/overlayfs/copy_up.c:340:8 @[ fs/overlayfs/copy_up.c:643:10 @[ fs/overlayfs/copy_up.c:689:9 ] ]
2 ovl_copy_up fs/overlayfs/copy_up.c:701:9
3 ovl_create_or_link fs/overlayfs/dir.c:476:8
4 ovl_create_object fs/overlayfs/dir.c:550:8
5 ovl_mkdir fs/overlayfs/dir.c:568:9
[32m-------------[0m
[35mUse:fs/overlayfs/overlayfs.h:142:12 @[ fs/overlayfs/util.c:374:8 @[ fs/overlayfs/util.c:396:8 ] ][0m
[31m=NO CHECK ON PATH=[0m
[32mCall Stack:[0m
0 ovl_set_impure fs/overlayfs/overlayfs.h:142:12 @[ fs/overlayfs/util.c:374:8 @[ fs/overlayfs/util.c:396:8 ] ]
1 ovl_copy_up_flags fs/overlayfs/copy_up.c:340:8 @[ fs/overlayfs/copy_up.c:643:10 @[ fs/overlayfs/copy_up.c:689:9 ] ]
2 ovl_copy_up fs/overlayfs/copy_up.c:701:9
3 ovl_create_or_link fs/overlayfs/dir.c:476:8
4 ovl_create_object fs/overlayfs/dir.c:550:8
5 ovl_mknod fs/overlayfs/dir.c:578:9
[32m-------------[0m
[35mUse:fs/overlayfs/overlayfs.h:142:12 @[ fs/overlayfs/util.c:374:8 @[ fs/overlayfs/util.c:396:8 ] ][0m
[31m=NO CHECK ON PATH=[0m
[32mCall Stack:[0m
0 ovl_set_impure fs/overlayfs/overlayfs.h:142:12 @[ fs/overlayfs/util.c:374:8 @[ fs/overlayfs/util.c:396:8 ] ]
1 ovl_copy_up_flags fs/overlayfs/copy_up.c:340:8 @[ fs/overlayfs/copy_up.c:643:10 @[ fs/overlayfs/copy_up.c:689:9 ] ]
2 ovl_copy_up fs/overlayfs/copy_up.c:701:9
3 ovl_xattr_set fs/overlayfs/inode.c:248:9
4 ovl_posix_acl_xattr_set fs/overlayfs/super.c:806:8
[32m-------------[0m
[35mUse:fs/overlayfs/overlayfs.h:142:12 @[ fs/overlayfs/util.c:374:8 @[ fs/overlayfs/util.c:396:8 ] ][0m
[31m=NO CHECK ON PATH=[0m
[32mCall Stack:[0m
0 ovl_set_impure fs/overlayfs/overlayfs.h:142:12 @[ fs/overlayfs/util.c:374:8 @[ fs/overlayfs/util.c:396:8 ] ]
1 ovl_copy_up_flags fs/overlayfs/copy_up.c:340:8 @[ fs/overlayfs/copy_up.c:643:10 @[ fs/overlayfs/copy_up.c:689:9 ] ]
2 ovl_copy_up fs/overlayfs/copy_up.c:701:9
3 ovl_xattr_set fs/overlayfs/inode.c:248:9
4 ovl_posix_acl_xattr_set fs/overlayfs/super.c:806:8
[32m-------------[0m
[35mUse:fs/overlayfs/overlayfs.h:142:12 @[ fs/overlayfs/util.c:374:8 @[ fs/overlayfs/util.c:396:8 ] ][0m
[31m=NO CHECK ON PATH=[0m
[32mCall Stack:[0m
0 ovl_set_impure fs/overlayfs/overlayfs.h:142:12 @[ fs/overlayfs/util.c:374:8 @[ fs/overlayfs/util.c:396:8 ] ]
1 ovl_copy_up_flags fs/overlayfs/copy_up.c:340:8 @[ fs/overlayfs/copy_up.c:643:10 @[ fs/overlayfs/copy_up.c:689:9 ] ]
2 ovl_copy_up fs/overlayfs/copy_up.c:701:9
3 ovl_xattr_set fs/overlayfs/inode.c:248:9
4 ovl_other_xattr_set fs/overlayfs/super.c:844:9
[32m-------------[0m
[35mUse:fs/overlayfs/overlayfs.h:142:12 @[ fs/overlayfs/util.c:374:8 @[ fs/overlayfs/util.c:396:8 ] ][0m
[31m=NO CHECK ON PATH=[0m
[32mCall Stack:[0m
0 ovl_set_impure fs/overlayfs/overlayfs.h:142:12 @[ fs/overlayfs/util.c:374:8 @[ fs/overlayfs/util.c:396:8 ] ]
1 ovl_copy_up_flags fs/overlayfs/copy_up.c:340:8 @[ fs/overlayfs/copy_up.c:643:10 @[ fs/overlayfs/copy_up.c:689:9 ] ]
2 ovl_copy_up fs/overlayfs/copy_up.c:701:9
3 ovl_setattr fs/overlayfs/inode.c:49:8
[32m-------------[0m
[35mUse:fs/overlayfs/overlayfs.h:142:12 @[ fs/overlayfs/util.c:374:8 @[ fs/overlayfs/util.c:396:8 ] ][0m
[31m=NO CHECK ON PATH=[0m
[32mCall Stack:[0m
0 ovl_set_impure fs/overlayfs/overlayfs.h:142:12 @[ fs/overlayfs/util.c:374:8 @[ fs/overlayfs/util.c:396:8 ] ]
1 ovl_copy_up_flags fs/overlayfs/copy_up.c:340:8 @[ fs/overlayfs/copy_up.c:643:10 @[ fs/overlayfs/copy_up.c:689:9 ] ]
2 ovl_open_maybe_copy_up fs/overlayfs/inode.c:366:10
3 ovl_d_real fs/overlayfs/super.c:99:9
4 nfs4_file_open ./include/linux/dcache.h:586:10 @[ ./include/linux/fs.h:1239:9 @[ fs/nfs/nfs4file.c:61:31 ] ]
[32m-------------[0m
[35mUse:fs/overlayfs/overlayfs.h:142:12 @[ fs/overlayfs/util.c:374:8 @[ fs/overlayfs/util.c:396:8 ] ][0m
[31m=NO CHECK ON PATH=[0m
[32mCall Stack:[0m
0 ovl_set_impure fs/overlayfs/overlayfs.h:142:12 @[ fs/overlayfs/util.c:374:8 @[ fs/overlayfs/util.c:396:8 ] ]
1 ovl_copy_up_flags fs/overlayfs/copy_up.c:340:8 @[ fs/overlayfs/copy_up.c:643:10 @[ fs/overlayfs/copy_up.c:689:9 ] ]
2 ovl_open_maybe_copy_up fs/overlayfs/inode.c:366:10
3 ovl_d_real fs/overlayfs/super.c:99:9
4 nfs_readdir_xdr_to_array ./include/linux/dcache.h:586:10 @[ ./include/linux/fs.h:1239:9 @[ fs/nfs/dir.c:554:21 @[ fs/nfs/dir.c:642:12 ] ] ]
5 nfs_readdir fs/nfs/dir.c:812:11 @[ fs/nfs/dir.c:871:11 ]
[32m-------------[0m
[35mUse:fs/overlayfs/overlayfs.h:142:12 @[ fs/overlayfs/util.c:374:8 @[ fs/overlayfs/util.c:396:8 ] ][0m
[31m=NO CHECK ON PATH=[0m
[32mCall Stack:[0m
0 ovl_set_impure fs/overlayfs/overlayfs.h:142:12 @[ fs/overlayfs/util.c:374:8 @[ fs/overlayfs/util.c:396:8 ] ]
1 ovl_copy_up_flags fs/overlayfs/copy_up.c:340:8 @[ fs/overlayfs/copy_up.c:643:10 @[ fs/overlayfs/copy_up.c:689:9 ] ]
2 ovl_open_maybe_copy_up fs/overlayfs/inode.c:366:10
3 ovl_d_real fs/overlayfs/super.c:99:9
4 btrfs_sync_file ./include/linux/dcache.h:586:10 @[ ./include/linux/fs.h:1239:9 @[ fs/btrfs/file.c:2043:26 ] ]
[32m-------------[0m
[35mUse:fs/overlayfs/overlayfs.h:142:12 @[ fs/overlayfs/util.c:374:8 @[ fs/overlayfs/util.c:396:8 ] ][0m
[31m=NO CHECK ON PATH=[0m
[32mCall Stack:[0m
0 ovl_set_impure fs/overlayfs/overlayfs.h:142:12 @[ fs/overlayfs/util.c:374:8 @[ fs/overlayfs/util.c:396:8 ] ]
1 ovl_copy_up_flags fs/overlayfs/copy_up.c:340:8 @[ fs/overlayfs/copy_up.c:643:10 @[ fs/overlayfs/copy_up.c:689:9 ] ]
2 ovl_open_maybe_copy_up fs/overlayfs/inode.c:366:10
3 ovl_d_real fs/overlayfs/super.c:99:9
4 btrfs_sync_file ./include/linux/dcache.h:586:10 @[ ./include/linux/fs.h:1239:9 @[ fs/btrfs/file.c:2043:26 ] ]
[32m-------------[0m
[35mUse:fs/ecryptfs/inode.c:1014:7 @[ fs/ecryptfs/inode.c:1128:10 ][0m
[31m=NO CHECK ON PATH=[0m
[32mCall Stack:[0m
0 ecryptfs_xattr_set fs/ecryptfs/inode.c:1014:7 @[ fs/ecryptfs/inode.c:1128:10 ]
[32m-------------[0m
[35mUse:fs/ecryptfs/inode.c:1014:7[0m
[31m=NO CHECK ON PATH=[0m
[32mCall Stack:[0m
0 ecryptfs_setxattr fs/ecryptfs/inode.c:1014:7
1 ecryptfs_write_metadata fs/ecryptfs/crypto.c:1133:7 @[ fs/ecryptfs/crypto.c:1203:8 ]
2 ecryptfs_initialize_file fs/ecryptfs/inode.c:244:7
3 ecryptfs_create fs/ecryptfs/inode.c:279:7
[32m-------------[0m
[32mGood: 36 [31mBad: 47 [33mIgnored: 137[0m
[33mInspect Use of Function:ovl_can_decode_fh[0m
[33mInspect Use of Function:ovl_set_attr[0m
[33mInspect Use of Function:ovl_check_setxattr[0m
[33mInspect Use of Function:ovl_encode_fh[0m
[35mUse:fs/overlayfs/namei.c:473:7 @[ fs/overlayfs/namei.c:500:8 @[ fs/overlayfs/namei.c:714:11 ] ][0m
[31m=NO CHECK ON PATH=[0m
[32mCall Stack:[0m
0 ovl_lookup fs/overlayfs/namei.c:473:7 @[ fs/overlayfs/namei.c:500:8 @[ fs/overlayfs/namei.c:714:11 ] ]
[32m-------------[0m
[35mUse:fs/overlayfs/namei.c:473:7[0m
[31m=NO CHECK ON PATH=[0m
[32mCall Stack:[0m
0 ovl_get_index_name fs/overlayfs/namei.c:473:7
1 ovl_copy_up_flags fs/overlayfs/copy_up.c:550:9 @[ fs/overlayfs/copy_up.c:641:10 @[ fs/overlayfs/copy_up.c:689:9 ] ]
2 ovl_copy_up fs/overlayfs/copy_up.c:701:9
3 ovl_do_remove fs/overlayfs/dir.c:759:8
4 ovl_unlink fs/overlayfs/dir.c:788:9
[32m-------------[0m
[35mUse:fs/overlayfs/namei.c:473:7[0m
[31m=NO CHECK ON PATH=[0m
[32mCall Stack:[0m
0 ovl_get_index_name fs/overlayfs/namei.c:473:7
1 ovl_copy_up_flags fs/overlayfs/copy_up.c:550:9 @[ fs/overlayfs/copy_up.c:641:10 @[ fs/overlayfs/copy_up.c:689:9 ] ]
2 ovl_copy_up fs/overlayfs/copy_up.c:701:9
3 ovl_do_remove fs/overlayfs/dir.c:759:8
4 ovl_rmdir fs/overlayfs/dir.c:793:9
[32m-------------[0m
[35mUse:fs/overlayfs/namei.c:473:7[0m
[31m=NO CHECK ON PATH=[0m
[32mCall Stack:[0m
0 ovl_get_index_name fs/overlayfs/namei.c:473:7
1 ovl_copy_up_flags fs/overlayfs/copy_up.c:550:9 @[ fs/overlayfs/copy_up.c:641:10 @[ fs/overlayfs/copy_up.c:689:9 ] ]
2 ovl_copy_up fs/overlayfs/copy_up.c:701:9
3 ovl_create_or_link fs/overlayfs/dir.c:476:8
4 ovl_create_object fs/overlayfs/dir.c:550:8
5 ovl_create fs/overlayfs/dir.c:563:9
[32m-------------[0m
[35mUse:fs/overlayfs/namei.c:473:7[0m
[31m=NO CHECK ON PATH=[0m
[32mCall Stack:[0m
0 ovl_get_index_name fs/overlayfs/namei.c:473:7
1 ovl_copy_up_flags fs/overlayfs/copy_up.c:550:9 @[ fs/overlayfs/copy_up.c:641:10 @[ fs/overlayfs/copy_up.c:689:9 ] ]
2 ovl_copy_up fs/overlayfs/copy_up.c:701:9
3 ovl_create_or_link fs/overlayfs/dir.c:476:8
4 ovl_create_object fs/overlayfs/dir.c:550:8
5 ovl_symlink fs/overlayfs/dir.c:584:9
[32m-------------[0m
[35mUse:fs/overlayfs/namei.c:473:7[0m
[31m=NO CHECK ON PATH=[0m
[32mCall Stack:[0m
0 ovl_get_index_name fs/overlayfs/namei.c:473:7
1 ovl_copy_up_flags fs/overlayfs/copy_up.c:550:9 @[ fs/overlayfs/copy_up.c:641:10 @[ fs/overlayfs/copy_up.c:689:9 ] ]
2 ovl_copy_up fs/overlayfs/copy_up.c:701:9
3 ovl_create_or_link fs/overlayfs/dir.c:476:8
4 ovl_create_object fs/overlayfs/dir.c:550:8
5 ovl_mkdir fs/overlayfs/dir.c:568:9
[32m-------------[0m
[35mUse:fs/overlayfs/namei.c:473:7[0m
[31m=NO CHECK ON PATH=[0m
[32mCall Stack:[0m
0 ovl_get_index_name fs/overlayfs/namei.c:473:7
1 ovl_copy_up_flags fs/overlayfs/copy_up.c:550:9 @[ fs/overlayfs/copy_up.c:641:10 @[ fs/overlayfs/copy_up.c:689:9 ] ]
2 ovl_copy_up fs/overlayfs/copy_up.c:701:9
3 ovl_create_or_link fs/overlayfs/dir.c:476:8
4 ovl_create_object fs/overlayfs/dir.c:550:8
5 ovl_mknod fs/overlayfs/dir.c:578:9
[32m-------------[0m
[35mUse:fs/overlayfs/namei.c:473:7[0m
[31m=NO CHECK ON PATH=[0m
[32mCall Stack:[0m
0 ovl_get_index_name fs/overlayfs/namei.c:473:7
1 ovl_copy_up_flags fs/overlayfs/copy_up.c:550:9 @[ fs/overlayfs/copy_up.c:641:10 @[ fs/overlayfs/copy_up.c:689:9 ] ]
2 ovl_copy_up fs/overlayfs/copy_up.c:701:9
3 ovl_xattr_set fs/overlayfs/inode.c:248:9
4 ovl_posix_acl_xattr_set fs/overlayfs/super.c:806:8
[32m-------------[0m
[35mUse:fs/overlayfs/namei.c:473:7[0m
[31m=NO CHECK ON PATH=[0m
[32mCall Stack:[0m
0 ovl_get_index_name fs/overlayfs/namei.c:473:7
1 ovl_copy_up_flags fs/overlayfs/copy_up.c:550:9 @[ fs/overlayfs/copy_up.c:641:10 @[ fs/overlayfs/copy_up.c:689:9 ] ]
2 ovl_copy_up fs/overlayfs/copy_up.c:701:9
3 ovl_xattr_set fs/overlayfs/inode.c:248:9
4 ovl_posix_acl_xattr_set fs/overlayfs/super.c:806:8
[32m-------------[0m
[35mUse:fs/overlayfs/namei.c:473:7[0m
[31m=NO CHECK ON PATH=[0m
[32mCall Stack:[0m
0 ovl_get_index_name fs/overlayfs/namei.c:473:7
1 ovl_copy_up_flags fs/overlayfs/copy_up.c:550:9 @[ fs/overlayfs/copy_up.c:641:10 @[ fs/overlayfs/copy_up.c:689:9 ] ]
2 ovl_copy_up fs/overlayfs/copy_up.c:701:9
3 ovl_xattr_set fs/overlayfs/inode.c:248:9
4 ovl_other_xattr_set fs/overlayfs/super.c:844:9
[32m-------------[0m
[35mUse:fs/overlayfs/namei.c:473:7[0m
[31m=NO CHECK ON PATH=[0m
[32mCall Stack:[0m
0 ovl_get_index_name fs/overlayfs/namei.c:473:7
1 ovl_copy_up_flags fs/overlayfs/copy_up.c:550:9 @[ fs/overlayfs/copy_up.c:641:10 @[ fs/overlayfs/copy_up.c:689:9 ] ]
2 ovl_copy_up fs/overlayfs/copy_up.c:701:9
3 ovl_setattr fs/overlayfs/inode.c:49:8
[32m-------------[0m
[35mUse:fs/overlayfs/namei.c:473:7[0m
[31m=NO CHECK ON PATH=[0m
[32mCall Stack:[0m
0 ovl_get_index_name fs/overlayfs/namei.c:473:7
1 ovl_copy_up_flags fs/overlayfs/copy_up.c:550:9 @[ fs/overlayfs/copy_up.c:641:10 @[ fs/overlayfs/copy_up.c:689:9 ] ]
2 ovl_open_maybe_copy_up fs/overlayfs/inode.c:366:10
3 ovl_d_real fs/overlayfs/super.c:99:9
4 nfs4_file_open ./include/linux/dcache.h:586:10 @[ ./include/linux/fs.h:1239:9 @[ fs/nfs/nfs4file.c:61:31 ] ]
[32m-------------[0m
[35mUse:fs/overlayfs/namei.c:473:7[0m
[31m=NO CHECK ON PATH=[0m
[32mCall Stack:[0m
0 ovl_get_index_name fs/overlayfs/namei.c:473:7
1 ovl_copy_up_flags fs/overlayfs/copy_up.c:550:9 @[ fs/overlayfs/copy_up.c:641:10 @[ fs/overlayfs/copy_up.c:689:9 ] ]
2 ovl_open_maybe_copy_up fs/overlayfs/inode.c:366:10
3 ovl_d_real fs/overlayfs/super.c:99:9
4 nfs_readdir_xdr_to_array ./include/linux/dcache.h:586:10 @[ ./include/linux/fs.h:1239:9 @[ fs/nfs/dir.c:554:21 @[ fs/nfs/dir.c:642:12 ] ] ]
5 nfs_readdir fs/nfs/dir.c:812:11 @[ fs/nfs/dir.c:871:11 ]
[32m-------------[0m
[35mUse:fs/overlayfs/namei.c:473:7[0m
[31m=NO CHECK ON PATH=[0m
[32mCall Stack:[0m
0 ovl_get_index_name fs/overlayfs/namei.c:473:7
1 ovl_copy_up_flags fs/overlayfs/copy_up.c:550:9 @[ fs/overlayfs/copy_up.c:641:10 @[ fs/overlayfs/copy_up.c:689:9 ] ]
2 ovl_open_maybe_copy_up fs/overlayfs/inode.c:366:10
3 ovl_d_real fs/overlayfs/super.c:99:9
4 btrfs_sync_file ./include/linux/dcache.h:586:10 @[ ./include/linux/fs.h:1239:9 @[ fs/btrfs/file.c:2043:26 ] ]
[32m-------------[0m
[35mUse:fs/overlayfs/namei.c:473:7[0m
[31m=NO CHECK ON PATH=[0m
[32mCall Stack:[0m
0 ovl_get_index_name fs/overlayfs/namei.c:473:7
1 ovl_copy_up_flags fs/overlayfs/copy_up.c:550:9 @[ fs/overlayfs/copy_up.c:641:10 @[ fs/overlayfs/copy_up.c:689:9 ] ]
2 ovl_open_maybe_copy_up fs/overlayfs/inode.c:366:10
3 ovl_d_real fs/overlayfs/super.c:99:9
4 btrfs_sync_file ./include/linux/dcache.h:586:10 @[ ./include/linux/fs.h:1239:9 @[ fs/btrfs/file.c:2043:26 ] ]
[32m-------------[0m
[32mGood: 10 [31mBad: 15 [33mIgnored: 39[0m
STOP WATCH[0]: 2780.627000 ms
[36m--- DONE! ---[0m
------------STATISTICS---------------
    53021 : Functions greeted
    110 : External functions
    0 : Discovered Path
    0 : Matched Path
    91 : Good Path
    92 : Bad Path
    351 : Ignored Path
    0 : Path Unable to Resolve
    0 : Resolved CallSite Using Function Pointer
    9 : Critical Functions
    0 : Critical Variables
    0 : # of times max depth for forward analysis hit
    0 : # of times max depth for backward analysis hit
    0 : Critical Function Pointer Unable to Resolve, Collect Pass
    0 : Critical Function Pointer Resolved, Collect Pass
    8 : Critical Functions used by non CallInst
    257 : Critical Functions used by static assignment
    214 : # of times indirect call site matched with critical functions
    342 : # of times indirect call site failed to match with critical functions
    0 : found capability check inside call using function ptr




===-------------------------------------------------------------------------===
                          ... Statistics Collected ...
===-------------------------------------------------------------------------===

16305946 bitcode-reader - Number of Metadata records loaded
  232630 bitcode-reader - Number of MDStrings loaded

