[36m--- PROCESS FUNCTIONS ---[0m
Pre-processing...
Load skip function list, total:360
Load skip var list, total:22
Load kernel api list, total:1048
Collect all functions and indirect callsites
STOP WATCH[0]: 805.639000 ms
Process Gating Functions
Load LSM hook list, total:1
STOP WATCH[0]: 14.155000 ms
[48;5;021m[38;5;255m=LSM hook functions=[0m
. security_inode_post_setxattr
=o=
Collect Checkpoints
STOP WATCH[0]: 1002.716000 ms
Identify interesting struct
STOP WATCH[0]: 5.863000 ms
Identify Logical Modules
STOP WATCH[0]: 60.860000 ms
STOP WATCH[0]: 6773.348000 ms
Collecting Initialization Closure.
Finding Kernel Entry Point and all __initcall_
[32mFound x86_64_start_kernel[0m
STOP WATCH[1]: 70.344000 ms
Initial Kernel Init Function Count:642
Over Approximate Kernel Init Functions
STOP WATCH[1]: 132.936000 ms
Refine Result
refine pass 0 3413 left
refine pass 1 2221 left
refine pass 2 1865 left
refine pass 3 1773 left
refine pass 4 1736 left
refine pass 5 1731 left
refine pass 6 1729 left
 Refine result : count=1729
STOP WATCH[1]: 46.033000 ms
STOP WATCH[0]: 249.964000 ms
Collect all permission-checked variables and functions
Add call<direct> mnt_drop_write_file_path use @ fs/xattr.c:509:3 @[ fs/xattr.c:497:1 ]
 cause:[32mProcess Stack:[0m
0 __vfs_setxattr_noperm fs/xattr.c:170:42
1 setxattr fs/xattr.c:224:10 @[ fs/xattr.c:453:10 ]
2 SyS_fsetxattr fs/xattr.c:508:11 @[ fs/xattr.c:497:1 ]
[32m-------------[0m
STOP WATCH[1]: 2019.091000 ms
STOP WATCH[0]: 2019.105000 ms
Collected 1 critical functions
Collected 0 critical variables
Collected 0 critical type/fields
[48;5;021m[38;5;255m--- Variables Protected By Gating Function---[0m
[48;5;021m[38;5;255m--- Function Protected By Gating Function---[0m
[32mmnt_drop_write_file_path[0m
    security_inode_post_setxattr @ fs/xattr.c:184:4
[48;5;039m[38;5;255m--- Interesting Type fields and checks ---[0m
Run Analysis
Critical functions
[33mInspect Use of Function:mnt_drop_write_file_path[0m
[35mUse:fs/xattr.c:741:3 @[ fs/xattr.c:730:1 ][0m
[31m=NO CHECK ON PATH=[0m
[32mCall Stack:[0m
0 SyS_fremovexattr fs/xattr.c:741:3 @[ fs/xattr.c:730:1 ]
[32m-------------[0m
[35mUse:fs/open.c:678:2 @[ fs/open.c:665:1 ][0m
[31m=NO CHECK ON PATH=[0m
[32mCall Stack:[0m
0 SyS_fchown fs/open.c:678:2 @[ fs/open.c:665:1 ]
[32m-------------[0m
[32mGood: 1 [31mBad: 2 [33mIgnored: 0[0m
STOP WATCH[0]: 110.840000 ms
[36m--- DONE! ---[0m
------------STATISTICS---------------
    53021 : Functions greeted
    110 : External functions
    0 : Discovered Path
    0 : Matched Path
    1 : Good Path
    2 : Bad Path
    0 : Ignored Path
    0 : Path Unable to Resolve
    0 : Resolved CallSite Using Function Pointer
    1 : Critical Functions
    0 : Critical Variables
    0 : # of times max depth for forward analysis hit
    0 : # of times max depth for backward analysis hit
    0 : Critical Function Pointer Unable to Resolve, Collect Pass
    0 : Critical Function Pointer Resolved, Collect Pass
    0 : Critical Functions used by non CallInst
    0 : Critical Functions used by static assignment
    0 : # of times indirect call site matched with critical functions
    0 : # of times indirect call site failed to match with critical functions
    0 : found capability check inside call using function ptr




===-------------------------------------------------------------------------===
                          ... Statistics Collected ...
===-------------------------------------------------------------------------===

16305946 bitcode-reader - Number of Metadata records loaded
  232630 bitcode-reader - Number of MDStrings loaded

