[36m--- PROCESS FUNCTIONS ---[0m
Pre-processing...
Load skip function list, total:360
Load skip var list, total:22
Load kernel api list, total:1048
Collect all functions and indirect callsites
STOP WATCH[0]: 808.375000 ms
Process Gating Functions
Load LSM hook list, total:1
STOP WATCH[0]: 14.393000 ms
[48;5;021m[38;5;255m=LSM hook functions=[0m
. security_socket_bind
=o=
Collect Checkpoints
STOP WATCH[0]: 940.725000 ms
Identify interesting struct
STOP WATCH[0]: 5.867000 ms
Identify Logical Modules
STOP WATCH[0]: 60.902000 ms
STOP WATCH[0]: 6778.977000 ms
Collecting Initialization Closure.
Finding Kernel Entry Point and all __initcall_
[32mFound x86_64_start_kernel[0m
STOP WATCH[1]: 69.351000 ms
Initial Kernel Init Function Count:642
Over Approximate Kernel Init Functions
STOP WATCH[1]: 132.607000 ms
Refine Result
refine pass 0 3413 left
refine pass 1 2221 left
refine pass 2 1865 left
refine pass 3 1773 left
refine pass 4 1736 left
refine pass 5 1731 left
refine pass 6 1729 left
 Refine result : count=1729
STOP WATCH[1]: 46.078000 ms
STOP WATCH[0]: 248.704000 ms
Collect all permission-checked variables and functions
Resolve indirect call @ net/socket.c:1456:11 @[ net/socket.c:1442:1 ]
[32m[FOUND 7 MATCH][0m
Add call<indirect> packet_bind_spkt use @ net/socket.c:1456:11 @[ net/socket.c:1442:1 ]
 cause:[32mProcess Stack:[0m
0 SyS_bind 
[32m-------------[0m
Add call<indirect> packet_bind use @ net/socket.c:1456:11 @[ net/socket.c:1442:1 ]
 cause:[32mProcess Stack:[0m
0 SyS_bind 
[32m-------------[0m
Add call<indirect> inet_bind use @ net/socket.c:1456:11 @[ net/socket.c:1442:1 ]
 cause:[32mProcess Stack:[0m
0 SyS_bind 
[32m-------------[0m
Add call<indirect> unix_bind use @ net/socket.c:1456:11 @[ net/socket.c:1442:1 ]
 cause:[32mProcess Stack:[0m
0 SyS_bind 
[32m-------------[0m
Add call<indirect> inet6_bind use @ net/socket.c:1456:11 @[ net/socket.c:1442:1 ]
 cause:[32mProcess Stack:[0m
0 SyS_bind 
[32m-------------[0m
Add call<indirect> netlink_bind use @ net/socket.c:1456:11 @[ net/socket.c:1442:1 ]
 cause:[32mProcess Stack:[0m
0 SyS_bind 
[32m-------------[0m
Add call<indirect> rxrpc_bind use @ net/socket.c:1456:11 @[ net/socket.c:1442:1 ]
 cause:[32mProcess Stack:[0m
0 SyS_bind 
[32m-------------[0m
STOP WATCH[1]: 1949.663000 ms
STOP WATCH[0]: 1949.677000 ms
Collected 7 critical functions
Collected 0 critical variables
Collected 2 critical type/fields
[48;5;021m[38;5;255m--- Variables Protected By Gating Function---[0m
[48;5;021m[38;5;255m--- Function Protected By Gating Function---[0m
[32mrxrpc_bind[0m
    security_socket_bind @ net/socket.c:1452:10 @[ net/socket.c:1442:1 ]
[32mpacket_bind[0m
    security_socket_bind @ net/socket.c:1452:10 @[ net/socket.c:1442:1 ]
[32mpacket_bind_spkt[0m
    security_socket_bind @ net/socket.c:1452:10 @[ net/socket.c:1442:1 ]
[32minet_bind[0m
    security_socket_bind @ net/socket.c:1452:10 @[ net/socket.c:1442:1 ]
[32munix_bind[0m
    security_socket_bind @ net/socket.c:1452:10 @[ net/socket.c:1442:1 ]
[32minet6_bind[0m
    security_socket_bind @ net/socket.c:1452:10 @[ net/socket.c:1442:1 ]
[32mnetlink_bind[0m
    security_socket_bind @ net/socket.c:1452:10 @[ net/socket.c:1442:1 ]
[48;5;039m[38;5;255m--- Interesting Type fields and checks ---[0m
[32mstruct.proto_ops.800304:0,[0m
    security_socket_bind @ net/socket.c:1452:10 @[ net/socket.c:1442:1 ]
[32mstruct.socket.800305:0,[0m
    security_socket_bind @ net/socket.c:1452:10 @[ net/socket.c:1442:1 ]
Run Analysis
Critical functions
[33mInspect Use of Function:netlink_bind[0m
[31mindirect call @ net/socket.c:3273:9
[35mUse:net/socket.c:3273:9[0m
[31m=NO CHECK ON PATH=[0m
[32mCall Stack:[0m
0 kernel_bind net/socket.c:3273:9
1 rpc_localaddr net/sunrpc/clnt.c:1248:9 @[ net/sunrpc/clnt.c:1356:8 ]
2 nfs4_init_client fs/nfs/nfs4client.c:385:11
[32m-------------[0m
[31mindirect call @ fs/cifs/connect.c:3079:8 @[ fs/cifs/connect.c:3210:7 ]
[31mindirect call @ net/socket.c:1456:11 @[ net/socket.c:1442:1 ]
[32mGood: 1 [31mBad: 1 [33mIgnored: 73[0m
[33mInspect Use of Function:packet_bind[0m
[31mindirect call @ net/socket.c:3273:9
[35mUse:net/socket.c:3273:9[0m
[31m=NO CHECK ON PATH=[0m
[32mCall Stack:[0m
0 kernel_bind net/socket.c:3273:9
1 rpc_localaddr net/sunrpc/clnt.c:1248:9 @[ net/sunrpc/clnt.c:1356:8 ]
2 nfs4_init_client fs/nfs/nfs4client.c:385:11
[32m-------------[0m
[31mindirect call @ fs/cifs/connect.c:3079:8 @[ fs/cifs/connect.c:3210:7 ]
[31mindirect call @ net/socket.c:1456:11 @[ net/socket.c:1442:1 ]
[32mGood: 1 [31mBad: 1 [33mIgnored: 73[0m
[33mInspect Use of Function:rxrpc_bind[0m
[31mindirect call @ net/socket.c:3273:9
[35mUse:net/socket.c:3273:9[0m
[31m=NO CHECK ON PATH=[0m
[32mCall Stack:[0m
0 kernel_bind net/socket.c:3273:9
1 rpc_localaddr net/sunrpc/clnt.c:1248:9 @[ net/sunrpc/clnt.c:1356:8 ]
2 nfs4_init_client fs/nfs/nfs4client.c:385:11
[32m-------------[0m
[31mindirect call @ fs/cifs/connect.c:3079:8 @[ fs/cifs/connect.c:3210:7 ]
[31mindirect call @ net/socket.c:1456:11 @[ net/socket.c:1442:1 ]
[32mGood: 1 [31mBad: 1 [33mIgnored: 73[0m
[33mInspect Use of Function:packet_bind_spkt[0m
[31mindirect call @ net/socket.c:3273:9
[35mUse:net/socket.c:3273:9[0m
[31m=NO CHECK ON PATH=[0m
[32mCall Stack:[0m
0 kernel_bind net/socket.c:3273:9
1 rpc_localaddr net/sunrpc/clnt.c:1248:9 @[ net/sunrpc/clnt.c:1356:8 ]
2 nfs4_init_client fs/nfs/nfs4client.c:385:11
[32m-------------[0m
[31mindirect call @ fs/cifs/connect.c:3079:8 @[ fs/cifs/connect.c:3210:7 ]
[31mindirect call @ net/socket.c:1456:11 @[ net/socket.c:1442:1 ]
[32mGood: 1 [31mBad: 1 [33mIgnored: 73[0m
[33mInspect Use of Function:inet_bind[0m
[31mindirect call @ net/socket.c:3273:9
[35mUse:net/socket.c:3273:9[0m
[31m=NO CHECK ON PATH=[0m
[32mCall Stack:[0m
0 kernel_bind net/socket.c:3273:9
1 rpc_localaddr net/sunrpc/clnt.c:1248:9 @[ net/sunrpc/clnt.c:1356:8 ]
2 nfs4_init_client fs/nfs/nfs4client.c:385:11
[32m-------------[0m
[31mindirect call @ fs/cifs/connect.c:3079:8 @[ fs/cifs/connect.c:3210:7 ]
[31mindirect call @ net/socket.c:1456:11 @[ net/socket.c:1442:1 ]
[32mGood: 1 [31mBad: 1 [33mIgnored: 73[0m
[33mInspect Use of Function:unix_bind[0m
[31mindirect call @ net/socket.c:3273:9
[35mUse:net/socket.c:3273:9[0m
[31m=NO CHECK ON PATH=[0m
[32mCall Stack:[0m
0 kernel_bind net/socket.c:3273:9
1 rpc_localaddr net/sunrpc/clnt.c:1248:9 @[ net/sunrpc/clnt.c:1356:8 ]
2 nfs4_init_client fs/nfs/nfs4client.c:385:11
[32m-------------[0m
[31mindirect call @ fs/cifs/connect.c:3079:8 @[ fs/cifs/connect.c:3210:7 ]
[31mindirect call @ net/socket.c:1456:11 @[ net/socket.c:1442:1 ]
[32mGood: 1 [31mBad: 1 [33mIgnored: 73[0m
[33mInspect Use of Function:inet6_bind[0m
[31mindirect call @ net/socket.c:3273:9
[35mUse:net/socket.c:3273:9[0m
[31m=NO CHECK ON PATH=[0m
[32mCall Stack:[0m
0 kernel_bind net/socket.c:3273:9
1 rpc_localaddr net/sunrpc/clnt.c:1248:9 @[ net/sunrpc/clnt.c:1356:8 ]
2 nfs4_init_client fs/nfs/nfs4client.c:385:11
[32m-------------[0m
[31mindirect call @ fs/cifs/connect.c:3079:8 @[ fs/cifs/connect.c:3210:7 ]
[31mindirect call @ net/socket.c:1456:11 @[ net/socket.c:1442:1 ]
[32mGood: 1 [31mBad: 1 [33mIgnored: 73[0m
STOP WATCH[0]: 1978.882000 ms
[36m--- DONE! ---[0m
------------STATISTICS---------------
    53021 : Functions greeted
    110 : External functions
    0 : Discovered Path
    0 : Matched Path
    7 : Good Path
    7 : Bad Path
    511 : Ignored Path
    0 : Path Unable to Resolve
    0 : Resolved CallSite Using Function Pointer
    7 : Critical Functions
    0 : Critical Variables
    0 : # of times max depth for forward analysis hit
    0 : # of times max depth for backward analysis hit
    0 : Critical Function Pointer Unable to Resolve, Collect Pass
    1 : Critical Function Pointer Resolved, Collect Pass
    63 : Critical Functions used by non CallInst
    224 : Critical Functions used by static assignment
    245 : # of times indirect call site matched with critical functions
    385 : # of times indirect call site failed to match with critical functions
    0 : found capability check inside call using function ptr




===-------------------------------------------------------------------------===
                          ... Statistics Collected ...
===-------------------------------------------------------------------------===

16305946 bitcode-reader - Number of Metadata records loaded
  232630 bitcode-reader - Number of MDStrings loaded

