[36m--- PROCESS FUNCTIONS ---[0m
Pre-processing...
Load skip function list, total:360
Load skip var list, total:22
Load kernel api list, total:1048
Collect all functions and indirect callsites
STOP WATCH[0]: 808.547000 ms
Process Gating Functions
Load LSM hook list, total:1
STOP WATCH[0]: 14.477000 ms
[48;5;021m[38;5;255m=LSM hook functions=[0m
. security_task_setpgid
=o=
Collect Checkpoints
STOP WATCH[0]: 945.331000 ms
Identify interesting struct
STOP WATCH[0]: 5.899000 ms
Identify Logical Modules
STOP WATCH[0]: 61.037000 ms
STOP WATCH[0]: 6867.802000 ms
Collecting Initialization Closure.
Finding Kernel Entry Point and all __initcall_
[32mFound x86_64_start_kernel[0m
STOP WATCH[1]: 69.545000 ms
Initial Kernel Init Function Count:642
Over Approximate Kernel Init Functions
STOP WATCH[1]: 132.693000 ms
Refine Result
refine pass 0 3413 left
refine pass 1 2221 left
refine pass 2 1865 left
refine pass 3 1773 left
refine pass 4 1736 left
refine pass 5 1731 left
refine pass 6 1729 left
 Refine result : count=1729
STOP WATCH[1]: 45.672000 ms
STOP WATCH[0]: 248.571000 ms
Collect all permission-checked variables and functions
Add call<direct> change_pid use @ kernel/sys.c:1020:3 @[ kernel/sys.c:959:1 ]
 cause:[32mProcess Stack:[0m
0 SyS_setpgid kernel/sys.c:959:1
[32m-------------[0m
STOP WATCH[1]: 1970.376000 ms
STOP WATCH[0]: 1970.390000 ms
Collected 1 critical functions
Collected 0 critical variables
Collected 1 critical type/fields
[48;5;021m[38;5;255m--- Variables Protected By Gating Function---[0m
[48;5;021m[38;5;255m--- Function Protected By Gating Function---[0m
[32mchange_pid[0m
    security_task_setpgid @ kernel/sys.c:1015:8 @[ kernel/sys.c:959:1 ]
[48;5;039m[38;5;255m--- Interesting Type fields and checks ---[0m
[32mstruct.task_struct.43063:0,[0m
    security_task_setpgid @ kernel/sys.c:1015:8 @[ kernel/sys.c:959:1 ]
Run Analysis
Critical functions
[33mInspect Use of Function:change_pid[0m
[35mUse:fs/exec.c:1143:3 @[ fs/exec.c:1256:11 ][0m
[31m=NO CHECK ON PATH=[0m
[32mCall Stack:[0m
0 flush_old_exec fs/exec.c:1143:3 @[ fs/exec.c:1256:11 ]
1 load_elf_binary.14742 fs/binfmt_elf.c:864:11
[32m-------------[0m
[35mUse:fs/exec.c:1143:3 @[ fs/exec.c:1256:11 ][0m
[31m=NO CHECK ON PATH=[0m
[32mCall Stack:[0m
0 flush_old_exec fs/exec.c:1143:3 @[ fs/exec.c:1256:11 ]
1 load_elf_binary fs/binfmt_elf.c:864:11
[32m-------------[0m
[35mUse:kernel/sys.c:1103:3 @[ kernel/sys.c:1125:2 ][0m
[31m=NO CHECK ON PATH=[0m
[32mCall Stack:[0m
0 sys_setsid kernel/sys.c:1103:3 @[ kernel/sys.c:1125:2 ]
[32m-------------[0m
[35mUse:kernel/sys.c:1100:3 @[ kernel/sys.c:1125:2 ][0m
[31m=NO CHECK ON PATH=[0m
[32mCall Stack:[0m
0 sys_setsid kernel/sys.c:1100:3 @[ kernel/sys.c:1125:2 ]
[32m-------------[0m
[32mGood: 1 [31mBad: 4 [33mIgnored: 7[0m
STOP WATCH[0]: 276.992000 ms
[36m--- DONE! ---[0m
------------STATISTICS---------------
    53021 : Functions greeted
    110 : External functions
    0 : Discovered Path
    0 : Matched Path
    1 : Good Path
    4 : Bad Path
    7 : Ignored Path
    0 : Path Unable to Resolve
    0 : Resolved CallSite Using Function Pointer
    1 : Critical Functions
    0 : Critical Variables
    0 : # of times max depth for forward analysis hit
    0 : # of times max depth for backward analysis hit
    0 : Critical Function Pointer Unable to Resolve, Collect Pass
    0 : Critical Function Pointer Resolved, Collect Pass
    0 : Critical Functions used by non CallInst
    3 : Critical Functions used by static assignment
    0 : # of times indirect call site matched with critical functions
    6 : # of times indirect call site failed to match with critical functions
    0 : found capability check inside call using function ptr




===-------------------------------------------------------------------------===
                          ... Statistics Collected ...
===-------------------------------------------------------------------------===

16305946 bitcode-reader - Number of Metadata records loaded
  232630 bitcode-reader - Number of MDStrings loaded

