[36m--- PROCESS FUNCTIONS ---[0m
Pre-processing...
Load skip function list, total:360
Load skip var list, total:22
Load kernel api list, total:1048
Collect all functions and indirect callsites
STOP WATCH[0]: 830.676000 ms
Process Gating Functions
Load LSM hook list, total:1
STOP WATCH[0]: 14.461000 ms
[48;5;021m[38;5;255m=LSM hook functions=[0m
. security_netlbl_secattr_to_sid
=o=
Collect Checkpoints
STOP WATCH[0]: 944.471000 ms
Identify interesting struct
STOP WATCH[0]: 5.928000 ms
Identify Logical Modules
STOP WATCH[0]: 60.765000 ms
STOP WATCH[0]: 6794.081000 ms
Collecting Initialization Closure.
Finding Kernel Entry Point and all __initcall_
[32mFound x86_64_start_kernel[0m
STOP WATCH[1]: 70.122000 ms
Initial Kernel Init Function Count:642
Over Approximate Kernel Init Functions
STOP WATCH[1]: 133.897000 ms
Refine Result
refine pass 0 3413 left
refine pass 1 2221 left
refine pass 2 1865 left
refine pass 3 1773 left
refine pass 4 1736 left
refine pass 5 1731 left
refine pass 6 1729 left
 Refine result : count=1729
STOP WATCH[1]: 46.301000 ms
STOP WATCH[0]: 250.970000 ms
Collect all permission-checked variables and functions
Add call<direct> netlbl_cache_add use @ security/selinux/netlabel.c:67:3 @[ security/selinux/netlabel.c:218:8 ]
 cause:[32mProcess Stack:[0m
0 selinux_netlbl_skbuff_getsid 
[32m-------------[0m
Add call<direct> security_net_peersid_resolve use @ security/selinux/hooks.c:4290:8 @[ security/selinux/hooks.c:5162:6 ]
 cause:[32mProcess Stack:[0m
0 selinux_netlbl_skbuff_getsid 
1 selinux_ip_forward security/selinux/hooks.c:4286:8 @[ security/selinux/hooks.c:5162:6 ]
[32m-------------[0m
Add call<direct> selinux_parse_skb use @ security/selinux/hooks.c:5169:6
 cause:[32mProcess Stack:[0m
0 selinux_netlbl_skbuff_getsid 
1 selinux_ip_forward security/selinux/hooks.c:4286:8 @[ security/selinux/hooks.c:5162:6 ]
[32m-------------[0m
Add call<direct> sel_netif_sid use @ security/selinux/hooks.c:4706:8 @[ security/selinux/hooks.c:5173:9 ]
 cause:[32mProcess Stack:[0m
0 selinux_netlbl_skbuff_getsid 
1 selinux_ip_forward security/selinux/hooks.c:4286:8 @[ security/selinux/hooks.c:5162:6 ]
[32m-------------[0m
Add call<direct> avc_has_perm use @ security/selinux/hooks.c:4709:8 @[ security/selinux/hooks.c:5173:9 ]
 cause:[32mProcess Stack:[0m
0 selinux_netlbl_skbuff_getsid 
1 selinux_ip_forward security/selinux/hooks.c:4286:8 @[ security/selinux/hooks.c:5162:6 ]
[32m-------------[0m
Add call<direct> sel_netnode_sid use @ security/selinux/hooks.c:4714:8 @[ security/selinux/hooks.c:5173:9 ]
 cause:[32mProcess Stack:[0m
0 selinux_netlbl_skbuff_getsid 
1 selinux_ip_forward security/selinux/hooks.c:4286:8 @[ security/selinux/hooks.c:5162:6 ]
[32m-------------[0m
Add call<direct> avc_has_perm use @ security/selinux/hooks.c:4717:9 @[ security/selinux/hooks.c:5173:9 ]
 cause:[32mProcess Stack:[0m
0 selinux_netlbl_skbuff_getsid 
1 selinux_ip_forward security/selinux/hooks.c:4286:8 @[ security/selinux/hooks.c:5162:6 ]
[32m-------------[0m
Add call<direct> selinux_netlbl_err use @ security/selinux/hooks.c:5176:4
 cause:[32mProcess Stack:[0m
0 selinux_netlbl_skbuff_getsid 
1 selinux_ip_forward security/selinux/hooks.c:4286:8 @[ security/selinux/hooks.c:5162:6 ]
[32m-------------[0m
Add call<direct> avc_has_perm use @ security/selinux/hooks.c:5182:7
 cause:[32mProcess Stack:[0m
0 selinux_netlbl_skbuff_getsid 
1 selinux_ip_forward security/selinux/hooks.c:4286:8 @[ security/selinux/hooks.c:5162:6 ]
[32m-------------[0m
Add call<direct> selinux_netlbl_skbuff_setsid use @ security/selinux/hooks.c:5191:7
 cause:[32mProcess Stack:[0m
0 selinux_netlbl_skbuff_getsid 
1 selinux_ip_forward security/selinux/hooks.c:4286:8 @[ security/selinux/hooks.c:5162:6 ]
[32m-------------[0m
Add call<direct> security_net_peersid_resolve use @ security/selinux/hooks.c:4290:8 @[ security/selinux/hooks.c:5356:8 ]
 cause:[32mProcess Stack:[0m
0 selinux_netlbl_skbuff_getsid 
1 selinux_ip_postroute security/selinux/hooks.c:4286:8 @[ security/selinux/hooks.c:5356:8 ]
[32m-------------[0m
Add call<direct> security_net_peersid_resolve use @ security/selinux/hooks.c:4290:8 @[ security/selinux/hooks.c:5376:7 ]
 cause:[32mProcess Stack:[0m
0 selinux_netlbl_skbuff_getsid 
1 selinux_ip_postroute security/selinux/hooks.c:4286:8 @[ security/selinux/hooks.c:5376:7 ]
[32m-------------[0m
Add call<direct> security_sid_mls_copy use @ security/selinux/hooks.c:4318:9 @[ security/selinux/hooks.c:5398:7 ]
 cause:[32mProcess Stack:[0m
0 selinux_netlbl_skbuff_getsid 
1 selinux_ip_postroute security/selinux/hooks.c:4286:8 @[ security/selinux/hooks.c:5376:7 ]
[32m-------------[0m
Add call<direct> security_net_peersid_resolve use @ security/selinux/hooks.c:4290:8 @[ security/selinux/hooks.c:4993:2 ]
 cause:[32mProcess Stack:[0m
0 selinux_netlbl_skbuff_getsid 
1 selinux_inet_conn_established security/selinux/hooks.c:4286:8 @[ security/selinux/hooks.c:4993:2 ]
[32m-------------[0m
Add call<direct> security_net_peersid_resolve use @ security/selinux/hooks.c:4290:8 @[ security/selinux/hooks.c:4955:8 ]
 cause:[32mProcess Stack:[0m
0 selinux_netlbl_skbuff_getsid 
1 selinux_inet_conn_request security/selinux/hooks.c:4286:8 @[ security/selinux/hooks.c:4955:8 ]
[32m-------------[0m
Add call<direct> security_sid_mls_copy use @ security/selinux/hooks.c:4318:9 @[ security/selinux/hooks.c:4958:8 ]
 cause:[32mProcess Stack:[0m
0 selinux_netlbl_skbuff_getsid 
1 selinux_inet_conn_request security/selinux/hooks.c:4286:8 @[ security/selinux/hooks.c:4955:8 ]
[32m-------------[0m
Add call<direct> selinux_netlbl_inet_conn_request use @ security/selinux/hooks.c:4964:9
 cause:[32mProcess Stack:[0m
0 selinux_netlbl_skbuff_getsid 
1 selinux_inet_conn_request security/selinux/hooks.c:4286:8 @[ security/selinux/hooks.c:4955:8 ]
[32m-------------[0m
Add call<direct> security_net_peersid_resolve use @ security/selinux/hooks.c:4290:8 @[ security/selinux/hooks.c:4876:3 ]
 cause:[32mProcess Stack:[0m
0 selinux_netlbl_skbuff_getsid 
1 selinux_socket_getpeersec_dgram security/selinux/hooks.c:4286:8 @[ security/selinux/hooks.c:4876:3 ]
[32m-------------[0m
Add call<direct> security_net_peersid_resolve use @ security/selinux/hooks.c:4290:8 @[ security/selinux/hooks.c:4796:9 ]
 cause:[32mProcess Stack:[0m
0 selinux_netlbl_skbuff_getsid 
1 selinux_socket_sock_rcv_skb security/selinux/hooks.c:4286:8 @[ security/selinux/hooks.c:4796:9 ]
[32m-------------[0m
Add call<direct> sel_netif_sid use @ security/selinux/hooks.c:4706:8 @[ security/selinux/hooks.c:4799:9 ]
 cause:[32mProcess Stack:[0m
0 selinux_netlbl_skbuff_getsid 
1 selinux_socket_sock_rcv_skb security/selinux/hooks.c:4286:8 @[ security/selinux/hooks.c:4796:9 ]
[32m-------------[0m
Add call<direct> avc_has_perm use @ security/selinux/hooks.c:4709:8 @[ security/selinux/hooks.c:4799:9 ]
 cause:[32mProcess Stack:[0m
0 selinux_netlbl_skbuff_getsid 
1 selinux_socket_sock_rcv_skb security/selinux/hooks.c:4286:8 @[ security/selinux/hooks.c:4796:9 ]
[32m-------------[0m
Add call<direct> sel_netnode_sid use @ security/selinux/hooks.c:4714:8 @[ security/selinux/hooks.c:4799:9 ]
 cause:[32mProcess Stack:[0m
0 selinux_netlbl_skbuff_getsid 
1 selinux_socket_sock_rcv_skb security/selinux/hooks.c:4286:8 @[ security/selinux/hooks.c:4796:9 ]
[32m-------------[0m
Add call<direct> avc_has_perm use @ security/selinux/hooks.c:4717:9 @[ security/selinux/hooks.c:4799:9 ]
 cause:[32mProcess Stack:[0m
0 selinux_netlbl_skbuff_getsid 
1 selinux_socket_sock_rcv_skb security/selinux/hooks.c:4286:8 @[ security/selinux/hooks.c:4796:9 ]
[32m-------------[0m
Add call<direct> selinux_netlbl_err use @ security/selinux/hooks.c:4802:4
 cause:[32mProcess Stack:[0m
0 selinux_netlbl_skbuff_getsid 
1 selinux_socket_sock_rcv_skb security/selinux/hooks.c:4286:8 @[ security/selinux/hooks.c:4796:9 ]
[32m-------------[0m
Add call<direct> avc_has_perm use @ security/selinux/hooks.c:4805:9
 cause:[32mProcess Stack:[0m
0 selinux_netlbl_skbuff_getsid 
1 selinux_socket_sock_rcv_skb security/selinux/hooks.c:4286:8 @[ security/selinux/hooks.c:4796:9 ]
[32m-------------[0m
Add call<direct> selinux_netlbl_err use @ security/selinux/hooks.c:4808:4
 cause:[32mProcess Stack:[0m
0 selinux_netlbl_skbuff_getsid 
1 selinux_socket_sock_rcv_skb security/selinux/hooks.c:4286:8 @[ security/selinux/hooks.c:4796:9 ]
[32m-------------[0m
Add call<direct> netlbl_cache_add use @ security/selinux/netlabel.c:67:3 @[ security/selinux/netlabel.c:387:8 ]
 cause:[32mProcess Stack:[0m
0 selinux_netlbl_sock_rcv_skb 
[32m-------------[0m
STOP WATCH[1]: 1964.552000 ms
STOP WATCH[0]: 1964.566000 ms
Collected 10 critical functions
Collected 0 critical variables
Collected 3 critical type/fields
[48;5;021m[38;5;255m--- Variables Protected By Gating Function---[0m
[48;5;021m[38;5;255m--- Function Protected By Gating Function---[0m
[32msecurity_sid_mls_copy[0m
    security_netlbl_secattr_to_sid @ security/selinux/netlabel.c:63:7 @[ security/selinux/netlabel.c:218:8 ]
[32mselinux_netlbl_err[0m
    security_netlbl_secattr_to_sid @ security/selinux/netlabel.c:63:7 @[ security/selinux/netlabel.c:218:8 ]
[32mselinux_netlbl_skbuff_setsid[0m
    security_netlbl_secattr_to_sid @ security/selinux/netlabel.c:63:7 @[ security/selinux/netlabel.c:218:8 ]
[32msecurity_net_peersid_resolve[0m
    security_netlbl_secattr_to_sid @ security/selinux/netlabel.c:63:7 @[ security/selinux/netlabel.c:218:8 ]
[32mselinux_netlbl_inet_conn_request[0m
    security_netlbl_secattr_to_sid @ security/selinux/netlabel.c:63:7 @[ security/selinux/netlabel.c:218:8 ]
[32mselinux_parse_skb[0m
    security_netlbl_secattr_to_sid @ security/selinux/netlabel.c:63:7 @[ security/selinux/netlabel.c:218:8 ]
[32mnetlbl_cache_add[0m
    security_netlbl_secattr_to_sid @ security/selinux/netlabel.c:63:7 @[ security/selinux/netlabel.c:387:8 ]
    security_netlbl_secattr_to_sid @ security/selinux/netlabel.c:63:7 @[ security/selinux/netlabel.c:218:8 ]
[32msel_netif_sid[0m
    security_netlbl_secattr_to_sid @ security/selinux/netlabel.c:63:7 @[ security/selinux/netlabel.c:218:8 ]
[32mavc_has_perm[0m
    security_netlbl_secattr_to_sid @ security/selinux/netlabel.c:63:7 @[ security/selinux/netlabel.c:218:8 ]
[32msel_netnode_sid[0m
    security_netlbl_secattr_to_sid @ security/selinux/netlabel.c:63:7 @[ security/selinux/netlabel.c:218:8 ]
[48;5;039m[38;5;255m--- Interesting Type fields and checks ---[0m
[32mstruct.sock.469403:0,[0m
    security_netlbl_secattr_to_sid @ security/selinux/netlabel.c:63:7 @[ security/selinux/netlabel.c:218:8 ]
[32mstruct.common_audit_data.469690:0,[0m
    security_netlbl_secattr_to_sid @ security/selinux/netlabel.c:63:7 @[ security/selinux/netlabel.c:218:8 ]
[32mstruct.net_device.469366:0,[0m
    security_netlbl_secattr_to_sid @ security/selinux/netlabel.c:63:7 @[ security/selinux/netlabel.c:218:8 ]
Run Analysis
Critical functions
[33mInspect Use of Function:security_sid_mls_copy[0m
[33mInspect Use of Function:sel_netnode_sid[0m
[33mInspect Use of Function:selinux_netlbl_err[0m
[33mInspect Use of Function:selinux_netlbl_inet_conn_request[0m
[33mInspect Use of Function:selinux_parse_skb[0m
[33mInspect Use of Function:netlbl_cache_add[0m
[33mInspect Use of Function:security_net_peersid_resolve[0m
[33mInspect Use of Function:selinux_netlbl_skbuff_setsid[0m
[33mInspect Use of Function:sel_netif_sid[0m
[33mInspect Use of Function:avc_has_perm[0m
[35mUse:security/selinux/selinuxfs.c:1359:8[0m
[31m=NO CHECK ON PATH=[0m
[32mCall Stack:[0m
0 sel_write_avc_cache_threshold security/selinux/selinuxfs.c:1359:8
[32m-------------[0m
[35mUse:security/selinux/selinuxfs.c:410:8[0m
[31m=NO CHECK ON PATH=[0m
[32mCall Stack:[0m
0 sel_read_policy security/selinux/selinuxfs.c:410:8
[32m-------------[0m
[35mUse:security/selinux/selinuxfs.c:638:7[0m
[31m=NO CHECK ON PATH=[0m
[32mCall Stack:[0m
0 sel_write_validatetrans security/selinux/selinuxfs.c:638:7
[32m-------------[0m
[35mUse:security/selinux/selinuxfs.c:480:11[0m
[31m=NO CHECK ON PATH=[0m
[32mCall Stack:[0m
0 sel_write_load security/selinux/selinuxfs.c:480:11
[32m-------------[0m
[35mUse:security/selinux/selinuxfs.c:348:7[0m
[31m=NO CHECK ON PATH=[0m
[32mCall Stack:[0m
0 sel_open_policy security/selinux/selinuxfs.c:348:7
[32m-------------[0m
[35mUse:security/selinux/selinuxfs.c:142:12[0m
[31m=NO CHECK ON PATH=[0m
[32mCall Stack:[0m
0 sel_write_enforce security/selinux/selinuxfs.c:142:12
[32m-------------[0m
[35mUse:security/selinux/selinuxfs.c:1201:11[0m
[31m=NO CHECK ON PATH=[0m
[32mCall Stack:[0m
0 sel_commit_bools_write security/selinux/selinuxfs.c:1201:11
[32m-------------[0m
[35mUse:security/selinux/selinuxfs.c:595:11[0m
[31m=NO CHECK ON PATH=[0m
[32mCall Stack:[0m
0 sel_write_checkreqprot security/selinux/selinuxfs.c:595:11
[32m-------------[0m
[35mUse:security/selinux/selinuxfs.c:1143:11[0m
[31m=NO CHECK ON PATH=[0m
[32mCall Stack:[0m
0 sel_write_bool security/selinux/selinuxfs.c:1143:11
[32m-------------[0m
[32mGood: 6 [31mBad: 9 [33mIgnored: 214[0m
STOP WATCH[0]: 5438.115000 ms
[36m--- DONE! ---[0m
------------STATISTICS---------------
    53021 : Functions greeted
    110 : External functions
    0 : Discovered Path
    0 : Matched Path
    27 : Good Path
    9 : Bad Path
    228 : Ignored Path
    0 : Path Unable to Resolve
    0 : Resolved CallSite Using Function Pointer
    10 : Critical Functions
    0 : Critical Variables
    0 : # of times max depth for forward analysis hit
    0 : # of times max depth for backward analysis hit
    0 : Critical Function Pointer Unable to Resolve, Collect Pass
    0 : Critical Function Pointer Resolved, Collect Pass
    13 : Critical Functions used by non CallInst
    224 : Critical Functions used by static assignment
    0 : # of times indirect call site matched with critical functions
    502 : # of times indirect call site failed to match with critical functions
    0 : found capability check inside call using function ptr




===-------------------------------------------------------------------------===
                          ... Statistics Collected ...
===-------------------------------------------------------------------------===

16305946 bitcode-reader - Number of Metadata records loaded
  232630 bitcode-reader - Number of MDStrings loaded

