[36m--- PROCESS FUNCTIONS ---[0m
Pre-processing...
Load skip function list, total:360
Load skip var list, total:22
Load kernel api list, total:1048
Collect all functions and indirect callsites
STOP WATCH[0]: 805.799000 ms
Process Gating Functions
Load LSM hook list, total:1
STOP WATCH[0]: 14.281000 ms
[48;5;021m[38;5;255m=LSM hook functions=[0m
. security_file_send_sigiotask
=o=
Collect Checkpoints
STOP WATCH[0]: 944.556000 ms
Identify interesting struct
STOP WATCH[0]: 5.935000 ms
Identify Logical Modules
STOP WATCH[0]: 61.206000 ms
STOP WATCH[0]: 6785.408000 ms
Collecting Initialization Closure.
Finding Kernel Entry Point and all __initcall_
[32mFound x86_64_start_kernel[0m
STOP WATCH[1]: 69.315000 ms
Initial Kernel Init Function Count:642
Over Approximate Kernel Init Functions
STOP WATCH[1]: 132.294000 ms
Refine Result
refine pass 0 3413 left
refine pass 1 2221 left
refine pass 2 1865 left
refine pass 3 1773 left
refine pass 4 1736 left
refine pass 5 1731 left
refine pass 6 1729 left
 Refine result : count=1729
STOP WATCH[1]: 45.368000 ms
STOP WATCH[0]: 247.614000 ms
Collect all permission-checked variables and functions
Add call<direct> copy_ctl_value_to_user use @ sound/core/control_compat.c:350:8 @[ sound/core/control_compat.c:365:9 @[ sound/core/control_compat.c:477:10 ] ]
 cause:[32mProcess Stack:[0m
0 send_sigio 
1 kill_fasync fs/fcntl.c:997:5 @[ fs/fcntl.c:1011:3 ]
2 snd_ctl_notify sound/core/control.c:191:3
3 snd_ctl_elem_write sound/core/control.c:951:3
4 snd_ctl_ioctl_compat sound/core/control_compat.c:347:8 @[ sound/core/control_compat.c:365:9 @[ sound/core/control_compat.c:477:10 ] ]
[32m-------------[0m
Add call<direct> snd_ctl_remove_user_ctl use @ sound/core/control.c:1395:3 @[ sound/core/control.c:1569:10 ]
 cause:[32mProcess Stack:[0m
0 send_sigio 
1 kill_fasync fs/fcntl.c:997:5 @[ fs/fcntl.c:1011:3 ]
2 snd_ctl_notify sound/core/control.c:191:3
3 snd_ctl_remove_user_ctl sound/core/control.c:502:3 @[ sound/core/control.c:567:8 ]
4 snd_ctl_elem_add sound/core/control.c:1270:9
5 snd_ctl_ioctl sound/core/control.c:1391:8 @[ sound/core/control.c:1569:10 ]
[32m-------------[0m
Add call<direct> snd_ctl_remove_user_ctl use @ sound/core/control.c:1395:3 @[ sound/core/control.c:1567:10 ]
 cause:[32mProcess Stack:[0m
0 send_sigio 
1 kill_fasync fs/fcntl.c:997:5 @[ fs/fcntl.c:1011:3 ]
2 snd_ctl_notify sound/core/control.c:191:3
3 snd_ctl_remove_user_ctl sound/core/control.c:502:3 @[ sound/core/control.c:567:8 ]
4 snd_ctl_elem_add sound/core/control.c:1270:9
5 snd_ctl_ioctl sound/core/control.c:1391:8 @[ sound/core/control.c:1567:10 ]
[32m-------------[0m
Add call<direct> snd_ctl_remove_user_ctl use @ sound/core/control.c:1395:3 @[ sound/core/control.c:1569:10 ]
 cause:[32mProcess Stack:[0m
0 send_sigio 
1 kill_fasync fs/fcntl.c:997:5 @[ fs/fcntl.c:1011:3 ]
2 snd_ctl_notify sound/core/control.c:191:3
3 snd_ctl_add sound/core/control.c:404:3
4 snd_ctl_elem_add sound/core/control.c:1363:8
5 snd_ctl_ioctl sound/core/control.c:1391:8 @[ sound/core/control.c:1569:10 ]
[32m-------------[0m
Add call<direct> snd_ctl_remove_user_ctl use @ sound/core/control.c:1395:3 @[ sound/core/control.c:1567:10 ]
 cause:[32mProcess Stack:[0m
0 send_sigio 
1 kill_fasync fs/fcntl.c:997:5 @[ fs/fcntl.c:1011:3 ]
2 snd_ctl_notify sound/core/control.c:191:3
3 snd_ctl_add sound/core/control.c:404:3
4 snd_ctl_elem_add sound/core/control.c:1363:8
5 snd_ctl_ioctl sound/core/control.c:1391:8 @[ sound/core/control.c:1567:10 ]
[32m-------------[0m
STOP WATCH[1]: 1969.275000 ms
STOP WATCH[0]: 1969.288000 ms
Collected 2 critical functions
Collected 1 critical variables
Collected 0 critical type/fields
[48;5;021m[38;5;255m--- Variables Protected By Gating Function---[0m
[32mband_table[0m
    security_file_send_sigiotask @ fs/fcntl.c:713:10 @[ fs/fcntl.c:728:7 @[ fs/fcntl.c:792:3 ] ]
[48;5;021m[38;5;255m--- Function Protected By Gating Function---[0m
[32msnd_ctl_remove_user_ctl[0m
    security_file_send_sigiotask @ fs/fcntl.c:713:10 @[ fs/fcntl.c:728:7 @[ fs/fcntl.c:792:3 ] ]
[32mcopy_ctl_value_to_user[0m
    security_file_send_sigiotask @ fs/fcntl.c:713:10 @[ fs/fcntl.c:728:7 @[ fs/fcntl.c:792:3 ] ]
[48;5;039m[38;5;255m--- Interesting Type fields and checks ---[0m
Run Analysis
Critical functions
[33mInspect Use of Function:snd_ctl_remove_user_ctl[0m
[35mUse:sound/core/control.c:1409:9 @[ sound/core/control.c:1571:10 ][0m
[31m=NO CHECK ON PATH=[0m
[32mCall Stack:[0m
0 snd_ctl_ioctl sound/core/control.c:1409:9 @[ sound/core/control.c:1571:10 ]
1 snd_ctl_ioctl_compat sound/core/control_compat.c:469:10
[32m-------------[0m
[35mUse:sound/core/control.c:1409:9 @[ sound/core/control.c:1571:10 ][0m
[31m=NO CHECK ON PATH=[0m
[32mCall Stack:[0m
0 snd_ctl_ioctl sound/core/control.c:1409:9 @[ sound/core/control.c:1571:10 ]
[32m-------------[0m
[35mUse:sound/core/control.c:1270:9[0m
[31m=NO CHECK ON PATH=[0m
[32mCall Stack:[0m
0 snd_ctl_elem_add sound/core/control.c:1270:9
1 snd_ctl_ioctl sound/core/control.c:1391:8 @[ sound/core/control.c:1569:10 ]
2 snd_ctl_ioctl_compat sound/core/control_compat.c:469:10
[32m-------------[0m
[35mUse:sound/core/control.c:1270:9[0m
[31m=NO CHECK ON PATH=[0m
[32mCall Stack:[0m
0 snd_ctl_elem_add sound/core/control.c:1270:9
1 snd_ctl_ioctl sound/core/control.c:1391:8 @[ sound/core/control.c:1569:10 ]
[32m-------------[0m
[32mGood: 3 [31mBad: 4 [33mIgnored: 4[0m
[33mInspect Use of Function:copy_ctl_value_to_user[0m
STOP WATCH[0]: 75.119000 ms
[36m--- DONE! ---[0m
------------STATISTICS---------------
    53021 : Functions greeted
    110 : External functions
    0 : Discovered Path
    0 : Matched Path
    5 : Good Path
    4 : Bad Path
    4 : Ignored Path
    0 : Path Unable to Resolve
    0 : Resolved CallSite Using Function Pointer
    2 : Critical Functions
    1 : Critical Variables
    0 : # of times max depth for forward analysis hit
    0 : # of times max depth for backward analysis hit
    0 : Critical Function Pointer Unable to Resolve, Collect Pass
    0 : Critical Function Pointer Resolved, Collect Pass
    0 : Critical Functions used by non CallInst
    4 : Critical Functions used by static assignment
    0 : # of times indirect call site matched with critical functions
    10 : # of times indirect call site failed to match with critical functions
    0 : found capability check inside call using function ptr




===-------------------------------------------------------------------------===
                          ... Statistics Collected ...
===-------------------------------------------------------------------------===

16305946 bitcode-reader - Number of Metadata records loaded
  232630 bitcode-reader - Number of MDStrings loaded

