[36m--- PROCESS FUNCTIONS ---[0m
Pre-processing...
Load skip function list, total:360
Load skip var list, total:22
Load kernel api list, total:1048
Collect all functions and indirect callsites
STOP WATCH[0]: 808.387000 ms
Process Gating Functions
Load LSM hook list, total:1
STOP WATCH[0]: 14.249000 ms
[48;5;021m[38;5;255m=LSM hook functions=[0m
. security_task_kill
=o=
Collect Checkpoints
STOP WATCH[0]: 943.541000 ms
Identify interesting struct
STOP WATCH[0]: 5.966000 ms
Identify Logical Modules
STOP WATCH[0]: 61.106000 ms
STOP WATCH[0]: 6774.486000 ms
Collecting Initialization Closure.
Finding Kernel Entry Point and all __initcall_
[32mFound x86_64_start_kernel[0m
STOP WATCH[1]: 69.838000 ms
Initial Kernel Init Function Count:642
Over Approximate Kernel Init Functions
STOP WATCH[1]: 135.999000 ms
Refine Result
refine pass 0 3413 left
refine pass 1 2221 left
refine pass 2 1865 left
refine pass 3 1773 left
refine pass 4 1736 left
refine pass 5 1731 left
refine pass 6 1729 left
 Refine result : count=1729
STOP WATCH[1]: 46.330000 ms
STOP WATCH[0]: 252.833000 ms
Collect all permission-checked variables and functions
Add call<direct> __send_signal use @ kernel/signal.c:1381:10
 cause:[32mProcess Stack:[0m
0 kill_pid_info_as_cred 
[32m-------------[0m
STOP WATCH[1]: 1993.620000 ms
STOP WATCH[0]: 1993.634000 ms
Collected 1 critical functions
Collected 0 critical variables
Collected 1 critical type/fields
[48;5;021m[38;5;255m--- Variables Protected By Gating Function---[0m
[48;5;021m[38;5;255m--- Function Protected By Gating Function---[0m
[32m__send_signal[0m
    security_task_kill @ kernel/signal.c:1375:8
[48;5;039m[38;5;255m--- Interesting Type fields and checks ---[0m
[32mstruct.task_struct.38147:0,[0m
    security_task_kill @ kernel/signal.c:1375:8
Run Analysis
Critical functions
[33mInspect Use of Function:__send_signal[0m
[35mUse:kernel/signal.c:1107:9 @[ kernel/signal.c:1146:9 @[ kernel/signal.c:1684:3 ] ][0m
[31m=NO CHECK ON PATH=[0m
[32mCall Stack:[0m
0 do_notify_parent kernel/signal.c:1107:9 @[ kernel/signal.c:1146:9 @[ kernel/signal.c:1684:3 ] ]
1 __ptrace_detach kernel/ptrace.c:517:11
2 ptrace_request kernel/ptrace.c:548:2 @[ kernel/ptrace.c:1023:9 ]
3 compat_ptrace_request kernel/ptrace.c:1264:9
4 compat_arch_ptrace arch/x86/kernel/ptrace.c:1141:10 @[ arch/x86/kernel/ptrace.c:1245:9 ]
5 compat_SyS_ptrace kernel/ptrace.c:1301:9 @[ kernel/ptrace.c:1270:1 ]
[32m-------------[0m
[35mUse:kernel/signal.c:1107:9 @[ kernel/signal.c:1146:9 @[ kernel/signal.c:1684:3 ] ][0m
[31m=NO CHECK ON PATH=[0m
[32mCall Stack:[0m
0 do_notify_parent kernel/signal.c:1107:9 @[ kernel/signal.c:1146:9 @[ kernel/signal.c:1684:3 ] ]
1 __ptrace_detach kernel/ptrace.c:517:11
2 ptrace_request kernel/ptrace.c:548:2 @[ kernel/ptrace.c:1023:9 ]
3 arch_ptrace arch/x86/kernel/ptrace.c:877:9
4 SyS_ptrace kernel/ptrace.c:1156:8 @[ kernel/ptrace.c:1121:1 ]
[32m-------------[0m
[35mUse:kernel/signal.c:1107:9 @[ kernel/signal.c:1146:9 @[ kernel/signal.c:1684:3 ] ][0m
[31m=NO CHECK ON PATH=[0m
[32mCall Stack:[0m
0 do_notify_parent kernel/signal.c:1107:9 @[ kernel/signal.c:1146:9 @[ kernel/signal.c:1684:3 ] ]
1 wait_consider_task kernel/exit.c:1155:7 @[ kernel/exit.c:1388:12 ]
2 do_wait kernel/exit.c:1465:13 @[ kernel/exit.c:1526:12 ]
3 compat_SyS_waitid kernel/exit.c:1590:8 @[ kernel/exit.c:1722:13 @[ kernel/exit.c:1715:1 ] ]
[32m-------------[0m
[35mUse:kernel/signal.c:1107:9 @[ kernel/signal.c:1146:9 @[ kernel/signal.c:1684:3 ] ][0m
[31m=NO CHECK ON PATH=[0m
[32mCall Stack:[0m
0 do_notify_parent kernel/signal.c:1107:9 @[ kernel/signal.c:1146:9 @[ kernel/signal.c:1684:3 ] ]
1 wait_consider_task kernel/exit.c:1155:7 @[ kernel/exit.c:1388:12 ]
2 do_wait kernel/exit.c:1465:13 @[ kernel/exit.c:1526:12 ]
3 kernel_wait4 kernel/exit.c:1665:8
4 compat_SyS_wait4 kernel/exit.c:1707:13 @[ kernel/exit.c:1700:1 ]
[32m-------------[0m
[35mUse:kernel/signal.c:1107:9 @[ kernel/signal.c:1146:9 @[ kernel/signal.c:1684:3 ] ][0m
[31m=NO CHECK ON PATH=[0m
[32mCall Stack:[0m
0 do_notify_parent kernel/signal.c:1107:9 @[ kernel/signal.c:1146:9 @[ kernel/signal.c:1684:3 ] ]
1 wait_consider_task kernel/exit.c:1155:7 @[ kernel/exit.c:1388:12 ]
2 do_wait kernel/exit.c:1465:13 @[ kernel/exit.c:1526:12 ]
3 kernel_wait4 kernel/exit.c:1665:8
4 SyS_wait4 kernel/exit.c:1677:13 @[ kernel/exit.c:1673:1 ]
[32m-------------[0m
[35mUse:kernel/signal.c:1107:9 @[ kernel/signal.c:1146:9 @[ kernel/signal.c:1684:3 ] ][0m
[31m=NO CHECK ON PATH=[0m
[32mCall Stack:[0m
0 do_notify_parent kernel/signal.c:1107:9 @[ kernel/signal.c:1146:9 @[ kernel/signal.c:1684:3 ] ]
1 wait_consider_task kernel/exit.c:1155:7 @[ kernel/exit.c:1388:12 ]
2 do_wait kernel/exit.c:1465:13 @[ kernel/exit.c:1526:12 ]
3 SyS_waitid kernel/exit.c:1590:8 @[ kernel/exit.c:1601:13 @[ kernel/exit.c:1596:1 ] ]
[32m-------------[0m
[35mUse:kernel/signal.c:1107:9 @[ kernel/signal.c:1146:9 @[ kernel/signal.c:1684:3 ] ][0m
[31m=NO CHECK ON PATH=[0m
[32mCall Stack:[0m
0 do_notify_parent kernel/signal.c:1107:9 @[ kernel/signal.c:1146:9 @[ kernel/signal.c:1684:3 ] ]
1 release_task kernel/exit.c:215:16
2 flush_old_exec fs/exec.c:1169:3 @[ fs/exec.c:1256:11 ]
3 load_elf_binary.14742 fs/binfmt_elf.c:864:11
[32m-------------[0m
[35mUse:kernel/signal.c:1107:9 @[ kernel/signal.c:1146:9 @[ kernel/signal.c:1684:3 ] ][0m
[31m=NO CHECK ON PATH=[0m
[32mCall Stack:[0m
0 do_notify_parent kernel/signal.c:1107:9 @[ kernel/signal.c:1146:9 @[ kernel/signal.c:1684:3 ] ]
1 release_task kernel/exit.c:215:16
2 flush_old_exec fs/exec.c:1169:3 @[ fs/exec.c:1256:11 ]
3 load_elf_binary fs/binfmt_elf.c:864:11
[32m-------------[0m
[35mUse:kernel/signal.c:1107:9 @[ kernel/signal.c:1146:9 ][0m
[31m=NO CHECK ON PATH=[0m
[32mCall Stack:[0m
0 __group_send_sig_info kernel/signal.c:1107:9 @[ kernel/signal.c:1146:9 ]
1 tty_signal_session_leader drivers/tty/tty_jobctrl.c:212:4
2 __tty_hangup drivers/tty/tty_io.c:608:9
3 tty_vhangup_session drivers/tty/tty_io.c:722:2
4 disassociate_ctty drivers/tty/tty_jobctrl.c:267:4
5 tty_jobctrl_ioctl drivers/tty/tty_jobctrl.c:326:2 @[ drivers/tty/tty_jobctrl.c:543:3 ]
6 tty_ioctl drivers/tty/tty_io.c:2624:12
[32m-------------[0m
[35mUse:kernel/signal.c:1107:9 @[ kernel/signal.c:1146:9 ][0m
[31m=NO CHECK ON PATH=[0m
[32mCall Stack:[0m
0 __group_send_sig_info kernel/signal.c:1107:9 @[ kernel/signal.c:1146:9 ]
1 tty_signal_session_leader drivers/tty/tty_jobctrl.c:212:4
2 __tty_hangup drivers/tty/tty_io.c:608:9
3 tty_vhangup_session drivers/tty/tty_io.c:722:2
4 disassociate_ctty drivers/tty/tty_jobctrl.c:267:4
5 tty_jobctrl_ioctl drivers/tty/tty_jobctrl.c:326:2 @[ drivers/tty/tty_jobctrl.c:543:3 ]
6 tty_ioctl drivers/tty/tty_io.c:2624:12
[32m-------------[0m
[35mUse:kernel/signal.c:1107:9 @[ kernel/signal.c:1146:9 ][0m
[31m=NO CHECK ON PATH=[0m
[32mCall Stack:[0m
0 __group_send_sig_info kernel/signal.c:1107:9 @[ kernel/signal.c:1146:9 ]
1 tty_signal_session_leader drivers/tty/tty_jobctrl.c:212:4
2 __tty_hangup drivers/tty/tty_io.c:608:9
3 tty_vhangup_self drivers/tty/tty_io.c:685:2 @[ drivers/tty/tty_io.c:703:3 ]
4 sys_vhangup fs/open.c:1175:3
[32m-------------[0m
[35mUse:kernel/signal.c:1107:9 @[ kernel/signal.c:1152:9 @[ kernel/signal.c:1204:8 ] ][0m
[31m=NO CHECK ON PATH=[0m
[32mCall Stack:[0m
0 force_sig_info kernel/signal.c:1107:9 @[ kernel/signal.c:1152:9 @[ kernel/signal.c:1204:8 ] ]
1 force_sigsegv kernel/signal.c:1466:2 @[ kernel/signal.c:1484:2 ]
2 search_binary_handler fs/exec.c:1645:4
3 load_script fs/binfmt_script.c:109:9
[32m-------------[0m
[35mUse:kernel/signal.c:1107:9 @[ kernel/signal.c:1152:9 @[ kernel/signal.c:1204:8 ] ][0m
[31m=NO CHECK ON PATH=[0m
[32mCall Stack:[0m
0 force_sig_info kernel/signal.c:1107:9 @[ kernel/signal.c:1152:9 @[ kernel/signal.c:1204:8 ] ]
1 force_sigsegv kernel/signal.c:1466:2 @[ kernel/signal.c:1484:2 ]
2 search_binary_handler fs/exec.c:1645:4
3 load_misc_binary fs/binfmt_misc.c:235:11
[32m-------------[0m
[35mUse:kernel/signal.c:1107:9 @[ kernel/signal.c:1152:9 @[ kernel/signal.c:1204:8 ] ][0m
[31m=NO CHECK ON PATH=[0m
[32mCall Stack:[0m
0 force_sig_info kernel/signal.c:1107:9 @[ kernel/signal.c:1152:9 @[ kernel/signal.c:1204:8 ] ]
1 force_sigsegv kernel/signal.c:1466:2 @[ kernel/signal.c:1484:2 ]
2 search_binary_handler fs/exec.c:1645:4
3 do_execveat_common fs/exec.c:1680:8 @[ fs/exec.c:1802:11 ]
4 compat_SyS_execveat fs/exec.c:1890:9 @[ fs/exec.c:1960:9 @[ fs/exec.c:1952:1 ] ]
[32m-------------[0m
[35mUse:kernel/signal.c:1107:9 @[ kernel/signal.c:1152:9 @[ kernel/signal.c:1204:8 ] ][0m
[31m=NO CHECK ON PATH=[0m
[32mCall Stack:[0m
0 force_sig_info kernel/signal.c:1107:9 @[ kernel/signal.c:1152:9 @[ kernel/signal.c:1204:8 ] ]
1 force_sigsegv kernel/signal.c:1466:2 @[ kernel/signal.c:1484:2 ]
2 search_binary_handler fs/exec.c:1645:4
3 do_execveat_common fs/exec.c:1680:8 @[ fs/exec.c:1802:11 ]
4 compat_SyS_execve fs/exec.c:1874:9 @[ fs/exec.c:1949:9 @[ fs/exec.c:1945:1 ] ]
[32m-------------[0m
[35mUse:kernel/signal.c:1107:9 @[ kernel/signal.c:1152:9 @[ kernel/signal.c:1204:8 ] ][0m
[31m=NO CHECK ON PATH=[0m
[32mCall Stack:[0m
0 force_sig_info kernel/signal.c:1107:9 @[ kernel/signal.c:1152:9 @[ kernel/signal.c:1204:8 ] ]
1 force_sigsegv kernel/signal.c:1466:2 @[ kernel/signal.c:1484:2 ]
2 search_binary_handler fs/exec.c:1645:4
3 do_execveat_common fs/exec.c:1680:8 @[ fs/exec.c:1802:11 ]
4 SyS_execveat fs/exec.c:1858:9 @[ fs/exec.c:1939:9 @[ fs/exec.c:1931:1 ] ]
[32m-------------[0m
[35mUse:kernel/signal.c:1107:9 @[ kernel/signal.c:1152:9 @[ kernel/signal.c:1204:8 ] ][0m
[31m=NO CHECK ON PATH=[0m
[32mCall Stack:[0m
0 force_sig_info kernel/signal.c:1107:9 @[ kernel/signal.c:1152:9 @[ kernel/signal.c:1204:8 ] ]
1 force_sigsegv kernel/signal.c:1466:2 @[ kernel/signal.c:1484:2 ]
2 search_binary_handler fs/exec.c:1645:4
3 do_execveat_common fs/exec.c:1680:8 @[ fs/exec.c:1802:11 ]
4 SyS_execve fs/exec.c:1847:9 @[ fs/exec.c:1928:9 @[ fs/exec.c:1923:1 ] ]
[32m-------------[0m
[35mUse:kernel/signal.c:1107:9 @[ kernel/signal.c:1152:9 @[ kernel/signal.c:1204:8 ] ][0m
[31m=NO CHECK ON PATH=[0m
[32mCall Stack:[0m
0 force_sig_info kernel/signal.c:1107:9 @[ kernel/signal.c:1152:9 @[ kernel/signal.c:1204:8 ] ]
1 force_sig kernel/signal.c:1466:2
2 signal_fault arch/x86/kernel/signal.c:854:2
3 sys_rt_sigreturn arch/x86/kernel/signal.c:662:2
[32m-------------[0m
[35mUse:kernel/signal.c:1107:9 @[ kernel/signal.c:1152:9 @[ kernel/signal.c:1204:8 ] ][0m
[31m=NO CHECK ON PATH=[0m
[32mCall Stack:[0m
0 force_sig_info kernel/signal.c:1107:9 @[ kernel/signal.c:1152:9 @[ kernel/signal.c:1204:8 ] ]
1 force_sig kernel/signal.c:1466:2
2 reboot_pid_ns kernel/pid_namespace.c:347:2
3 SyS_reboot kernel/reboot.c:331:8 @[ kernel/reboot.c:307:1 ]
[32m-------------[0m
[35mUse:kernel/signal.c:1107:9 @[ kernel/signal.c:1152:9 @[ kernel/signal.c:1204:8 ] ][0m
[31m=NO CHECK ON PATH=[0m
[32mCall Stack:[0m
0 force_sig_info kernel/signal.c:1107:9 @[ kernel/signal.c:1152:9 @[ kernel/signal.c:1204:8 ] ]
1 force_sig kernel/signal.c:1466:2
2 cifs_put_tcp_session fs/cifs/connect.c:2229:3
3 cifs_sb_tlink fs/cifs/connect.c:4224:3 @[ fs/cifs/connect.c:4368:19 ]
4 id_mode_to_cifs_acl fs/cifs/cifsacl.c:1182:28
5 cifs_setattr fs/cifs/inode.c:2382:9 @[ fs/cifs/inode.c:2465:9 ]
[32m-------------[0m
[35mUse:kernel/signal.c:1107:9 @[ kernel/signal.c:1152:9 @[ kernel/signal.c:1204:8 ] ][0m
[31m=NO CHECK ON PATH=[0m
[32mCall Stack:[0m
0 force_sig_info kernel/signal.c:1107:9 @[ kernel/signal.c:1152:9 @[ kernel/signal.c:1204:8 ] ]
1 force_sig kernel/signal.c:1466:2
2 cifs_put_tcp_session fs/cifs/connect.c:2229:3
3 cifs_sb_tlink fs/cifs/connect.c:4224:3 @[ fs/cifs/connect.c:4368:19 ]
4 cifs_rename2 fs/cifs/inode.c:1726:10
[32m-------------[0m
[35mUse:kernel/signal.c:1107:9 @[ kernel/signal.c:1152:9 @[ kernel/signal.c:1204:8 ] ][0m
[31m=NO CHECK ON PATH=[0m
[32mCall Stack:[0m
0 force_sig_info kernel/signal.c:1107:9 @[ kernel/signal.c:1152:9 @[ kernel/signal.c:1204:8 ] ]
1 force_sig kernel/signal.c:1466:2
2 cifs_put_tcp_session fs/cifs/connect.c:2229:3
3 cifs_sb_tlink fs/cifs/connect.c:4224:3 @[ fs/cifs/connect.c:4368:19 ]
4 cifs_get_inode_info fs/cifs/inode.c:557:10 @[ fs/cifs/inode.c:861:3 ]
5 cifs_revalidate_dentry_attr fs/cifs/inode.c:1965:8
6 cifs_getattr fs/cifs/inode.c:2021:7
[32m-------------[0m
[35mUse:kernel/signal.c:1107:9 @[ kernel/signal.c:1152:9 @[ kernel/signal.c:1204:8 ] ][0m
[31m=NO CHECK ON PATH=[0m
[32mCall Stack:[0m
0 force_sig_info kernel/signal.c:1107:9 @[ kernel/signal.c:1152:9 @[ kernel/signal.c:1204:8 ] ]
1 force_sig kernel/signal.c:1466:2
2 cifs_put_tcp_session fs/cifs/connect.c:2229:3
3 cifs_sb_tlink fs/cifs/connect.c:4224:3 @[ fs/cifs/connect.c:4368:19 ]
4 cifs_get_inode_info fs/cifs/inode.c:557:10 @[ fs/cifs/inode.c:861:3 ]
5 cifs_revalidate_dentry_attr fs/cifs/inode.c:1965:8
6 cifs_xattr_get fs/cifs/xattr.c:178:7 @[ fs/cifs/xattr.c:227:9 ]
[32m-------------[0m
[35mUse:kernel/signal.c:1107:9 @[ kernel/signal.c:1152:9 @[ kernel/signal.c:1204:8 ] ][0m
[31m=NO CHECK ON PATH=[0m
[32mCall Stack:[0m
0 force_sig_info kernel/signal.c:1107:9 @[ kernel/signal.c:1152:9 @[ kernel/signal.c:1204:8 ] ]
1 force_sig kernel/signal.c:1466:2
2 cifs_put_tcp_session fs/cifs/connect.c:2229:3
3 cifs_sb_tlink fs/cifs/connect.c:4224:3 @[ fs/cifs/connect.c:4368:19 ]
4 cifs_get_inode_info fs/cifs/inode.c:557:10 @[ fs/cifs/inode.c:861:3 ]
5 cifs_revalidate_dentry_attr fs/cifs/inode.c:1965:8
6 cifs_xattr_get fs/cifs/xattr.c:178:7 @[ fs/cifs/xattr.c:227:9 ]
[32m-------------[0m
[35mUse:kernel/signal.c:1107:9 @[ kernel/signal.c:1152:9 @[ kernel/signal.c:1204:8 ] ][0m
[31m=NO CHECK ON PATH=[0m
[32mCall Stack:[0m
0 force_sig_info kernel/signal.c:1107:9 @[ kernel/signal.c:1152:9 @[ kernel/signal.c:1204:8 ] ]
1 force_sig kernel/signal.c:1466:2
2 cifs_put_tcp_session fs/cifs/connect.c:2229:3
3 cifs_sb_tlink fs/cifs/connect.c:4224:3 @[ fs/cifs/connect.c:4368:19 ]
4 cifs_get_inode_info fs/cifs/inode.c:557:10 @[ fs/cifs/inode.c:861:3 ]
5 cifs_revalidate_dentry_attr fs/cifs/inode.c:1965:8
6 cifs_xattr_get fs/cifs/xattr.c:178:7 @[ fs/cifs/xattr.c:227:9 ]
[32m-------------[0m
[35mUse:kernel/signal.c:1107:9 @[ kernel/signal.c:1152:9 @[ kernel/signal.c:1204:8 ] ][0m
[31m=NO CHECK ON PATH=[0m
[32mCall Stack:[0m
0 force_sig_info kernel/signal.c:1107:9 @[ kernel/signal.c:1152:9 @[ kernel/signal.c:1204:8 ] ]
1 force_sig kernel/signal.c:1466:2
2 cifs_put_tcp_session fs/cifs/connect.c:2229:3
3 cifs_sb_tlink fs/cifs/connect.c:4224:3 @[ fs/cifs/connect.c:4368:19 ]
4 cifs_get_inode_info fs/cifs/inode.c:557:10 @[ fs/cifs/inode.c:861:3 ]
5 cifs_revalidate_dentry_attr fs/cifs/inode.c:1965:8
6 cifs_xattr_get fs/cifs/xattr.c:178:7 @[ fs/cifs/xattr.c:227:9 ]
[32m-------------[0m
[35mUse:kernel/signal.c:1107:9 @[ kernel/signal.c:1152:9 @[ kernel/signal.c:1204:8 ] ][0m
[31m=NO CHECK ON PATH=[0m
[32mCall Stack:[0m
0 force_sig_info kernel/signal.c:1107:9 @[ kernel/signal.c:1152:9 @[ kernel/signal.c:1204:8 ] ]
1 force_sig kernel/signal.c:1466:2
2 cifs_put_tcp_session fs/cifs/connect.c:2229:3
3 cifs_sb_tlink fs/cifs/connect.c:4224:3 @[ fs/cifs/connect.c:4368:19 ]
4 cifs_get_inode_info fs/cifs/inode.c:557:10 @[ fs/cifs/inode.c:861:3 ]
5 cifs_revalidate_dentry_attr fs/cifs/inode.c:1965:8
6 cifs_xattr_get fs/cifs/xattr.c:178:7 @[ fs/cifs/xattr.c:227:9 ]
[32m-------------[0m
[35mUse:kernel/signal.c:1107:9 @[ kernel/signal.c:1152:9 @[ kernel/signal.c:1204:8 ] ][0m
[31m=NO CHECK ON PATH=[0m
[32mCall Stack:[0m
0 force_sig_info kernel/signal.c:1107:9 @[ kernel/signal.c:1152:9 @[ kernel/signal.c:1204:8 ] ]
1 force_sig kernel/signal.c:1466:2
2 cifs_put_tcp_session fs/cifs/connect.c:2229:3
3 cifs_sb_tlink fs/cifs/connect.c:4224:3 @[ fs/cifs/connect.c:4368:19 ]
4 cifs_get_inode_info fs/cifs/inode.c:557:10 @[ fs/cifs/inode.c:861:3 ]
5 cifs_mkdir_qinfo fs/cifs/inode.c:1395:8
6 cifs_mkdir fs/cifs/inode.c:1568:7
[32m-------------[0m
[35mUse:kernel/signal.c:1107:9 @[ kernel/signal.c:1152:9 @[ kernel/signal.c:1204:8 ] ][0m
[31m=NO CHECK ON PATH=[0m
[32mCall Stack:[0m
0 force_sig_info kernel/signal.c:1107:9 @[ kernel/signal.c:1152:9 @[ kernel/signal.c:1204:8 ] ]
1 force_sig kernel/signal.c:1466:2
2 cifs_put_tcp_session fs/cifs/connect.c:2229:3
3 cifs_sb_tlink fs/cifs/connect.c:4224:3 @[ fs/cifs/connect.c:4368:19 ]
4 cifs_get_inode_info fs/cifs/inode.c:557:10 @[ fs/cifs/inode.c:861:3 ]
5 cifs_reopen_file fs/cifs/file.c:739:9
6 cifs_send_async_read fs/cifs/file.c:3115:14
7 cifs_user_readv fs/cifs/file.c:3284:7
8 cifs_strict_readv fs/cifs/file.c:3342:10
[32m-------------[0m
[35mUse:kernel/signal.c:1107:9 @[ kernel/signal.c:1152:9 @[ kernel/signal.c:1204:8 ] ][0m
[31m=NO CHECK ON PATH=[0m
[32mCall Stack:[0m
0 force_sig_info kernel/signal.c:1107:9 @[ kernel/signal.c:1152:9 @[ kernel/signal.c:1204:8 ] ]
1 force_sig kernel/signal.c:1466:2
2 cifs_put_tcp_session fs/cifs/connect.c:2229:3
3 cifs_sb_tlink fs/cifs/connect.c:4224:3 @[ fs/cifs/connect.c:4368:19 ]
4 cifs_get_inode_info fs/cifs/inode.c:557:10 @[ fs/cifs/inode.c:861:3 ]
5 cifs_reopen_file fs/cifs/file.c:739:9
6 cifs_send_async_read fs/cifs/file.c:3115:14
7 cifs_user_readv fs/cifs/file.c:3284:7
[32m-------------[0m
[35mUse:kernel/signal.c:1107:9 @[ kernel/signal.c:1152:9 @[ kernel/signal.c:1204:8 ] ][0m
[31m=NO CHECK ON PATH=[0m
[32mCall Stack:[0m
0 force_sig_info kernel/signal.c:1107:9 @[ kernel/signal.c:1152:9 @[ kernel/signal.c:1204:8 ] ]
1 force_sig kernel/signal.c:1466:2
2 cifs_put_tcp_session fs/cifs/connect.c:2229:3
3 cifs_sb_tlink fs/cifs/connect.c:4224:3 @[ fs/cifs/connect.c:4368:19 ]
4 cifs_get_inode_info fs/cifs/inode.c:557:10 @[ fs/cifs/inode.c:861:3 ]
5 cifs_reopen_file fs/cifs/file.c:739:9
6 cifs_send_async_read fs/cifs/file.c:3115:14
7 cifs_user_readv fs/cifs/file.c:3284:7
8 cifs_loose_read_iter fs/cifs/cifsfs.c:774:10
[32m-------------[0m
[35mUse:kernel/signal.c:1107:9 @[ kernel/signal.c:1152:9 @[ kernel/signal.c:1204:8 ] ][0m
[31m=NO CHECK ON PATH=[0m
[32mCall Stack:[0m
0 force_sig_info kernel/signal.c:1107:9 @[ kernel/signal.c:1152:9 @[ kernel/signal.c:1204:8 ] ]
1 force_sig kernel/signal.c:1466:2
2 cifs_put_tcp_session fs/cifs/connect.c:2229:3
3 cifs_sb_tlink fs/cifs/connect.c:4224:3 @[ fs/cifs/connect.c:4368:19 ]
4 cifs_get_inode_info fs/cifs/inode.c:557:10 @[ fs/cifs/inode.c:861:3 ]
5 cifs_reopen_file fs/cifs/file.c:739:9
6 cifs_send_async_read fs/cifs/file.c:3115:14
7 cifs_user_readv fs/cifs/file.c:3284:7
8 cifs_loose_read_iter fs/cifs/cifsfs.c:774:10
[32m-------------[0m
[35mUse:kernel/signal.c:1107:9 @[ kernel/signal.c:1152:9 @[ kernel/signal.c:1204:8 ] ][0m
[31m=NO CHECK ON PATH=[0m
[32mCall Stack:[0m
0 force_sig_info kernel/signal.c:1107:9 @[ kernel/signal.c:1152:9 @[ kernel/signal.c:1204:8 ] ]
1 force_sig kernel/signal.c:1466:2
2 cifs_put_tcp_session fs/cifs/connect.c:2229:3
3 cifs_sb_tlink fs/cifs/connect.c:4224:3 @[ fs/cifs/connect.c:4368:19 ]
4 cifs_get_inode_info fs/cifs/inode.c:557:10 @[ fs/cifs/inode.c:861:3 ]
5 cifs_reopen_file fs/cifs/file.c:739:9
6 cifs_write_from_iter fs/cifs/file.c:2603:14
7 cifs_user_writev fs/cifs/file.c:2755:7
8 cifs_strict_writev fs/cifs/file.c:2866:12
[32m-------------[0m
[35mUse:kernel/signal.c:1107:9 @[ kernel/signal.c:1152:9 @[ kernel/signal.c:1204:8 ] ][0m
[31m=NO CHECK ON PATH=[0m
[32mCall Stack:[0m
0 force_sig_info kernel/signal.c:1107:9 @[ kernel/signal.c:1152:9 @[ kernel/signal.c:1204:8 ] ]
1 force_sig kernel/signal.c:1466:2
2 cifs_put_tcp_session fs/cifs/connect.c:2229:3
3 cifs_sb_tlink fs/cifs/connect.c:4224:3 @[ fs/cifs/connect.c:4368:19 ]
4 cifs_get_inode_info fs/cifs/inode.c:557:10 @[ fs/cifs/inode.c:861:3 ]
5 cifs_reopen_file fs/cifs/file.c:739:9
6 cifs_write_from_iter fs/cifs/file.c:2603:14
7 cifs_user_writev fs/cifs/file.c:2755:7
[32m-------------[0m
[35mUse:kernel/signal.c:1107:9 @[ kernel/signal.c:1152:9 @[ kernel/signal.c:1204:8 ] ][0m
[31m=NO CHECK ON PATH=[0m
[32mCall Stack:[0m
0 force_sig_info kernel/signal.c:1107:9 @[ kernel/signal.c:1152:9 @[ kernel/signal.c:1204:8 ] ]
1 force_sig kernel/signal.c:1466:2
2 cifs_put_tcp_session fs/cifs/connect.c:2229:3
3 cifs_sb_tlink fs/cifs/connect.c:4224:3 @[ fs/cifs/connect.c:4368:19 ]
4 cifs_get_inode_info fs/cifs/inode.c:557:10 @[ fs/cifs/inode.c:861:3 ]
5 cifs_reopen_file fs/cifs/file.c:739:9
6 cifs_write_from_iter fs/cifs/file.c:2603:14
7 cifs_user_writev fs/cifs/file.c:2755:7
8 cifs_file_write_iter fs/cifs/cifsfs.c:791:13
[32m-------------[0m
[35mUse:kernel/signal.c:1107:9 @[ kernel/signal.c:1152:9 @[ kernel/signal.c:1204:8 ] ][0m
[31m=NO CHECK ON PATH=[0m
[32mCall Stack:[0m
0 force_sig_info kernel/signal.c:1107:9 @[ kernel/signal.c:1152:9 @[ kernel/signal.c:1204:8 ] ]
1 force_sig kernel/signal.c:1466:2
2 cifs_put_tcp_session fs/cifs/connect.c:2229:3
3 cifs_sb_tlink fs/cifs/connect.c:4224:3 @[ fs/cifs/connect.c:4368:19 ]
4 cifs_get_inode_info fs/cifs/inode.c:557:10 @[ fs/cifs/inode.c:861:3 ]
5 cifs_reopen_file fs/cifs/file.c:739:9
6 cifs_write_from_iter fs/cifs/file.c:2603:14
7 cifs_user_writev fs/cifs/file.c:2755:7
8 cifs_file_write_iter fs/cifs/cifsfs.c:791:13
[32m-------------[0m
[35mUse:kernel/signal.c:1107:9 @[ kernel/signal.c:1152:9 @[ kernel/signal.c:1204:8 ] ][0m
[31m=NO CHECK ON PATH=[0m
[32mCall Stack:[0m
0 force_sig_info kernel/signal.c:1107:9 @[ kernel/signal.c:1152:9 @[ kernel/signal.c:1204:8 ] ]
1 force_sig kernel/signal.c:1466:2
2 cifs_put_tcp_session fs/cifs/connect.c:2229:3
3 cifs_sb_tlink fs/cifs/connect.c:4224:3 @[ fs/cifs/connect.c:4368:19 ]
4 cifs_get_inode_info fs/cifs/inode.c:557:10 @[ fs/cifs/inode.c:861:3 ]
5 cifs_reopen_file fs/cifs/file.c:739:9
6 find_writable_file fs/cifs/file.c:1888:8
7 smb_set_file_info fs/cifs/smb1ops.c:780:14
8 cifs_set_file_info fs/cifs/inode.c:1122:9
9 cifs_unlink fs/cifs/inode.c:1363:3
[32m-------------[0m
[35mUse:kernel/signal.c:1107:9 @[ kernel/signal.c:1152:9 @[ kernel/signal.c:1204:8 ] ][0m
[31m=NO CHECK ON PATH=[0m
[32mCall Stack:[0m
0 force_sig_info kernel/signal.c:1107:9 @[ kernel/signal.c:1152:9 @[ kernel/signal.c:1204:8 ] ]
1 force_sig kernel/signal.c:1466:2
2 cifs_put_tcp_session fs/cifs/connect.c:2229:3
3 cifs_sb_tlink fs/cifs/connect.c:4224:3 @[ fs/cifs/connect.c:4368:19 ]
4 cifs_get_inode_info fs/cifs/inode.c:557:10 @[ fs/cifs/inode.c:861:3 ]
5 cifs_open fs/cifs/file.c:252:8 @[ fs/cifs/file.c:534:8 ]
[32m-------------[0m
[35mUse:kernel/signal.c:1107:9 @[ kernel/signal.c:1152:9 @[ kernel/signal.c:1204:8 ] ][0m
[31m=NO CHECK ON PATH=[0m
[32mCall Stack:[0m
0 force_sig_info kernel/signal.c:1107:9 @[ kernel/signal.c:1152:9 @[ kernel/signal.c:1204:8 ] ]
1 force_sig kernel/signal.c:1466:2
2 cifs_put_tcp_session fs/cifs/connect.c:2229:3
3 cifs_sb_tlink fs/cifs/connect.c:4224:3 @[ fs/cifs/connect.c:4368:19 ]
4 cifs_get_inode_info fs/cifs/inode.c:557:10 @[ fs/cifs/inode.c:861:3 ]
5 cifs_lookup fs/cifs/dir.c:811:8
[32m-------------[0m
[35mUse:kernel/signal.c:1107:9 @[ kernel/signal.c:1152:9 @[ kernel/signal.c:1204:8 ] ][0m
[31m=NO CHECK ON PATH=[0m
[32mCall Stack:[0m
0 force_sig_info kernel/signal.c:1107:9 @[ kernel/signal.c:1152:9 @[ kernel/signal.c:1204:8 ] ]
1 force_sig kernel/signal.c:1466:2
2 cifs_put_tcp_session fs/cifs/connect.c:2229:3
3 cifs_sb_tlink fs/cifs/connect.c:4224:3 @[ fs/cifs/connect.c:4368:19 ]
4 cifs_get_inode_info fs/cifs/inode.c:557:10 @[ fs/cifs/inode.c:861:3 ]
5 cifs_lookup fs/cifs/dir.c:811:8
6 cifs_atomic_open fs/cifs/dir.c:502:9
[32m-------------[0m
[35mUse:kernel/signal.c:1107:9 @[ kernel/signal.c:1152:9 @[ kernel/signal.c:1204:8 ] ][0m
[31m=NO CHECK ON PATH=[0m
[32mCall Stack:[0m
0 force_sig_info kernel/signal.c:1107:9 @[ kernel/signal.c:1152:9 @[ kernel/signal.c:1204:8 ] ]
1 force_sig kernel/signal.c:1466:2
2 cifs_put_tcp_session fs/cifs/connect.c:2229:3
3 cifs_sb_tlink fs/cifs/connect.c:4224:3 @[ fs/cifs/connect.c:4368:19 ]
4 cifs_get_inode_info fs/cifs/inode.c:557:10 @[ fs/cifs/inode.c:861:3 ]
5 cifs_lookup fs/cifs/dir.c:811:8
[32m-------------[0m
[35mUse:kernel/signal.c:1107:9 @[ kernel/signal.c:1152:9 @[ kernel/signal.c:1204:8 ] ][0m
[31m=NO CHECK ON PATH=[0m
[32mCall Stack:[0m
0 force_sig_info kernel/signal.c:1107:9 @[ kernel/signal.c:1152:9 @[ kernel/signal.c:1204:8 ] ]
1 force_sig kernel/signal.c:1466:2
2 cifs_put_tcp_session fs/cifs/connect.c:2229:3
3 cifs_sb_tlink fs/cifs/connect.c:4224:3 @[ fs/cifs/connect.c:4368:19 ]
4 cifs_get_inode_info fs/cifs/inode.c:557:10 @[ fs/cifs/inode.c:861:3 ]
5 cifs_symlink fs/cifs/link.c:724:9
[32m-------------[0m
[35mUse:kernel/signal.c:1107:9 @[ kernel/signal.c:1152:9 @[ kernel/signal.c:1204:8 ] ][0m
[31m=NO CHECK ON PATH=[0m
[32mCall Stack:[0m
0 force_sig_info kernel/signal.c:1107:9 @[ kernel/signal.c:1152:9 @[ kernel/signal.c:1204:8 ] ]
1 force_sig kernel/signal.c:1466:2
2 cifs_put_tcp_session fs/cifs/connect.c:2229:3
3 cifs_sb_tlink fs/cifs/connect.c:4224:3 @[ fs/cifs/connect.c:4368:19 ]
4 cifs_get_inode_info fs/cifs/inode.c:557:10 @[ fs/cifs/inode.c:861:3 ]
5 cifs_do_create fs/cifs/dir.c:420:8
6 cifs_create fs/cifs/dir.c:609:7
[32m-------------[0m
[35mUse:kernel/signal.c:1107:9 @[ kernel/signal.c:1152:9 @[ kernel/signal.c:1204:8 ] ][0m
[31m=NO CHECK ON PATH=[0m
[32mCall Stack:[0m
0 force_sig_info kernel/signal.c:1107:9 @[ kernel/signal.c:1152:9 @[ kernel/signal.c:1204:8 ] ]
1 force_sig kernel/signal.c:1466:2
2 cifs_put_tcp_session fs/cifs/connect.c:2229:3
3 cifs_sb_tlink fs/cifs/connect.c:4224:3 @[ fs/cifs/connect.c:4368:19 ]
4 cifs_rmdir fs/cifs/inode.c:1604:10
[32m-------------[0m
[35mUse:kernel/signal.c:1107:9 @[ kernel/signal.c:1152:9 @[ kernel/signal.c:1204:8 ] ][0m
[31m=NO CHECK ON PATH=[0m
[32mCall Stack:[0m
0 force_sig_info kernel/signal.c:1107:9 @[ kernel/signal.c:1152:9 @[ kernel/signal.c:1204:8 ] ]
1 force_sig kernel/signal.c:1466:2
2 cifs_put_tcp_session fs/cifs/connect.c:2229:3
3 cifs_sb_tlink fs/cifs/connect.c:4224:3 @[ fs/cifs/connect.c:4368:19 ]
4 cifs_get_link fs/cifs/link.c:638:10
[32m-------------[0m
[35mUse:kernel/signal.c:1107:9 @[ kernel/signal.c:1152:9 @[ kernel/signal.c:1204:8 ] ][0m
[31m=NO CHECK ON PATH=[0m
[32mCall Stack:[0m
0 force_sig_info kernel/signal.c:1107:9 @[ kernel/signal.c:1152:9 @[ kernel/signal.c:1204:8 ] ]
1 force_sig kernel/signal.c:1466:2
2 cifs_put_tcp_session fs/cifs/connect.c:2229:3
3 cifs_sb_tlink fs/cifs/connect.c:4224:3 @[ fs/cifs/connect.c:4368:19 ]
4 cifs_get_inode_info_unix fs/cifs/inode.c:374:10
5 cifs_mknod fs/cifs/dir.c:679:8
[32m-------------[0m
[35mUse:kernel/signal.c:1107:9 @[ kernel/signal.c:1152:9 @[ kernel/signal.c:1204:8 ] ][0m
[31m=NO CHECK ON PATH=[0m
[32mCall Stack:[0m
0 force_sig_info kernel/signal.c:1107:9 @[ kernel/signal.c:1152:9 @[ kernel/signal.c:1204:8 ] ]
1 force_sig kernel/signal.c:1466:2
2 cifs_put_tcp_session fs/cifs/connect.c:2229:3
3 cifs_sb_tlink fs/cifs/connect.c:4224:3 @[ fs/cifs/connect.c:4368:19 ]
4 initiate_cifs_search fs/cifs/readdir.c:279:11
5 cifs_readdir fs/cifs/readdir.c:619:8 @[ fs/cifs/readdir.c:820:7 ]
[32m-------------[0m
[35mUse:kernel/signal.c:1107:9 @[ kernel/signal.c:1152:9 @[ kernel/signal.c:1204:8 ] ][0m
[31m=NO CHECK ON PATH=[0m
[32mCall Stack:[0m
0 force_sig_info kernel/signal.c:1107:9 @[ kernel/signal.c:1152:9 @[ kernel/signal.c:1204:8 ] ]
1 force_sig kernel/signal.c:1466:2
2 cifs_put_tcp_session fs/cifs/connect.c:2229:3
3 cifs_sb_tlink fs/cifs/connect.c:4224:3 @[ fs/cifs/connect.c:4368:19 ]
4 cifs_xattr_set fs/cifs/xattr.c:55:10
[32m-------------[0m
[35mUse:kernel/signal.c:1107:9 @[ kernel/signal.c:1152:9 @[ kernel/signal.c:1204:8 ] ][0m
[31m=NO CHECK ON PATH=[0m
[32mCall Stack:[0m
0 force_sig_info kernel/signal.c:1107:9 @[ kernel/signal.c:1152:9 @[ kernel/signal.c:1204:8 ] ]
1 force_sig kernel/signal.c:1466:2
2 cifs_put_tcp_session fs/cifs/connect.c:2229:3
3 cifs_sb_tlink fs/cifs/connect.c:4224:3 @[ fs/cifs/connect.c:4368:19 ]
4 cifs_xattr_set fs/cifs/xattr.c:55:10
[32m-------------[0m
[35mUse:kernel/signal.c:1107:9 @[ kernel/signal.c:1152:9 @[ kernel/signal.c:1204:8 ] ][0m
[31m=NO CHECK ON PATH=[0m
[32mCall Stack:[0m
0 force_sig_info kernel/signal.c:1107:9 @[ kernel/signal.c:1152:9 @[ kernel/signal.c:1204:8 ] ]
1 force_sig kernel/signal.c:1466:2
2 cifs_put_tcp_session fs/cifs/connect.c:2229:3
3 cifs_sb_tlink fs/cifs/connect.c:4224:3 @[ fs/cifs/connect.c:4368:19 ]
4 cifs_xattr_set fs/cifs/xattr.c:55:10
[32m-------------[0m
[35mUse:kernel/signal.c:1107:9 @[ kernel/signal.c:1152:9 @[ kernel/signal.c:1204:8 ] ][0m
[31m=NO CHECK ON PATH=[0m
[32mCall Stack:[0m
0 force_sig_info kernel/signal.c:1107:9 @[ kernel/signal.c:1152:9 @[ kernel/signal.c:1204:8 ] ]
1 force_sig kernel/signal.c:1466:2
2 cifs_put_tcp_session fs/cifs/connect.c:2229:3
3 cifs_sb_tlink fs/cifs/connect.c:4224:3 @[ fs/cifs/connect.c:4368:19 ]
4 cifs_xattr_set fs/cifs/xattr.c:55:10
[32m-------------[0m
[35mUse:kernel/signal.c:1107:9 @[ kernel/signal.c:1152:9 @[ kernel/signal.c:1204:8 ] ][0m
[31m=NO CHECK ON PATH=[0m
[32mCall Stack:[0m
0 force_sig_info kernel/signal.c:1107:9 @[ kernel/signal.c:1152:9 @[ kernel/signal.c:1204:8 ] ]
1 force_sig kernel/signal.c:1466:2
2 cifs_put_tcp_session fs/cifs/connect.c:2229:3
3 cifs_sb_tlink fs/cifs/connect.c:4224:3 @[ fs/cifs/connect.c:4368:19 ]
4 cifs_xattr_set fs/cifs/xattr.c:55:10
[32m-------------[0m
[35mUse:kernel/signal.c:1107:9 @[ kernel/signal.c:1152:9 @[ kernel/signal.c:1204:8 ] ][0m
[31m=NO CHECK ON PATH=[0m
[32mCall Stack:[0m
0 force_sig_info kernel/signal.c:1107:9 @[ kernel/signal.c:1152:9 @[ kernel/signal.c:1204:8 ] ]
1 force_sig kernel/signal.c:1466:2
2 cifs_put_tcp_session fs/cifs/connect.c:2229:3
3 cifs_sb_tlink fs/cifs/connect.c:4224:3 @[ fs/cifs/connect.c:4368:19 ]
4 cifs_hardlink fs/cifs/link.c:544:10
[32m-------------[0m
[35mUse:kernel/signal.c:1107:9 @[ kernel/signal.c:1152:9 @[ kernel/signal.c:1204:8 ] ][0m
[31m=NO CHECK ON PATH=[0m
[32mCall Stack:[0m
0 force_sig_info kernel/signal.c:1107:9 @[ kernel/signal.c:1152:9 @[ kernel/signal.c:1204:8 ] ]
1 force_sig kernel/signal.c:1466:2
2 cifs_put_tcp_session fs/cifs/connect.c:2229:3
3 cifs_sb_tlink fs/cifs/connect.c:4224:3 @[ fs/cifs/connect.c:4368:19 ]
4 cifs_listxattr fs/cifs/xattr.c:315:10
[32m-------------[0m
[35mUse:kernel/signal.c:1107:9 @[ kernel/signal.c:1152:9 @[ kernel/signal.c:1204:8 ] ][0m
[31m=NO CHECK ON PATH=[0m
[32mCall Stack:[0m
0 force_sig_info kernel/signal.c:1107:9 @[ kernel/signal.c:1152:9 @[ kernel/signal.c:1204:8 ] ]
1 force_sig kernel/signal.c:1466:2
2 cifs_put_tcp_session fs/cifs/connect.c:2229:3
3 cifs_put_smb_ses fs/cifs/connect.c:2438:2
4 cifs_put_tcon fs/cifs/connect.c:2731:2
5 cifs_put_tlink fs/cifs/connect.c:2878:3
6 cifs_closedir fs/cifs/file.c:858:2
[32m-------------[0m
[35mUse:kernel/signal.c:1107:9 @[ kernel/signal.c:1152:9 @[ kernel/signal.c:1204:8 ] ][0m
[31m=NO CHECK ON PATH=[0m
[32mCall Stack:[0m
0 force_sig_info kernel/signal.c:1107:9 @[ kernel/signal.c:1152:9 @[ kernel/signal.c:1204:8 ] ]
1 force_sig kernel/signal.c:1466:2
2 cifs_put_tcp_session fs/cifs/connect.c:2229:3
3 cifs_put_smb_ses fs/cifs/connect.c:2438:2
4 cifs_put_tcon fs/cifs/connect.c:2731:2
5 cifs_put_tlink fs/cifs/connect.c:2878:3
6 cifsFileInfo_put fs/cifs/file.c:445:2
7 cifs_close fs/cifs/file.c:771:3
[32m-------------[0m
[32mGood: 1 [31mBad: 56 [33mIgnored: 396[0m
STOP WATCH[0]: 9084.272000 ms
[36m--- DONE! ---[0m
------------STATISTICS---------------
    53021 : Functions greeted
    110 : External functions
    0 : Discovered Path
    0 : Matched Path
    1 : Good Path
    56 : Bad Path
    396 : Ignored Path
    0 : Path Unable to Resolve
    0 : Resolved CallSite Using Function Pointer
    1 : Critical Functions
    0 : Critical Variables
    0 : # of times max depth for forward analysis hit
    0 : # of times max depth for backward analysis hit
    0 : Critical Function Pointer Unable to Resolve, Collect Pass
    0 : Critical Function Pointer Resolved, Collect Pass
    27 : Critical Functions used by non CallInst
    193 : Critical Functions used by static assignment
    195 : # of times indirect call site matched with critical functions
    351 : # of times indirect call site failed to match with critical functions
    0 : found capability check inside call using function ptr




===-------------------------------------------------------------------------===
                          ... Statistics Collected ...
===-------------------------------------------------------------------------===

16305946 bitcode-reader - Number of Metadata records loaded
  232630 bitcode-reader - Number of MDStrings loaded

