[36m--- PROCESS FUNCTIONS ---[0m
Pre-processing...
Load skip function list, total:360
Load skip var list, total:22
Load kernel api list, total:1048
Collect all functions and indirect callsites
STOP WATCH[0]: 809.847000 ms
Process Gating Functions
Load LSM hook list, total:1
STOP WATCH[0]: 14.246000 ms
[48;5;021m[38;5;255m=LSM hook functions=[0m
. security_sock_rcv_skb
=o=
Collect Checkpoints
STOP WATCH[0]: 961.783000 ms
Identify interesting struct
STOP WATCH[0]: 5.976000 ms
Identify Logical Modules
STOP WATCH[0]: 60.640000 ms
STOP WATCH[0]: 6824.852000 ms
Collecting Initialization Closure.
Finding Kernel Entry Point and all __initcall_
[32mFound x86_64_start_kernel[0m
STOP WATCH[1]: 69.884000 ms
Initial Kernel Init Function Count:642
Over Approximate Kernel Init Functions
STOP WATCH[1]: 133.379000 ms
Refine Result
refine pass 0 3413 left
refine pass 1 2221 left
refine pass 2 1865 left
refine pass 3 1773 left
refine pass 4 1736 left
refine pass 5 1731 left
refine pass 6 1729 left
 Refine result : count=1729
STOP WATCH[1]: 46.082000 ms
STOP WATCH[0]: 250.011000 ms
Collect all permission-checked variables and functions
Resolve indirect call @ ./include/linux/filter.h:546:8 @[ net/core/filter.c:103:13 ]
[31m[NO MATCH][0m
Add call<direct> ___pskb_trim use @ ./include/linux/skbuff.h:2471:10 @[ ./include/linux/skbuff.h:2478:28 @[ net/core/filter.c:105:19 ] ]
 cause:[32mProcess Stack:[0m
0 sk_filter_trim_cap 
[32m-------------[0m
STOP WATCH[1]: 1957.233000 ms
STOP WATCH[0]: 1957.248000 ms
Collected 1 critical functions
Collected 0 critical variables
Collected 2 critical type/fields
[48;5;021m[38;5;255m--- Variables Protected By Gating Function---[0m
[48;5;021m[38;5;255m--- Function Protected By Gating Function---[0m
[32m___pskb_trim[0m
    security_sock_rcv_skb @ net/core/filter.c:92:8
[48;5;039m[38;5;255m--- Interesting Type fields and checks ---[0m
[32mstruct.bpf_prog.811437:0,[0m
    security_sock_rcv_skb @ net/core/filter.c:92:8
[32mstruct.sk_filter.811745:0,[0m
    security_sock_rcv_skb @ net/core/filter.c:92:8
Run Analysis
Critical functions
[33mInspect Use of Function:___pskb_trim[0m
STOP WATCH[0]: 5954.529000 ms
[36m--- DONE! ---[0m
------------STATISTICS---------------
    53021 : Functions greeted
    110 : External functions
    0 : Discovered Path
    0 : Matched Path
    10 : Good Path
    0 : Bad Path
    763 : Ignored Path
    0 : Path Unable to Resolve
    0 : Resolved CallSite Using Function Pointer
    1 : Critical Functions
    0 : Critical Variables
    0 : # of times max depth for forward analysis hit
    0 : # of times max depth for backward analysis hit
    1 : Critical Function Pointer Unable to Resolve, Collect Pass
    0 : Critical Function Pointer Resolved, Collect Pass
    72 : Critical Functions used by non CallInst
    399 : Critical Functions used by static assignment
    251 : # of times indirect call site matched with critical functions
    518 : # of times indirect call site failed to match with critical functions
    0 : found capability check inside call using function ptr




===-------------------------------------------------------------------------===
                          ... Statistics Collected ...
===-------------------------------------------------------------------------===

16305946 bitcode-reader - Number of Metadata records loaded
  232630 bitcode-reader - Number of MDStrings loaded

