[36m--- PROCESS FUNCTIONS ---[0m
Pre-processing...
Load skip function list, total:360
Load skip var list, total:22
Load kernel api list, total:1048
Collect all functions and indirect callsites
STOP WATCH[0]: 809.989000 ms
Process Gating Functions
Load LSM hook list, total:1
STOP WATCH[0]: 14.473000 ms
[48;5;021m[38;5;255m=LSM hook functions=[0m
. security_inode_need_killpriv
=o=
Collect Checkpoints
STOP WATCH[0]: 1007.805000 ms
Identify interesting struct
STOP WATCH[0]: 6.053000 ms
Identify Logical Modules
STOP WATCH[0]: 61.022000 ms
STOP WATCH[0]: 6924.887000 ms
Collecting Initialization Closure.
Finding Kernel Entry Point and all __initcall_
[32mFound x86_64_start_kernel[0m
STOP WATCH[1]: 69.295000 ms
Initial Kernel Init Function Count:642
Over Approximate Kernel Init Functions
STOP WATCH[1]: 132.444000 ms
Refine Result
refine pass 0 3413 left
refine pass 1 2221 left
refine pass 2 1865 left
refine pass 3 1773 left
refine pass 4 1736 left
refine pass 5 1731 left
refine pass 6 1729 left
 Refine result : count=1729
STOP WATCH[1]: 45.812000 ms
STOP WATCH[0]: 248.199000 ms
Collect all permission-checked variables and functions
Add call<direct> notify_change use @ fs/inode.c:1805:9 @[ fs/inode.c:1827:11 ]
 cause:[32mProcess Stack:[0m
0 file_remove_privs 
[32m-------------[0m
Add call<direct> revert_creds use @ fs/overlayfs/inode.c:59:3
 cause:[32mProcess Stack:[0m
0 notify_change fs/attr.c:205:35
1 ovl_setattr fs/overlayfs/inode.c:58:9
[32m-------------[0m
STOP WATCH[1]: 2110.481000 ms
STOP WATCH[0]: 2110.495000 ms
Collected 2 critical functions
Collected 0 critical variables
Collected 0 critical type/fields
[48;5;021m[38;5;255m--- Variables Protected By Gating Function---[0m
[48;5;021m[38;5;255m--- Function Protected By Gating Function---[0m
[32mrevert_creds[0m
    security_inode_need_killpriv @ fs/attr.c:250:11
[32mnotify_change[0m
    security_inode_need_killpriv @ fs/inode.c:1788:8 @[ fs/inode.c:1823:9 ]
[48;5;039m[38;5;255m--- Interesting Type fields and checks ---[0m
Run Analysis
Critical functions
[33mInspect Use of Function:revert_creds[0m
[35mUse:fs/overlayfs/copy_up.c:694:2[0m
[31m=NO CHECK ON PATH=[0m
[32mCall Stack:[0m
0 ovl_copy_up_flags fs/overlayfs/copy_up.c:694:2
1 ovl_copy_up fs/overlayfs/copy_up.c:701:9
2 ovl_do_remove fs/overlayfs/dir.c:759:8
3 ovl_unlink fs/overlayfs/dir.c:788:9
[32m-------------[0m
[35mUse:fs/overlayfs/copy_up.c:694:2[0m
[31m=NO CHECK ON PATH=[0m
[32mCall Stack:[0m
0 ovl_copy_up_flags fs/overlayfs/copy_up.c:694:2
1 ovl_copy_up fs/overlayfs/copy_up.c:701:9
2 ovl_do_remove fs/overlayfs/dir.c:759:8
3 ovl_rmdir fs/overlayfs/dir.c:793:9
[32m-------------[0m
[35mUse:fs/overlayfs/copy_up.c:694:2[0m
[31m=NO CHECK ON PATH=[0m
[32mCall Stack:[0m
0 ovl_copy_up_flags fs/overlayfs/copy_up.c:694:2
1 ovl_copy_up fs/overlayfs/copy_up.c:701:9
2 ovl_create_or_link fs/overlayfs/dir.c:476:8
3 ovl_create_object fs/overlayfs/dir.c:550:8
4 ovl_create fs/overlayfs/dir.c:563:9
[32m-------------[0m
[35mUse:fs/overlayfs/copy_up.c:694:2[0m
[31m=NO CHECK ON PATH=[0m
[32mCall Stack:[0m
0 ovl_copy_up_flags fs/overlayfs/copy_up.c:694:2
1 ovl_copy_up fs/overlayfs/copy_up.c:701:9
2 ovl_create_or_link fs/overlayfs/dir.c:476:8
3 ovl_create_object fs/overlayfs/dir.c:550:8
4 ovl_symlink fs/overlayfs/dir.c:584:9
[32m-------------[0m
[35mUse:fs/overlayfs/copy_up.c:694:2[0m
[31m=NO CHECK ON PATH=[0m
[32mCall Stack:[0m
0 ovl_copy_up_flags fs/overlayfs/copy_up.c:694:2
1 ovl_copy_up fs/overlayfs/copy_up.c:701:9
2 ovl_create_or_link fs/overlayfs/dir.c:476:8
3 ovl_create_object fs/overlayfs/dir.c:550:8
4 ovl_mkdir fs/overlayfs/dir.c:568:9
[32m-------------[0m
[35mUse:fs/overlayfs/copy_up.c:694:2[0m
[31m=NO CHECK ON PATH=[0m
[32mCall Stack:[0m
0 ovl_copy_up_flags fs/overlayfs/copy_up.c:694:2
1 ovl_copy_up fs/overlayfs/copy_up.c:701:9
2 ovl_create_or_link fs/overlayfs/dir.c:476:8
3 ovl_create_object fs/overlayfs/dir.c:550:8
4 ovl_mknod fs/overlayfs/dir.c:578:9
[32m-------------[0m
[35mUse:fs/overlayfs/copy_up.c:694:2[0m
[31m=NO CHECK ON PATH=[0m
[32mCall Stack:[0m
0 ovl_copy_up_flags fs/overlayfs/copy_up.c:694:2
1 ovl_copy_up fs/overlayfs/copy_up.c:701:9
2 ovl_xattr_set fs/overlayfs/inode.c:248:9
3 ovl_posix_acl_xattr_set fs/overlayfs/super.c:806:8
[32m-------------[0m
[35mUse:fs/overlayfs/copy_up.c:694:2[0m
[31m=NO CHECK ON PATH=[0m
[32mCall Stack:[0m
0 ovl_copy_up_flags fs/overlayfs/copy_up.c:694:2
1 ovl_copy_up fs/overlayfs/copy_up.c:701:9
2 ovl_xattr_set fs/overlayfs/inode.c:248:9
3 ovl_posix_acl_xattr_set fs/overlayfs/super.c:806:8
[32m-------------[0m
[35mUse:fs/overlayfs/copy_up.c:694:2[0m
[31m=NO CHECK ON PATH=[0m
[32mCall Stack:[0m
0 ovl_copy_up_flags fs/overlayfs/copy_up.c:694:2
1 ovl_copy_up fs/overlayfs/copy_up.c:701:9
2 ovl_xattr_set fs/overlayfs/inode.c:248:9
3 ovl_other_xattr_set fs/overlayfs/super.c:844:9
[32m-------------[0m
[35mUse:fs/overlayfs/copy_up.c:694:2[0m
[31m=NO CHECK ON PATH=[0m
[32mCall Stack:[0m
0 ovl_copy_up_flags fs/overlayfs/copy_up.c:694:2
1 ovl_copy_up fs/overlayfs/copy_up.c:701:9
2 ovl_setattr fs/overlayfs/inode.c:49:8
[32m-------------[0m
[35mUse:fs/overlayfs/copy_up.c:694:2[0m
[31m=NO CHECK ON PATH=[0m
[32mCall Stack:[0m
0 ovl_copy_up_flags fs/overlayfs/copy_up.c:694:2
1 ovl_open_maybe_copy_up fs/overlayfs/inode.c:366:10
2 ovl_d_real fs/overlayfs/super.c:99:9
3 nfs_readdir_xdr_to_array ./include/linux/dcache.h:586:10 @[ ./include/linux/fs.h:1239:9 @[ fs/nfs/dir.c:554:21 @[ fs/nfs/dir.c:642:12 ] ] ]
4 nfs_readdir fs/nfs/dir.c:812:11 @[ fs/nfs/dir.c:871:11 ]
[32m-------------[0m
[35mUse:fs/overlayfs/copy_up.c:694:2[0m
[31m=NO CHECK ON PATH=[0m
[32mCall Stack:[0m
0 ovl_copy_up_flags fs/overlayfs/copy_up.c:694:2
1 ovl_open_maybe_copy_up fs/overlayfs/inode.c:366:10
2 ovl_d_real fs/overlayfs/super.c:99:9
3 nfs4_file_open ./include/linux/dcache.h:586:10 @[ ./include/linux/fs.h:1239:9 @[ fs/nfs/nfs4file.c:61:31 ] ]
[32m-------------[0m
[35mUse:fs/overlayfs/copy_up.c:694:2[0m
[31m=NO CHECK ON PATH=[0m
[32mCall Stack:[0m
0 ovl_copy_up_flags fs/overlayfs/copy_up.c:694:2
1 ovl_open_maybe_copy_up fs/overlayfs/inode.c:366:10
2 ovl_d_real fs/overlayfs/super.c:99:9
3 btrfs_sync_file ./include/linux/dcache.h:586:10 @[ ./include/linux/fs.h:1239:9 @[ fs/btrfs/file.c:2043:26 ] ]
[32m-------------[0m
[35mUse:fs/overlayfs/copy_up.c:694:2[0m
[31m=NO CHECK ON PATH=[0m
[32mCall Stack:[0m
0 ovl_copy_up_flags fs/overlayfs/copy_up.c:694:2
1 ovl_open_maybe_copy_up fs/overlayfs/inode.c:366:10
2 ovl_d_real fs/overlayfs/super.c:99:9
3 btrfs_sync_file ./include/linux/dcache.h:586:10 @[ ./include/linux/fs.h:1239:9 @[ fs/btrfs/file.c:2043:26 ] ]
[32m-------------[0m
[35mUse:fs/overlayfs/copy_up.c:432:3 @[ fs/overlayfs/copy_up.c:493:8 ][0m
[31m=NO CHECK ON PATH=[0m
[32mCall Stack:[0m
0 ovl_copy_up_locked fs/overlayfs/copy_up.c:432:3 @[ fs/overlayfs/copy_up.c:493:8 ]
1 ovl_copy_up_flags fs/overlayfs/copy_up.c:570:10 @[ fs/overlayfs/copy_up.c:641:10 @[ fs/overlayfs/copy_up.c:689:9 ] ]
2 ovl_copy_up fs/overlayfs/copy_up.c:701:9
3 ovl_do_remove fs/overlayfs/dir.c:759:8
4 ovl_unlink fs/overlayfs/dir.c:788:9
[32m-------------[0m
[35mUse:fs/overlayfs/copy_up.c:432:3 @[ fs/overlayfs/copy_up.c:493:8 ][0m
[31m=NO CHECK ON PATH=[0m
[32mCall Stack:[0m
0 ovl_copy_up_locked fs/overlayfs/copy_up.c:432:3 @[ fs/overlayfs/copy_up.c:493:8 ]
1 ovl_copy_up_flags fs/overlayfs/copy_up.c:570:10 @[ fs/overlayfs/copy_up.c:641:10 @[ fs/overlayfs/copy_up.c:689:9 ] ]
2 ovl_copy_up fs/overlayfs/copy_up.c:701:9
3 ovl_do_remove fs/overlayfs/dir.c:759:8
4 ovl_rmdir fs/overlayfs/dir.c:793:9
[32m-------------[0m
[35mUse:fs/overlayfs/copy_up.c:432:3 @[ fs/overlayfs/copy_up.c:493:8 ][0m
[31m=NO CHECK ON PATH=[0m
[32mCall Stack:[0m
0 ovl_copy_up_locked fs/overlayfs/copy_up.c:432:3 @[ fs/overlayfs/copy_up.c:493:8 ]
1 ovl_copy_up_flags fs/overlayfs/copy_up.c:570:10 @[ fs/overlayfs/copy_up.c:641:10 @[ fs/overlayfs/copy_up.c:689:9 ] ]
2 ovl_copy_up fs/overlayfs/copy_up.c:701:9
3 ovl_create_or_link fs/overlayfs/dir.c:476:8
4 ovl_create_object fs/overlayfs/dir.c:550:8
5 ovl_create fs/overlayfs/dir.c:563:9
[32m-------------[0m
[35mUse:fs/overlayfs/copy_up.c:432:3 @[ fs/overlayfs/copy_up.c:493:8 ][0m
[31m=NO CHECK ON PATH=[0m
[32mCall Stack:[0m
0 ovl_copy_up_locked fs/overlayfs/copy_up.c:432:3 @[ fs/overlayfs/copy_up.c:493:8 ]
1 ovl_copy_up_flags fs/overlayfs/copy_up.c:570:10 @[ fs/overlayfs/copy_up.c:641:10 @[ fs/overlayfs/copy_up.c:689:9 ] ]
2 ovl_copy_up fs/overlayfs/copy_up.c:701:9
3 ovl_create_or_link fs/overlayfs/dir.c:476:8
4 ovl_create_object fs/overlayfs/dir.c:550:8
5 ovl_symlink fs/overlayfs/dir.c:584:9
[32m-------------[0m
[35mUse:fs/overlayfs/copy_up.c:432:3 @[ fs/overlayfs/copy_up.c:493:8 ][0m
[31m=NO CHECK ON PATH=[0m
[32mCall Stack:[0m
0 ovl_copy_up_locked fs/overlayfs/copy_up.c:432:3 @[ fs/overlayfs/copy_up.c:493:8 ]
1 ovl_copy_up_flags fs/overlayfs/copy_up.c:570:10 @[ fs/overlayfs/copy_up.c:641:10 @[ fs/overlayfs/copy_up.c:689:9 ] ]
2 ovl_copy_up fs/overlayfs/copy_up.c:701:9
3 ovl_create_or_link fs/overlayfs/dir.c:476:8
4 ovl_create_object fs/overlayfs/dir.c:550:8
5 ovl_mkdir fs/overlayfs/dir.c:568:9
[32m-------------[0m
[35mUse:fs/overlayfs/copy_up.c:432:3 @[ fs/overlayfs/copy_up.c:493:8 ][0m
[31m=NO CHECK ON PATH=[0m
[32mCall Stack:[0m
0 ovl_copy_up_locked fs/overlayfs/copy_up.c:432:3 @[ fs/overlayfs/copy_up.c:493:8 ]
1 ovl_copy_up_flags fs/overlayfs/copy_up.c:570:10 @[ fs/overlayfs/copy_up.c:641:10 @[ fs/overlayfs/copy_up.c:689:9 ] ]
2 ovl_copy_up fs/overlayfs/copy_up.c:701:9
3 ovl_create_or_link fs/overlayfs/dir.c:476:8
4 ovl_create_object fs/overlayfs/dir.c:550:8
5 ovl_mknod fs/overlayfs/dir.c:578:9
[32m-------------[0m
[35mUse:fs/overlayfs/copy_up.c:432:3 @[ fs/overlayfs/copy_up.c:493:8 ][0m
[31m=NO CHECK ON PATH=[0m
[32mCall Stack:[0m
0 ovl_copy_up_locked fs/overlayfs/copy_up.c:432:3 @[ fs/overlayfs/copy_up.c:493:8 ]
1 ovl_copy_up_flags fs/overlayfs/copy_up.c:570:10 @[ fs/overlayfs/copy_up.c:641:10 @[ fs/overlayfs/copy_up.c:689:9 ] ]
2 ovl_copy_up fs/overlayfs/copy_up.c:701:9
3 ovl_xattr_set fs/overlayfs/inode.c:248:9
4 ovl_posix_acl_xattr_set fs/overlayfs/super.c:806:8
[32m-------------[0m
[35mUse:fs/overlayfs/copy_up.c:432:3 @[ fs/overlayfs/copy_up.c:493:8 ][0m
[31m=NO CHECK ON PATH=[0m
[32mCall Stack:[0m
0 ovl_copy_up_locked fs/overlayfs/copy_up.c:432:3 @[ fs/overlayfs/copy_up.c:493:8 ]
1 ovl_copy_up_flags fs/overlayfs/copy_up.c:570:10 @[ fs/overlayfs/copy_up.c:641:10 @[ fs/overlayfs/copy_up.c:689:9 ] ]
2 ovl_copy_up fs/overlayfs/copy_up.c:701:9
3 ovl_xattr_set fs/overlayfs/inode.c:248:9
4 ovl_posix_acl_xattr_set fs/overlayfs/super.c:806:8
[32m-------------[0m
[35mUse:fs/overlayfs/copy_up.c:432:3 @[ fs/overlayfs/copy_up.c:493:8 ][0m
[31m=NO CHECK ON PATH=[0m
[32mCall Stack:[0m
0 ovl_copy_up_locked fs/overlayfs/copy_up.c:432:3 @[ fs/overlayfs/copy_up.c:493:8 ]
1 ovl_copy_up_flags fs/overlayfs/copy_up.c:570:10 @[ fs/overlayfs/copy_up.c:641:10 @[ fs/overlayfs/copy_up.c:689:9 ] ]
2 ovl_copy_up fs/overlayfs/copy_up.c:701:9
3 ovl_xattr_set fs/overlayfs/inode.c:248:9
4 ovl_other_xattr_set fs/overlayfs/super.c:844:9
[32m-------------[0m
[35mUse:fs/overlayfs/copy_up.c:432:3 @[ fs/overlayfs/copy_up.c:493:8 ][0m
[31m=NO CHECK ON PATH=[0m
[32mCall Stack:[0m
0 ovl_copy_up_locked fs/overlayfs/copy_up.c:432:3 @[ fs/overlayfs/copy_up.c:493:8 ]
1 ovl_copy_up_flags fs/overlayfs/copy_up.c:570:10 @[ fs/overlayfs/copy_up.c:641:10 @[ fs/overlayfs/copy_up.c:689:9 ] ]
2 ovl_copy_up fs/overlayfs/copy_up.c:701:9
3 ovl_setattr fs/overlayfs/inode.c:49:8
[32m-------------[0m
[35mUse:fs/overlayfs/copy_up.c:432:3 @[ fs/overlayfs/copy_up.c:493:8 ][0m
[31m=NO CHECK ON PATH=[0m
[32mCall Stack:[0m
0 ovl_copy_up_locked fs/overlayfs/copy_up.c:432:3 @[ fs/overlayfs/copy_up.c:493:8 ]
1 ovl_copy_up_flags fs/overlayfs/copy_up.c:570:10 @[ fs/overlayfs/copy_up.c:641:10 @[ fs/overlayfs/copy_up.c:689:9 ] ]
2 ovl_open_maybe_copy_up fs/overlayfs/inode.c:366:10
3 ovl_d_real fs/overlayfs/super.c:99:9
4 nfs_readdir_xdr_to_array ./include/linux/dcache.h:586:10 @[ ./include/linux/fs.h:1239:9 @[ fs/nfs/dir.c:554:21 @[ fs/nfs/dir.c:642:12 ] ] ]
5 nfs_readdir fs/nfs/dir.c:812:11 @[ fs/nfs/dir.c:871:11 ]
[32m-------------[0m
[35mUse:fs/overlayfs/copy_up.c:432:3 @[ fs/overlayfs/copy_up.c:493:8 ][0m
[31m=NO CHECK ON PATH=[0m
[32mCall Stack:[0m
0 ovl_copy_up_locked fs/overlayfs/copy_up.c:432:3 @[ fs/overlayfs/copy_up.c:493:8 ]
1 ovl_copy_up_flags fs/overlayfs/copy_up.c:570:10 @[ fs/overlayfs/copy_up.c:641:10 @[ fs/overlayfs/copy_up.c:689:9 ] ]
2 ovl_open_maybe_copy_up fs/overlayfs/inode.c:366:10
3 ovl_d_real fs/overlayfs/super.c:99:9
4 nfs4_file_open ./include/linux/dcache.h:586:10 @[ ./include/linux/fs.h:1239:9 @[ fs/nfs/nfs4file.c:61:31 ] ]
[32m-------------[0m
[35mUse:fs/overlayfs/copy_up.c:432:3 @[ fs/overlayfs/copy_up.c:493:8 ][0m
[31m=NO CHECK ON PATH=[0m
[32mCall Stack:[0m
0 ovl_copy_up_locked fs/overlayfs/copy_up.c:432:3 @[ fs/overlayfs/copy_up.c:493:8 ]
1 ovl_copy_up_flags fs/overlayfs/copy_up.c:570:10 @[ fs/overlayfs/copy_up.c:641:10 @[ fs/overlayfs/copy_up.c:689:9 ] ]
2 ovl_open_maybe_copy_up fs/overlayfs/inode.c:366:10
3 ovl_d_real fs/overlayfs/super.c:99:9
4 btrfs_sync_file ./include/linux/dcache.h:586:10 @[ ./include/linux/fs.h:1239:9 @[ fs/btrfs/file.c:2043:26 ] ]
[32m-------------[0m
[35mUse:fs/overlayfs/copy_up.c:432:3 @[ fs/overlayfs/copy_up.c:493:8 ][0m
[31m=NO CHECK ON PATH=[0m
[32mCall Stack:[0m
0 ovl_copy_up_locked fs/overlayfs/copy_up.c:432:3 @[ fs/overlayfs/copy_up.c:493:8 ]
1 ovl_copy_up_flags fs/overlayfs/copy_up.c:570:10 @[ fs/overlayfs/copy_up.c:641:10 @[ fs/overlayfs/copy_up.c:689:9 ] ]
2 ovl_open_maybe_copy_up fs/overlayfs/inode.c:366:10
3 ovl_d_real fs/overlayfs/super.c:99:9
4 btrfs_sync_file ./include/linux/dcache.h:586:10 @[ ./include/linux/fs.h:1239:9 @[ fs/btrfs/file.c:2043:26 ] ]
[32m-------------[0m
[35mUse:fs/overlayfs/readdir.c:288:2 @[ fs/overlayfs/readdir.c:314:9 ][0m
[31m=NO CHECK ON PATH=[0m
[32mCall Stack:[0m
0 ovl_dir_read fs/overlayfs/readdir.c:288:2 @[ fs/overlayfs/readdir.c:314:9 ]
1 ovl_dir_read_merged fs/overlayfs/readdir.c:383:10
2 ovl_iterate fs/overlayfs/readdir.c:425:8 @[ fs/overlayfs/readdir.c:700:11 ]
[32m-------------[0m
[35mUse:fs/overlayfs/inode.c:339:2[0m
[31m=NO CHECK ON PATH=[0m
[32mCall Stack:[0m
0 ovl_get_acl fs/overlayfs/inode.c:339:2
[32m-------------[0m
[35mUse:fs/overlayfs/inode.c:304:2[0m
[31m=NO CHECK ON PATH=[0m
[32mCall Stack:[0m
0 ovl_listxattr fs/overlayfs/inode.c:304:2
[32m-------------[0m
[35mUse:fs/overlayfs/inode.c:262:2[0m
[31m=NO CHECK ON PATH=[0m
[32mCall Stack:[0m
0 ovl_xattr_set fs/overlayfs/inode.c:262:2
1 ovl_posix_acl_xattr_set fs/overlayfs/super.c:806:8
[32m-------------[0m
[35mUse:fs/overlayfs/inode.c:262:2[0m
[31m=NO CHECK ON PATH=[0m
[32mCall Stack:[0m
0 ovl_xattr_set fs/overlayfs/inode.c:262:2
1 ovl_posix_acl_xattr_set fs/overlayfs/super.c:806:8
[32m-------------[0m
[35mUse:fs/overlayfs/inode.c:262:2[0m
[31m=NO CHECK ON PATH=[0m
[32mCall Stack:[0m
0 ovl_xattr_set fs/overlayfs/inode.c:262:2
1 ovl_other_xattr_set fs/overlayfs/super.c:844:9
[32m-------------[0m
[35mUse:fs/overlayfs/inode.c:168:2[0m
[31m=NO CHECK ON PATH=[0m
[32mCall Stack:[0m
0 ovl_getattr fs/overlayfs/inode.c:168:2
[32m-------------[0m
[35mUse:fs/overlayfs/inode.c:202:2[0m
[31m=NO CHECK ON PATH=[0m
[32mCall Stack:[0m
0 ovl_permission fs/overlayfs/inode.c:202:2
[32m-------------[0m
[35mUse:fs/overlayfs/inode.c:280:2[0m
[31m=NO CHECK ON PATH=[0m
[32mCall Stack:[0m
0 ovl_xattr_get fs/overlayfs/inode.c:280:2
1 ovl_posix_acl_xattr_get fs/overlayfs/super.c:756:9
[32m-------------[0m
[35mUse:fs/overlayfs/inode.c:280:2[0m
[31m=NO CHECK ON PATH=[0m
[32mCall Stack:[0m
0 ovl_xattr_get fs/overlayfs/inode.c:280:2
1 ovl_posix_acl_xattr_get fs/overlayfs/super.c:756:9
[32m-------------[0m
[35mUse:fs/overlayfs/inode.c:280:2[0m
[31m=NO CHECK ON PATH=[0m
[32mCall Stack:[0m
0 ovl_xattr_get fs/overlayfs/inode.c:280:2
1 ovl_other_xattr_get fs/overlayfs/super.c:836:9
[32m-------------[0m
[35mUse:fs/overlayfs/namei.c:747:2[0m
[31m=NO CHECK ON PATH=[0m
[32mCall Stack:[0m
0 ovl_lookup fs/overlayfs/namei.c:747:2
[32m-------------[0m
[35mUse:fs/overlayfs/namei.c:768:2[0m
[31m=NO CHECK ON PATH=[0m
[32mCall Stack:[0m
0 ovl_lookup fs/overlayfs/namei.c:768:2
[32m-------------[0m
[35mUse:fs/nfs/nfs4idmap.c:305:2[0m
[31m=NO CHECK ON PATH=[0m
[32mCall Stack:[0m
0 nfs_idmap_get_key fs/nfs/nfs4idmap.c:305:2
1 nfs_map_name_to_uid fs/nfs/nfs4idmap.c:362:14 @[ fs/nfs/nfs4idmap.c:724:9 ]
2 nfs_fattr_map_and_free_names fs/nfs/nfs4idmap.c:106:6 @[ fs/nfs/nfs4idmap.c:149:6 ]
3 nfs4_do_open fs/nfs/nfs4proc.c:2450:2 @[ fs/nfs/nfs4proc.c:2777:8 @[ fs/nfs/nfs4proc.c:2882:11 @[ fs/nfs/nfs4proc.c:2951:12 ] ] ]
4 nfs4_proc_create fs/nfs/nfs4proc.c:4154:10
[32m-------------[0m
[35mUse:fs/nfs/nfs4idmap.c:305:2[0m
[31m=NO CHECK ON PATH=[0m
[32mCall Stack:[0m
0 nfs_idmap_get_key fs/nfs/nfs4idmap.c:305:2
1 nfs_map_name_to_uid fs/nfs/nfs4idmap.c:362:14 @[ fs/nfs/nfs4idmap.c:724:9 ]
2 nfs_fattr_map_and_free_names fs/nfs/nfs4idmap.c:106:6 @[ fs/nfs/nfs4idmap.c:149:6 ]
3 nfs4_do_open fs/nfs/nfs4proc.c:2450:2 @[ fs/nfs/nfs4proc.c:2777:8 @[ fs/nfs/nfs4proc.c:2882:11 @[ fs/nfs/nfs4proc.c:2951:12 ] ] ]
4 nfs4_atomic_open fs/nfs/nfs4proc.c:3414:10
[32m-------------[0m
[35mUse:fs/nfs/nfs4idmap.c:305:2[0m
[31m=NO CHECK ON PATH=[0m
[32mCall Stack:[0m
0 nfs_idmap_get_key fs/nfs/nfs4idmap.c:305:2
1 nfs_map_name_to_uid fs/nfs/nfs4idmap.c:362:14 @[ fs/nfs/nfs4idmap.c:724:9 ]
2 nfs_fattr_map_and_free_names fs/nfs/nfs4idmap.c:106:6 @[ fs/nfs/nfs4idmap.c:149:6 ]
3 nfs4_open_recover_helper fs/nfs/nfs4proc.c:2375:2 @[ fs/nfs/nfs4proc.c:1919:8 ]
4 nfs4_open_delegation_recall fs/nfs/nfs4proc.c:2102:9
5 nfs_end_delegation_return fs/nfs/delegation.c:154:9 @[ fs/nfs/delegation.c:419:9 ]
6 nfs4_inode_return_delegation fs/nfs/delegation.c:545:9
[32m-------------[0m
[35mUse:fs/nfs/nfs4idmap.c:305:2[0m
[31m=NO CHECK ON PATH=[0m
[32mCall Stack:[0m
0 nfs_idmap_get_key fs/nfs/nfs4idmap.c:305:2
1 nfs_map_name_to_uid fs/nfs/nfs4idmap.c:362:14 @[ fs/nfs/nfs4idmap.c:724:9 ]
2 nfs_fattr_map_and_free_names fs/nfs/nfs4idmap.c:106:6 @[ fs/nfs/nfs4idmap.c:149:6 ]
3 nfs4_open_recover_helper fs/nfs/nfs4proc.c:2375:2 @[ fs/nfs/nfs4proc.c:1919:8 ]
4 nfs4_open_delegation_recall fs/nfs/nfs4proc.c:2102:9
5 nfs_end_delegation_return fs/nfs/delegation.c:154:9 @[ fs/nfs/delegation.c:419:9 ]
6 nfs4_inode_return_delegation fs/nfs/delegation.c:545:9
7 nfs4_xattr_set_nfs4_acl fs/nfs/nfs4proc.c:5300:2 @[ fs/nfs/nfs4proc.c:5327:9 @[ fs/nfs/nfs4proc.c:6832:9 ] ]
[32m-------------[0m
[35mUse:fs/nfs/nfs4idmap.c:305:2[0m
[31m=NO CHECK ON PATH=[0m
[32mCall Stack:[0m
0 nfs_idmap_get_key fs/nfs/nfs4idmap.c:305:2
1 nfs_map_name_to_uid fs/nfs/nfs4idmap.c:362:14 @[ fs/nfs/nfs4idmap.c:724:9 ]
2 decode_getfattr_attrs fs/nfs/nfs4xdr.c:3992:19 @[ fs/nfs/nfs4xdr.c:4723:11 ]
3 nfs4_decode_dirent fs/nfs/nfs4xdr.c:7578:6
[32m-------------[0m
[35mUse:fs/cifs/cifsacl.c:447:2[0m
[31m=NO CHECK ON PATH=[0m
[32mCall Stack:[0m
0 sid_to_id fs/cifs/cifsacl.c:447:2
1 cifs_acl_to_fattr fs/cifs/cifsacl.c:894:7 @[ fs/cifs/cifsacl.c:1160:8 ]
2 cifs_get_inode_info fs/cifs/inode.c:850:8
3 cifs_revalidate_dentry_attr fs/cifs/inode.c:1965:8
4 cifs_getattr fs/cifs/inode.c:2021:7
[32m-------------[0m
[35mUse:fs/cifs/cifsacl.c:447:2[0m
[31m=NO CHECK ON PATH=[0m
[32mCall Stack:[0m
0 sid_to_id fs/cifs/cifsacl.c:447:2
1 cifs_acl_to_fattr fs/cifs/cifsacl.c:894:7 @[ fs/cifs/cifsacl.c:1160:8 ]
2 cifs_get_inode_info fs/cifs/inode.c:850:8
3 cifs_revalidate_dentry_attr fs/cifs/inode.c:1965:8
4 cifs_xattr_get fs/cifs/xattr.c:178:7 @[ fs/cifs/xattr.c:227:9 ]
[32m-------------[0m
[35mUse:fs/cifs/cifsacl.c:447:2[0m
[31m=NO CHECK ON PATH=[0m
[32mCall Stack:[0m
0 sid_to_id fs/cifs/cifsacl.c:447:2
1 cifs_acl_to_fattr fs/cifs/cifsacl.c:894:7 @[ fs/cifs/cifsacl.c:1160:8 ]
2 cifs_get_inode_info fs/cifs/inode.c:850:8
3 cifs_revalidate_dentry_attr fs/cifs/inode.c:1965:8
4 cifs_xattr_get fs/cifs/xattr.c:178:7 @[ fs/cifs/xattr.c:227:9 ]
[32m-------------[0m
[35mUse:fs/cifs/cifsacl.c:447:2[0m
[31m=NO CHECK ON PATH=[0m
[32mCall Stack:[0m
0 sid_to_id fs/cifs/cifsacl.c:447:2
1 cifs_acl_to_fattr fs/cifs/cifsacl.c:894:7 @[ fs/cifs/cifsacl.c:1160:8 ]
2 cifs_get_inode_info fs/cifs/inode.c:850:8
3 cifs_revalidate_dentry_attr fs/cifs/inode.c:1965:8
4 cifs_xattr_get fs/cifs/xattr.c:178:7 @[ fs/cifs/xattr.c:227:9 ]
[32m-------------[0m
[35mUse:fs/cifs/cifsacl.c:447:2[0m
[31m=NO CHECK ON PATH=[0m
[32mCall Stack:[0m
0 sid_to_id fs/cifs/cifsacl.c:447:2
1 cifs_acl_to_fattr fs/cifs/cifsacl.c:894:7 @[ fs/cifs/cifsacl.c:1160:8 ]
2 cifs_get_inode_info fs/cifs/inode.c:850:8
3 cifs_revalidate_dentry_attr fs/cifs/inode.c:1965:8
4 cifs_xattr_get fs/cifs/xattr.c:178:7 @[ fs/cifs/xattr.c:227:9 ]
[32m-------------[0m
[35mUse:fs/cifs/cifsacl.c:447:2[0m
[31m=NO CHECK ON PATH=[0m
[32mCall Stack:[0m
0 sid_to_id fs/cifs/cifsacl.c:447:2
1 cifs_acl_to_fattr fs/cifs/cifsacl.c:894:7 @[ fs/cifs/cifsacl.c:1160:8 ]
2 cifs_get_inode_info fs/cifs/inode.c:850:8
3 cifs_revalidate_dentry_attr fs/cifs/inode.c:1965:8
4 cifs_xattr_get fs/cifs/xattr.c:178:7 @[ fs/cifs/xattr.c:227:9 ]
[32m-------------[0m
[35mUse:fs/cifs/cifsacl.c:447:2[0m
[31m=NO CHECK ON PATH=[0m
[32mCall Stack:[0m
0 sid_to_id fs/cifs/cifsacl.c:447:2
1 cifs_acl_to_fattr fs/cifs/cifsacl.c:894:7 @[ fs/cifs/cifsacl.c:1160:8 ]
2 cifs_get_inode_info fs/cifs/inode.c:850:8
3 cifs_mkdir_qinfo fs/cifs/inode.c:1395:8
4 cifs_mkdir fs/cifs/inode.c:1568:7
[32m-------------[0m
[35mUse:fs/cifs/cifsacl.c:447:2[0m
[31m=NO CHECK ON PATH=[0m
[32mCall Stack:[0m
0 sid_to_id fs/cifs/cifsacl.c:447:2
1 cifs_acl_to_fattr fs/cifs/cifsacl.c:894:7 @[ fs/cifs/cifsacl.c:1160:8 ]
2 cifs_get_inode_info fs/cifs/inode.c:850:8
3 cifs_reopen_file fs/cifs/file.c:739:9
4 cifs_send_async_read fs/cifs/file.c:3115:14
5 cifs_user_readv fs/cifs/file.c:3284:7
6 cifs_strict_readv fs/cifs/file.c:3342:10
[32m-------------[0m
[35mUse:fs/cifs/cifsacl.c:447:2[0m
[31m=NO CHECK ON PATH=[0m
[32mCall Stack:[0m
0 sid_to_id fs/cifs/cifsacl.c:447:2
1 cifs_acl_to_fattr fs/cifs/cifsacl.c:894:7 @[ fs/cifs/cifsacl.c:1160:8 ]
2 cifs_get_inode_info fs/cifs/inode.c:850:8
3 cifs_reopen_file fs/cifs/file.c:739:9
4 cifs_send_async_read fs/cifs/file.c:3115:14
5 cifs_user_readv fs/cifs/file.c:3284:7
[32m-------------[0m
[35mUse:fs/cifs/cifsacl.c:447:2[0m
[31m=NO CHECK ON PATH=[0m
[32mCall Stack:[0m
0 sid_to_id fs/cifs/cifsacl.c:447:2
1 cifs_acl_to_fattr fs/cifs/cifsacl.c:894:7 @[ fs/cifs/cifsacl.c:1160:8 ]
2 cifs_get_inode_info fs/cifs/inode.c:850:8
3 cifs_reopen_file fs/cifs/file.c:739:9
4 cifs_send_async_read fs/cifs/file.c:3115:14
5 cifs_user_readv fs/cifs/file.c:3284:7
6 cifs_loose_read_iter fs/cifs/cifsfs.c:774:10
[32m-------------[0m
[35mUse:fs/cifs/cifsacl.c:447:2[0m
[31m=NO CHECK ON PATH=[0m
[32mCall Stack:[0m
0 sid_to_id fs/cifs/cifsacl.c:447:2
1 cifs_acl_to_fattr fs/cifs/cifsacl.c:894:7 @[ fs/cifs/cifsacl.c:1160:8 ]
2 cifs_get_inode_info fs/cifs/inode.c:850:8
3 cifs_reopen_file fs/cifs/file.c:739:9
4 cifs_send_async_read fs/cifs/file.c:3115:14
5 cifs_user_readv fs/cifs/file.c:3284:7
6 cifs_loose_read_iter fs/cifs/cifsfs.c:774:10
[32m-------------[0m
[35mUse:fs/cifs/cifsacl.c:447:2[0m
[31m=NO CHECK ON PATH=[0m
[32mCall Stack:[0m
0 sid_to_id fs/cifs/cifsacl.c:447:2
1 cifs_acl_to_fattr fs/cifs/cifsacl.c:894:7 @[ fs/cifs/cifsacl.c:1160:8 ]
2 cifs_get_inode_info fs/cifs/inode.c:850:8
3 cifs_reopen_file fs/cifs/file.c:739:9
4 cifs_write_from_iter fs/cifs/file.c:2603:14
5 cifs_user_writev fs/cifs/file.c:2755:7
6 cifs_strict_writev fs/cifs/file.c:2866:12
[32m-------------[0m
[35mUse:fs/cifs/cifsacl.c:447:2[0m
[31m=NO CHECK ON PATH=[0m
[32mCall Stack:[0m
0 sid_to_id fs/cifs/cifsacl.c:447:2
1 cifs_acl_to_fattr fs/cifs/cifsacl.c:894:7 @[ fs/cifs/cifsacl.c:1160:8 ]
2 cifs_get_inode_info fs/cifs/inode.c:850:8
3 cifs_reopen_file fs/cifs/file.c:739:9
4 cifs_write_from_iter fs/cifs/file.c:2603:14
5 cifs_user_writev fs/cifs/file.c:2755:7
[32m-------------[0m
[35mUse:fs/cifs/cifsacl.c:447:2[0m
[31m=NO CHECK ON PATH=[0m
[32mCall Stack:[0m
0 sid_to_id fs/cifs/cifsacl.c:447:2
1 cifs_acl_to_fattr fs/cifs/cifsacl.c:894:7 @[ fs/cifs/cifsacl.c:1160:8 ]
2 cifs_get_inode_info fs/cifs/inode.c:850:8
3 cifs_reopen_file fs/cifs/file.c:739:9
4 cifs_write_from_iter fs/cifs/file.c:2603:14
5 cifs_user_writev fs/cifs/file.c:2755:7
6 cifs_file_write_iter fs/cifs/cifsfs.c:791:13
[32m-------------[0m
[35mUse:fs/cifs/cifsacl.c:447:2[0m
[31m=NO CHECK ON PATH=[0m
[32mCall Stack:[0m
0 sid_to_id fs/cifs/cifsacl.c:447:2
1 cifs_acl_to_fattr fs/cifs/cifsacl.c:894:7 @[ fs/cifs/cifsacl.c:1160:8 ]
2 cifs_get_inode_info fs/cifs/inode.c:850:8
3 cifs_reopen_file fs/cifs/file.c:739:9
4 cifs_write_from_iter fs/cifs/file.c:2603:14
5 cifs_user_writev fs/cifs/file.c:2755:7
6 cifs_file_write_iter fs/cifs/cifsfs.c:791:13
[32m-------------[0m
[35mUse:fs/cifs/cifsacl.c:447:2[0m
[31m=NO CHECK ON PATH=[0m
[32mCall Stack:[0m
0 sid_to_id fs/cifs/cifsacl.c:447:2
1 cifs_acl_to_fattr fs/cifs/cifsacl.c:894:7 @[ fs/cifs/cifsacl.c:1160:8 ]
2 cifs_get_inode_info fs/cifs/inode.c:850:8
3 cifs_reopen_file fs/cifs/file.c:739:9
4 find_writable_file fs/cifs/file.c:1888:8
5 smb_set_file_info fs/cifs/smb1ops.c:780:14
6 cifs_set_file_info fs/cifs/inode.c:1122:9
7 cifs_setattr fs/cifs/inode.c:2425:8 @[ fs/cifs/inode.c:2465:9 ]
[32m-------------[0m
[35mUse:fs/cifs/cifsacl.c:447:2[0m
[31m=NO CHECK ON PATH=[0m
[32mCall Stack:[0m
0 sid_to_id fs/cifs/cifsacl.c:447:2
1 cifs_acl_to_fattr fs/cifs/cifsacl.c:894:7 @[ fs/cifs/cifsacl.c:1160:8 ]
2 cifs_get_inode_info fs/cifs/inode.c:850:8
3 cifs_reopen_file fs/cifs/file.c:739:9
4 find_writable_file fs/cifs/file.c:1888:8
5 smb_set_file_info fs/cifs/smb1ops.c:780:14
6 cifs_set_file_info fs/cifs/inode.c:1122:9
7 cifs_unlink fs/cifs/inode.c:1363:3
8 cifs_rename2 fs/cifs/inode.c:1802:12
[32m-------------[0m
[35mUse:fs/cifs/cifsacl.c:447:2[0m
[31m=NO CHECK ON PATH=[0m
[32mCall Stack:[0m
0 sid_to_id fs/cifs/cifsacl.c:447:2
1 cifs_acl_to_fattr fs/cifs/cifsacl.c:894:7 @[ fs/cifs/cifsacl.c:1160:8 ]
2 cifs_get_inode_info fs/cifs/inode.c:850:8
3 cifs_reopen_file fs/cifs/file.c:739:9
4 find_writable_file fs/cifs/file.c:1888:8
5 smb_set_file_info fs/cifs/smb1ops.c:780:14
6 cifs_set_file_info fs/cifs/inode.c:1122:9
7 cifs_unlink fs/cifs/inode.c:1363:3
[32m-------------[0m
[35mUse:fs/cifs/cifsacl.c:447:2[0m
[31m=NO CHECK ON PATH=[0m
[32mCall Stack:[0m
0 sid_to_id fs/cifs/cifsacl.c:447:2
1 cifs_acl_to_fattr fs/cifs/cifsacl.c:894:7 @[ fs/cifs/cifsacl.c:1160:8 ]
2 cifs_get_inode_info fs/cifs/inode.c:850:8
3 cifs_open fs/cifs/file.c:252:8 @[ fs/cifs/file.c:534:8 ]
[32m-------------[0m
[35mUse:fs/cifs/cifsacl.c:447:2[0m
[31m=NO CHECK ON PATH=[0m
[32mCall Stack:[0m
0 sid_to_id fs/cifs/cifsacl.c:447:2
1 cifs_acl_to_fattr fs/cifs/cifsacl.c:894:7 @[ fs/cifs/cifsacl.c:1160:8 ]
2 cifs_get_inode_info fs/cifs/inode.c:850:8
3 cifs_lookup fs/cifs/dir.c:811:8
[32m-------------[0m
[35mUse:fs/cifs/cifsacl.c:447:2[0m
[31m=NO CHECK ON PATH=[0m
[32mCall Stack:[0m
0 sid_to_id fs/cifs/cifsacl.c:447:2
1 cifs_acl_to_fattr fs/cifs/cifsacl.c:894:7 @[ fs/cifs/cifsacl.c:1160:8 ]
2 cifs_get_inode_info fs/cifs/inode.c:850:8
3 cifs_lookup fs/cifs/dir.c:811:8
4 cifs_atomic_open fs/cifs/dir.c:502:9
[32m-------------[0m
[35mUse:fs/cifs/cifsacl.c:447:2[0m
[31m=NO CHECK ON PATH=[0m
[32mCall Stack:[0m
0 sid_to_id fs/cifs/cifsacl.c:447:2
1 cifs_acl_to_fattr fs/cifs/cifsacl.c:894:7 @[ fs/cifs/cifsacl.c:1160:8 ]
2 cifs_get_inode_info fs/cifs/inode.c:850:8
3 cifs_lookup fs/cifs/dir.c:811:8
[32m-------------[0m
[35mUse:fs/cifs/cifsacl.c:447:2[0m
[31m=NO CHECK ON PATH=[0m
[32mCall Stack:[0m
0 sid_to_id fs/cifs/cifsacl.c:447:2
1 cifs_acl_to_fattr fs/cifs/cifsacl.c:894:7 @[ fs/cifs/cifsacl.c:1160:8 ]
2 cifs_get_inode_info fs/cifs/inode.c:850:8
3 cifs_symlink fs/cifs/link.c:724:9
[32m-------------[0m
[35mUse:fs/cifs/cifsacl.c:447:2[0m
[31m=NO CHECK ON PATH=[0m
[32mCall Stack:[0m
0 sid_to_id fs/cifs/cifsacl.c:447:2
1 cifs_acl_to_fattr fs/cifs/cifsacl.c:894:7 @[ fs/cifs/cifsacl.c:1160:8 ]
2 cifs_get_inode_info fs/cifs/inode.c:850:8
3 cifs_do_create fs/cifs/dir.c:420:8
4 cifs_create fs/cifs/dir.c:609:7
[32m-------------[0m
[35mUse:fs/cifs/cifsacl.c:335:2[0m
[31m=NO CHECK ON PATH=[0m
[32mCall Stack:[0m
0 id_to_sid fs/cifs/cifsacl.c:335:2
1 id_mode_to_cifs_acl fs/cifs/cifsacl.c:973:9 @[ fs/cifs/cifsacl.c:1221:7 ]
2 cifs_setattr fs/cifs/inode.c:2382:9 @[ fs/cifs/inode.c:2465:9 ]
[32m-------------[0m
[35mUse:fs/open.c:424:2 @[ fs/open.c:353:1 ][0m
[31m=NO CHECK ON PATH=[0m
[32mCall Stack:[0m
0 SyS_faccessat fs/open.c:424:2 @[ fs/open.c:353:1 ]
[32m-------------[0m
[32mGood: 37 [31mBad: 72 [33mIgnored: 416[0m
[33mInspect Use of Function:notify_change[0m
[35mUse:fs/overlayfs/copy_up.c:227:9[0m
[31m=NO CHECK ON PATH=[0m
[32mCall Stack:[0m
0 ovl_set_attr fs/overlayfs/copy_up.c:227:9
1 ovl_copy_up_locked fs/overlayfs/copy_up.c:464:8 @[ fs/overlayfs/copy_up.c:497:8 ]
2 ovl_copy_up_flags fs/overlayfs/copy_up.c:570:10 @[ fs/overlayfs/copy_up.c:641:10 @[ fs/overlayfs/copy_up.c:689:9 ] ]
3 ovl_copy_up fs/overlayfs/copy_up.c:701:9
4 ovl_do_remove fs/overlayfs/dir.c:759:8
5 ovl_unlink fs/overlayfs/dir.c:788:9
[32m-------------[0m
[35mUse:fs/overlayfs/copy_up.c:227:9[0m
[31m=NO CHECK ON PATH=[0m
[32mCall Stack:[0m
0 ovl_set_attr fs/overlayfs/copy_up.c:227:9
1 ovl_copy_up_locked fs/overlayfs/copy_up.c:464:8 @[ fs/overlayfs/copy_up.c:497:8 ]
2 ovl_copy_up_flags fs/overlayfs/copy_up.c:570:10 @[ fs/overlayfs/copy_up.c:641:10 @[ fs/overlayfs/copy_up.c:689:9 ] ]
3 ovl_copy_up fs/overlayfs/copy_up.c:701:9
4 ovl_do_remove fs/overlayfs/dir.c:759:8
5 ovl_rmdir fs/overlayfs/dir.c:793:9
[32m-------------[0m
[35mUse:fs/overlayfs/copy_up.c:227:9[0m
[31m=NO CHECK ON PATH=[0m
[32mCall Stack:[0m
0 ovl_set_attr fs/overlayfs/copy_up.c:227:9
1 ovl_copy_up_locked fs/overlayfs/copy_up.c:464:8 @[ fs/overlayfs/copy_up.c:497:8 ]
2 ovl_copy_up_flags fs/overlayfs/copy_up.c:570:10 @[ fs/overlayfs/copy_up.c:641:10 @[ fs/overlayfs/copy_up.c:689:9 ] ]
3 ovl_copy_up fs/overlayfs/copy_up.c:701:9
4 ovl_create_or_link fs/overlayfs/dir.c:476:8
5 ovl_create_object fs/overlayfs/dir.c:550:8
6 ovl_create fs/overlayfs/dir.c:563:9
[32m-------------[0m
[35mUse:fs/overlayfs/copy_up.c:227:9[0m
[31m=NO CHECK ON PATH=[0m
[32mCall Stack:[0m
0 ovl_set_attr fs/overlayfs/copy_up.c:227:9
1 ovl_copy_up_locked fs/overlayfs/copy_up.c:464:8 @[ fs/overlayfs/copy_up.c:497:8 ]
2 ovl_copy_up_flags fs/overlayfs/copy_up.c:570:10 @[ fs/overlayfs/copy_up.c:641:10 @[ fs/overlayfs/copy_up.c:689:9 ] ]
3 ovl_copy_up fs/overlayfs/copy_up.c:701:9
4 ovl_create_or_link fs/overlayfs/dir.c:476:8
5 ovl_create_object fs/overlayfs/dir.c:550:8
6 ovl_symlink fs/overlayfs/dir.c:584:9
[32m-------------[0m
[35mUse:fs/overlayfs/copy_up.c:227:9[0m
[31m=NO CHECK ON PATH=[0m
[32mCall Stack:[0m
0 ovl_set_attr fs/overlayfs/copy_up.c:227:9
1 ovl_copy_up_locked fs/overlayfs/copy_up.c:464:8 @[ fs/overlayfs/copy_up.c:497:8 ]
2 ovl_copy_up_flags fs/overlayfs/copy_up.c:570:10 @[ fs/overlayfs/copy_up.c:641:10 @[ fs/overlayfs/copy_up.c:689:9 ] ]
3 ovl_copy_up fs/overlayfs/copy_up.c:701:9
4 ovl_create_or_link fs/overlayfs/dir.c:476:8
5 ovl_create_object fs/overlayfs/dir.c:550:8
6 ovl_mkdir fs/overlayfs/dir.c:568:9
[32m-------------[0m
[35mUse:fs/overlayfs/copy_up.c:227:9[0m
[31m=NO CHECK ON PATH=[0m
[32mCall Stack:[0m
0 ovl_set_attr fs/overlayfs/copy_up.c:227:9
1 ovl_copy_up_locked fs/overlayfs/copy_up.c:464:8 @[ fs/overlayfs/copy_up.c:497:8 ]
2 ovl_copy_up_flags fs/overlayfs/copy_up.c:570:10 @[ fs/overlayfs/copy_up.c:641:10 @[ fs/overlayfs/copy_up.c:689:9 ] ]
3 ovl_copy_up fs/overlayfs/copy_up.c:701:9
4 ovl_create_or_link fs/overlayfs/dir.c:476:8
5 ovl_create_object fs/overlayfs/dir.c:550:8
6 ovl_mknod fs/overlayfs/dir.c:578:9
[32m-------------[0m
[35mUse:fs/overlayfs/copy_up.c:227:9[0m
[31m=NO CHECK ON PATH=[0m
[32mCall Stack:[0m
0 ovl_set_attr fs/overlayfs/copy_up.c:227:9
1 ovl_copy_up_locked fs/overlayfs/copy_up.c:464:8 @[ fs/overlayfs/copy_up.c:497:8 ]
2 ovl_copy_up_flags fs/overlayfs/copy_up.c:570:10 @[ fs/overlayfs/copy_up.c:641:10 @[ fs/overlayfs/copy_up.c:689:9 ] ]
3 ovl_copy_up fs/overlayfs/copy_up.c:701:9
4 ovl_xattr_set fs/overlayfs/inode.c:248:9
5 ovl_posix_acl_xattr_set fs/overlayfs/super.c:806:8
[32m-------------[0m
[35mUse:fs/overlayfs/copy_up.c:227:9[0m
[31m=NO CHECK ON PATH=[0m
[32mCall Stack:[0m
0 ovl_set_attr fs/overlayfs/copy_up.c:227:9
1 ovl_copy_up_locked fs/overlayfs/copy_up.c:464:8 @[ fs/overlayfs/copy_up.c:497:8 ]
2 ovl_copy_up_flags fs/overlayfs/copy_up.c:570:10 @[ fs/overlayfs/copy_up.c:641:10 @[ fs/overlayfs/copy_up.c:689:9 ] ]
3 ovl_copy_up fs/overlayfs/copy_up.c:701:9
4 ovl_xattr_set fs/overlayfs/inode.c:248:9
5 ovl_posix_acl_xattr_set fs/overlayfs/super.c:806:8
[32m-------------[0m
[35mUse:fs/overlayfs/copy_up.c:227:9[0m
[31m=NO CHECK ON PATH=[0m
[32mCall Stack:[0m
0 ovl_set_attr fs/overlayfs/copy_up.c:227:9
1 ovl_copy_up_locked fs/overlayfs/copy_up.c:464:8 @[ fs/overlayfs/copy_up.c:497:8 ]
2 ovl_copy_up_flags fs/overlayfs/copy_up.c:570:10 @[ fs/overlayfs/copy_up.c:641:10 @[ fs/overlayfs/copy_up.c:689:9 ] ]
3 ovl_copy_up fs/overlayfs/copy_up.c:701:9
4 ovl_xattr_set fs/overlayfs/inode.c:248:9
5 ovl_other_xattr_set fs/overlayfs/super.c:844:9
[32m-------------[0m
[35mUse:fs/overlayfs/copy_up.c:227:9[0m
[31m=NO CHECK ON PATH=[0m
[32mCall Stack:[0m
0 ovl_set_attr fs/overlayfs/copy_up.c:227:9
1 ovl_copy_up_locked fs/overlayfs/copy_up.c:464:8 @[ fs/overlayfs/copy_up.c:497:8 ]
2 ovl_copy_up_flags fs/overlayfs/copy_up.c:570:10 @[ fs/overlayfs/copy_up.c:641:10 @[ fs/overlayfs/copy_up.c:689:9 ] ]
3 ovl_copy_up fs/overlayfs/copy_up.c:701:9
4 ovl_setattr fs/overlayfs/inode.c:49:8
[32m-------------[0m
[35mUse:fs/overlayfs/copy_up.c:227:9[0m
[31m=NO CHECK ON PATH=[0m
[32mCall Stack:[0m
0 ovl_set_attr fs/overlayfs/copy_up.c:227:9
1 ovl_copy_up_locked fs/overlayfs/copy_up.c:464:8 @[ fs/overlayfs/copy_up.c:497:8 ]
2 ovl_copy_up_flags fs/overlayfs/copy_up.c:570:10 @[ fs/overlayfs/copy_up.c:641:10 @[ fs/overlayfs/copy_up.c:689:9 ] ]
3 ovl_open_maybe_copy_up fs/overlayfs/inode.c:366:10
4 ovl_d_real fs/overlayfs/super.c:99:9
5 nfs_readdir_xdr_to_array ./include/linux/dcache.h:586:10 @[ ./include/linux/fs.h:1239:9 @[ fs/nfs/dir.c:554:21 @[ fs/nfs/dir.c:642:12 ] ] ]
6 nfs_readdir fs/nfs/dir.c:812:11 @[ fs/nfs/dir.c:871:11 ]
[32m-------------[0m
[35mUse:fs/overlayfs/copy_up.c:227:9[0m
[31m=NO CHECK ON PATH=[0m
[32mCall Stack:[0m
0 ovl_set_attr fs/overlayfs/copy_up.c:227:9
1 ovl_copy_up_locked fs/overlayfs/copy_up.c:464:8 @[ fs/overlayfs/copy_up.c:497:8 ]
2 ovl_copy_up_flags fs/overlayfs/copy_up.c:570:10 @[ fs/overlayfs/copy_up.c:641:10 @[ fs/overlayfs/copy_up.c:689:9 ] ]
3 ovl_open_maybe_copy_up fs/overlayfs/inode.c:366:10
4 ovl_d_real fs/overlayfs/super.c:99:9
5 nfs4_file_open ./include/linux/dcache.h:586:10 @[ ./include/linux/fs.h:1239:9 @[ fs/nfs/nfs4file.c:61:31 ] ]
[32m-------------[0m
[35mUse:fs/overlayfs/copy_up.c:227:9[0m
[31m=NO CHECK ON PATH=[0m
[32mCall Stack:[0m
0 ovl_set_attr fs/overlayfs/copy_up.c:227:9
1 ovl_copy_up_locked fs/overlayfs/copy_up.c:464:8 @[ fs/overlayfs/copy_up.c:497:8 ]
2 ovl_copy_up_flags fs/overlayfs/copy_up.c:570:10 @[ fs/overlayfs/copy_up.c:641:10 @[ fs/overlayfs/copy_up.c:689:9 ] ]
3 ovl_open_maybe_copy_up fs/overlayfs/inode.c:366:10
4 ovl_d_real fs/overlayfs/super.c:99:9
5 btrfs_sync_file ./include/linux/dcache.h:586:10 @[ ./include/linux/fs.h:1239:9 @[ fs/btrfs/file.c:2043:26 ] ]
[32m-------------[0m
[35mUse:fs/overlayfs/copy_up.c:227:9[0m
[31m=NO CHECK ON PATH=[0m
[32mCall Stack:[0m
0 ovl_set_attr fs/overlayfs/copy_up.c:227:9
1 ovl_copy_up_locked fs/overlayfs/copy_up.c:464:8 @[ fs/overlayfs/copy_up.c:497:8 ]
2 ovl_copy_up_flags fs/overlayfs/copy_up.c:570:10 @[ fs/overlayfs/copy_up.c:641:10 @[ fs/overlayfs/copy_up.c:689:9 ] ]
3 ovl_open_maybe_copy_up fs/overlayfs/inode.c:366:10
4 ovl_d_real fs/overlayfs/super.c:99:9
5 btrfs_sync_file ./include/linux/dcache.h:586:10 @[ ./include/linux/fs.h:1239:9 @[ fs/btrfs/file.c:2043:26 ] ]
[32m-------------[0m
[35mUse:fs/overlayfs/copy_up.c:207:9 @[ fs/overlayfs/copy_up.c:359:4 @[ fs/overlayfs/copy_up.c:643:10 @[ fs/overlayfs/copy_up.c:689:9 ] ] ][0m
[31m=NO CHECK ON PATH=[0m
[32mCall Stack:[0m
0 ovl_copy_up_flags fs/overlayfs/copy_up.c:207:9 @[ fs/overlayfs/copy_up.c:359:4 @[ fs/overlayfs/copy_up.c:643:10 @[ fs/overlayfs/copy_up.c:689:9 ] ] ]
1 ovl_copy_up fs/overlayfs/copy_up.c:701:9
2 ovl_do_remove fs/overlayfs/dir.c:759:8
3 ovl_unlink fs/overlayfs/dir.c:788:9
[32m-------------[0m
[35mUse:fs/overlayfs/copy_up.c:207:9 @[ fs/overlayfs/copy_up.c:359:4 @[ fs/overlayfs/copy_up.c:643:10 @[ fs/overlayfs/copy_up.c:689:9 ] ] ][0m
[31m=NO CHECK ON PATH=[0m
[32mCall Stack:[0m
0 ovl_copy_up_flags fs/overlayfs/copy_up.c:207:9 @[ fs/overlayfs/copy_up.c:359:4 @[ fs/overlayfs/copy_up.c:643:10 @[ fs/overlayfs/copy_up.c:689:9 ] ] ]
1 ovl_copy_up fs/overlayfs/copy_up.c:701:9
2 ovl_do_remove fs/overlayfs/dir.c:759:8
3 ovl_rmdir fs/overlayfs/dir.c:793:9
[32m-------------[0m
[35mUse:fs/overlayfs/copy_up.c:207:9 @[ fs/overlayfs/copy_up.c:359:4 @[ fs/overlayfs/copy_up.c:643:10 @[ fs/overlayfs/copy_up.c:689:9 ] ] ][0m
[31m=NO CHECK ON PATH=[0m
[32mCall Stack:[0m
0 ovl_copy_up_flags fs/overlayfs/copy_up.c:207:9 @[ fs/overlayfs/copy_up.c:359:4 @[ fs/overlayfs/copy_up.c:643:10 @[ fs/overlayfs/copy_up.c:689:9 ] ] ]
1 ovl_copy_up fs/overlayfs/copy_up.c:701:9
2 ovl_create_or_link fs/overlayfs/dir.c:476:8
3 ovl_create_object fs/overlayfs/dir.c:550:8
4 ovl_create fs/overlayfs/dir.c:563:9
[32m-------------[0m
[35mUse:fs/overlayfs/copy_up.c:207:9 @[ fs/overlayfs/copy_up.c:359:4 @[ fs/overlayfs/copy_up.c:643:10 @[ fs/overlayfs/copy_up.c:689:9 ] ] ][0m
[31m=NO CHECK ON PATH=[0m
[32mCall Stack:[0m
0 ovl_copy_up_flags fs/overlayfs/copy_up.c:207:9 @[ fs/overlayfs/copy_up.c:359:4 @[ fs/overlayfs/copy_up.c:643:10 @[ fs/overlayfs/copy_up.c:689:9 ] ] ]
1 ovl_copy_up fs/overlayfs/copy_up.c:701:9
2 ovl_create_or_link fs/overlayfs/dir.c:476:8
3 ovl_create_object fs/overlayfs/dir.c:550:8
4 ovl_symlink fs/overlayfs/dir.c:584:9
[32m-------------[0m
[35mUse:fs/overlayfs/copy_up.c:207:9 @[ fs/overlayfs/copy_up.c:359:4 @[ fs/overlayfs/copy_up.c:643:10 @[ fs/overlayfs/copy_up.c:689:9 ] ] ][0m
[31m=NO CHECK ON PATH=[0m
[32mCall Stack:[0m
0 ovl_copy_up_flags fs/overlayfs/copy_up.c:207:9 @[ fs/overlayfs/copy_up.c:359:4 @[ fs/overlayfs/copy_up.c:643:10 @[ fs/overlayfs/copy_up.c:689:9 ] ] ]
1 ovl_copy_up fs/overlayfs/copy_up.c:701:9
2 ovl_create_or_link fs/overlayfs/dir.c:476:8
3 ovl_create_object fs/overlayfs/dir.c:550:8
4 ovl_mkdir fs/overlayfs/dir.c:568:9
[32m-------------[0m
[35mUse:fs/overlayfs/copy_up.c:207:9 @[ fs/overlayfs/copy_up.c:359:4 @[ fs/overlayfs/copy_up.c:643:10 @[ fs/overlayfs/copy_up.c:689:9 ] ] ][0m
[31m=NO CHECK ON PATH=[0m
[32mCall Stack:[0m
0 ovl_copy_up_flags fs/overlayfs/copy_up.c:207:9 @[ fs/overlayfs/copy_up.c:359:4 @[ fs/overlayfs/copy_up.c:643:10 @[ fs/overlayfs/copy_up.c:689:9 ] ] ]
1 ovl_copy_up fs/overlayfs/copy_up.c:701:9
2 ovl_create_or_link fs/overlayfs/dir.c:476:8
3 ovl_create_object fs/overlayfs/dir.c:550:8
4 ovl_mknod fs/overlayfs/dir.c:578:9
[32m-------------[0m
[35mUse:fs/overlayfs/copy_up.c:207:9 @[ fs/overlayfs/copy_up.c:359:4 @[ fs/overlayfs/copy_up.c:643:10 @[ fs/overlayfs/copy_up.c:689:9 ] ] ][0m
[31m=NO CHECK ON PATH=[0m
[32mCall Stack:[0m
0 ovl_copy_up_flags fs/overlayfs/copy_up.c:207:9 @[ fs/overlayfs/copy_up.c:359:4 @[ fs/overlayfs/copy_up.c:643:10 @[ fs/overlayfs/copy_up.c:689:9 ] ] ]
1 ovl_copy_up fs/overlayfs/copy_up.c:701:9
2 ovl_xattr_set fs/overlayfs/inode.c:248:9
3 ovl_posix_acl_xattr_set fs/overlayfs/super.c:806:8
[32m-------------[0m
[35mUse:fs/overlayfs/copy_up.c:207:9 @[ fs/overlayfs/copy_up.c:359:4 @[ fs/overlayfs/copy_up.c:643:10 @[ fs/overlayfs/copy_up.c:689:9 ] ] ][0m
[31m=NO CHECK ON PATH=[0m
[32mCall Stack:[0m
0 ovl_copy_up_flags fs/overlayfs/copy_up.c:207:9 @[ fs/overlayfs/copy_up.c:359:4 @[ fs/overlayfs/copy_up.c:643:10 @[ fs/overlayfs/copy_up.c:689:9 ] ] ]
1 ovl_copy_up fs/overlayfs/copy_up.c:701:9
2 ovl_xattr_set fs/overlayfs/inode.c:248:9
3 ovl_posix_acl_xattr_set fs/overlayfs/super.c:806:8
[32m-------------[0m
[35mUse:fs/overlayfs/copy_up.c:207:9 @[ fs/overlayfs/copy_up.c:359:4 @[ fs/overlayfs/copy_up.c:643:10 @[ fs/overlayfs/copy_up.c:689:9 ] ] ][0m
[31m=NO CHECK ON PATH=[0m
[32mCall Stack:[0m
0 ovl_copy_up_flags fs/overlayfs/copy_up.c:207:9 @[ fs/overlayfs/copy_up.c:359:4 @[ fs/overlayfs/copy_up.c:643:10 @[ fs/overlayfs/copy_up.c:689:9 ] ] ]
1 ovl_copy_up fs/overlayfs/copy_up.c:701:9
2 ovl_xattr_set fs/overlayfs/inode.c:248:9
3 ovl_other_xattr_set fs/overlayfs/super.c:844:9
[32m-------------[0m
[35mUse:fs/overlayfs/copy_up.c:207:9 @[ fs/overlayfs/copy_up.c:359:4 @[ fs/overlayfs/copy_up.c:643:10 @[ fs/overlayfs/copy_up.c:689:9 ] ] ][0m
[31m=NO CHECK ON PATH=[0m
[32mCall Stack:[0m
0 ovl_copy_up_flags fs/overlayfs/copy_up.c:207:9 @[ fs/overlayfs/copy_up.c:359:4 @[ fs/overlayfs/copy_up.c:643:10 @[ fs/overlayfs/copy_up.c:689:9 ] ] ]
1 ovl_copy_up fs/overlayfs/copy_up.c:701:9
2 ovl_setattr fs/overlayfs/inode.c:49:8
[32m-------------[0m
[35mUse:fs/overlayfs/copy_up.c:207:9 @[ fs/overlayfs/copy_up.c:359:4 @[ fs/overlayfs/copy_up.c:643:10 @[ fs/overlayfs/copy_up.c:689:9 ] ] ][0m
[31m=NO CHECK ON PATH=[0m
[32mCall Stack:[0m
0 ovl_copy_up_flags fs/overlayfs/copy_up.c:207:9 @[ fs/overlayfs/copy_up.c:359:4 @[ fs/overlayfs/copy_up.c:643:10 @[ fs/overlayfs/copy_up.c:689:9 ] ] ]
1 ovl_open_maybe_copy_up fs/overlayfs/inode.c:366:10
2 ovl_d_real fs/overlayfs/super.c:99:9
3 nfs_readdir_xdr_to_array ./include/linux/dcache.h:586:10 @[ ./include/linux/fs.h:1239:9 @[ fs/nfs/dir.c:554:21 @[ fs/nfs/dir.c:642:12 ] ] ]
4 nfs_readdir fs/nfs/dir.c:812:11 @[ fs/nfs/dir.c:871:11 ]
[32m-------------[0m
[35mUse:fs/overlayfs/copy_up.c:207:9 @[ fs/overlayfs/copy_up.c:359:4 @[ fs/overlayfs/copy_up.c:643:10 @[ fs/overlayfs/copy_up.c:689:9 ] ] ][0m
[31m=NO CHECK ON PATH=[0m
[32mCall Stack:[0m
0 ovl_copy_up_flags fs/overlayfs/copy_up.c:207:9 @[ fs/overlayfs/copy_up.c:359:4 @[ fs/overlayfs/copy_up.c:643:10 @[ fs/overlayfs/copy_up.c:689:9 ] ] ]
1 ovl_open_maybe_copy_up fs/overlayfs/inode.c:366:10
2 ovl_d_real fs/overlayfs/super.c:99:9
3 nfs4_file_open ./include/linux/dcache.h:586:10 @[ ./include/linux/fs.h:1239:9 @[ fs/nfs/nfs4file.c:61:31 ] ]
[32m-------------[0m
[35mUse:fs/overlayfs/copy_up.c:207:9 @[ fs/overlayfs/copy_up.c:359:4 @[ fs/overlayfs/copy_up.c:643:10 @[ fs/overlayfs/copy_up.c:689:9 ] ] ][0m
[31m=NO CHECK ON PATH=[0m
[32mCall Stack:[0m
0 ovl_copy_up_flags fs/overlayfs/copy_up.c:207:9 @[ fs/overlayfs/copy_up.c:359:4 @[ fs/overlayfs/copy_up.c:643:10 @[ fs/overlayfs/copy_up.c:689:9 ] ] ]
1 ovl_open_maybe_copy_up fs/overlayfs/inode.c:366:10
2 ovl_d_real fs/overlayfs/super.c:99:9
3 btrfs_sync_file ./include/linux/dcache.h:586:10 @[ ./include/linux/fs.h:1239:9 @[ fs/btrfs/file.c:2043:26 ] ]
[32m-------------[0m
[35mUse:fs/overlayfs/copy_up.c:207:9 @[ fs/overlayfs/copy_up.c:359:4 @[ fs/overlayfs/copy_up.c:643:10 @[ fs/overlayfs/copy_up.c:689:9 ] ] ][0m
[31m=NO CHECK ON PATH=[0m
[32mCall Stack:[0m
0 ovl_copy_up_flags fs/overlayfs/copy_up.c:207:9 @[ fs/overlayfs/copy_up.c:359:4 @[ fs/overlayfs/copy_up.c:643:10 @[ fs/overlayfs/copy_up.c:689:9 ] ] ]
1 ovl_open_maybe_copy_up fs/overlayfs/inode.c:366:10
2 ovl_d_real fs/overlayfs/super.c:99:9
3 btrfs_sync_file ./include/linux/dcache.h:586:10 @[ ./include/linux/fs.h:1239:9 @[ fs/btrfs/file.c:2043:26 ] ]
[32m-------------[0m
[35mUse:fs/overlayfs/copy_up.c:219:9[0m
[31m=NO CHECK ON PATH=[0m
[32mCall Stack:[0m
0 ovl_set_attr fs/overlayfs/copy_up.c:219:9
1 ovl_copy_up_locked fs/overlayfs/copy_up.c:464:8 @[ fs/overlayfs/copy_up.c:497:8 ]
2 ovl_copy_up_flags fs/overlayfs/copy_up.c:570:10 @[ fs/overlayfs/copy_up.c:641:10 @[ fs/overlayfs/copy_up.c:689:9 ] ]
3 ovl_copy_up fs/overlayfs/copy_up.c:701:9
4 ovl_do_remove fs/overlayfs/dir.c:759:8
5 ovl_unlink fs/overlayfs/dir.c:788:9
[32m-------------[0m
[35mUse:fs/overlayfs/copy_up.c:219:9[0m
[31m=NO CHECK ON PATH=[0m
[32mCall Stack:[0m
0 ovl_set_attr fs/overlayfs/copy_up.c:219:9
1 ovl_copy_up_locked fs/overlayfs/copy_up.c:464:8 @[ fs/overlayfs/copy_up.c:497:8 ]
2 ovl_copy_up_flags fs/overlayfs/copy_up.c:570:10 @[ fs/overlayfs/copy_up.c:641:10 @[ fs/overlayfs/copy_up.c:689:9 ] ]
3 ovl_copy_up fs/overlayfs/copy_up.c:701:9
4 ovl_do_remove fs/overlayfs/dir.c:759:8
5 ovl_rmdir fs/overlayfs/dir.c:793:9
[32m-------------[0m
[35mUse:fs/overlayfs/copy_up.c:219:9[0m
[31m=NO CHECK ON PATH=[0m
[32mCall Stack:[0m
0 ovl_set_attr fs/overlayfs/copy_up.c:219:9
1 ovl_copy_up_locked fs/overlayfs/copy_up.c:464:8 @[ fs/overlayfs/copy_up.c:497:8 ]
2 ovl_copy_up_flags fs/overlayfs/copy_up.c:570:10 @[ fs/overlayfs/copy_up.c:641:10 @[ fs/overlayfs/copy_up.c:689:9 ] ]
3 ovl_copy_up fs/overlayfs/copy_up.c:701:9
4 ovl_create_or_link fs/overlayfs/dir.c:476:8
5 ovl_create_object fs/overlayfs/dir.c:550:8
6 ovl_create fs/overlayfs/dir.c:563:9
[32m-------------[0m
[35mUse:fs/overlayfs/copy_up.c:219:9[0m
[31m=NO CHECK ON PATH=[0m
[32mCall Stack:[0m
0 ovl_set_attr fs/overlayfs/copy_up.c:219:9
1 ovl_copy_up_locked fs/overlayfs/copy_up.c:464:8 @[ fs/overlayfs/copy_up.c:497:8 ]
2 ovl_copy_up_flags fs/overlayfs/copy_up.c:570:10 @[ fs/overlayfs/copy_up.c:641:10 @[ fs/overlayfs/copy_up.c:689:9 ] ]
3 ovl_copy_up fs/overlayfs/copy_up.c:701:9
4 ovl_create_or_link fs/overlayfs/dir.c:476:8
5 ovl_create_object fs/overlayfs/dir.c:550:8
6 ovl_symlink fs/overlayfs/dir.c:584:9
[32m-------------[0m
[35mUse:fs/overlayfs/copy_up.c:219:9[0m
[31m=NO CHECK ON PATH=[0m
[32mCall Stack:[0m
0 ovl_set_attr fs/overlayfs/copy_up.c:219:9
1 ovl_copy_up_locked fs/overlayfs/copy_up.c:464:8 @[ fs/overlayfs/copy_up.c:497:8 ]
2 ovl_copy_up_flags fs/overlayfs/copy_up.c:570:10 @[ fs/overlayfs/copy_up.c:641:10 @[ fs/overlayfs/copy_up.c:689:9 ] ]
3 ovl_copy_up fs/overlayfs/copy_up.c:701:9
4 ovl_create_or_link fs/overlayfs/dir.c:476:8
5 ovl_create_object fs/overlayfs/dir.c:550:8
6 ovl_mkdir fs/overlayfs/dir.c:568:9
[32m-------------[0m
[35mUse:fs/overlayfs/copy_up.c:219:9[0m
[31m=NO CHECK ON PATH=[0m
[32mCall Stack:[0m
0 ovl_set_attr fs/overlayfs/copy_up.c:219:9
1 ovl_copy_up_locked fs/overlayfs/copy_up.c:464:8 @[ fs/overlayfs/copy_up.c:497:8 ]
2 ovl_copy_up_flags fs/overlayfs/copy_up.c:570:10 @[ fs/overlayfs/copy_up.c:641:10 @[ fs/overlayfs/copy_up.c:689:9 ] ]
3 ovl_copy_up fs/overlayfs/copy_up.c:701:9
4 ovl_create_or_link fs/overlayfs/dir.c:476:8
5 ovl_create_object fs/overlayfs/dir.c:550:8
6 ovl_mknod fs/overlayfs/dir.c:578:9
[32m-------------[0m
[35mUse:fs/overlayfs/copy_up.c:219:9[0m
[31m=NO CHECK ON PATH=[0m
[32mCall Stack:[0m
0 ovl_set_attr fs/overlayfs/copy_up.c:219:9
1 ovl_copy_up_locked fs/overlayfs/copy_up.c:464:8 @[ fs/overlayfs/copy_up.c:497:8 ]
2 ovl_copy_up_flags fs/overlayfs/copy_up.c:570:10 @[ fs/overlayfs/copy_up.c:641:10 @[ fs/overlayfs/copy_up.c:689:9 ] ]
3 ovl_copy_up fs/overlayfs/copy_up.c:701:9
4 ovl_xattr_set fs/overlayfs/inode.c:248:9
5 ovl_posix_acl_xattr_set fs/overlayfs/super.c:806:8
[32m-------------[0m
[35mUse:fs/overlayfs/copy_up.c:219:9[0m
[31m=NO CHECK ON PATH=[0m
[32mCall Stack:[0m
0 ovl_set_attr fs/overlayfs/copy_up.c:219:9
1 ovl_copy_up_locked fs/overlayfs/copy_up.c:464:8 @[ fs/overlayfs/copy_up.c:497:8 ]
2 ovl_copy_up_flags fs/overlayfs/copy_up.c:570:10 @[ fs/overlayfs/copy_up.c:641:10 @[ fs/overlayfs/copy_up.c:689:9 ] ]
3 ovl_copy_up fs/overlayfs/copy_up.c:701:9
4 ovl_xattr_set fs/overlayfs/inode.c:248:9
5 ovl_posix_acl_xattr_set fs/overlayfs/super.c:806:8
[32m-------------[0m
[35mUse:fs/overlayfs/copy_up.c:219:9[0m
[31m=NO CHECK ON PATH=[0m
[32mCall Stack:[0m
0 ovl_set_attr fs/overlayfs/copy_up.c:219:9
1 ovl_copy_up_locked fs/overlayfs/copy_up.c:464:8 @[ fs/overlayfs/copy_up.c:497:8 ]
2 ovl_copy_up_flags fs/overlayfs/copy_up.c:570:10 @[ fs/overlayfs/copy_up.c:641:10 @[ fs/overlayfs/copy_up.c:689:9 ] ]
3 ovl_copy_up fs/overlayfs/copy_up.c:701:9
4 ovl_xattr_set fs/overlayfs/inode.c:248:9
5 ovl_other_xattr_set fs/overlayfs/super.c:844:9
[32m-------------[0m
[35mUse:fs/overlayfs/copy_up.c:219:9[0m
[31m=NO CHECK ON PATH=[0m
[32mCall Stack:[0m
0 ovl_set_attr fs/overlayfs/copy_up.c:219:9
1 ovl_copy_up_locked fs/overlayfs/copy_up.c:464:8 @[ fs/overlayfs/copy_up.c:497:8 ]
2 ovl_copy_up_flags fs/overlayfs/copy_up.c:570:10 @[ fs/overlayfs/copy_up.c:641:10 @[ fs/overlayfs/copy_up.c:689:9 ] ]
3 ovl_copy_up fs/overlayfs/copy_up.c:701:9
4 ovl_setattr fs/overlayfs/inode.c:49:8
[32m-------------[0m
[35mUse:fs/overlayfs/copy_up.c:219:9[0m
[31m=NO CHECK ON PATH=[0m
[32mCall Stack:[0m
0 ovl_set_attr fs/overlayfs/copy_up.c:219:9
1 ovl_copy_up_locked fs/overlayfs/copy_up.c:464:8 @[ fs/overlayfs/copy_up.c:497:8 ]
2 ovl_copy_up_flags fs/overlayfs/copy_up.c:570:10 @[ fs/overlayfs/copy_up.c:641:10 @[ fs/overlayfs/copy_up.c:689:9 ] ]
3 ovl_open_maybe_copy_up fs/overlayfs/inode.c:366:10
4 ovl_d_real fs/overlayfs/super.c:99:9
5 nfs_readdir_xdr_to_array ./include/linux/dcache.h:586:10 @[ ./include/linux/fs.h:1239:9 @[ fs/nfs/dir.c:554:21 @[ fs/nfs/dir.c:642:12 ] ] ]
6 nfs_readdir fs/nfs/dir.c:812:11 @[ fs/nfs/dir.c:871:11 ]
[32m-------------[0m
[35mUse:fs/overlayfs/copy_up.c:219:9[0m
[31m=NO CHECK ON PATH=[0m
[32mCall Stack:[0m
0 ovl_set_attr fs/overlayfs/copy_up.c:219:9
1 ovl_copy_up_locked fs/overlayfs/copy_up.c:464:8 @[ fs/overlayfs/copy_up.c:497:8 ]
2 ovl_copy_up_flags fs/overlayfs/copy_up.c:570:10 @[ fs/overlayfs/copy_up.c:641:10 @[ fs/overlayfs/copy_up.c:689:9 ] ]
3 ovl_open_maybe_copy_up fs/overlayfs/inode.c:366:10
4 ovl_d_real fs/overlayfs/super.c:99:9
5 nfs4_file_open ./include/linux/dcache.h:586:10 @[ ./include/linux/fs.h:1239:9 @[ fs/nfs/nfs4file.c:61:31 ] ]
[32m-------------[0m
[35mUse:fs/overlayfs/copy_up.c:219:9[0m
[31m=NO CHECK ON PATH=[0m
[32mCall Stack:[0m
0 ovl_set_attr fs/overlayfs/copy_up.c:219:9
1 ovl_copy_up_locked fs/overlayfs/copy_up.c:464:8 @[ fs/overlayfs/copy_up.c:497:8 ]
2 ovl_copy_up_flags fs/overlayfs/copy_up.c:570:10 @[ fs/overlayfs/copy_up.c:641:10 @[ fs/overlayfs/copy_up.c:689:9 ] ]
3 ovl_open_maybe_copy_up fs/overlayfs/inode.c:366:10
4 ovl_d_real fs/overlayfs/super.c:99:9
5 btrfs_sync_file ./include/linux/dcache.h:586:10 @[ ./include/linux/fs.h:1239:9 @[ fs/btrfs/file.c:2043:26 ] ]
[32m-------------[0m
[35mUse:fs/overlayfs/copy_up.c:219:9[0m
[31m=NO CHECK ON PATH=[0m
[32mCall Stack:[0m
0 ovl_set_attr fs/overlayfs/copy_up.c:219:9
1 ovl_copy_up_locked fs/overlayfs/copy_up.c:464:8 @[ fs/overlayfs/copy_up.c:497:8 ]
2 ovl_copy_up_flags fs/overlayfs/copy_up.c:570:10 @[ fs/overlayfs/copy_up.c:641:10 @[ fs/overlayfs/copy_up.c:689:9 ] ]
3 ovl_open_maybe_copy_up fs/overlayfs/inode.c:366:10
4 ovl_d_real fs/overlayfs/super.c:99:9
5 btrfs_sync_file ./include/linux/dcache.h:586:10 @[ ./include/linux/fs.h:1239:9 @[ fs/btrfs/file.c:2043:26 ] ]
[32m-------------[0m
[35mUse:fs/overlayfs/copy_up.c:207:9 @[ fs/overlayfs/copy_up.c:584:3 @[ fs/overlayfs/copy_up.c:641:10 @[ fs/overlayfs/copy_up.c:689:9 ] ] ][0m
[31m=NO CHECK ON PATH=[0m
[32mCall Stack:[0m
0 ovl_copy_up_flags fs/overlayfs/copy_up.c:207:9 @[ fs/overlayfs/copy_up.c:584:3 @[ fs/overlayfs/copy_up.c:641:10 @[ fs/overlayfs/copy_up.c:689:9 ] ] ]
1 ovl_copy_up fs/overlayfs/copy_up.c:701:9
2 ovl_do_remove fs/overlayfs/dir.c:759:8
3 ovl_unlink fs/overlayfs/dir.c:788:9
[32m-------------[0m
[35mUse:fs/overlayfs/copy_up.c:207:9 @[ fs/overlayfs/copy_up.c:584:3 @[ fs/overlayfs/copy_up.c:641:10 @[ fs/overlayfs/copy_up.c:689:9 ] ] ][0m
[31m=NO CHECK ON PATH=[0m
[32mCall Stack:[0m
0 ovl_copy_up_flags fs/overlayfs/copy_up.c:207:9 @[ fs/overlayfs/copy_up.c:584:3 @[ fs/overlayfs/copy_up.c:641:10 @[ fs/overlayfs/copy_up.c:689:9 ] ] ]
1 ovl_copy_up fs/overlayfs/copy_up.c:701:9
2 ovl_do_remove fs/overlayfs/dir.c:759:8
3 ovl_rmdir fs/overlayfs/dir.c:793:9
[32m-------------[0m
[35mUse:fs/overlayfs/copy_up.c:207:9 @[ fs/overlayfs/copy_up.c:584:3 @[ fs/overlayfs/copy_up.c:641:10 @[ fs/overlayfs/copy_up.c:689:9 ] ] ][0m
[31m=NO CHECK ON PATH=[0m
[32mCall Stack:[0m
0 ovl_copy_up_flags fs/overlayfs/copy_up.c:207:9 @[ fs/overlayfs/copy_up.c:584:3 @[ fs/overlayfs/copy_up.c:641:10 @[ fs/overlayfs/copy_up.c:689:9 ] ] ]
1 ovl_copy_up fs/overlayfs/copy_up.c:701:9
2 ovl_create_or_link fs/overlayfs/dir.c:476:8
3 ovl_create_object fs/overlayfs/dir.c:550:8
4 ovl_create fs/overlayfs/dir.c:563:9
[32m-------------[0m
[35mUse:fs/overlayfs/copy_up.c:207:9 @[ fs/overlayfs/copy_up.c:584:3 @[ fs/overlayfs/copy_up.c:641:10 @[ fs/overlayfs/copy_up.c:689:9 ] ] ][0m
[31m=NO CHECK ON PATH=[0m
[32mCall Stack:[0m
0 ovl_copy_up_flags fs/overlayfs/copy_up.c:207:9 @[ fs/overlayfs/copy_up.c:584:3 @[ fs/overlayfs/copy_up.c:641:10 @[ fs/overlayfs/copy_up.c:689:9 ] ] ]
1 ovl_copy_up fs/overlayfs/copy_up.c:701:9
2 ovl_create_or_link fs/overlayfs/dir.c:476:8
3 ovl_create_object fs/overlayfs/dir.c:550:8
4 ovl_symlink fs/overlayfs/dir.c:584:9
[32m-------------[0m
[35mUse:fs/overlayfs/copy_up.c:207:9 @[ fs/overlayfs/copy_up.c:584:3 @[ fs/overlayfs/copy_up.c:641:10 @[ fs/overlayfs/copy_up.c:689:9 ] ] ][0m
[31m=NO CHECK ON PATH=[0m
[32mCall Stack:[0m
0 ovl_copy_up_flags fs/overlayfs/copy_up.c:207:9 @[ fs/overlayfs/copy_up.c:584:3 @[ fs/overlayfs/copy_up.c:641:10 @[ fs/overlayfs/copy_up.c:689:9 ] ] ]
1 ovl_copy_up fs/overlayfs/copy_up.c:701:9
2 ovl_create_or_link fs/overlayfs/dir.c:476:8
3 ovl_create_object fs/overlayfs/dir.c:550:8
4 ovl_mkdir fs/overlayfs/dir.c:568:9
[32m-------------[0m
[35mUse:fs/overlayfs/copy_up.c:207:9 @[ fs/overlayfs/copy_up.c:584:3 @[ fs/overlayfs/copy_up.c:641:10 @[ fs/overlayfs/copy_up.c:689:9 ] ] ][0m
[31m=NO CHECK ON PATH=[0m
[32mCall Stack:[0m
0 ovl_copy_up_flags fs/overlayfs/copy_up.c:207:9 @[ fs/overlayfs/copy_up.c:584:3 @[ fs/overlayfs/copy_up.c:641:10 @[ fs/overlayfs/copy_up.c:689:9 ] ] ]
1 ovl_copy_up fs/overlayfs/copy_up.c:701:9
2 ovl_create_or_link fs/overlayfs/dir.c:476:8
3 ovl_create_object fs/overlayfs/dir.c:550:8
4 ovl_mknod fs/overlayfs/dir.c:578:9
[32m-------------[0m
[35mUse:fs/overlayfs/copy_up.c:207:9 @[ fs/overlayfs/copy_up.c:584:3 @[ fs/overlayfs/copy_up.c:641:10 @[ fs/overlayfs/copy_up.c:689:9 ] ] ][0m
[31m=NO CHECK ON PATH=[0m
[32mCall Stack:[0m
0 ovl_copy_up_flags fs/overlayfs/copy_up.c:207:9 @[ fs/overlayfs/copy_up.c:584:3 @[ fs/overlayfs/copy_up.c:641:10 @[ fs/overlayfs/copy_up.c:689:9 ] ] ]
1 ovl_copy_up fs/overlayfs/copy_up.c:701:9
2 ovl_xattr_set fs/overlayfs/inode.c:248:9
3 ovl_posix_acl_xattr_set fs/overlayfs/super.c:806:8
[32m-------------[0m
[35mUse:fs/overlayfs/copy_up.c:207:9 @[ fs/overlayfs/copy_up.c:584:3 @[ fs/overlayfs/copy_up.c:641:10 @[ fs/overlayfs/copy_up.c:689:9 ] ] ][0m
[31m=NO CHECK ON PATH=[0m
[32mCall Stack:[0m
0 ovl_copy_up_flags fs/overlayfs/copy_up.c:207:9 @[ fs/overlayfs/copy_up.c:584:3 @[ fs/overlayfs/copy_up.c:641:10 @[ fs/overlayfs/copy_up.c:689:9 ] ] ]
1 ovl_copy_up fs/overlayfs/copy_up.c:701:9
2 ovl_xattr_set fs/overlayfs/inode.c:248:9
3 ovl_posix_acl_xattr_set fs/overlayfs/super.c:806:8
[32m-------------[0m
[35mUse:fs/overlayfs/copy_up.c:207:9 @[ fs/overlayfs/copy_up.c:584:3 @[ fs/overlayfs/copy_up.c:641:10 @[ fs/overlayfs/copy_up.c:689:9 ] ] ][0m
[31m=NO CHECK ON PATH=[0m
[32mCall Stack:[0m
0 ovl_copy_up_flags fs/overlayfs/copy_up.c:207:9 @[ fs/overlayfs/copy_up.c:584:3 @[ fs/overlayfs/copy_up.c:641:10 @[ fs/overlayfs/copy_up.c:689:9 ] ] ]
1 ovl_copy_up fs/overlayfs/copy_up.c:701:9
2 ovl_xattr_set fs/overlayfs/inode.c:248:9
3 ovl_other_xattr_set fs/overlayfs/super.c:844:9
[32m-------------[0m
[35mUse:fs/overlayfs/copy_up.c:207:9 @[ fs/overlayfs/copy_up.c:584:3 @[ fs/overlayfs/copy_up.c:641:10 @[ fs/overlayfs/copy_up.c:689:9 ] ] ][0m
[31m=NO CHECK ON PATH=[0m
[32mCall Stack:[0m
0 ovl_copy_up_flags fs/overlayfs/copy_up.c:207:9 @[ fs/overlayfs/copy_up.c:584:3 @[ fs/overlayfs/copy_up.c:641:10 @[ fs/overlayfs/copy_up.c:689:9 ] ] ]
1 ovl_copy_up fs/overlayfs/copy_up.c:701:9
2 ovl_setattr fs/overlayfs/inode.c:49:8
[32m-------------[0m
[35mUse:fs/overlayfs/copy_up.c:207:9 @[ fs/overlayfs/copy_up.c:584:3 @[ fs/overlayfs/copy_up.c:641:10 @[ fs/overlayfs/copy_up.c:689:9 ] ] ][0m
[31m=NO CHECK ON PATH=[0m
[32mCall Stack:[0m
0 ovl_copy_up_flags fs/overlayfs/copy_up.c:207:9 @[ fs/overlayfs/copy_up.c:584:3 @[ fs/overlayfs/copy_up.c:641:10 @[ fs/overlayfs/copy_up.c:689:9 ] ] ]
1 ovl_open_maybe_copy_up fs/overlayfs/inode.c:366:10
2 ovl_d_real fs/overlayfs/super.c:99:9
3 nfs_readdir_xdr_to_array ./include/linux/dcache.h:586:10 @[ ./include/linux/fs.h:1239:9 @[ fs/nfs/dir.c:554:21 @[ fs/nfs/dir.c:642:12 ] ] ]
4 nfs_readdir fs/nfs/dir.c:812:11 @[ fs/nfs/dir.c:871:11 ]
[32m-------------[0m
[35mUse:fs/overlayfs/copy_up.c:207:9 @[ fs/overlayfs/copy_up.c:584:3 @[ fs/overlayfs/copy_up.c:641:10 @[ fs/overlayfs/copy_up.c:689:9 ] ] ][0m
[31m=NO CHECK ON PATH=[0m
[32mCall Stack:[0m
0 ovl_copy_up_flags fs/overlayfs/copy_up.c:207:9 @[ fs/overlayfs/copy_up.c:584:3 @[ fs/overlayfs/copy_up.c:641:10 @[ fs/overlayfs/copy_up.c:689:9 ] ] ]
1 ovl_open_maybe_copy_up fs/overlayfs/inode.c:366:10
2 ovl_d_real fs/overlayfs/super.c:99:9
3 nfs4_file_open ./include/linux/dcache.h:586:10 @[ ./include/linux/fs.h:1239:9 @[ fs/nfs/nfs4file.c:61:31 ] ]
[32m-------------[0m
[35mUse:fs/overlayfs/copy_up.c:207:9 @[ fs/overlayfs/copy_up.c:584:3 @[ fs/overlayfs/copy_up.c:641:10 @[ fs/overlayfs/copy_up.c:689:9 ] ] ][0m
[31m=NO CHECK ON PATH=[0m
[32mCall Stack:[0m
0 ovl_copy_up_flags fs/overlayfs/copy_up.c:207:9 @[ fs/overlayfs/copy_up.c:584:3 @[ fs/overlayfs/copy_up.c:641:10 @[ fs/overlayfs/copy_up.c:689:9 ] ] ]
1 ovl_open_maybe_copy_up fs/overlayfs/inode.c:366:10
2 ovl_d_real fs/overlayfs/super.c:99:9
3 btrfs_sync_file ./include/linux/dcache.h:586:10 @[ ./include/linux/fs.h:1239:9 @[ fs/btrfs/file.c:2043:26 ] ]
[32m-------------[0m
[35mUse:fs/overlayfs/copy_up.c:207:9 @[ fs/overlayfs/copy_up.c:584:3 @[ fs/overlayfs/copy_up.c:641:10 @[ fs/overlayfs/copy_up.c:689:9 ] ] ][0m
[31m=NO CHECK ON PATH=[0m
[32mCall Stack:[0m
0 ovl_copy_up_flags fs/overlayfs/copy_up.c:207:9 @[ fs/overlayfs/copy_up.c:584:3 @[ fs/overlayfs/copy_up.c:641:10 @[ fs/overlayfs/copy_up.c:689:9 ] ] ]
1 ovl_open_maybe_copy_up fs/overlayfs/inode.c:366:10
2 ovl_d_real fs/overlayfs/super.c:99:9
3 btrfs_sync_file ./include/linux/dcache.h:586:10 @[ ./include/linux/fs.h:1239:9 @[ fs/btrfs/file.c:2043:26 ] ]
[32m-------------[0m
[35mUse:fs/ecryptfs/inode.c:951:7[0m
[31m=NO CHECK ON PATH=[0m
[32mCall Stack:[0m
0 ecryptfs_setattr fs/ecryptfs/inode.c:951:7
[32m-------------[0m
[35mUse:fs/ecryptfs/inode.c:951:7[0m
[31m=NO CHECK ON PATH=[0m
[32mCall Stack:[0m
0 ecryptfs_setattr fs/ecryptfs/inode.c:951:7
[32m-------------[0m
[35mUse:fs/ecryptfs/inode.c:951:7[0m
[31m=NO CHECK ON PATH=[0m
[32mCall Stack:[0m
0 ecryptfs_setattr fs/ecryptfs/inode.c:951:7
[32m-------------[0m
[35mUse:fs/utimes.c:91:10[0m
[31m=NO CHECK ON PATH=[0m
[32mCall Stack:[0m
0 utimes_common fs/utimes.c:91:10
1 do_utimes fs/utimes.c:156:11
2 compat_SyS_futimesat fs/utimes.c:272:9 @[ fs/utimes.c:256:1 ]
[32m-------------[0m
[35mUse:fs/utimes.c:91:10[0m
[31m=NO CHECK ON PATH=[0m
[32mCall Stack:[0m
0 utimes_common fs/utimes.c:91:10
1 do_utimes fs/utimes.c:156:11
2 compat_SyS_utimensat fs/utimes.c:253:9 @[ fs/utimes.c:241:1 ]
[32m-------------[0m
[35mUse:fs/utimes.c:91:10[0m
[31m=NO CHECK ON PATH=[0m
[32mCall Stack:[0m
0 utimes_common fs/utimes.c:91:10
1 do_utimes fs/utimes.c:156:11
2 compat_SyS_utime fs/utimes.c:238:9 @[ fs/utimes.c:226:1 ]
[32m-------------[0m
[35mUse:fs/utimes.c:91:10[0m
[31m=NO CHECK ON PATH=[0m
[32mCall Stack:[0m
0 utimes_common fs/utimes.c:91:10
1 do_utimes fs/utimes.c:156:11
2 SyS_futimesat fs/utimes.c:212:9 @[ fs/utimes.c:187:1 ]
[32m-------------[0m
[35mUse:fs/utimes.c:91:10[0m
[31m=NO CHECK ON PATH=[0m
[32mCall Stack:[0m
0 utimes_common fs/utimes.c:91:10
1 do_utimes fs/utimes.c:156:11
2 SyS_utimensat fs/utimes.c:184:9 @[ fs/utimes.c:168:1 ]
[32m-------------[0m
[35mUse:fs/utimes.c:91:10[0m
[31m=NO CHECK ON PATH=[0m
[32mCall Stack:[0m
0 utimes_common fs/utimes.c:91:10
1 do_utimes fs/utimes.c:156:11
2 SyS_utime fs/utimes.c:35:9 @[ fs/utimes.c:24:1 ]
[32m-------------[0m
[35mUse:fs/open.c:532:10[0m
[31m=NO CHECK ON PATH=[0m
[32mCall Stack:[0m
0 chmod_common fs/open.c:532:10
1 SyS_fchmodat fs/open.c:565:11 @[ fs/open.c:557:1 ]
[32m-------------[0m
[35mUse:fs/open.c:532:10[0m
[31m=NO CHECK ON PATH=[0m
[32mCall Stack:[0m
0 chmod_common fs/open.c:532:10
1 SyS_fchmod fs/open.c:551:9 @[ fs/open.c:544:1 ]
[32m-------------[0m
[35mUse:fs/open.c:612:11[0m
[31m=NO CHECK ON PATH=[0m
[32mCall Stack:[0m
0 chown_common fs/open.c:612:11
1 SyS_fchown fs/open.c:677:10 @[ fs/open.c:665:1 ]
[32m-------------[0m
[35mUse:fs/open.c:612:11[0m
[31m=NO CHECK ON PATH=[0m
[32mCall Stack:[0m
0 chown_common fs/open.c:612:11
1 SyS_fchownat fs/open.c:642:10 @[ fs/open.c:622:1 ]
[32m-------------[0m
[32mGood: 39 [31mBad: 69 [33mIgnored: 194[0m
STOP WATCH[0]: 12279.950000 ms
[36m--- DONE! ---[0m
------------STATISTICS---------------
    53021 : Functions greeted
    110 : External functions
    0 : Discovered Path
    0 : Matched Path
    76 : Good Path
    141 : Bad Path
    610 : Ignored Path
    0 : Path Unable to Resolve
    0 : Resolved CallSite Using Function Pointer
    2 : Critical Functions
    0 : Critical Variables
    0 : # of times max depth for forward analysis hit
    0 : # of times max depth for backward analysis hit
    0 : Critical Function Pointer Unable to Resolve, Collect Pass
    0 : Critical Function Pointer Resolved, Collect Pass
    12 : Critical Functions used by non CallInst
    464 : Critical Functions used by static assignment
    299 : # of times indirect call site matched with critical functions
    745 : # of times indirect call site failed to match with critical functions
    0 : found capability check inside call using function ptr




===-------------------------------------------------------------------------===
                          ... Statistics Collected ...
===-------------------------------------------------------------------------===

16305946 bitcode-reader - Number of Metadata records loaded
  232630 bitcode-reader - Number of MDStrings loaded

