[36m--- PROCESS FUNCTIONS ---[0m
Pre-processing...
Load skip function list, total:360
Load skip var list, total:22
Load kernel api list, total:1048
Collect all functions and indirect callsites
STOP WATCH[0]: 812.383000 ms
Process Gating Functions
Load LSM hook list, total:1
STOP WATCH[0]: 14.327000 ms
[48;5;021m[38;5;255m=LSM hook functions=[0m
. security_socket_sendmsg
=o=
Collect Checkpoints
STOP WATCH[0]: 944.151000 ms
Identify interesting struct
Function: sock_write_iter used by struct.file_operations.800340[0m
STOP WATCH[0]: 6.119000 ms
Identify Logical Modules
STOP WATCH[0]: 61.006000 ms
STOP WATCH[0]: 6816.579000 ms
Collecting Initialization Closure.
Finding Kernel Entry Point and all __initcall_
[32mFound x86_64_start_kernel[0m
STOP WATCH[1]: 69.630000 ms
Initial Kernel Init Function Count:642
Over Approximate Kernel Init Functions
STOP WATCH[1]: 132.714000 ms
Refine Result
refine pass 0 3413 left
refine pass 1 2221 left
refine pass 2 1865 left
refine pass 3 1773 left
refine pass 4 1736 left
refine pass 5 1731 left
refine pass 6 1729 left
 Refine result : count=1729
STOP WATCH[1]: 45.797000 ms
STOP WATCH[0]: 248.796000 ms
Collect all permission-checked variables and functions
Resolve indirect call @ net/socket.c:638:12 @[ net/socket.c:648:16 @[ net/socket.c:917:8 ] ]
[32m[FOUND 8 MATCH][0m
Add call<indirect> packet_sendmsg_spkt use @ net/socket.c:638:12 @[ net/socket.c:648:16 @[ net/socket.c:917:8 ] ]
 cause:[32mProcess Stack:[0m
0 sock_write_iter 
[32m-------------[0m
Add call<indirect> rxrpc_sendmsg use @ net/socket.c:638:12 @[ net/socket.c:648:16 @[ net/socket.c:917:8 ] ]
 cause:[32mProcess Stack:[0m
0 sock_write_iter 
[32m-------------[0m
Add call<indirect> unix_seqpacket_sendmsg use @ net/socket.c:638:12 @[ net/socket.c:648:16 @[ net/socket.c:917:8 ] ]
 cause:[32mProcess Stack:[0m
0 sock_write_iter 
[32m-------------[0m
Add call<indirect> unix_stream_sendmsg use @ net/socket.c:638:12 @[ net/socket.c:648:16 @[ net/socket.c:917:8 ] ]
 cause:[32mProcess Stack:[0m
0 sock_write_iter 
[32m-------------[0m
Add call<indirect> inet_sendmsg use @ net/socket.c:638:12 @[ net/socket.c:648:16 @[ net/socket.c:917:8 ] ]
 cause:[32mProcess Stack:[0m
0 sock_write_iter 
[32m-------------[0m
Add call<indirect> netlink_sendmsg use @ net/socket.c:638:12 @[ net/socket.c:648:16 @[ net/socket.c:917:8 ] ]
 cause:[32mProcess Stack:[0m
0 sock_write_iter 
[32m-------------[0m
Add call<indirect> unix_dgram_sendmsg use @ net/socket.c:638:12 @[ net/socket.c:648:16 @[ net/socket.c:917:8 ] ]
 cause:[32mProcess Stack:[0m
0 sock_write_iter 
[32m-------------[0m
Add call<indirect> packet_sendmsg use @ net/socket.c:638:12 @[ net/socket.c:648:16 @[ net/socket.c:917:8 ] ]
 cause:[32mProcess Stack:[0m
0 sock_write_iter 
[32m-------------[0m
Resolve indirect call @ net/socket.c:638:12 @[ net/socket.c:648:16 ]
[32m[FOUND 8 MATCH][0m
Add call<indirect> packet_sendmsg_spkt use @ net/socket.c:638:12 @[ net/socket.c:648:16 ]
 cause:[32mProcess Stack:[0m
0 sock_sendmsg net/socket.c:643:33
[32m-------------[0m
Add call<indirect> rxrpc_sendmsg use @ net/socket.c:638:12 @[ net/socket.c:648:16 ]
 cause:[32mProcess Stack:[0m
0 sock_sendmsg net/socket.c:643:33
[32m-------------[0m
Add call<indirect> unix_seqpacket_sendmsg use @ net/socket.c:638:12 @[ net/socket.c:648:16 ]
 cause:[32mProcess Stack:[0m
0 sock_sendmsg net/socket.c:643:33
[32m-------------[0m
Add call<indirect> unix_stream_sendmsg use @ net/socket.c:638:12 @[ net/socket.c:648:16 ]
 cause:[32mProcess Stack:[0m
0 sock_sendmsg net/socket.c:643:33
[32m-------------[0m
Add call<indirect> inet_sendmsg use @ net/socket.c:638:12 @[ net/socket.c:648:16 ]
 cause:[32mProcess Stack:[0m
0 sock_sendmsg net/socket.c:643:33
[32m-------------[0m
Add call<indirect> netlink_sendmsg use @ net/socket.c:638:12 @[ net/socket.c:648:16 ]
 cause:[32mProcess Stack:[0m
0 sock_sendmsg net/socket.c:643:33
[32m-------------[0m
Add call<indirect> unix_dgram_sendmsg use @ net/socket.c:638:12 @[ net/socket.c:648:16 ]
 cause:[32mProcess Stack:[0m
0 sock_sendmsg net/socket.c:643:33
[32m-------------[0m
Add call<indirect> packet_sendmsg use @ net/socket.c:638:12 @[ net/socket.c:648:16 ]
 cause:[32mProcess Stack:[0m
0 sock_sendmsg net/socket.c:643:33
[32m-------------[0m
Resolve indirect call @ net/socket.c:638:12 @[ net/socket.c:648:16 @[ net/socket.c:656:9 ] ]
[32m[FOUND 8 MATCH][0m
Add call<indirect> packet_sendmsg_spkt use @ net/socket.c:638:12 @[ net/socket.c:648:16 @[ net/socket.c:656:9 ] ]
 cause:[32mProcess Stack:[0m
0 kernel_sendmsg net/socket.c:652:35
[32m-------------[0m
Add call<indirect> rxrpc_sendmsg use @ net/socket.c:638:12 @[ net/socket.c:648:16 @[ net/socket.c:656:9 ] ]
 cause:[32mProcess Stack:[0m
0 kernel_sendmsg net/socket.c:652:35
[32m-------------[0m
Add call<indirect> unix_seqpacket_sendmsg use @ net/socket.c:638:12 @[ net/socket.c:648:16 @[ net/socket.c:656:9 ] ]
 cause:[32mProcess Stack:[0m
0 kernel_sendmsg net/socket.c:652:35
[32m-------------[0m
Add call<indirect> unix_stream_sendmsg use @ net/socket.c:638:12 @[ net/socket.c:648:16 @[ net/socket.c:656:9 ] ]
 cause:[32mProcess Stack:[0m
0 kernel_sendmsg net/socket.c:652:35
[32m-------------[0m
Add call<indirect> inet_sendmsg use @ net/socket.c:638:12 @[ net/socket.c:648:16 @[ net/socket.c:656:9 ] ]
 cause:[32mProcess Stack:[0m
0 kernel_sendmsg net/socket.c:652:35
[32m-------------[0m
Add call<indirect> netlink_sendmsg use @ net/socket.c:638:12 @[ net/socket.c:648:16 @[ net/socket.c:656:9 ] ]
 cause:[32mProcess Stack:[0m
0 kernel_sendmsg net/socket.c:652:35
[32m-------------[0m
Add call<indirect> unix_dgram_sendmsg use @ net/socket.c:638:12 @[ net/socket.c:648:16 @[ net/socket.c:656:9 ] ]
 cause:[32mProcess Stack:[0m
0 kernel_sendmsg net/socket.c:652:35
[32m-------------[0m
Add call<indirect> packet_sendmsg use @ net/socket.c:638:12 @[ net/socket.c:648:16 @[ net/socket.c:656:9 ] ]
 cause:[32mProcess Stack:[0m
0 kernel_sendmsg net/socket.c:652:35
[32m-------------[0m
Resolve indirect call @ net/socket.c:638:12 @[ net/socket.c:648:16 @[ net/socket.c:1729:8 @[ net/socket.c:1697:1 ] ] ]
[32m[FOUND 8 MATCH][0m
Add call<indirect> packet_sendmsg_spkt use @ net/socket.c:638:12 @[ net/socket.c:648:16 @[ net/socket.c:1729:8 @[ net/socket.c:1697:1 ] ] ]
 cause:[32mProcess Stack:[0m
0 SyS_sendto 
[32m-------------[0m
Add call<indirect> rxrpc_sendmsg use @ net/socket.c:638:12 @[ net/socket.c:648:16 @[ net/socket.c:1729:8 @[ net/socket.c:1697:1 ] ] ]
 cause:[32mProcess Stack:[0m
0 SyS_sendto 
[32m-------------[0m
Add call<indirect> unix_seqpacket_sendmsg use @ net/socket.c:638:12 @[ net/socket.c:648:16 @[ net/socket.c:1729:8 @[ net/socket.c:1697:1 ] ] ]
 cause:[32mProcess Stack:[0m
0 SyS_sendto 
[32m-------------[0m
Add call<indirect> unix_stream_sendmsg use @ net/socket.c:638:12 @[ net/socket.c:648:16 @[ net/socket.c:1729:8 @[ net/socket.c:1697:1 ] ] ]
 cause:[32mProcess Stack:[0m
0 SyS_sendto 
[32m-------------[0m
Add call<indirect> inet_sendmsg use @ net/socket.c:638:12 @[ net/socket.c:648:16 @[ net/socket.c:1729:8 @[ net/socket.c:1697:1 ] ] ]
 cause:[32mProcess Stack:[0m
0 SyS_sendto 
[32m-------------[0m
Add call<indirect> netlink_sendmsg use @ net/socket.c:638:12 @[ net/socket.c:648:16 @[ net/socket.c:1729:8 @[ net/socket.c:1697:1 ] ] ]
 cause:[32mProcess Stack:[0m
0 SyS_sendto 
[32m-------------[0m
Add call<indirect> unix_dgram_sendmsg use @ net/socket.c:638:12 @[ net/socket.c:648:16 @[ net/socket.c:1729:8 @[ net/socket.c:1697:1 ] ] ]
 cause:[32mProcess Stack:[0m
0 SyS_sendto 
[32m-------------[0m
Add call<indirect> packet_sendmsg use @ net/socket.c:638:12 @[ net/socket.c:648:16 @[ net/socket.c:1729:8 @[ net/socket.c:1697:1 ] ] ]
 cause:[32mProcess Stack:[0m
0 SyS_sendto 
[32m-------------[0m
Resolve indirect call @ net/socket.c:638:12 @[ net/socket.c:648:16 @[ net/socket.c:2028:8 ] ]
[32m[FOUND 8 MATCH][0m
Add call<indirect> packet_sendmsg_spkt use @ net/socket.c:638:12 @[ net/socket.c:648:16 @[ net/socket.c:2028:8 ] ]
 cause:[32mProcess Stack:[0m
0 ___sys_sendmsg 
[32m-------------[0m
Add call<indirect> rxrpc_sendmsg use @ net/socket.c:638:12 @[ net/socket.c:648:16 @[ net/socket.c:2028:8 ] ]
 cause:[32mProcess Stack:[0m
0 ___sys_sendmsg 
[32m-------------[0m
Add call<indirect> unix_seqpacket_sendmsg use @ net/socket.c:638:12 @[ net/socket.c:648:16 @[ net/socket.c:2028:8 ] ]
 cause:[32mProcess Stack:[0m
0 ___sys_sendmsg 
[32m-------------[0m
Add call<indirect> unix_stream_sendmsg use @ net/socket.c:638:12 @[ net/socket.c:648:16 @[ net/socket.c:2028:8 ] ]
 cause:[32mProcess Stack:[0m
0 ___sys_sendmsg 
[32m-------------[0m
Add call<indirect> inet_sendmsg use @ net/socket.c:638:12 @[ net/socket.c:648:16 @[ net/socket.c:2028:8 ] ]
 cause:[32mProcess Stack:[0m
0 ___sys_sendmsg 
[32m-------------[0m
Add call<indirect> netlink_sendmsg use @ net/socket.c:638:12 @[ net/socket.c:648:16 @[ net/socket.c:2028:8 ] ]
 cause:[32mProcess Stack:[0m
0 ___sys_sendmsg 
[32m-------------[0m
Add call<indirect> unix_dgram_sendmsg use @ net/socket.c:638:12 @[ net/socket.c:648:16 @[ net/socket.c:2028:8 ] ]
 cause:[32mProcess Stack:[0m
0 ___sys_sendmsg 
[32m-------------[0m
Add call<indirect> packet_sendmsg use @ net/socket.c:638:12 @[ net/socket.c:648:16 @[ net/socket.c:2028:8 ] ]
 cause:[32mProcess Stack:[0m
0 ___sys_sendmsg 
[32m-------------[0m
STOP WATCH[1]: 1976.680000 ms
STOP WATCH[0]: 1976.694000 ms
Collected 8 critical functions
Collected 0 critical variables
Collected 2 critical type/fields
[48;5;021m[38;5;255m--- Variables Protected By Gating Function---[0m
[48;5;021m[38;5;255m--- Function Protected By Gating Function---[0m
[32mpacket_sendmsg[0m
    security_socket_sendmsg @ net/socket.c:645:12 @[ net/socket.c:2028:8 ]
    security_socket_sendmsg @ net/socket.c:645:12 @[ net/socket.c:656:9 ]
    security_socket_sendmsg @ net/socket.c:645:12 @[ net/socket.c:917:8 ]
    security_socket_sendmsg @ net/socket.c:645:12 @[ net/socket.c:1729:8 @[ net/socket.c:1697:1 ] ]
    security_socket_sendmsg @ net/socket.c:645:12
[32munix_dgram_sendmsg[0m
    security_socket_sendmsg @ net/socket.c:645:12 @[ net/socket.c:2028:8 ]
    security_socket_sendmsg @ net/socket.c:645:12 @[ net/socket.c:656:9 ]
    security_socket_sendmsg @ net/socket.c:645:12 @[ net/socket.c:917:8 ]
    security_socket_sendmsg @ net/socket.c:645:12 @[ net/socket.c:1729:8 @[ net/socket.c:1697:1 ] ]
    security_socket_sendmsg @ net/socket.c:645:12
[32mrxrpc_sendmsg[0m
    security_socket_sendmsg @ net/socket.c:645:12 @[ net/socket.c:2028:8 ]
    security_socket_sendmsg @ net/socket.c:645:12 @[ net/socket.c:656:9 ]
    security_socket_sendmsg @ net/socket.c:645:12 @[ net/socket.c:917:8 ]
    security_socket_sendmsg @ net/socket.c:645:12 @[ net/socket.c:1729:8 @[ net/socket.c:1697:1 ] ]
    security_socket_sendmsg @ net/socket.c:645:12
[32minet_sendmsg[0m
    security_socket_sendmsg @ net/socket.c:645:12 @[ net/socket.c:2028:8 ]
    security_socket_sendmsg @ net/socket.c:645:12 @[ net/socket.c:656:9 ]
    security_socket_sendmsg @ net/socket.c:645:12 @[ net/socket.c:917:8 ]
    security_socket_sendmsg @ net/socket.c:645:12 @[ net/socket.c:1729:8 @[ net/socket.c:1697:1 ] ]
    security_socket_sendmsg @ net/socket.c:645:12
[32mnetlink_sendmsg[0m
    security_socket_sendmsg @ net/socket.c:645:12 @[ net/socket.c:2028:8 ]
    security_socket_sendmsg @ net/socket.c:645:12 @[ net/socket.c:656:9 ]
    security_socket_sendmsg @ net/socket.c:645:12 @[ net/socket.c:917:8 ]
    security_socket_sendmsg @ net/socket.c:645:12 @[ net/socket.c:1729:8 @[ net/socket.c:1697:1 ] ]
    security_socket_sendmsg @ net/socket.c:645:12
[32mpacket_sendmsg_spkt[0m
    security_socket_sendmsg @ net/socket.c:645:12 @[ net/socket.c:2028:8 ]
    security_socket_sendmsg @ net/socket.c:645:12 @[ net/socket.c:656:9 ]
    security_socket_sendmsg @ net/socket.c:645:12 @[ net/socket.c:917:8 ]
    security_socket_sendmsg @ net/socket.c:645:12 @[ net/socket.c:1729:8 @[ net/socket.c:1697:1 ] ]
    security_socket_sendmsg @ net/socket.c:645:12
[32munix_seqpacket_sendmsg[0m
    security_socket_sendmsg @ net/socket.c:645:12 @[ net/socket.c:2028:8 ]
    security_socket_sendmsg @ net/socket.c:645:12 @[ net/socket.c:656:9 ]
    security_socket_sendmsg @ net/socket.c:645:12 @[ net/socket.c:917:8 ]
    security_socket_sendmsg @ net/socket.c:645:12 @[ net/socket.c:1729:8 @[ net/socket.c:1697:1 ] ]
    security_socket_sendmsg @ net/socket.c:645:12
[32munix_stream_sendmsg[0m
    security_socket_sendmsg @ net/socket.c:645:12 @[ net/socket.c:2028:8 ]
    security_socket_sendmsg @ net/socket.c:645:12 @[ net/socket.c:656:9 ]
    security_socket_sendmsg @ net/socket.c:645:12 @[ net/socket.c:917:8 ]
    security_socket_sendmsg @ net/socket.c:645:12 @[ net/socket.c:1729:8 @[ net/socket.c:1697:1 ] ]
    security_socket_sendmsg @ net/socket.c:645:12
[48;5;039m[38;5;255m--- Interesting Type fields and checks ---[0m
[32mstruct.proto_ops.800304:0,[0m
    security_socket_sendmsg @ net/socket.c:645:12 @[ net/socket.c:2028:8 ]
    security_socket_sendmsg @ net/socket.c:645:12 @[ net/socket.c:656:9 ]
    security_socket_sendmsg @ net/socket.c:645:12 @[ net/socket.c:917:8 ]
    security_socket_sendmsg @ net/socket.c:645:12 @[ net/socket.c:1729:8 @[ net/socket.c:1697:1 ] ]
    security_socket_sendmsg @ net/socket.c:645:12
[32mstruct.socket.800305:0,[0m
    security_socket_sendmsg @ net/socket.c:645:12 @[ net/socket.c:2028:8 ]
    security_socket_sendmsg @ net/socket.c:645:12 @[ net/socket.c:656:9 ]
    security_socket_sendmsg @ net/socket.c:645:12 @[ net/socket.c:917:8 ]
    security_socket_sendmsg @ net/socket.c:645:12 @[ net/socket.c:1729:8 @[ net/socket.c:1697:1 ] ]
    security_socket_sendmsg @ net/socket.c:645:12
Run Analysis
Critical functions
[33mInspect Use of Function:unix_stream_sendmsg[0m
[31mindirect call @ net/socket.c:638:12 @[ net/socket.c:648:16 @[ net/socket.c:656:9 ] ]
[31mindirect call @ net/socket.c:638:12 @[ net/socket.c:648:16 @[ net/socket.c:2028:8 ] ]
[31mindirect call @ net/socket.c:638:12 @[ net/socket.c:648:16 ]
[31mindirect call @ net/socket.c:638:12 @[ net/socket.c:648:16 @[ net/socket.c:1729:8 @[ net/socket.c:1697:1 ] ] ]
[31mindirect call @ net/socket.c:638:12 @[ net/socket.c:648:16 @[ net/socket.c:917:8 ] ]
[31mindirect call @ net/socket.c:638:12 @[ net/socket.c:2025:9 ]
[35mUse:net/socket.c:638:12 @[ net/socket.c:2025:9 ][0m
[31m=NO CHECK ON PATH=[0m
[32mCall Stack:[0m
0 ___sys_sendmsg net/socket.c:638:12 @[ net/socket.c:2025:9 ]
1 __sys_sendmmsg net/socket.c:2118:10
2 compat_SyS_sendmmsg net/compat.c:745:9 @[ net/compat.c:742:1 ]
[32m-------------[0m
[35mUse:net/socket.c:638:12 @[ net/socket.c:2025:9 ][0m
[31m=NO CHECK ON PATH=[0m
[32mCall Stack:[0m
0 ___sys_sendmsg net/socket.c:638:12 @[ net/socket.c:2025:9 ]
1 __sys_sendmmsg net/socket.c:2118:10
2 SyS_sendmmsg net/socket.c:2149:9 @[ net/socket.c:2144:1 ]
[32m-------------[0m
[35mUse:net/socket.c:638:12 @[ net/socket.c:2025:9 ][0m
[31m=NO CHECK ON PATH=[0m
[32mCall Stack:[0m
0 ___sys_sendmsg net/socket.c:638:12 @[ net/socket.c:2025:9 ]
1 SyS_sendmsg net/socket.c:2062:8 @[ net/socket.c:2073:9 @[ net/socket.c:2069:1 ] ]
[32m-------------[0m
[35mUse:net/socket.c:638:12 @[ net/socket.c:2025:9 ][0m
[31m=NO CHECK ON PATH=[0m
[32mCall Stack:[0m
0 ___sys_sendmsg net/socket.c:638:12 @[ net/socket.c:2025:9 ]
1 __sys_sendmsg net/socket.c:2062:8
2 compat_SyS_sendmsg net/compat.c:739:9 @[ net/compat.c:737:1 ]
[32m-------------[0m
[32mGood: 5 [31mBad: 4 [33mIgnored: 0[0m
[33mInspect Use of Function:unix_seqpacket_sendmsg[0m
[31mindirect call @ net/socket.c:638:12 @[ net/socket.c:648:16 @[ net/socket.c:656:9 ] ]
[31mindirect call @ net/socket.c:638:12 @[ net/socket.c:648:16 @[ net/socket.c:2028:8 ] ]
[31mindirect call @ net/socket.c:638:12 @[ net/socket.c:648:16 ]
[31mindirect call @ net/socket.c:638:12 @[ net/socket.c:648:16 @[ net/socket.c:1729:8 @[ net/socket.c:1697:1 ] ] ]
[31mindirect call @ net/socket.c:638:12 @[ net/socket.c:648:16 @[ net/socket.c:917:8 ] ]
[31mindirect call @ net/socket.c:638:12 @[ net/socket.c:2025:9 ]
[35mUse:net/socket.c:638:12 @[ net/socket.c:2025:9 ][0m
[31m=NO CHECK ON PATH=[0m
[32mCall Stack:[0m
0 ___sys_sendmsg net/socket.c:638:12 @[ net/socket.c:2025:9 ]
1 __sys_sendmmsg net/socket.c:2118:10
2 compat_SyS_sendmmsg net/compat.c:745:9 @[ net/compat.c:742:1 ]
[32m-------------[0m
[35mUse:net/socket.c:638:12 @[ net/socket.c:2025:9 ][0m
[31m=NO CHECK ON PATH=[0m
[32mCall Stack:[0m
0 ___sys_sendmsg net/socket.c:638:12 @[ net/socket.c:2025:9 ]
1 __sys_sendmmsg net/socket.c:2118:10
2 SyS_sendmmsg net/socket.c:2149:9 @[ net/socket.c:2144:1 ]
[32m-------------[0m
[35mUse:net/socket.c:638:12 @[ net/socket.c:2025:9 ][0m
[31m=NO CHECK ON PATH=[0m
[32mCall Stack:[0m
0 ___sys_sendmsg net/socket.c:638:12 @[ net/socket.c:2025:9 ]
1 SyS_sendmsg net/socket.c:2062:8 @[ net/socket.c:2073:9 @[ net/socket.c:2069:1 ] ]
[32m-------------[0m
[35mUse:net/socket.c:638:12 @[ net/socket.c:2025:9 ][0m
[31m=NO CHECK ON PATH=[0m
[32mCall Stack:[0m
0 ___sys_sendmsg net/socket.c:638:12 @[ net/socket.c:2025:9 ]
1 __sys_sendmsg net/socket.c:2062:8
2 compat_SyS_sendmsg net/compat.c:739:9 @[ net/compat.c:737:1 ]
[32m-------------[0m
[32mGood: 5 [31mBad: 4 [33mIgnored: 0[0m
[33mInspect Use of Function:unix_dgram_sendmsg[0m
[31mindirect call @ net/socket.c:638:12 @[ net/socket.c:648:16 @[ net/socket.c:656:9 ] ]
[31mindirect call @ net/socket.c:638:12 @[ net/socket.c:648:16 @[ net/socket.c:2028:8 ] ]
[31mindirect call @ net/socket.c:638:12 @[ net/socket.c:648:16 ]
[31mindirect call @ net/socket.c:638:12 @[ net/socket.c:648:16 @[ net/socket.c:1729:8 @[ net/socket.c:1697:1 ] ] ]
[31mindirect call @ net/socket.c:638:12 @[ net/socket.c:648:16 @[ net/socket.c:917:8 ] ]
[31mindirect call @ net/socket.c:638:12 @[ net/socket.c:2025:9 ]
[35mUse:net/socket.c:638:12 @[ net/socket.c:2025:9 ][0m
[31m=NO CHECK ON PATH=[0m
[32mCall Stack:[0m
0 ___sys_sendmsg net/socket.c:638:12 @[ net/socket.c:2025:9 ]
1 __sys_sendmmsg net/socket.c:2118:10
2 compat_SyS_sendmmsg net/compat.c:745:9 @[ net/compat.c:742:1 ]
[32m-------------[0m
[35mUse:net/socket.c:638:12 @[ net/socket.c:2025:9 ][0m
[31m=NO CHECK ON PATH=[0m
[32mCall Stack:[0m
0 ___sys_sendmsg net/socket.c:638:12 @[ net/socket.c:2025:9 ]
1 __sys_sendmmsg net/socket.c:2118:10
2 SyS_sendmmsg net/socket.c:2149:9 @[ net/socket.c:2144:1 ]
[32m-------------[0m
[35mUse:net/socket.c:638:12 @[ net/socket.c:2025:9 ][0m
[31m=NO CHECK ON PATH=[0m
[32mCall Stack:[0m
0 ___sys_sendmsg net/socket.c:638:12 @[ net/socket.c:2025:9 ]
1 SyS_sendmsg net/socket.c:2062:8 @[ net/socket.c:2073:9 @[ net/socket.c:2069:1 ] ]
[32m-------------[0m
[35mUse:net/socket.c:638:12 @[ net/socket.c:2025:9 ][0m
[31m=NO CHECK ON PATH=[0m
[32mCall Stack:[0m
0 ___sys_sendmsg net/socket.c:638:12 @[ net/socket.c:2025:9 ]
1 __sys_sendmsg net/socket.c:2062:8
2 compat_SyS_sendmsg net/compat.c:739:9 @[ net/compat.c:737:1 ]
[32m-------------[0m
[32mGood: 5 [31mBad: 4 [33mIgnored: 1[0m
[33mInspect Use of Function:packet_sendmsg_spkt[0m
[31mindirect call @ net/socket.c:638:12 @[ net/socket.c:648:16 @[ net/socket.c:656:9 ] ]
[31mindirect call @ net/socket.c:638:12 @[ net/socket.c:648:16 @[ net/socket.c:2028:8 ] ]
[31mindirect call @ net/socket.c:638:12 @[ net/socket.c:648:16 ]
[31mindirect call @ net/socket.c:638:12 @[ net/socket.c:648:16 @[ net/socket.c:1729:8 @[ net/socket.c:1697:1 ] ] ]
[31mindirect call @ net/socket.c:638:12 @[ net/socket.c:648:16 @[ net/socket.c:917:8 ] ]
[31mindirect call @ net/socket.c:638:12 @[ net/socket.c:2025:9 ]
[35mUse:net/socket.c:638:12 @[ net/socket.c:2025:9 ][0m
[31m=NO CHECK ON PATH=[0m
[32mCall Stack:[0m
0 ___sys_sendmsg net/socket.c:638:12 @[ net/socket.c:2025:9 ]
1 __sys_sendmmsg net/socket.c:2118:10
2 compat_SyS_sendmmsg net/compat.c:745:9 @[ net/compat.c:742:1 ]
[32m-------------[0m
[35mUse:net/socket.c:638:12 @[ net/socket.c:2025:9 ][0m
[31m=NO CHECK ON PATH=[0m
[32mCall Stack:[0m
0 ___sys_sendmsg net/socket.c:638:12 @[ net/socket.c:2025:9 ]
1 __sys_sendmmsg net/socket.c:2118:10
2 SyS_sendmmsg net/socket.c:2149:9 @[ net/socket.c:2144:1 ]
[32m-------------[0m
[35mUse:net/socket.c:638:12 @[ net/socket.c:2025:9 ][0m
[31m=NO CHECK ON PATH=[0m
[32mCall Stack:[0m
0 ___sys_sendmsg net/socket.c:638:12 @[ net/socket.c:2025:9 ]
1 SyS_sendmsg net/socket.c:2062:8 @[ net/socket.c:2073:9 @[ net/socket.c:2069:1 ] ]
[32m-------------[0m
[35mUse:net/socket.c:638:12 @[ net/socket.c:2025:9 ][0m
[31m=NO CHECK ON PATH=[0m
[32mCall Stack:[0m
0 ___sys_sendmsg net/socket.c:638:12 @[ net/socket.c:2025:9 ]
1 __sys_sendmsg net/socket.c:2062:8
2 compat_SyS_sendmsg net/compat.c:739:9 @[ net/compat.c:737:1 ]
[32m-------------[0m
[32mGood: 5 [31mBad: 4 [33mIgnored: 0[0m
[33mInspect Use of Function:packet_sendmsg[0m
[31mindirect call @ net/socket.c:638:12 @[ net/socket.c:648:16 @[ net/socket.c:656:9 ] ]
[31mindirect call @ net/socket.c:638:12 @[ net/socket.c:648:16 @[ net/socket.c:2028:8 ] ]
[31mindirect call @ net/socket.c:638:12 @[ net/socket.c:648:16 ]
[31mindirect call @ net/socket.c:638:12 @[ net/socket.c:648:16 @[ net/socket.c:1729:8 @[ net/socket.c:1697:1 ] ] ]
[31mindirect call @ net/socket.c:638:12 @[ net/socket.c:648:16 @[ net/socket.c:917:8 ] ]
[31mindirect call @ net/socket.c:638:12 @[ net/socket.c:2025:9 ]
[35mUse:net/socket.c:638:12 @[ net/socket.c:2025:9 ][0m
[31m=NO CHECK ON PATH=[0m
[32mCall Stack:[0m
0 ___sys_sendmsg net/socket.c:638:12 @[ net/socket.c:2025:9 ]
1 __sys_sendmmsg net/socket.c:2118:10
2 compat_SyS_sendmmsg net/compat.c:745:9 @[ net/compat.c:742:1 ]
[32m-------------[0m
[35mUse:net/socket.c:638:12 @[ net/socket.c:2025:9 ][0m
[31m=NO CHECK ON PATH=[0m
[32mCall Stack:[0m
0 ___sys_sendmsg net/socket.c:638:12 @[ net/socket.c:2025:9 ]
1 __sys_sendmmsg net/socket.c:2118:10
2 SyS_sendmmsg net/socket.c:2149:9 @[ net/socket.c:2144:1 ]
[32m-------------[0m
[35mUse:net/socket.c:638:12 @[ net/socket.c:2025:9 ][0m
[31m=NO CHECK ON PATH=[0m
[32mCall Stack:[0m
0 ___sys_sendmsg net/socket.c:638:12 @[ net/socket.c:2025:9 ]
1 SyS_sendmsg net/socket.c:2062:8 @[ net/socket.c:2073:9 @[ net/socket.c:2069:1 ] ]
[32m-------------[0m
[35mUse:net/socket.c:638:12 @[ net/socket.c:2025:9 ][0m
[31m=NO CHECK ON PATH=[0m
[32mCall Stack:[0m
0 ___sys_sendmsg net/socket.c:638:12 @[ net/socket.c:2025:9 ]
1 __sys_sendmsg net/socket.c:2062:8
2 compat_SyS_sendmsg net/compat.c:739:9 @[ net/compat.c:737:1 ]
[32m-------------[0m
[32mGood: 5 [31mBad: 4 [33mIgnored: 0[0m
[33mInspect Use of Function:rxrpc_sendmsg[0m
[31mindirect call @ net/socket.c:638:12 @[ net/socket.c:648:16 @[ net/socket.c:656:9 ] ]
[31mindirect call @ net/socket.c:638:12 @[ net/socket.c:648:16 @[ net/socket.c:2028:8 ] ]
[31mindirect call @ net/socket.c:638:12 @[ net/socket.c:648:16 ]
[31mindirect call @ net/socket.c:638:12 @[ net/socket.c:648:16 @[ net/socket.c:1729:8 @[ net/socket.c:1697:1 ] ] ]
[31mindirect call @ net/socket.c:638:12 @[ net/socket.c:648:16 @[ net/socket.c:917:8 ] ]
[31mindirect call @ net/socket.c:638:12 @[ net/socket.c:2025:9 ]
[35mUse:net/socket.c:638:12 @[ net/socket.c:2025:9 ][0m
[31m=NO CHECK ON PATH=[0m
[32mCall Stack:[0m
0 ___sys_sendmsg net/socket.c:638:12 @[ net/socket.c:2025:9 ]
1 __sys_sendmmsg net/socket.c:2118:10
2 compat_SyS_sendmmsg net/compat.c:745:9 @[ net/compat.c:742:1 ]
[32m-------------[0m
[35mUse:net/socket.c:638:12 @[ net/socket.c:2025:9 ][0m
[31m=NO CHECK ON PATH=[0m
[32mCall Stack:[0m
0 ___sys_sendmsg net/socket.c:638:12 @[ net/socket.c:2025:9 ]
1 __sys_sendmmsg net/socket.c:2118:10
2 SyS_sendmmsg net/socket.c:2149:9 @[ net/socket.c:2144:1 ]
[32m-------------[0m
[35mUse:net/socket.c:638:12 @[ net/socket.c:2025:9 ][0m
[31m=NO CHECK ON PATH=[0m
[32mCall Stack:[0m
0 ___sys_sendmsg net/socket.c:638:12 @[ net/socket.c:2025:9 ]
1 SyS_sendmsg net/socket.c:2062:8 @[ net/socket.c:2073:9 @[ net/socket.c:2069:1 ] ]
[32m-------------[0m
[35mUse:net/socket.c:638:12 @[ net/socket.c:2025:9 ][0m
[31m=NO CHECK ON PATH=[0m
[32mCall Stack:[0m
0 ___sys_sendmsg net/socket.c:638:12 @[ net/socket.c:2025:9 ]
1 __sys_sendmsg net/socket.c:2062:8
2 compat_SyS_sendmsg net/compat.c:739:9 @[ net/compat.c:737:1 ]
[32m-------------[0m
[32mGood: 5 [31mBad: 4 [33mIgnored: 0[0m
[33mInspect Use of Function:inet_sendmsg[0m
[31mindirect call @ net/socket.c:638:12 @[ net/socket.c:648:16 @[ net/socket.c:656:9 ] ]
[31mindirect call @ net/socket.c:638:12 @[ net/socket.c:648:16 @[ net/socket.c:2028:8 ] ]
[31mindirect call @ net/socket.c:638:12 @[ net/socket.c:648:16 ]
[31mindirect call @ net/socket.c:638:12 @[ net/socket.c:648:16 @[ net/socket.c:1729:8 @[ net/socket.c:1697:1 ] ] ]
[31mindirect call @ net/socket.c:638:12 @[ net/socket.c:648:16 @[ net/socket.c:917:8 ] ]
[31mindirect call @ net/socket.c:638:12 @[ net/socket.c:2025:9 ]
[35mUse:net/socket.c:638:12 @[ net/socket.c:2025:9 ][0m
[31m=NO CHECK ON PATH=[0m
[32mCall Stack:[0m
0 ___sys_sendmsg net/socket.c:638:12 @[ net/socket.c:2025:9 ]
1 __sys_sendmmsg net/socket.c:2118:10
2 compat_SyS_sendmmsg net/compat.c:745:9 @[ net/compat.c:742:1 ]
[32m-------------[0m
[35mUse:net/socket.c:638:12 @[ net/socket.c:2025:9 ][0m
[31m=NO CHECK ON PATH=[0m
[32mCall Stack:[0m
0 ___sys_sendmsg net/socket.c:638:12 @[ net/socket.c:2025:9 ]
1 __sys_sendmmsg net/socket.c:2118:10
2 SyS_sendmmsg net/socket.c:2149:9 @[ net/socket.c:2144:1 ]
[32m-------------[0m
[35mUse:net/socket.c:638:12 @[ net/socket.c:2025:9 ][0m
[31m=NO CHECK ON PATH=[0m
[32mCall Stack:[0m
0 ___sys_sendmsg net/socket.c:638:12 @[ net/socket.c:2025:9 ]
1 SyS_sendmsg net/socket.c:2062:8 @[ net/socket.c:2073:9 @[ net/socket.c:2069:1 ] ]
[32m-------------[0m
[35mUse:net/socket.c:638:12 @[ net/socket.c:2025:9 ][0m
[31m=NO CHECK ON PATH=[0m
[32mCall Stack:[0m
0 ___sys_sendmsg net/socket.c:638:12 @[ net/socket.c:2025:9 ]
1 __sys_sendmsg net/socket.c:2062:8
2 compat_SyS_sendmsg net/compat.c:739:9 @[ net/compat.c:737:1 ]
[32m-------------[0m
[32mGood: 5 [31mBad: 4 [33mIgnored: 0[0m
[33mInspect Use of Function:netlink_sendmsg[0m
[31mindirect call @ net/socket.c:638:12 @[ net/socket.c:648:16 @[ net/socket.c:656:9 ] ]
[31mindirect call @ net/socket.c:638:12 @[ net/socket.c:648:16 @[ net/socket.c:2028:8 ] ]
[31mindirect call @ net/socket.c:638:12 @[ net/socket.c:648:16 ]
[31mindirect call @ net/socket.c:638:12 @[ net/socket.c:648:16 @[ net/socket.c:1729:8 @[ net/socket.c:1697:1 ] ] ]
[31mindirect call @ net/socket.c:638:12 @[ net/socket.c:648:16 @[ net/socket.c:917:8 ] ]
[31mindirect call @ net/socket.c:638:12 @[ net/socket.c:2025:9 ]
[35mUse:net/socket.c:638:12 @[ net/socket.c:2025:9 ][0m
[31m=NO CHECK ON PATH=[0m
[32mCall Stack:[0m
0 ___sys_sendmsg net/socket.c:638:12 @[ net/socket.c:2025:9 ]
1 __sys_sendmmsg net/socket.c:2118:10
2 compat_SyS_sendmmsg net/compat.c:745:9 @[ net/compat.c:742:1 ]
[32m-------------[0m
[35mUse:net/socket.c:638:12 @[ net/socket.c:2025:9 ][0m
[31m=NO CHECK ON PATH=[0m
[32mCall Stack:[0m
0 ___sys_sendmsg net/socket.c:638:12 @[ net/socket.c:2025:9 ]
1 __sys_sendmmsg net/socket.c:2118:10
2 SyS_sendmmsg net/socket.c:2149:9 @[ net/socket.c:2144:1 ]
[32m-------------[0m
[35mUse:net/socket.c:638:12 @[ net/socket.c:2025:9 ][0m
[31m=NO CHECK ON PATH=[0m
[32mCall Stack:[0m
0 ___sys_sendmsg net/socket.c:638:12 @[ net/socket.c:2025:9 ]
1 SyS_sendmsg net/socket.c:2062:8 @[ net/socket.c:2073:9 @[ net/socket.c:2069:1 ] ]
[32m-------------[0m
[35mUse:net/socket.c:638:12 @[ net/socket.c:2025:9 ][0m
[31m=NO CHECK ON PATH=[0m
[32mCall Stack:[0m
0 ___sys_sendmsg net/socket.c:638:12 @[ net/socket.c:2025:9 ]
1 __sys_sendmsg net/socket.c:2062:8
2 compat_SyS_sendmsg net/compat.c:739:9 @[ net/compat.c:737:1 ]
[32m-------------[0m
[32mGood: 5 [31mBad: 4 [33mIgnored: 0[0m
STOP WATCH[0]: 391.772000 ms
[36m--- DONE! ---[0m
------------STATISTICS---------------
    53021 : Functions greeted
    110 : External functions
    0 : Discovered Path
    0 : Matched Path
    40 : Good Path
    32 : Bad Path
    1 : Ignored Path
    0 : Path Unable to Resolve
    0 : Resolved CallSite Using Function Pointer
    8 : Critical Functions
    0 : Critical Variables
    0 : # of times max depth for forward analysis hit
    0 : # of times max depth for backward analysis hit
    0 : Critical Function Pointer Unable to Resolve, Collect Pass
    5 : Critical Function Pointer Resolved, Collect Pass
    0 : Critical Functions used by non CallInst
    1 : Critical Functions used by static assignment
    0 : # of times indirect call site matched with critical functions
    50 : # of times indirect call site failed to match with critical functions
    0 : found capability check inside call using function ptr




===-------------------------------------------------------------------------===
                          ... Statistics Collected ...
===-------------------------------------------------------------------------===

16305946 bitcode-reader - Number of Metadata records loaded
  232630 bitcode-reader - Number of MDStrings loaded

