[36m--- PROCESS FUNCTIONS ---[0m
Pre-processing...
Load skip function list, total:360
Load skip var list, total:22
Load kernel api list, total:1048
Collect all functions and indirect callsites
STOP WATCH[0]: 808.148000 ms
Process Gating Functions
Load LSM hook list, total:1
STOP WATCH[0]: 14.421000 ms
[48;5;021m[38;5;255m=LSM hook functions=[0m
. security_socket_getsockopt
=o=
Collect Checkpoints
STOP WATCH[0]: 1002.767000 ms
Identify interesting struct
STOP WATCH[0]: 5.916000 ms
Identify Logical Modules
STOP WATCH[0]: 61.416000 ms
STOP WATCH[0]: 6781.390000 ms
Collecting Initialization Closure.
Finding Kernel Entry Point and all __initcall_
[32mFound x86_64_start_kernel[0m
STOP WATCH[1]: 69.533000 ms
Initial Kernel Init Function Count:642
Over Approximate Kernel Init Functions
STOP WATCH[1]: 132.581000 ms
Refine Result
refine pass 0 3413 left
refine pass 1 2221 left
refine pass 2 1865 left
refine pass 3 1773 left
refine pass 4 1736 left
refine pass 5 1731 left
refine pass 6 1729 left
 Refine result : count=1729
STOP WATCH[1]: 46.389000 ms
STOP WATCH[0]: 249.178000 ms
Collect all permission-checked variables and functions
Add call<direct> sock_getsockopt use @ net/socket.c:1858:8 @[ net/socket.c:1844:1 ]
 cause:[32mProcess Stack:[0m
0 SyS_getsockopt net/socket.c:1844:1
[32m-------------[0m
Resolve indirect call @ net/socket.c:1862:8 @[ net/socket.c:1844:1 ]
[32m[FOUND 5 MATCH][0m
Add call<indirect> packet_getsockopt use @ net/socket.c:1862:8 @[ net/socket.c:1844:1 ]
 cause:[32mProcess Stack:[0m
0 SyS_getsockopt net/socket.c:1844:1
[32m-------------[0m
Add call<indirect> rxrpc_getsockopt use @ net/socket.c:1862:8 @[ net/socket.c:1844:1 ]
 cause:[32mProcess Stack:[0m
0 SyS_getsockopt net/socket.c:1844:1
[32m-------------[0m
Add call<indirect> netlink_getsockopt use @ net/socket.c:1862:8 @[ net/socket.c:1844:1 ]
 cause:[32mProcess Stack:[0m
0 SyS_getsockopt net/socket.c:1844:1
[32m-------------[0m
Add call<indirect> sock_common_getsockopt use @ net/socket.c:1862:8 @[ net/socket.c:1844:1 ]
 cause:[32mProcess Stack:[0m
0 SyS_getsockopt net/socket.c:1844:1
[32m-------------[0m
Add call<indirect> sock_no_getsockopt use @ net/socket.c:1862:8 @[ net/socket.c:1844:1 ]
 cause:[32mProcess Stack:[0m
0 SyS_getsockopt net/socket.c:1844:1
[32m-------------[0m
Add call<direct> sock_getsockopt use @ net/compat.c:429:8 @[ net/compat.c:446:10 @[ net/compat.c:520:10 @[ net/compat.c:506:1 ] ] ]
 cause:[32mProcess Stack:[0m
0 compat_SyS_getsockopt 
[32m-------------[0m
Add call<direct> sock_getsockopt use @ net/compat.c:447:9 @[ net/compat.c:520:10 @[ net/compat.c:506:1 ] ]
 cause:[32mProcess Stack:[0m
0 compat_SyS_getsockopt 
[32m-------------[0m
Resolve indirect call @ net/compat.c:523:10 @[ net/compat.c:506:1 ]
[32m[FOUND 1 MATCH][0m
Add call<indirect> compat_sock_common_getsockopt use @ net/compat.c:523:10 @[ net/compat.c:506:1 ]
 cause:[32mProcess Stack:[0m
0 compat_SyS_getsockopt 
[32m-------------[0m
Resolve indirect call @ net/compat.c:526:10 @[ net/compat.c:506:1 ]
[32m[FOUND 5 MATCH][0m
Add call<indirect> packet_getsockopt use @ net/compat.c:526:10 @[ net/compat.c:506:1 ]
 cause:[32mProcess Stack:[0m
0 compat_SyS_getsockopt 
[32m-------------[0m
Add call<indirect> rxrpc_getsockopt use @ net/compat.c:526:10 @[ net/compat.c:506:1 ]
 cause:[32mProcess Stack:[0m
0 compat_SyS_getsockopt 
[32m-------------[0m
Add call<indirect> netlink_getsockopt use @ net/compat.c:526:10 @[ net/compat.c:506:1 ]
 cause:[32mProcess Stack:[0m
0 compat_SyS_getsockopt 
[32m-------------[0m
Add call<indirect> sock_common_getsockopt use @ net/compat.c:526:10 @[ net/compat.c:506:1 ]
 cause:[32mProcess Stack:[0m
0 compat_SyS_getsockopt 
[32m-------------[0m
Add call<indirect> sock_no_getsockopt use @ net/compat.c:526:10 @[ net/compat.c:506:1 ]
 cause:[32mProcess Stack:[0m
0 compat_SyS_getsockopt 
[32m-------------[0m
STOP WATCH[1]: 2027.713000 ms
STOP WATCH[0]: 2027.727000 ms
Collected 7 critical functions
Collected 0 critical variables
Collected 2 critical type/fields
[48;5;021m[38;5;255m--- Variables Protected By Gating Function---[0m
[48;5;021m[38;5;255m--- Function Protected By Gating Function---[0m
[32mpacket_getsockopt[0m
    security_socket_getsockopt @ net/compat.c:513:9 @[ net/compat.c:506:1 ]
    security_socket_getsockopt @ net/socket.c:1852:9 @[ net/socket.c:1844:1 ]
[32msock_getsockopt[0m
    security_socket_getsockopt @ net/compat.c:513:9 @[ net/compat.c:506:1 ]
    security_socket_getsockopt @ net/socket.c:1852:9 @[ net/socket.c:1844:1 ]
[32mrxrpc_getsockopt[0m
    security_socket_getsockopt @ net/compat.c:513:9 @[ net/compat.c:506:1 ]
    security_socket_getsockopt @ net/socket.c:1852:9 @[ net/socket.c:1844:1 ]
[32mnetlink_getsockopt[0m
    security_socket_getsockopt @ net/compat.c:513:9 @[ net/compat.c:506:1 ]
    security_socket_getsockopt @ net/socket.c:1852:9 @[ net/socket.c:1844:1 ]
[32mcompat_sock_common_getsockopt[0m
    security_socket_getsockopt @ net/compat.c:513:9 @[ net/compat.c:506:1 ]
[32msock_common_getsockopt[0m
    security_socket_getsockopt @ net/compat.c:513:9 @[ net/compat.c:506:1 ]
    security_socket_getsockopt @ net/socket.c:1852:9 @[ net/socket.c:1844:1 ]
[32msock_no_getsockopt[0m
    security_socket_getsockopt @ net/compat.c:513:9 @[ net/compat.c:506:1 ]
    security_socket_getsockopt @ net/socket.c:1852:9 @[ net/socket.c:1844:1 ]
[48;5;039m[38;5;255m--- Interesting Type fields and checks ---[0m
[32mstruct.proto_ops.800304:0,[0m
    security_socket_getsockopt @ net/compat.c:513:9 @[ net/compat.c:506:1 ]
    security_socket_getsockopt @ net/socket.c:1852:9 @[ net/socket.c:1844:1 ]
[32mstruct.socket.800305:0,[0m
    security_socket_getsockopt @ net/compat.c:513:9 @[ net/compat.c:506:1 ]
    security_socket_getsockopt @ net/socket.c:1852:9 @[ net/socket.c:1844:1 ]
Run Analysis
Critical functions
[33mInspect Use of Function:compat_sock_common_getsockopt[0m
[31mindirect call @ net/compat.c:523:10 @[ net/compat.c:506:1 ]
[33mInspect Use of Function:sock_common_getsockopt[0m
[31mindirect call @ net/compat.c:526:10 @[ net/compat.c:506:1 ]
[31mindirect call @ net/socket.c:3344:9
[31mindirect call @ net/socket.c:1862:8 @[ net/socket.c:1844:1 ]
[33mInspect Use of Function:sock_no_getsockopt[0m
[31mindirect call @ net/compat.c:526:10 @[ net/compat.c:506:1 ]
[31mindirect call @ net/socket.c:3344:9
[31mindirect call @ net/socket.c:1862:8 @[ net/socket.c:1844:1 ]
[33mInspect Use of Function:netlink_getsockopt[0m
[31mindirect call @ net/compat.c:526:10 @[ net/compat.c:506:1 ]
[31mindirect call @ net/socket.c:3344:9
[31mindirect call @ net/socket.c:1862:8 @[ net/socket.c:1844:1 ]
[33mInspect Use of Function:rxrpc_getsockopt[0m
[31mindirect call @ net/compat.c:526:10 @[ net/compat.c:506:1 ]
[31mindirect call @ net/socket.c:3344:9
[31mindirect call @ net/socket.c:1862:8 @[ net/socket.c:1844:1 ]
[33mInspect Use of Function:sock_getsockopt[0m
[33mInspect Use of Function:packet_getsockopt[0m
[31mindirect call @ net/compat.c:526:10 @[ net/compat.c:506:1 ]
[31mindirect call @ net/socket.c:3344:9
[31mindirect call @ net/socket.c:1862:8 @[ net/socket.c:1844:1 ]
STOP WATCH[0]: 141.971000 ms
[36m--- DONE! ---[0m
------------STATISTICS---------------
    53021 : Functions greeted
    110 : External functions
    0 : Discovered Path
    0 : Matched Path
    32 : Good Path
    0 : Bad Path
    6 : Ignored Path
    0 : Path Unable to Resolve
    0 : Resolved CallSite Using Function Pointer
    7 : Critical Functions
    0 : Critical Variables
    0 : # of times max depth for forward analysis hit
    0 : # of times max depth for backward analysis hit
    0 : Critical Function Pointer Unable to Resolve, Collect Pass
    3 : Critical Function Pointer Resolved, Collect Pass
    0 : Critical Functions used by non CallInst
    6 : Critical Functions used by static assignment
    24 : # of times indirect call site matched with critical functions
    6 : # of times indirect call site failed to match with critical functions
    0 : found capability check inside call using function ptr




===-------------------------------------------------------------------------===
                          ... Statistics Collected ...
===-------------------------------------------------------------------------===

16305946 bitcode-reader - Number of Metadata records loaded
  232630 bitcode-reader - Number of MDStrings loaded

