[36m--- PROCESS FUNCTIONS ---[0m
Pre-processing...
Load skip function list, total:360
Load skip var list, total:22
Load kernel api list, total:1048
Collect all functions and indirect callsites
STOP WATCH[0]: 806.692000 ms
Process Gating Functions
Load LSM hook list, total:1
STOP WATCH[0]: 14.309000 ms
[48;5;021m[38;5;255m=LSM hook functions=[0m
. security_inode_getxattr
=o=
Collect Checkpoints
STOP WATCH[0]: 945.553000 ms
Identify interesting struct
STOP WATCH[0]: 6.101000 ms
Identify Logical Modules
STOP WATCH[0]: 60.886000 ms
STOP WATCH[0]: 6837.871000 ms
Collecting Initialization Closure.
Finding Kernel Entry Point and all __initcall_
[32mFound x86_64_start_kernel[0m
STOP WATCH[1]: 69.319000 ms
Initial Kernel Init Function Count:642
Over Approximate Kernel Init Functions
STOP WATCH[1]: 133.734000 ms
Refine Result
refine pass 0 3413 left
refine pass 1 2221 left
refine pass 2 1865 left
refine pass 3 1773 left
refine pass 4 1736 left
refine pass 5 1731 left
refine pass 6 1729 left
 Refine result : count=1729
STOP WATCH[1]: 47.307000 ms
STOP WATCH[0]: 251.015000 ms
Collect all permission-checked variables and functions
Add call<direct> security_inode_getsecurity use @ fs/xattr.c:240:9 @[ fs/xattr.c:333:13 ]
 cause:[32mProcess Stack:[0m
0 vfs_getxattr 
[32m-------------[0m
Add call<direct> security_inode_getsecurity use @ fs/xattr.c:244:8 @[ fs/xattr.c:333:13 ]
 cause:[32mProcess Stack:[0m
0 vfs_getxattr 
[32m-------------[0m
STOP WATCH[1]: 1985.605000 ms
STOP WATCH[0]: 1985.615000 ms
Collected 1 critical functions
Collected 0 critical variables
Collected 0 critical type/fields
[48;5;021m[38;5;255m--- Variables Protected By Gating Function---[0m
[48;5;021m[38;5;255m--- Function Protected By Gating Function---[0m
[32msecurity_inode_getsecurity[0m
    security_inode_getxattr @ fs/xattr.c:326:10
[48;5;039m[38;5;255m--- Interesting Type fields and checks ---[0m
Run Analysis
Critical functions
[33mInspect Use of Function:security_inode_getsecurity[0m
STOP WATCH[0]: 75.605000 ms
[36m--- DONE! ---[0m
------------STATISTICS---------------
    53021 : Functions greeted
    110 : External functions
    0 : Discovered Path
    0 : Matched Path
    2 : Good Path
    0 : Bad Path
    2 : Ignored Path
    0 : Path Unable to Resolve
    0 : Resolved CallSite Using Function Pointer
    1 : Critical Functions
    0 : Critical Variables
    0 : # of times max depth for forward analysis hit
    0 : # of times max depth for backward analysis hit
    0 : Critical Function Pointer Unable to Resolve, Collect Pass
    0 : Critical Function Pointer Resolved, Collect Pass
    0 : Critical Functions used by non CallInst
    2 : Critical Functions used by static assignment
    0 : # of times indirect call site matched with critical functions
    4 : # of times indirect call site failed to match with critical functions
    0 : found capability check inside call using function ptr




===-------------------------------------------------------------------------===
                          ... Statistics Collected ...
===-------------------------------------------------------------------------===

16305946 bitcode-reader - Number of Metadata records loaded
  232630 bitcode-reader - Number of MDStrings loaded

